[1.897s] Invoking command in '/home/ubuntu/virtualttbot/workspace/src/sensors': PYTHONPATH=/home/ubuntu/virtualttbot/workspace/install/sensors/lib/python3.8/site-packages:${PYTHONPATH} /usr/bin/python3 setup.py egg_info --egg-base ../../build/sensors build --build-base /home/ubuntu/virtualttbot/workspace/build/sensors/build install --prefix /home/ubuntu/virtualttbot/workspace/install/sensors --record /home/ubuntu/virtualttbot/workspace/build/sensors/install.log --single-version-externally-managed
[3.562s] running egg_info
[3.566s] writing ../../build/sensors/sensors.egg-info/PKG-INFO
[3.568s] writing dependency_links to ../../build/sensors/sensors.egg-info/dependency_links.txt
[3.569s] writing entry points to ../../build/sensors/sensors.egg-info/entry_points.txt
[3.571s] writing requirements to ../../build/sensors/sensors.egg-info/requires.txt
[3.572s] writing top-level names to ../../build/sensors/sensors.egg-info/top_level.txt
[3.856s] reading manifest file '../../build/sensors/sensors.egg-info/SOURCES.txt'
[3.869s] writing manifest file '../../build/sensors/sensors.egg-info/SOURCES.txt'
[3.870s] running build
[3.871s] running build_py
[3.874s] copying sensors/capstone.py -> /home/ubuntu/virtualttbot/workspace/build/sensors/build/lib/sensors
[3.877s] running install
[3.884s] running install_lib
[3.894s] copying /home/ubuntu/virtualttbot/workspace/build/sensors/build/lib/sensors/capstone.py -> /home/ubuntu/virtualttbot/workspace/install/sensors/lib/python3.8/site-packages/sensors
[3.900s] byte-compiling /home/ubuntu/virtualttbot/workspace/install/sensors/lib/python3.8/site-packages/sensors/capstone.py to capstone.cpython-38.pyc
[3.924s] running install_data
[3.928s] running install_egg_info
[3.938s] removing '/home/ubuntu/virtualttbot/workspace/install/sensors/lib/python3.8/site-packages/sensors-0.0.1-py3.8.egg-info' (and everything under it)
[3.941s] Copying ../../build/sensors/sensors.egg-info to /home/ubuntu/virtualttbot/workspace/install/sensors/lib/python3.8/site-packages/sensors-0.0.1-py3.8.egg-info
[3.950s] running install_scripts
[4.100s] Installing capstone script to /home/ubuntu/virtualttbot/workspace/install/sensors/lib/sensors
[4.103s] Installing sensors script to /home/ubuntu/virtualttbot/workspace/install/sensors/lib/sensors
[4.107s] writing list of installed files to '/home/ubuntu/virtualttbot/workspace/build/sensors/install.log'
[4.294s] Invoked command in '/home/ubuntu/virtualttbot/workspace/src/sensors' returned '0': PYTHONPATH=/home/ubuntu/virtualttbot/workspace/install/sensors/lib/python3.8/site-packages:${PYTHONPATH} /usr/bin/python3 setup.py egg_info --egg-base ../../build/sensors build --build-base /home/ubuntu/virtualttbot/workspace/build/sensors/build install --prefix /home/ubuntu/virtualttbot/workspace/install/sensors --record /home/ubuntu/virtualttbot/workspace/build/sensors/install.log --single-version-externally-managed
