[0.678s] Invoking command in '/root/virtualttbot/workspace/src/sensors': PYTHONPATH=/root/virtualttbot/workspace/build/sensors/prefix_override:/root/virtualttbot/workspace/install/sensors/lib/python3.8/site-packages:${PYTHONPATH} /usr/bin/python3 setup.py egg_info --egg-base ../../build/sensors build --build-base /root/virtualttbot/workspace/build/sensors/build install --record /root/virtualttbot/workspace/build/sensors/install.log --install-scripts $base/lib/sensors --single-version-externally-managed
[0.738s] /usr/local/lib/python3.8/dist-packages/setuptools/dist.py:498: SetuptoolsDeprecationWarning: Invalid dash-separated options
[0.738s] !!
[0.738s] 
[0.738s]         ********************************************************************************
[0.738s]         Usage of dash-separated 'script-dir' will not be supported in future
[0.738s]         versions. Please use the underscore name 'script_dir' instead.
[0.738s] 
[0.738s]         This deprecation is overdue, please update your project and remove deprecated
[0.738s]         calls to avoid build errors in the future.
[0.738s] 
[0.738s]         See https://setuptools.pypa.io/en/latest/userguide/declarative_config.html for details.
[0.738s]         ********************************************************************************
[0.739s] 
[0.739s] !!
[0.739s]   opt = self.warn_dash_deprecation(opt, section)
[0.774s] running egg_info
[0.779s] writing ../../build/sensors/sensors.egg-info/PKG-INFO
[0.779s] writing dependency_links to ../../build/sensors/sensors.egg-info/dependency_links.txt
[0.779s] writing entry points to ../../build/sensors/sensors.egg-info/entry_points.txt
[0.779s] writing requirements to ../../build/sensors/sensors.egg-info/requires.txt
[0.780s] writing top-level names to ../../build/sensors/sensors.egg-info/top_level.txt
[0.827s] reading manifest file '../../build/sensors/sensors.egg-info/SOURCES.txt'
[0.828s] writing manifest file '../../build/sensors/sensors.egg-info/SOURCES.txt'
[0.828s] running build
[0.828s] running build_py
[0.828s] copying sensors/capstone.py -> /root/virtualttbot/workspace/build/sensors/build/lib/sensors
[0.828s] copying sensors/data_receiver_pygame.py -> /root/virtualttbot/workspace/build/sensors/build/lib/sensors
[0.829s] copying sensors/nlnt-nl-augment.py -> /root/virtualttbot/workspace/build/sensors/build/lib/sensors
[0.829s] copying sensors/TwistedKNetwork.py -> /root/virtualttbot/workspace/build/sensors/build/lib/sensors
[0.829s] copying sensors/client_test.py -> /root/virtualttbot/workspace/build/sensors/build/lib/sensors
[0.829s] copying sensors/server_test.py -> /root/virtualttbot/workspace/build/sensors/build/lib/sensors
[0.829s] copying sensors/KNetworking.py -> /root/virtualttbot/workspace/build/sensors/build/lib/sensors
[0.829s] running install
[0.829s] /usr/local/lib/python3.8/dist-packages/setuptools/_distutils/cmd.py:66: SetuptoolsDeprecationWarning: setup.py install is deprecated.
[0.829s] !!
[0.829s] 
[0.829s]         ********************************************************************************
[0.829s]         Please avoid running ``setup.py`` directly.
[0.829s]         Instead, use pypa/build, pypa/installer or other
[0.829s]         standards-based tools.
[0.829s] 
[0.830s]         See https://blog.ganssle.io/articles/2021/10/setup-py-deprecated.html for details.
[0.830s]         ********************************************************************************
[0.830s] 
[0.830s] !!
[0.830s]   self.initialize_options()
[0.832s] running install_lib
[0.837s] copying /root/virtualttbot/workspace/build/sensors/build/lib/sensors/capstone.py -> /root/virtualttbot/workspace/install/sensors/lib/python3.8/site-packages/sensors
[0.838s] copying /root/virtualttbot/workspace/build/sensors/build/lib/sensors/data_receiver_pygame.py -> /root/virtualttbot/workspace/install/sensors/lib/python3.8/site-packages/sensors
[0.838s] copying /root/virtualttbot/workspace/build/sensors/build/lib/sensors/nlnt-nl-augment.py -> /root/virtualttbot/workspace/install/sensors/lib/python3.8/site-packages/sensors
[0.838s] copying /root/virtualttbot/workspace/build/sensors/build/lib/sensors/TwistedKNetwork.py -> /root/virtualttbot/workspace/install/sensors/lib/python3.8/site-packages/sensors
[0.838s] copying /root/virtualttbot/workspace/build/sensors/build/lib/sensors/client_test.py -> /root/virtualttbot/workspace/install/sensors/lib/python3.8/site-packages/sensors
[0.838s] copying /root/virtualttbot/workspace/build/sensors/build/lib/sensors/server_test.py -> /root/virtualttbot/workspace/install/sensors/lib/python3.8/site-packages/sensors
[0.838s] copying /root/virtualttbot/workspace/build/sensors/build/lib/sensors/KNetworking.py -> /root/virtualttbot/workspace/install/sensors/lib/python3.8/site-packages/sensors
[0.839s] byte-compiling /root/virtualttbot/workspace/install/sensors/lib/python3.8/site-packages/sensors/capstone.py to capstone.cpython-38.pyc
[0.840s] byte-compiling /root/virtualttbot/workspace/install/sensors/lib/python3.8/site-packages/sensors/data_receiver_pygame.py to data_receiver_pygame.cpython-38.pyc
[0.840s] byte-compiling /root/virtualttbot/workspace/install/sensors/lib/python3.8/site-packages/sensors/nlnt-nl-augment.py to nlnt-nl-augment.cpython-38.pyc
[0.841s] byte-compiling /root/virtualttbot/workspace/install/sensors/lib/python3.8/site-packages/sensors/TwistedKNetwork.py to TwistedKNetwork.cpython-38.pyc
[0.841s] byte-compiling /root/virtualttbot/workspace/install/sensors/lib/python3.8/site-packages/sensors/client_test.py to client_test.cpython-38.pyc
[0.841s] byte-compiling /root/virtualttbot/workspace/install/sensors/lib/python3.8/site-packages/sensors/server_test.py to server_test.cpython-38.pyc
[0.841s] byte-compiling /root/virtualttbot/workspace/install/sensors/lib/python3.8/site-packages/sensors/KNetworking.py to KNetworking.cpython-38.pyc
[0.842s] running install_data
[0.847s] running install_egg_info
[0.852s] removing '/root/virtualttbot/workspace/install/sensors/lib/python3.8/site-packages/sensors-0.0.1-py3.8.egg-info' (and everything under it)
[0.853s] Copying ../../build/sensors/sensors.egg-info to /root/virtualttbot/workspace/install/sensors/lib/python3.8/site-packages/sensors-0.0.1-py3.8.egg-info
[0.854s] running install_scripts
[0.872s] Installing capstone script to /root/virtualttbot/workspace/install/sensors/lib/sensors
[0.872s] Installing sensors script to /root/virtualttbot/workspace/install/sensors/lib/sensors
[0.872s] writing list of installed files to '/root/virtualttbot/workspace/build/sensors/install.log'
[0.884s] Invoked command in '/root/virtualttbot/workspace/src/sensors' returned '0': PYTHONPATH=/root/virtualttbot/workspace/build/sensors/prefix_override:/root/virtualttbot/workspace/install/sensors/lib/python3.8/site-packages:${PYTHONPATH} /usr/bin/python3 setup.py egg_info --egg-base ../../build/sensors build --build-base /root/virtualttbot/workspace/build/sensors/build install --record /root/virtualttbot/workspace/build/sensors/install.log --install-scripts $base/lib/sensors --single-version-externally-managed
