[1.841s] Invoking command in '/home/ubuntu/virtualttbot/workspace/src/sensors': PYTHONPATH=/home/ubuntu/virtualttbot/workspace/install/sensors/lib/python3.8/site-packages:${PYTHONPATH} /usr/bin/python3 setup.py egg_info --egg-base ../../build/sensors build --build-base /home/ubuntu/virtualttbot/workspace/build/sensors/build install --prefix /home/ubuntu/virtualttbot/workspace/install/sensors --record /home/ubuntu/virtualttbot/workspace/build/sensors/install.log --single-version-externally-managed
[3.443s] running egg_info
[3.447s] writing ../../build/sensors/sensors.egg-info/PKG-INFO
[3.449s] writing dependency_links to ../../build/sensors/sensors.egg-info/dependency_links.txt
[3.450s] writing entry points to ../../build/sensors/sensors.egg-info/entry_points.txt
[3.452s] writing requirements to ../../build/sensors/sensors.egg-info/requires.txt
[3.454s] writing top-level names to ../../build/sensors/sensors.egg-info/top_level.txt
[3.716s] reading manifest file '../../build/sensors/sensors.egg-info/SOURCES.txt'
[3.724s] writing manifest file '../../build/sensors/sensors.egg-info/SOURCES.txt'
[3.725s] running build
[3.726s] running build_py
[3.731s] copying sensors/capstone.py -> /home/ubuntu/virtualttbot/workspace/build/sensors/build/lib/sensors
[3.733s] running install
[3.740s] running install_lib
[3.749s] copying /home/ubuntu/virtualttbot/workspace/build/sensors/build/lib/sensors/capstone.py -> /home/ubuntu/virtualttbot/workspace/install/sensors/lib/python3.8/site-packages/sensors
[3.755s] byte-compiling /home/ubuntu/virtualttbot/workspace/install/sensors/lib/python3.8/site-packages/sensors/capstone.py to capstone.cpython-38.pyc
[3.779s] running install_data
[3.783s] running install_egg_info
[3.793s] removing '/home/ubuntu/virtualttbot/workspace/install/sensors/lib/python3.8/site-packages/sensors-0.0.1-py3.8.egg-info' (and everything under it)
[3.796s] Copying ../../build/sensors/sensors.egg-info to /home/ubuntu/virtualttbot/workspace/install/sensors/lib/python3.8/site-packages/sensors-0.0.1-py3.8.egg-info
[3.806s] running install_scripts
[3.940s] Installing capstone script to /home/ubuntu/virtualttbot/workspace/install/sensors/lib/sensors
[3.942s] Installing sensors script to /home/ubuntu/virtualttbot/workspace/install/sensors/lib/sensors
[3.947s] writing list of installed files to '/home/ubuntu/virtualttbot/workspace/build/sensors/install.log'
[4.143s] Invoked command in '/home/ubuntu/virtualttbot/workspace/src/sensors' returned '0': PYTHONPATH=/home/ubuntu/virtualttbot/workspace/install/sensors/lib/python3.8/site-packages:${PYTHONPATH} /usr/bin/python3 setup.py egg_info --egg-base ../../build/sensors build --build-base /home/ubuntu/virtualttbot/workspace/build/sensors/build install --prefix /home/ubuntu/virtualttbot/workspace/install/sensors --record /home/ubuntu/virtualttbot/workspace/build/sensors/install.log --single-version-externally-managed
