[8.751s] Invoking command in '/home/ubuntu/nlnt_workspace/virtualttbot/workspace/src/sensors': PYTHONPATH=/home/ubuntu/nlnt_workspace/virtualttbot/workspace/build/sensors/prefix_override:/home/ubuntu/nlnt_workspace/virtualttbot/workspace/install/sensors/lib/python3.8/site-packages:${PYTHONPATH} /usr/bin/python3 setup.py egg_info --egg-base ../../build/sensors build --build-base /home/ubuntu/nlnt_workspace/virtualttbot/workspace/build/sensors/build install --record /home/ubuntu/nlnt_workspace/virtualttbot/workspace/build/sensors/install.log --install-scripts $base/lib/sensors --single-version-externally-managed
[10.593s] running egg_info
[10.597s] writing ../../build/sensors/sensors.egg-info/PKG-INFO
[10.599s] writing dependency_links to ../../build/sensors/sensors.egg-info/dependency_links.txt
[10.601s] writing entry points to ../../build/sensors/sensors.egg-info/entry_points.txt
[10.603s] writing requirements to ../../build/sensors/sensors.egg-info/requires.txt
[10.604s] writing top-level names to ../../build/sensors/sensors.egg-info/top_level.txt
[10.912s] reading manifest file '../../build/sensors/sensors.egg-info/SOURCES.txt'
[10.921s] writing manifest file '../../build/sensors/sensors.egg-info/SOURCES.txt'
[10.922s] running build
[10.923s] running build_py
[10.926s] running install
[10.932s] running install_lib
[10.946s] running install_data
[10.951s] running install_egg_info
[10.964s] removing '/home/ubuntu/nlnt_workspace/virtualttbot/workspace/install/sensors/lib/python3.8/site-packages/sensors-0.0.1-py3.8.egg-info' (and everything under it)
[10.967s] Copying ../../build/sensors/sensors.egg-info to /home/ubuntu/nlnt_workspace/virtualttbot/workspace/install/sensors/lib/python3.8/site-packages/sensors-0.0.1-py3.8.egg-info
[10.979s] running install_scripts
[11.136s] Installing mess_test script to /home/ubuntu/nlnt_workspace/virtualttbot/workspace/install/sensors/lib/sensors
[11.138s] Installing sensors script to /home/ubuntu/nlnt_workspace/virtualttbot/workspace/install/sensors/lib/sensors
[11.141s] Installing timer_node script to /home/ubuntu/nlnt_workspace/virtualttbot/workspace/install/sensors/lib/sensors
[11.143s] writing list of installed files to '/home/ubuntu/nlnt_workspace/virtualttbot/workspace/build/sensors/install.log'
[11.343s] Invoked command in '/home/ubuntu/nlnt_workspace/virtualttbot/workspace/src/sensors' returned '0': PYTHONPATH=/home/ubuntu/nlnt_workspace/virtualttbot/workspace/build/sensors/prefix_override:/home/ubuntu/nlnt_workspace/virtualttbot/workspace/install/sensors/lib/python3.8/site-packages:${PYTHONPATH} /usr/bin/python3 setup.py egg_info --egg-base ../../build/sensors build --build-base /home/ubuntu/nlnt_workspace/virtualttbot/workspace/build/sensors/build install --record /home/ubuntu/nlnt_workspace/virtualttbot/workspace/build/sensors/install.log --install-scripts $base/lib/sensors --single-version-externally-managed
