[0.667s] Invoking command in '/root/virtualttbot/workspace/src/sensors': PYTHONPATH=/root/virtualttbot/workspace/build/sensors/prefix_override:/root/virtualttbot/workspace/install/sensors/lib/python3.8/site-packages:${PYTHONPATH} /usr/bin/python3 setup.py egg_info --egg-base ../../build/sensors build --build-base /root/virtualttbot/workspace/build/sensors/build install --record /root/virtualttbot/workspace/build/sensors/install.log --install-scripts $base/lib/sensors --single-version-externally-managed
[0.759s] running egg_info
[0.759s] writing ../../build/sensors/sensors.egg-info/PKG-INFO
[0.759s] writing dependency_links to ../../build/sensors/sensors.egg-info/dependency_links.txt
[0.759s] writing entry points to ../../build/sensors/sensors.egg-info/entry_points.txt
[0.759s] writing requirements to ../../build/sensors/sensors.egg-info/requires.txt
[0.759s] writing top-level names to ../../build/sensors/sensors.egg-info/top_level.txt
[0.775s] reading manifest file '../../build/sensors/sensors.egg-info/SOURCES.txt'
[0.775s] writing manifest file '../../build/sensors/sensors.egg-info/SOURCES.txt'
[0.775s] running build
[0.775s] running build_py
[0.775s] running install
[0.776s] running install_lib
[0.776s] running install_data
[0.777s] running install_egg_info
[0.777s] removing '/root/virtualttbot/workspace/install/sensors/lib/python3.8/site-packages/sensors-0.0.1-py3.8.egg-info' (and everything under it)
[0.778s] Copying ../../build/sensors/sensors.egg-info to /root/virtualttbot/workspace/install/sensors/lib/python3.8/site-packages/sensors-0.0.1-py3.8.egg-info
[0.778s] running install_scripts
[0.786s] Installing capstone script to /root/virtualttbot/workspace/install/sensors/lib/sensors
[0.786s] Installing sensors script to /root/virtualttbot/workspace/install/sensors/lib/sensors
[0.786s] writing list of installed files to '/root/virtualttbot/workspace/build/sensors/install.log'
[0.796s] Invoked command in '/root/virtualttbot/workspace/src/sensors' returned '0': PYTHONPATH=/root/virtualttbot/workspace/build/sensors/prefix_override:/root/virtualttbot/workspace/install/sensors/lib/python3.8/site-packages:${PYTHONPATH} /usr/bin/python3 setup.py egg_info --egg-base ../../build/sensors build --build-base /root/virtualttbot/workspace/build/sensors/build install --record /root/virtualttbot/workspace/build/sensors/install.log --install-scripts $base/lib/sensors --single-version-externally-managed
