running egg_info
writing ../../build/sensors/sensors.egg-info/PKG-INFO
writing dependency_links to ../../build/sensors/sensors.egg-info/dependency_links.txt
writing entry points to ../../build/sensors/sensors.egg-info/entry_points.txt
writing requirements to ../../build/sensors/sensors.egg-info/requires.txt
writing top-level names to ../../build/sensors/sensors.egg-info/top_level.txt
reading manifest file '../../build/sensors/sensors.egg-info/SOURCES.txt'
writing manifest file '../../build/sensors/sensors.egg-info/SOURCES.txt'
running build
running build_py
copying sensors/picamtest.py -> /home/ubuntu/nlnt_workspace/virtualttbot/workspace/build/sensors/build/lib/sensors
copying sensors/opencv_test.py -> /home/ubuntu/nlnt_workspace/virtualttbot/workspace/build/sensors/build/lib/sensors
copying sensors/message_receive_test.py -> /home/ubuntu/nlnt_workspace/virtualttbot/workspace/build/sensors/build/lib/sensors
running install
running install_lib
copying /home/ubuntu/nlnt_workspace/virtualttbot/workspace/build/sensors/build/lib/sensors/picamtest.py -> /home/ubuntu/nlnt_workspace/virtualttbot/workspace/install/sensors/lib/python3.8/site-packages/sensors
copying /home/ubuntu/nlnt_workspace/virtualttbot/workspace/build/sensors/build/lib/sensors/opencv_test.py -> /home/ubuntu/nlnt_workspace/virtualttbot/workspace/install/sensors/lib/python3.8/site-packages/sensors
copying /home/ubuntu/nlnt_workspace/virtualttbot/workspace/build/sensors/build/lib/sensors/message_receive_test.py -> /home/ubuntu/nlnt_workspace/virtualttbot/workspace/install/sensors/lib/python3.8/site-packages/sensors
byte-compiling /home/ubuntu/nlnt_workspace/virtualttbot/workspace/install/sensors/lib/python3.8/site-packages/sensors/picamtest.py to picamtest.cpython-38.pyc
byte-compiling /home/ubuntu/nlnt_workspace/virtualttbot/workspace/install/sensors/lib/python3.8/site-packages/sensors/opencv_test.py to opencv_test.cpython-38.pyc
byte-compiling /home/ubuntu/nlnt_workspace/virtualttbot/workspace/install/sensors/lib/python3.8/site-packages/sensors/message_receive_test.py to message_receive_test.cpython-38.pyc
running install_data
running install_egg_info
removing '/home/ubuntu/nlnt_workspace/virtualttbot/workspace/install/sensors/lib/python3.8/site-packages/sensors-0.0.1-py3.8.egg-info' (and everything under it)
Copying ../../build/sensors/sensors.egg-info to /home/ubuntu/nlnt_workspace/virtualttbot/workspace/install/sensors/lib/python3.8/site-packages/sensors-0.0.1-py3.8.egg-info
running install_scripts
Installing mess_test script to /home/ubuntu/nlnt_workspace/virtualttbot/workspace/install/sensors/lib/sensors
Installing sensors script to /home/ubuntu/nlnt_workspace/virtualttbot/workspace/install/sensors/lib/sensors
Installing timer_node script to /home/ubuntu/nlnt_workspace/virtualttbot/workspace/install/sensors/lib/sensors
writing list of installed files to '/home/ubuntu/nlnt_workspace/virtualttbot/workspace/build/sensors/install.log'
