[0.689s] Invoking command in '/root/virtualttbot/workspace/src/sensors': PYTHONPATH=/root/virtualttbot/workspace/src/build/sensors/prefix_override:/root/virtualttbot/workspace/src/install/sensors/lib/python3.8/site-packages:${PYTHONPATH} /usr/bin/python3 setup.py egg_info --egg-base ../build/sensors build --build-base /root/virtualttbot/workspace/src/build/sensors/build install --record /root/virtualttbot/workspace/src/build/sensors/install.log --install-scripts $base/lib/sensors --single-version-externally-managed
[0.784s] running egg_info
[0.784s] writing ../build/sensors/sensors.egg-info/PKG-INFO
[0.785s] writing dependency_links to ../build/sensors/sensors.egg-info/dependency_links.txt
[0.785s] writing entry points to ../build/sensors/sensors.egg-info/entry_points.txt
[0.785s] writing requirements to ../build/sensors/sensors.egg-info/requires.txt
[0.785s] writing top-level names to ../build/sensors/sensors.egg-info/top_level.txt
[0.800s] reading manifest file '../build/sensors/sensors.egg-info/SOURCES.txt'
[0.800s] writing manifest file '../build/sensors/sensors.egg-info/SOURCES.txt'
[0.800s] running build
[0.801s] running build_py
[0.801s] copying sensors/capstone.py -> /root/virtualttbot/workspace/src/build/sensors/build/lib/sensors
[0.801s] running install
[0.801s] running install_lib
[0.802s] copying /root/virtualttbot/workspace/src/build/sensors/build/lib/sensors/capstone.py -> /root/virtualttbot/workspace/src/install/sensors/lib/python3.8/site-packages/sensors
[0.803s] byte-compiling /root/virtualttbot/workspace/src/install/sensors/lib/python3.8/site-packages/sensors/capstone.py to capstone.cpython-38.pyc
[0.805s] running install_data
[0.805s] running install_egg_info
[0.806s] removing '/root/virtualttbot/workspace/src/install/sensors/lib/python3.8/site-packages/sensors-0.0.1-py3.8.egg-info' (and everything under it)
[0.806s] Copying ../build/sensors/sensors.egg-info to /root/virtualttbot/workspace/src/install/sensors/lib/python3.8/site-packages/sensors-0.0.1-py3.8.egg-info
[0.807s] running install_scripts
[0.816s] Installing capstone script to /root/virtualttbot/workspace/src/install/sensors/lib/sensors
[0.816s] Installing sensors script to /root/virtualttbot/workspace/src/install/sensors/lib/sensors
[0.816s] writing list of installed files to '/root/virtualttbot/workspace/src/build/sensors/install.log'
[0.826s] Invoked command in '/root/virtualttbot/workspace/src/sensors' returned '0': PYTHONPATH=/root/virtualttbot/workspace/src/build/sensors/prefix_override:/root/virtualttbot/workspace/src/install/sensors/lib/python3.8/site-packages:${PYTHONPATH} /usr/bin/python3 setup.py egg_info --egg-base ../build/sensors build --build-base /root/virtualttbot/workspace/src/build/sensors/build install --record /root/virtualttbot/workspace/src/build/sensors/install.log --install-scripts $base/lib/sensors --single-version-externally-managed
