[2.252s] DEBUG:colcon:Command line arguments: ['/usr/bin/colcon', 'build', '--packages-select', 'sensors']
[2.252s] DEBUG:colcon:Parsed command line arguments: Namespace(ament_cmake_args=None, base_paths=['.'], build_base='build', catkin_cmake_args=None, catkin_skip_building_tests=False, cmake_args=None, cmake_clean_cache=False, cmake_clean_first=False, cmake_force_configure=False, cmake_target=None, cmake_target_skip_unavailable=False, continue_on_error=False, event_handlers=None, executor='parallel', ignore_user_meta=False, install_base='install', log_base=None, log_level=None, main=<bound method BuildVerb.main of <colcon_core.verb.build.BuildVerb object at 0xffffa0844940>>, merge_install=False, metas=['./colcon.meta'], packages_above=None, packages_above_and_dependencies=None, packages_above_depth=None, packages_end=None, packages_ignore=None, packages_ignore_regex=None, packages_select=['sensors'], packages_select_build_failed=False, packages_select_by_dep=None, packages_select_regex=None, packages_select_test_failures=False, packages_skip=None, packages_skip_build_finished=False, packages_skip_by_dep=None, packages_skip_regex=None, packages_skip_test_passed=False, packages_skip_up_to=None, packages_start=None, packages_up_to=None, packages_up_to_regex=None, parallel_workers=4, paths=None, symlink_install=False, test_result_base=None, verb_extension=<colcon_core.verb.build.BuildVerb object at 0xffffa0844940>, verb_name='build', verb_parser=<colcon_defaults.argument_parser.defaults.DefaultArgumentsDecorator object at 0xffffa0844eb0>)
[2.293s] Level 1:colcon.colcon_core.package_discovery:discover_packages(colcon_meta) check parameters
[2.294s] Level 1:colcon.colcon_core.package_discovery:discover_packages(recursive) check parameters
[2.301s] Level 1:colcon.colcon_core.package_discovery:discover_packages(ignore) check parameters
[2.302s] Level 1:colcon.colcon_core.package_discovery:discover_packages(path) check parameters
[2.302s] Level 1:colcon.colcon_core.package_discovery:discover_packages(colcon_meta) discover
[2.303s] Level 1:colcon.colcon_core.package_discovery:discover_packages(recursive) discover
[2.303s] INFO:colcon.colcon_core.package_discovery:Crawling recursively for packages in '/home/ubuntu/virtualttbot/workspace'
[2.304s] Level 1:colcon.colcon_core.package_identification:_identify(.) by extensions ['ignore', 'ignore_ament_install']
[2.304s] Level 1:colcon.colcon_core.package_identification:_identify(.) by extension 'ignore'
[2.305s] Level 1:colcon.colcon_core.package_identification:_identify(.) by extension 'ignore_ament_install'
[2.306s] Level 1:colcon.colcon_core.package_identification:_identify(.) by extensions ['colcon_pkg']
[2.306s] Level 1:colcon.colcon_core.package_identification:_identify(.) by extension 'colcon_pkg'
[2.307s] Level 1:colcon.colcon_core.package_identification:_identify(.) by extensions ['colcon_meta']
[2.307s] Level 1:colcon.colcon_core.package_identification:_identify(.) by extension 'colcon_meta'
[2.307s] Level 1:colcon.colcon_core.package_identification:_identify(.) by extensions ['ros']
[2.307s] Level 1:colcon.colcon_core.package_identification:_identify(.) by extension 'ros'
[2.394s] Level 1:colcon.colcon_core.package_identification:_identify(.) by extensions ['cmake', 'python']
[2.394s] Level 1:colcon.colcon_core.package_identification:_identify(.) by extension 'cmake'
[2.395s] Level 1:colcon.colcon_core.package_identification:_identify(.) by extension 'python'
[2.395s] Level 1:colcon.colcon_core.package_identification:_identify(.) by extensions ['python_setup_py']
[2.396s] Level 1:colcon.colcon_core.package_identification:_identify(.) by extension 'python_setup_py'
[2.397s] Level 1:colcon.colcon_core.package_identification:_identify(build) by extensions ['ignore', 'ignore_ament_install']
[2.398s] Level 1:colcon.colcon_core.package_identification:_identify(build) by extension 'ignore'
[2.398s] Level 1:colcon.colcon_core.package_identification:_identify(build) ignored
[2.399s] Level 1:colcon.colcon_core.package_identification:_identify(install) by extensions ['ignore', 'ignore_ament_install']
[2.400s] Level 1:colcon.colcon_core.package_identification:_identify(install) by extension 'ignore'
[2.401s] Level 1:colcon.colcon_core.package_identification:_identify(install) ignored
[2.406s] Level 1:colcon.colcon_core.package_identification:_identify(log) by extensions ['ignore', 'ignore_ament_install']
[2.406s] Level 1:colcon.colcon_core.package_identification:_identify(log) by extension 'ignore'
[2.407s] Level 1:colcon.colcon_core.package_identification:_identify(log) ignored
[2.408s] Level 1:colcon.colcon_core.package_identification:_identify(src) by extensions ['ignore', 'ignore_ament_install']
[2.409s] Level 1:colcon.colcon_core.package_identification:_identify(src) by extension 'ignore'
[2.409s] Level 1:colcon.colcon_core.package_identification:_identify(src) by extension 'ignore_ament_install'
[2.410s] Level 1:colcon.colcon_core.package_identification:_identify(src) by extensions ['colcon_pkg']
[2.410s] Level 1:colcon.colcon_core.package_identification:_identify(src) by extension 'colcon_pkg'
[2.411s] Level 1:colcon.colcon_core.package_identification:_identify(src) by extensions ['colcon_meta']
[2.411s] Level 1:colcon.colcon_core.package_identification:_identify(src) by extension 'colcon_meta'
[2.411s] Level 1:colcon.colcon_core.package_identification:_identify(src) by extensions ['ros']
[2.412s] Level 1:colcon.colcon_core.package_identification:_identify(src) by extension 'ros'
[2.412s] Level 1:colcon.colcon_core.package_identification:_identify(src) by extensions ['cmake', 'python']
[2.413s] Level 1:colcon.colcon_core.package_identification:_identify(src) by extension 'cmake'
[2.413s] Level 1:colcon.colcon_core.package_identification:_identify(src) by extension 'python'
[2.414s] Level 1:colcon.colcon_core.package_identification:_identify(src) by extensions ['python_setup_py']
[2.414s] Level 1:colcon.colcon_core.package_identification:_identify(src) by extension 'python_setup_py'
[2.415s] Level 1:colcon.colcon_core.package_identification:_identify(src/build) by extensions ['ignore', 'ignore_ament_install']
[2.416s] Level 1:colcon.colcon_core.package_identification:_identify(src/build) by extension 'ignore'
[2.417s] Level 1:colcon.colcon_core.package_identification:_identify(src/build) ignored
[2.418s] Level 1:colcon.colcon_core.package_identification:_identify(src/install) by extensions ['ignore', 'ignore_ament_install']
[2.418s] Level 1:colcon.colcon_core.package_identification:_identify(src/install) by extension 'ignore'
[2.419s] Level 1:colcon.colcon_core.package_identification:_identify(src/install) ignored
[2.420s] Level 1:colcon.colcon_core.package_identification:_identify(src/log) by extensions ['ignore', 'ignore_ament_install']
[2.421s] Level 1:colcon.colcon_core.package_identification:_identify(src/log) by extension 'ignore'
[2.421s] Level 1:colcon.colcon_core.package_identification:_identify(src/log) ignored
[2.422s] Level 1:colcon.colcon_core.package_identification:_identify(src/sensors) by extensions ['ignore', 'ignore_ament_install']
[2.423s] Level 1:colcon.colcon_core.package_identification:_identify(src/sensors) by extension 'ignore'
[2.424s] Level 1:colcon.colcon_core.package_identification:_identify(src/sensors) by extension 'ignore_ament_install'
[2.424s] Level 1:colcon.colcon_core.package_identification:_identify(src/sensors) by extensions ['colcon_pkg']
[2.425s] Level 1:colcon.colcon_core.package_identification:_identify(src/sensors) by extension 'colcon_pkg'
[2.425s] Level 1:colcon.colcon_core.package_identification:_identify(src/sensors) by extensions ['colcon_meta']
[2.426s] Level 1:colcon.colcon_core.package_identification:_identify(src/sensors) by extension 'colcon_meta'
[2.426s] Level 1:colcon.colcon_core.package_identification:_identify(src/sensors) by extensions ['ros']
[2.426s] Level 1:colcon.colcon_core.package_identification:_identify(src/sensors) by extension 'ros'
[2.445s] DEBUG:colcon.colcon_core.package_identification:Package 'src/sensors' with type 'ros.ament_python' and name 'sensors'
[2.446s] Level 1:colcon.colcon_core.package_discovery:discover_packages(recursive) using defaults
[2.446s] Level 1:colcon.colcon_core.package_discovery:discover_packages(ignore) discover
[2.447s] Level 1:colcon.colcon_core.package_discovery:discover_packages(ignore) using defaults
[2.447s] Level 1:colcon.colcon_core.package_discovery:discover_packages(path) discover
[2.448s] Level 1:colcon.colcon_core.package_discovery:discover_packages(path) using defaults
[2.599s] Level 5:colcon.colcon_core.verb:set package 'sensors' build argument 'cmake_args' from command line to 'None'
[2.599s] Level 5:colcon.colcon_core.verb:set package 'sensors' build argument 'cmake_target' from command line to 'None'
[2.600s] Level 5:colcon.colcon_core.verb:set package 'sensors' build argument 'cmake_target_skip_unavailable' from command line to 'False'
[2.600s] Level 5:colcon.colcon_core.verb:set package 'sensors' build argument 'cmake_clean_cache' from command line to 'False'
[2.600s] Level 5:colcon.colcon_core.verb:set package 'sensors' build argument 'cmake_clean_first' from command line to 'False'
[2.600s] Level 5:colcon.colcon_core.verb:set package 'sensors' build argument 'cmake_force_configure' from command line to 'False'
[2.601s] Level 5:colcon.colcon_core.verb:set package 'sensors' build argument 'ament_cmake_args' from command line to 'None'
[2.601s] Level 5:colcon.colcon_core.verb:set package 'sensors' build argument 'catkin_cmake_args' from command line to 'None'
[2.601s] Level 5:colcon.colcon_core.verb:set package 'sensors' build argument 'catkin_skip_building_tests' from command line to 'False'
[2.602s] DEBUG:colcon.colcon_core.verb:Building package 'sensors' with the following arguments: {'ament_cmake_args': None, 'build_base': '/home/ubuntu/virtualttbot/workspace/build/sensors', 'catkin_cmake_args': None, 'catkin_skip_building_tests': False, 'cmake_args': None, 'cmake_clean_cache': False, 'cmake_clean_first': False, 'cmake_force_configure': False, 'cmake_target': None, 'cmake_target_skip_unavailable': False, 'install_base': '/home/ubuntu/virtualttbot/workspace/install/sensors', 'merge_install': False, 'path': '/home/ubuntu/virtualttbot/workspace/src/sensors', 'symlink_install': False, 'test_result_base': None}
[2.604s] INFO:colcon.colcon_core.executor:Executing jobs using 'parallel' executor
[2.617s] DEBUG:colcon.colcon_parallel_executor.executor.parallel:run_until_complete
[2.619s] INFO:colcon.colcon_ros.task.ament_python.build:Building ROS package in '/home/ubuntu/virtualttbot/workspace/src/sensors' with build type 'ament_python'
[2.620s] Level 1:colcon.colcon_core.shell:create_environment_hook('sensors', 'ament_prefix_path')
[2.647s] INFO:colcon.colcon_core.plugin_system:Skipping extension 'colcon_core.shell.bat': Not used on non-Windows systems
[2.649s] INFO:colcon.colcon_core.shell:Creating environment hook '/home/ubuntu/virtualttbot/workspace/install/sensors/share/sensors/hook/ament_prefix_path.ps1'
[2.655s] INFO:colcon.colcon_core.shell:Creating environment descriptor '/home/ubuntu/virtualttbot/workspace/install/sensors/share/sensors/hook/ament_prefix_path.dsv'
[2.658s] INFO:colcon.colcon_core.shell:Creating environment hook '/home/ubuntu/virtualttbot/workspace/install/sensors/share/sensors/hook/ament_prefix_path.sh'
[2.668s] INFO:colcon.colcon_core.shell:Skip shell extension 'powershell' for command environment: Not usable outside of PowerShell
[2.668s] DEBUG:colcon.colcon_core.shell:Skip shell extension 'dsv' for command environment
[2.693s] DEBUG:colcon.colcon_core.shell:Ignoring prefix path '/opt/ros/foxy'
[4.415s] INFO:colcon.colcon_core.task.python.build:Building Python package in '/home/ubuntu/virtualttbot/workspace/src/sensors'
[4.420s] INFO:colcon.colcon_core.shell:Skip shell extension 'powershell' for command environment: Not usable outside of PowerShell
[4.421s] DEBUG:colcon.colcon_core.shell:Skip shell extension 'dsv' for command environment
[4.440s] DEBUG:colcon.colcon_core.shell:Ignoring prefix path '/opt/ros/foxy'
[4.479s] DEBUG:colcon.colcon_core.event_handler.log_command:Invoking command in '/home/ubuntu/virtualttbot/workspace/src/sensors': PYTHONPATH=/home/ubuntu/virtualttbot/workspace/install/sensors/lib/python3.8/site-packages:${PYTHONPATH} /usr/bin/python3 setup.py egg_info --egg-base ../../build/sensors build --build-base /home/ubuntu/virtualttbot/workspace/build/sensors/build install --prefix /home/ubuntu/virtualttbot/workspace/install/sensors --record /home/ubuntu/virtualttbot/workspace/build/sensors/install.log --single-version-externally-managed
[6.783s] DEBUG:colcon.colcon_core.event_handler.log_command:Invoked command in '/home/ubuntu/virtualttbot/workspace/src/sensors' returned '0': PYTHONPATH=/home/ubuntu/virtualttbot/workspace/install/sensors/lib/python3.8/site-packages:${PYTHONPATH} /usr/bin/python3 setup.py egg_info --egg-base ../../build/sensors build --build-base /home/ubuntu/virtualttbot/workspace/build/sensors/build install --prefix /home/ubuntu/virtualttbot/workspace/install/sensors --record /home/ubuntu/virtualttbot/workspace/build/sensors/install.log --single-version-externally-managed
[6.807s] Level 1:colcon.colcon_core.environment:checking '/home/ubuntu/virtualttbot/workspace/install/sensors' for CMake module files
[6.811s] Level 1:colcon.colcon_core.environment:checking '/home/ubuntu/virtualttbot/workspace/install/sensors' for CMake config files
[6.818s] Level 1:colcon.colcon_core.environment:checking '/home/ubuntu/virtualttbot/workspace/install/sensors/lib'
[6.819s] Level 1:colcon.colcon_core.environment:checking '/home/ubuntu/virtualttbot/workspace/install/sensors/bin'
[6.820s] Level 1:colcon.colcon_core.environment:checking '/home/ubuntu/virtualttbot/workspace/install/sensors/lib/pkgconfig/sensors.pc'
[6.821s] Level 1:colcon.colcon_core.environment:checking '/home/ubuntu/virtualttbot/workspace/install/sensors/lib/python3.8/site-packages'
[6.821s] Level 1:colcon.colcon_core.shell:create_environment_hook('sensors', 'pythonpath')
[6.825s] INFO:colcon.colcon_core.shell:Creating environment hook '/home/ubuntu/virtualttbot/workspace/install/sensors/share/sensors/hook/pythonpath.ps1'
[6.829s] INFO:colcon.colcon_core.shell:Creating environment descriptor '/home/ubuntu/virtualttbot/workspace/install/sensors/share/sensors/hook/pythonpath.dsv'
[6.832s] INFO:colcon.colcon_core.shell:Creating environment hook '/home/ubuntu/virtualttbot/workspace/install/sensors/share/sensors/hook/pythonpath.sh'
[6.835s] Level 1:colcon.colcon_core.environment:create_environment_scripts_only(sensors)
[6.840s] INFO:colcon.colcon_core.shell:Creating package script '/home/ubuntu/virtualttbot/workspace/install/sensors/share/sensors/package.ps1'
[6.847s] INFO:colcon.colcon_core.shell:Creating package descriptor '/home/ubuntu/virtualttbot/workspace/install/sensors/share/sensors/package.dsv'
[6.851s] INFO:colcon.colcon_core.shell:Creating package script '/home/ubuntu/virtualttbot/workspace/install/sensors/share/sensors/package.sh'
[6.858s] INFO:colcon.colcon_core.shell:Creating package script '/home/ubuntu/virtualttbot/workspace/install/sensors/share/sensors/package.bash'
[6.865s] INFO:colcon.colcon_core.shell:Creating package script '/home/ubuntu/virtualttbot/workspace/install/sensors/share/sensors/package.zsh'
[6.872s] Level 1:colcon.colcon_core.environment:create_file_with_runtime_dependencies(/home/ubuntu/virtualttbot/workspace/install/sensors/share/colcon-core/packages/sensors)
[6.875s] DEBUG:colcon.colcon_parallel_executor.executor.parallel:closing loop
[6.877s] DEBUG:colcon.colcon_parallel_executor.executor.parallel:loop closed
[6.878s] DEBUG:colcon.colcon_parallel_executor.executor.parallel:run_until_complete finished with '0'
[6.879s] DEBUG:colcon.colcon_core.event_reactor:joining thread
[6.921s] INFO:colcon.colcon_core.plugin_system:Skipping extension 'colcon_notification.desktop_notification.notify_send': Could not find 'notify-send'
[6.922s] INFO:colcon.colcon_core.plugin_system:Skipping extension 'colcon_notification.desktop_notification.terminal_notifier': Not used on non-Darwin systems
[6.923s] INFO:colcon.colcon_core.plugin_system:Skipping extension 'colcon_notification.desktop_notification.win32': Not used on non-Windows systems
[6.924s] INFO:colcon.colcon_notification.desktop_notification:Sending desktop notification using 'notify2'
[6.928s] DEBUG:colcon.colcon_notification.desktop_notification.notify2:Failed to initialize notify2: org.freedesktop.DBus.Error.ServiceUnknown: The name org.freedesktop.Notifications was not provided by any .service files
[6.929s] DEBUG:colcon.colcon_core.event_reactor:joined thread
[6.932s] INFO:colcon.colcon_core.shell:Creating prefix script '/home/ubuntu/virtualttbot/workspace/install/local_setup.ps1'
[6.942s] INFO:colcon.colcon_core.shell:Creating prefix util module '/home/ubuntu/virtualttbot/workspace/install/_local_setup_util_ps1.py'
[6.953s] INFO:colcon.colcon_core.shell:Creating prefix chain script '/home/ubuntu/virtualttbot/workspace/install/setup.ps1'
[6.973s] INFO:colcon.colcon_core.shell:Creating prefix script '/home/ubuntu/virtualttbot/workspace/install/local_setup.sh'
[6.978s] INFO:colcon.colcon_core.shell:Creating prefix util module '/home/ubuntu/virtualttbot/workspace/install/_local_setup_util_sh.py'
[6.981s] INFO:colcon.colcon_core.shell:Creating prefix chain script '/home/ubuntu/virtualttbot/workspace/install/setup.sh'
[7.000s] INFO:colcon.colcon_core.shell:Creating prefix script '/home/ubuntu/virtualttbot/workspace/install/local_setup.bash'
[7.004s] INFO:colcon.colcon_core.shell:Creating prefix chain script '/home/ubuntu/virtualttbot/workspace/install/setup.bash'
[7.023s] INFO:colcon.colcon_core.shell:Creating prefix script '/home/ubuntu/virtualttbot/workspace/install/local_setup.zsh'
[7.027s] INFO:colcon.colcon_core.shell:Creating prefix chain script '/home/ubuntu/virtualttbot/workspace/install/setup.zsh'
