[3.148s] DEBUG:colcon:Command line arguments: ['/usr/bin/colcon', 'list', '-p', '--base-paths', '/home/gabriel/virtualttbot/workspace']
[3.148s] DEBUG:colcon:Parsed command line arguments: Namespace(allow_overriding=[], base_paths=['/home/gabriel/virtualttbot/workspace'], build_base='build', ignore_user_meta=False, log_base=None, log_level=None, main=<bound method ListVerb.main of <colcon_package_information.verb.list.ListVerb object at 0x7fca3bbfc550>>, metas=['./colcon.meta'], names_only=False, packages_above=None, packages_above_and_dependencies=None, packages_above_depth=None, packages_end=None, packages_ignore=None, packages_ignore_regex=None, packages_select=None, packages_select_build_failed=False, packages_select_by_dep=None, packages_select_regex=None, packages_select_test_failures=False, packages_skip=None, packages_skip_build_finished=False, packages_skip_by_dep=None, packages_skip_regex=None, packages_skip_test_passed=False, packages_skip_up_to=None, packages_start=None, packages_up_to=None, packages_up_to_regex=None, paths=None, paths_only=True, topological_graph=False, topological_graph_density=False, topological_graph_dot=False, topological_graph_dot_cluster=False, topological_graph_dot_include_skipped=False, topological_graph_legend=False, topological_order=False, verb_extension=<colcon_package_information.verb.list.ListVerb object at 0x7fca3bbfc550>, verb_name='list', verb_parser=<colcon_defaults.argument_parser.defaults.DefaultArgumentsDecorator object at 0x7fca3b8c1190>)
[3.315s] Level 1:colcon.colcon_core.package_discovery:discover_packages(colcon_meta) check parameters
[3.315s] Level 1:colcon.colcon_core.package_discovery:discover_packages(recursive) check parameters
[3.315s] Level 1:colcon.colcon_core.package_discovery:discover_packages(ignore) check parameters
[3.315s] Level 1:colcon.colcon_core.package_discovery:discover_packages(path) check parameters
[3.315s] Level 1:colcon.colcon_core.package_discovery:discover_packages(recursive) discover
[3.315s] INFO:colcon.colcon_core.package_discovery:Crawling recursively for packages in '/home/gabriel/virtualttbot/workspace'
[3.315s] Level 1:colcon.colcon_core.package_identification:_identify(/home/gabriel/virtualttbot/workspace) by extensions ['ignore', 'ignore_ament_install']
[3.315s] Level 1:colcon.colcon_core.package_identification:_identify(/home/gabriel/virtualttbot/workspace) by extension 'ignore'
[3.315s] Level 1:colcon.colcon_core.package_identification:_identify(/home/gabriel/virtualttbot/workspace) by extension 'ignore_ament_install'
[3.316s] Level 1:colcon.colcon_core.package_identification:_identify(/home/gabriel/virtualttbot/workspace) by extensions ['colcon_pkg']
[3.316s] Level 1:colcon.colcon_core.package_identification:_identify(/home/gabriel/virtualttbot/workspace) by extension 'colcon_pkg'
[3.316s] Level 1:colcon.colcon_core.package_identification:_identify(/home/gabriel/virtualttbot/workspace) by extensions ['colcon_meta']
[3.316s] Level 1:colcon.colcon_core.package_identification:_identify(/home/gabriel/virtualttbot/workspace) by extension 'colcon_meta'
[3.316s] Level 1:colcon.colcon_core.package_identification:_identify(/home/gabriel/virtualttbot/workspace) by extensions ['ros']
[3.316s] Level 1:colcon.colcon_core.package_identification:_identify(/home/gabriel/virtualttbot/workspace) by extension 'ros'
[3.326s] Level 1:colcon.colcon_core.package_identification:_identify(/home/gabriel/virtualttbot/workspace) by extensions ['cmake', 'python']
[3.326s] Level 1:colcon.colcon_core.package_identification:_identify(/home/gabriel/virtualttbot/workspace) by extension 'cmake'
[3.326s] Level 1:colcon.colcon_core.package_identification:_identify(/home/gabriel/virtualttbot/workspace) by extension 'python'
[3.326s] Level 1:colcon.colcon_core.package_identification:_identify(/home/gabriel/virtualttbot/workspace) by extensions ['python_setup_py']
[3.326s] Level 1:colcon.colcon_core.package_identification:_identify(/home/gabriel/virtualttbot/workspace) by extension 'python_setup_py'
[3.326s] Level 1:colcon.colcon_core.package_identification:_identify(/home/gabriel/virtualttbot/workspace/build) by extensions ['ignore', 'ignore_ament_install']
[3.326s] Level 1:colcon.colcon_core.package_identification:_identify(/home/gabriel/virtualttbot/workspace/build) by extension 'ignore'
[3.326s] Level 1:colcon.colcon_core.package_identification:_identify(/home/gabriel/virtualttbot/workspace/build) ignored
[3.326s] Level 1:colcon.colcon_core.package_identification:_identify(/home/gabriel/virtualttbot/workspace/install) by extensions ['ignore', 'ignore_ament_install']
[3.326s] Level 1:colcon.colcon_core.package_identification:_identify(/home/gabriel/virtualttbot/workspace/install) by extension 'ignore'
[3.326s] Level 1:colcon.colcon_core.package_identification:_identify(/home/gabriel/virtualttbot/workspace/install) ignored
[3.326s] Level 1:colcon.colcon_core.package_identification:_identify(/home/gabriel/virtualttbot/workspace/log) by extensions ['ignore', 'ignore_ament_install']
[3.326s] Level 1:colcon.colcon_core.package_identification:_identify(/home/gabriel/virtualttbot/workspace/log) by extension 'ignore'
[3.326s] Level 1:colcon.colcon_core.package_identification:_identify(/home/gabriel/virtualttbot/workspace/log) ignored
[3.327s] Level 1:colcon.colcon_core.package_identification:_identify(/home/gabriel/virtualttbot/workspace/src) by extensions ['ignore', 'ignore_ament_install']
[3.327s] Level 1:colcon.colcon_core.package_identification:_identify(/home/gabriel/virtualttbot/workspace/src) by extension 'ignore'
[3.327s] Level 1:colcon.colcon_core.package_identification:_identify(/home/gabriel/virtualttbot/workspace/src) by extension 'ignore_ament_install'
[3.327s] Level 1:colcon.colcon_core.package_identification:_identify(/home/gabriel/virtualttbot/workspace/src) by extensions ['colcon_pkg']
[3.327s] Level 1:colcon.colcon_core.package_identification:_identify(/home/gabriel/virtualttbot/workspace/src) by extension 'colcon_pkg'
[3.327s] Level 1:colcon.colcon_core.package_identification:_identify(/home/gabriel/virtualttbot/workspace/src) by extensions ['colcon_meta']
[3.327s] Level 1:colcon.colcon_core.package_identification:_identify(/home/gabriel/virtualttbot/workspace/src) by extension 'colcon_meta'
[3.327s] Level 1:colcon.colcon_core.package_identification:_identify(/home/gabriel/virtualttbot/workspace/src) by extensions ['ros']
[3.327s] Level 1:colcon.colcon_core.package_identification:_identify(/home/gabriel/virtualttbot/workspace/src) by extension 'ros'
[3.327s] Level 1:colcon.colcon_core.package_identification:_identify(/home/gabriel/virtualttbot/workspace/src) by extensions ['cmake', 'python']
[3.327s] Level 1:colcon.colcon_core.package_identification:_identify(/home/gabriel/virtualttbot/workspace/src) by extension 'cmake'
[3.327s] Level 1:colcon.colcon_core.package_identification:_identify(/home/gabriel/virtualttbot/workspace/src) by extension 'python'
[3.327s] Level 1:colcon.colcon_core.package_identification:_identify(/home/gabriel/virtualttbot/workspace/src) by extensions ['python_setup_py']
[3.327s] Level 1:colcon.colcon_core.package_identification:_identify(/home/gabriel/virtualttbot/workspace/src) by extension 'python_setup_py'
[3.327s] Level 1:colcon.colcon_core.package_identification:_identify(/home/gabriel/virtualttbot/workspace/src/build) by extensions ['ignore', 'ignore_ament_install']
[3.327s] Level 1:colcon.colcon_core.package_identification:_identify(/home/gabriel/virtualttbot/workspace/src/build) by extension 'ignore'
[3.327s] Level 1:colcon.colcon_core.package_identification:_identify(/home/gabriel/virtualttbot/workspace/src/build) ignored
[3.327s] Level 1:colcon.colcon_core.package_identification:_identify(/home/gabriel/virtualttbot/workspace/src/install) by extensions ['ignore', 'ignore_ament_install']
[3.327s] Level 1:colcon.colcon_core.package_identification:_identify(/home/gabriel/virtualttbot/workspace/src/install) by extension 'ignore'
[3.327s] Level 1:colcon.colcon_core.package_identification:_identify(/home/gabriel/virtualttbot/workspace/src/install) ignored
[3.327s] Level 1:colcon.colcon_core.package_identification:_identify(/home/gabriel/virtualttbot/workspace/src/log) by extensions ['ignore', 'ignore_ament_install']
[3.328s] Level 1:colcon.colcon_core.package_identification:_identify(/home/gabriel/virtualttbot/workspace/src/log) by extension 'ignore'
[3.328s] Level 1:colcon.colcon_core.package_identification:_identify(/home/gabriel/virtualttbot/workspace/src/log) ignored
[3.328s] Level 1:colcon.colcon_core.package_identification:_identify(/home/gabriel/virtualttbot/workspace/src/sensors) by extensions ['ignore', 'ignore_ament_install']
[3.328s] Level 1:colcon.colcon_core.package_identification:_identify(/home/gabriel/virtualttbot/workspace/src/sensors) by extension 'ignore'
[3.328s] Level 1:colcon.colcon_core.package_identification:_identify(/home/gabriel/virtualttbot/workspace/src/sensors) by extension 'ignore_ament_install'
[3.328s] Level 1:colcon.colcon_core.package_identification:_identify(/home/gabriel/virtualttbot/workspace/src/sensors) by extensions ['colcon_pkg']
[3.328s] Level 1:colcon.colcon_core.package_identification:_identify(/home/gabriel/virtualttbot/workspace/src/sensors) by extension 'colcon_pkg'
[3.328s] Level 1:colcon.colcon_core.package_identification:_identify(/home/gabriel/virtualttbot/workspace/src/sensors) by extensions ['colcon_meta']
[3.328s] Level 1:colcon.colcon_core.package_identification:_identify(/home/gabriel/virtualttbot/workspace/src/sensors) by extension 'colcon_meta'
[3.328s] Level 1:colcon.colcon_core.package_identification:_identify(/home/gabriel/virtualttbot/workspace/src/sensors) by extensions ['ros']
[3.328s] Level 1:colcon.colcon_core.package_identification:_identify(/home/gabriel/virtualttbot/workspace/src/sensors) by extension 'ros'
[3.330s] DEBUG:colcon.colcon_core.package_identification:Package '/home/gabriel/virtualttbot/workspace/src/sensors' with type 'ros.ament_python' and name 'sensors'
[3.330s] Level 1:colcon.colcon_core.package_discovery:discover_packages(recursive) using defaults
