[0.654s] Invoking command in '/home/gabriel/virt_ttb/workspace/src/sensors': PYTHONPATH=/home/gabriel/virt_ttb/workspace/src/sensors/build/sensors/prefix_override:/home/gabriel/virt_ttb/workspace/src/sensors/install/sensors/lib/python3.8/site-packages:${PYTHONPATH} /usr/bin/python3 setup.py egg_info --egg-base build/sensors build --build-base /home/gabriel/virt_ttb/workspace/src/sensors/build/sensors/build install --record /home/gabriel/virt_ttb/workspace/src/sensors/build/sensors/install.log --install-scripts $base/lib/sensors --single-version-externally-managed
[0.791s] running egg_info
[0.791s] creating build/sensors/sensors.egg-info
[0.791s] writing build/sensors/sensors.egg-info/PKG-INFO
[0.791s] writing dependency_links to build/sensors/sensors.egg-info/dependency_links.txt
[0.791s] writing entry points to build/sensors/sensors.egg-info/entry_points.txt
[0.792s] writing requirements to build/sensors/sensors.egg-info/requires.txt
[0.792s] writing top-level names to build/sensors/sensors.egg-info/top_level.txt
[0.792s] writing manifest file 'build/sensors/sensors.egg-info/SOURCES.txt'
[0.815s] reading manifest file 'build/sensors/sensors.egg-info/SOURCES.txt'
[0.816s] writing manifest file 'build/sensors/sensors.egg-info/SOURCES.txt'
[0.816s] running build
[0.816s] running build_py
[0.816s] creating /home/gabriel/virt_ttb/workspace/src/sensors/build/sensors/build
[0.816s] creating /home/gabriel/virt_ttb/workspace/src/sensors/build/sensors/build/lib
[0.816s] creating /home/gabriel/virt_ttb/workspace/src/sensors/build/sensors/build/lib/sensors
[0.816s] copying sensors/__init__.py -> /home/gabriel/virt_ttb/workspace/src/sensors/build/sensors/build/lib/sensors
[0.816s] copying sensors/message_receive_test.py -> /home/gabriel/virt_ttb/workspace/src/sensors/build/sensors/build/lib/sensors
[0.816s] running install
[0.817s] running install_lib
[0.818s] creating /home/gabriel/virt_ttb/workspace/src/sensors/install/sensors/lib/python3.8/site-packages/sensors
[0.818s] copying /home/gabriel/virt_ttb/workspace/src/sensors/build/sensors/build/lib/sensors/__init__.py -> /home/gabriel/virt_ttb/workspace/src/sensors/install/sensors/lib/python3.8/site-packages/sensors
[0.818s] copying /home/gabriel/virt_ttb/workspace/src/sensors/build/sensors/build/lib/sensors/message_receive_test.py -> /home/gabriel/virt_ttb/workspace/src/sensors/install/sensors/lib/python3.8/site-packages/sensors
[0.818s] byte-compiling /home/gabriel/virt_ttb/workspace/src/sensors/install/sensors/lib/python3.8/site-packages/sensors/__init__.py to __init__.cpython-38.pyc
[0.819s] byte-compiling /home/gabriel/virt_ttb/workspace/src/sensors/install/sensors/lib/python3.8/site-packages/sensors/message_receive_test.py to message_receive_test.cpython-38.pyc
[0.819s] running install_data
[0.820s] creating /home/gabriel/virt_ttb/workspace/src/sensors/install/sensors/share/ament_index
[0.820s] creating /home/gabriel/virt_ttb/workspace/src/sensors/install/sensors/share/ament_index/resource_index
[0.820s] creating /home/gabriel/virt_ttb/workspace/src/sensors/install/sensors/share/ament_index/resource_index/packages
[0.820s] copying resource/sensors -> /home/gabriel/virt_ttb/workspace/src/sensors/install/sensors/share/ament_index/resource_index/packages
[0.820s] copying package.xml -> /home/gabriel/virt_ttb/workspace/src/sensors/install/sensors/share/sensors
[0.820s] running install_egg_info
[0.821s] Copying build/sensors/sensors.egg-info to /home/gabriel/virt_ttb/workspace/src/sensors/install/sensors/lib/python3.8/site-packages/sensors-0.0.1-py3.8.egg-info
[0.822s] running install_scripts
[0.833s] Installing mess_test script to /home/gabriel/virt_ttb/workspace/src/sensors/install/sensors/lib/sensors
[0.833s] Installing sensors script to /home/gabriel/virt_ttb/workspace/src/sensors/install/sensors/lib/sensors
[0.833s] Installing timer_node script to /home/gabriel/virt_ttb/workspace/src/sensors/install/sensors/lib/sensors
[0.834s] writing list of installed files to '/home/gabriel/virt_ttb/workspace/src/sensors/build/sensors/install.log'
[0.850s] Invoked command in '/home/gabriel/virt_ttb/workspace/src/sensors' returned '0': PYTHONPATH=/home/gabriel/virt_ttb/workspace/src/sensors/build/sensors/prefix_override:/home/gabriel/virt_ttb/workspace/src/sensors/install/sensors/lib/python3.8/site-packages:${PYTHONPATH} /usr/bin/python3 setup.py egg_info --egg-base build/sensors build --build-base /home/gabriel/virt_ttb/workspace/src/sensors/build/sensors/build install --record /home/gabriel/virt_ttb/workspace/src/sensors/build/sensors/install.log --install-scripts $base/lib/sensors --single-version-externally-managed
