[1.889s] Invoking command in '/home/ubuntu/virtualttbot/workspace/src/sensors': PYTHONPATH=/home/ubuntu/virtualttbot/workspace/install/sensors/lib/python3.8/site-packages:${PYTHONPATH} /usr/bin/python3 setup.py egg_info --egg-base ../../build/sensors build --build-base /home/ubuntu/virtualttbot/workspace/build/sensors/build install --prefix /home/ubuntu/virtualttbot/workspace/install/sensors --record /home/ubuntu/virtualttbot/workspace/build/sensors/install.log --single-version-externally-managed
[4.263s] running egg_info
[4.269s] writing ../../build/sensors/sensors.egg-info/PKG-INFO
[4.277s] writing dependency_links to ../../build/sensors/sensors.egg-info/dependency_links.txt
[4.283s] writing entry points to ../../build/sensors/sensors.egg-info/entry_points.txt
[4.287s] writing requirements to ../../build/sensors/sensors.egg-info/requires.txt
[4.291s] writing top-level names to ../../build/sensors/sensors.egg-info/top_level.txt
[4.754s] reading manifest file '../../build/sensors/sensors.egg-info/SOURCES.txt'
[4.767s] writing manifest file '../../build/sensors/sensors.egg-info/SOURCES.txt'
[4.769s] running build
[4.771s] running build_py
[4.782s] copying sensors/capstone.py -> /home/ubuntu/virtualttbot/workspace/build/sensors/build/lib/sensors
[4.784s] running install
[4.788s] running install_lib
[4.803s] copying /home/ubuntu/virtualttbot/workspace/build/sensors/build/lib/sensors/capstone.py -> /home/ubuntu/virtualttbot/workspace/install/sensors/lib/python3.8/site-packages/sensors
[4.815s] byte-compiling /home/ubuntu/virtualttbot/workspace/install/sensors/lib/python3.8/site-packages/sensors/capstone.py to capstone.cpython-38.pyc
[4.848s] running install_data
[4.856s] running install_egg_info
[4.878s] removing '/home/ubuntu/virtualttbot/workspace/install/sensors/lib/python3.8/site-packages/sensors-0.0.1-py3.8.egg-info' (and everything under it)
[4.885s] Copying ../../build/sensors/sensors.egg-info to /home/ubuntu/virtualttbot/workspace/install/sensors/lib/python3.8/site-packages/sensors-0.0.1-py3.8.egg-info
[4.910s] running install_scripts
[5.122s] Installing capstone script to /home/ubuntu/virtualttbot/workspace/install/sensors/lib/sensors
[5.124s] Installing sensors script to /home/ubuntu/virtualttbot/workspace/install/sensors/lib/sensors
[5.130s] writing list of installed files to '/home/ubuntu/virtualttbot/workspace/build/sensors/install.log'
[5.570s] Invoked command in '/home/ubuntu/virtualttbot/workspace/src/sensors' returned '0': PYTHONPATH=/home/ubuntu/virtualttbot/workspace/install/sensors/lib/python3.8/site-packages:${PYTHONPATH} /usr/bin/python3 setup.py egg_info --egg-base ../../build/sensors build --build-base /home/ubuntu/virtualttbot/workspace/build/sensors/build install --prefix /home/ubuntu/virtualttbot/workspace/install/sensors --record /home/ubuntu/virtualttbot/workspace/build/sensors/install.log --single-version-externally-managed
