[1.949s] DEBUG:colcon:Command line arguments: ['/usr/bin/colcon', 'build']
[1.949s] DEBUG:colcon:Parsed command line arguments: Namespace(allow_overriding=[], ament_cmake_args=None, base_paths=['.'], build_base='build', catkin_cmake_args=None, catkin_skip_building_tests=False, cmake_args=None, cmake_clean_cache=False, cmake_clean_first=False, cmake_force_configure=False, cmake_target=None, cmake_target_skip_unavailable=False, continue_on_error=False, event_handlers=None, executor='parallel', ignore_user_meta=False, install_base='install', log_base=None, log_level=None, main=<bound method BuildVerb.main of <colcon_core.verb.build.BuildVerb object at 0x7aa468d6e610>>, merge_install=False, metas=['./colcon.meta'], packages_above=None, packages_above_and_dependencies=None, packages_above_depth=None, packages_end=None, packages_ignore=None, packages_ignore_regex=None, packages_select=None, packages_select_build_failed=False, packages_select_by_dep=None, packages_select_regex=None, packages_select_test_failures=False, packages_skip=None, packages_skip_build_finished=False, packages_skip_by_dep=None, packages_skip_regex=None, packages_skip_test_passed=False, packages_skip_up_to=None, packages_start=None, packages_up_to=None, packages_up_to_regex=None, parallel_workers=16, paths=None, symlink_install=False, test_result_base=None, verb_extension=<colcon_core.verb.build.BuildVerb object at 0x7aa468d6e610>, verb_name='build', verb_parser=<colcon_defaults.argument_parser.defaults.DefaultArgumentsDecorator object at 0x7aa468ce0160>)
[2.034s] Level 1:colcon.colcon_core.package_discovery:discover_packages(colcon_meta) check parameters
[2.034s] Level 1:colcon.colcon_core.package_discovery:discover_packages(recursive) check parameters
[2.034s] Level 1:colcon.colcon_core.package_discovery:discover_packages(ignore) check parameters
[2.034s] Level 1:colcon.colcon_core.package_discovery:discover_packages(path) check parameters
[2.034s] Level 1:colcon.colcon_core.package_discovery:discover_packages(colcon_meta) discover
[2.034s] Level 1:colcon.colcon_core.package_discovery:discover_packages(recursive) discover
[2.034s] INFO:colcon.colcon_core.package_discovery:Crawling recursively for packages in '/root/virtualttbot/workspace/src/sensors/sensors'
[2.034s] Level 1:colcon.colcon_core.package_identification:_identify(.) by extensions ['ignore', 'ignore_ament_install']
[2.034s] Level 1:colcon.colcon_core.package_identification:_identify(.) by extension 'ignore'
[2.034s] Level 1:colcon.colcon_core.package_identification:_identify(.) by extension 'ignore_ament_install'
[2.034s] Level 1:colcon.colcon_core.package_identification:_identify(.) by extensions ['colcon_pkg']
[2.034s] Level 1:colcon.colcon_core.package_identification:_identify(.) by extension 'colcon_pkg'
[2.034s] Level 1:colcon.colcon_core.package_identification:_identify(.) by extensions ['colcon_meta']
[2.034s] Level 1:colcon.colcon_core.package_identification:_identify(.) by extension 'colcon_meta'
[2.034s] Level 1:colcon.colcon_core.package_identification:_identify(.) by extensions ['ros']
[2.034s] Level 1:colcon.colcon_core.package_identification:_identify(.) by extension 'ros'
[2.040s] Level 1:colcon.colcon_core.package_identification:_identify(.) by extensions ['cmake', 'python']
[2.040s] Level 1:colcon.colcon_core.package_identification:_identify(.) by extension 'cmake'
[2.040s] Level 1:colcon.colcon_core.package_identification:_identify(.) by extension 'python'
[2.040s] Level 1:colcon.colcon_core.package_identification:_identify(.) by extensions ['python_setup_py']
[2.040s] Level 1:colcon.colcon_core.package_identification:_identify(.) by extension 'python_setup_py'
[2.040s] Level 1:colcon.colcon_core.package_identification:_identify(__pycache__) by extensions ['ignore', 'ignore_ament_install']
[2.040s] Level 1:colcon.colcon_core.package_identification:_identify(__pycache__) by extension 'ignore'
[2.040s] Level 1:colcon.colcon_core.package_identification:_identify(__pycache__) by extension 'ignore_ament_install'
[2.040s] Level 1:colcon.colcon_core.package_identification:_identify(__pycache__) by extensions ['colcon_pkg']
[2.040s] Level 1:colcon.colcon_core.package_identification:_identify(__pycache__) by extension 'colcon_pkg'
[2.040s] Level 1:colcon.colcon_core.package_identification:_identify(__pycache__) by extensions ['colcon_meta']
[2.040s] Level 1:colcon.colcon_core.package_identification:_identify(__pycache__) by extension 'colcon_meta'
[2.040s] Level 1:colcon.colcon_core.package_identification:_identify(__pycache__) by extensions ['ros']
[2.040s] Level 1:colcon.colcon_core.package_identification:_identify(__pycache__) by extension 'ros'
[2.040s] Level 1:colcon.colcon_core.package_identification:_identify(__pycache__) by extensions ['cmake', 'python']
[2.040s] Level 1:colcon.colcon_core.package_identification:_identify(__pycache__) by extension 'cmake'
[2.040s] Level 1:colcon.colcon_core.package_identification:_identify(__pycache__) by extension 'python'
[2.040s] Level 1:colcon.colcon_core.package_identification:_identify(__pycache__) by extensions ['python_setup_py']
[2.040s] Level 1:colcon.colcon_core.package_identification:_identify(__pycache__) by extension 'python_setup_py'
[2.040s] Level 1:colcon.colcon_core.package_identification:_identify(build) by extensions ['ignore', 'ignore_ament_install']
[2.040s] Level 1:colcon.colcon_core.package_identification:_identify(build) by extension 'ignore'
[2.040s] Level 1:colcon.colcon_core.package_identification:_identify(build) ignored
[2.040s] Level 1:colcon.colcon_core.package_identification:_identify(datalogs) by extensions ['ignore', 'ignore_ament_install']
[2.040s] Level 1:colcon.colcon_core.package_identification:_identify(datalogs) by extension 'ignore'
[2.041s] Level 1:colcon.colcon_core.package_identification:_identify(datalogs) by extension 'ignore_ament_install'
[2.041s] Level 1:colcon.colcon_core.package_identification:_identify(datalogs) by extensions ['colcon_pkg']
[2.041s] Level 1:colcon.colcon_core.package_identification:_identify(datalogs) by extension 'colcon_pkg'
[2.041s] Level 1:colcon.colcon_core.package_identification:_identify(datalogs) by extensions ['colcon_meta']
[2.041s] Level 1:colcon.colcon_core.package_identification:_identify(datalogs) by extension 'colcon_meta'
[2.041s] Level 1:colcon.colcon_core.package_identification:_identify(datalogs) by extensions ['ros']
[2.041s] Level 1:colcon.colcon_core.package_identification:_identify(datalogs) by extension 'ros'
[2.041s] Level 1:colcon.colcon_core.package_identification:_identify(datalogs) by extensions ['cmake', 'python']
[2.041s] Level 1:colcon.colcon_core.package_identification:_identify(datalogs) by extension 'cmake'
[2.041s] Level 1:colcon.colcon_core.package_identification:_identify(datalogs) by extension 'python'
[2.041s] Level 1:colcon.colcon_core.package_identification:_identify(datalogs) by extensions ['python_setup_py']
[2.041s] Level 1:colcon.colcon_core.package_identification:_identify(datalogs) by extension 'python_setup_py'
[2.041s] Level 1:colcon.colcon_core.package_identification:_identify(install) by extensions ['ignore', 'ignore_ament_install']
[2.041s] Level 1:colcon.colcon_core.package_identification:_identify(install) by extension 'ignore'
[2.041s] Level 1:colcon.colcon_core.package_identification:_identify(install) ignored
[2.041s] Level 1:colcon.colcon_core.package_identification:_identify(log) by extensions ['ignore', 'ignore_ament_install']
[2.041s] Level 1:colcon.colcon_core.package_identification:_identify(log) by extension 'ignore'
[2.041s] Level 1:colcon.colcon_core.package_identification:_identify(log) ignored
[2.041s] Level 1:colcon.colcon_core.package_discovery:discover_packages(recursive) using defaults
[2.041s] Level 1:colcon.colcon_core.package_discovery:discover_packages(ignore) discover
[2.041s] Level 1:colcon.colcon_core.package_discovery:discover_packages(ignore) using defaults
[2.041s] Level 1:colcon.colcon_core.package_discovery:discover_packages(path) discover
[2.041s] Level 1:colcon.colcon_core.package_discovery:discover_packages(path) using defaults
[2.227s] Level 1:colcon.colcon_core.package_discovery:discover_packages(prefix_path) check parameters
[2.227s] Level 1:colcon.colcon_core.package_discovery:discover_packages(prefix_path) discover
[2.298s] DEBUG:colcon.colcon_installed_package_information.package_discovery:Found 1 installed packages in /root/virtualttbot/workspace/src/sensors/install
[2.333s] DEBUG:colcon.colcon_installed_package_information.package_discovery:Found 1 installed packages in /root/virtualttbot/workspace/install
[2.368s] DEBUG:colcon.colcon_installed_package_information.package_discovery:Found 0 installed packages in /root/colcon_ws/install
[2.403s] DEBUG:colcon.colcon_installed_package_information.package_discovery:Found 335 installed packages in /opt/ros/foxy
[2.404s] Level 1:colcon.colcon_core.package_discovery:discover_packages(prefix_path) using defaults
[2.513s] INFO:colcon.colcon_core.executor:Executing jobs using 'parallel' executor
[2.548s] DEBUG:colcon.colcon_parallel_executor.executor.parallel:run_until_complete
[2.549s] DEBUG:colcon.colcon_parallel_executor.executor.parallel:closing loop
[2.549s] DEBUG:colcon.colcon_parallel_executor.executor.parallel:loop closed
[2.549s] DEBUG:colcon.colcon_parallel_executor.executor.parallel:run_until_complete finished with '0'
[2.549s] DEBUG:colcon.colcon_core.event_reactor:joining thread
[2.589s] INFO:colcon.colcon_core.plugin_system:Skipping extension 'colcon_notification.desktop_notification.notify_send': Could not find 'notify-send'
[2.589s] INFO:colcon.colcon_core.plugin_system:Skipping extension 'colcon_notification.desktop_notification.terminal_notifier': Not used on non-Darwin systems
[2.589s] INFO:colcon.colcon_core.plugin_system:Skipping extension 'colcon_notification.desktop_notification.win32': Not used on non-Windows systems
[2.589s] INFO:colcon.colcon_notification.desktop_notification:Sending desktop notification using 'notify2'
[2.594s] DEBUG:colcon.colcon_notification.desktop_notification.notify2:Failed to initialize notify2: org.freedesktop.DBus.Error.ServiceUnknown: The name org.freedesktop.Notifications was not provided by any .service files
[2.594s] DEBUG:colcon.colcon_core.event_reactor:joined thread
[2.632s] INFO:colcon.colcon_core.plugin_system:Skipping extension 'colcon_core.shell.bat': Not used on non-Windows systems
[2.632s] INFO:colcon.colcon_core.shell:Creating prefix script '/root/virtualttbot/workspace/src/sensors/sensors/install/local_setup.ps1'
[2.633s] INFO:colcon.colcon_core.shell:Creating prefix util module '/root/virtualttbot/workspace/src/sensors/sensors/install/_local_setup_util_ps1.py'
[2.633s] INFO:colcon.colcon_core.shell:Creating prefix chain script '/root/virtualttbot/workspace/src/sensors/sensors/install/setup.ps1'
[2.669s] INFO:colcon.colcon_core.shell:Creating prefix script '/root/virtualttbot/workspace/src/sensors/sensors/install/local_setup.sh'
[2.670s] INFO:colcon.colcon_core.shell:Creating prefix util module '/root/virtualttbot/workspace/src/sensors/sensors/install/_local_setup_util_sh.py'
[2.670s] INFO:colcon.colcon_core.shell:Creating prefix chain script '/root/virtualttbot/workspace/src/sensors/sensors/install/setup.sh'
[2.706s] INFO:colcon.colcon_core.shell:Creating prefix script '/root/virtualttbot/workspace/src/sensors/sensors/install/local_setup.bash'
[2.706s] INFO:colcon.colcon_core.shell:Creating prefix chain script '/root/virtualttbot/workspace/src/sensors/sensors/install/setup.bash'
[2.743s] INFO:colcon.colcon_core.shell:Creating prefix script '/root/virtualttbot/workspace/src/sensors/sensors/install/local_setup.zsh'
[2.743s] INFO:colcon.colcon_core.shell:Creating prefix chain script '/root/virtualttbot/workspace/src/sensors/sensors/install/setup.zsh'
