[3.835s] DEBUG:colcon:Command line arguments: ['/usr/bin/colcon', 'build']
[3.835s] DEBUG:colcon:Parsed command line arguments: Namespace(allow_overriding=[], ament_cmake_args=None, base_paths=['.'], build_base='build', catkin_cmake_args=None, catkin_skip_building_tests=False, cmake_args=None, cmake_clean_cache=False, cmake_clean_first=False, cmake_force_configure=False, cmake_target=None, cmake_target_skip_unavailable=False, continue_on_error=False, event_handlers=None, executor='parallel', ignore_user_meta=False, install_base='install', log_base=None, log_level=None, main=<bound method BuildVerb.main of <colcon_core.verb.build.BuildVerb object at 0x7f10491f4bb0>>, merge_install=False, metas=['./colcon.meta'], packages_above=None, packages_above_and_dependencies=None, packages_above_depth=None, packages_end=None, packages_ignore=None, packages_ignore_regex=None, packages_select=None, packages_select_build_failed=False, packages_select_by_dep=None, packages_select_regex=None, packages_select_test_failures=False, packages_skip=None, packages_skip_build_finished=False, packages_skip_by_dep=None, packages_skip_regex=None, packages_skip_test_passed=False, packages_skip_up_to=None, packages_start=None, packages_up_to=None, packages_up_to_regex=None, parallel_workers=12, paths=None, symlink_install=False, test_result_base=None, verb_extension=<colcon_core.verb.build.BuildVerb object at 0x7f10491f4bb0>, verb_name='build', verb_parser=<colcon_defaults.argument_parser.defaults.DefaultArgumentsDecorator object at 0x7f1048eb24f0>)
[4.006s] Level 1:colcon.colcon_core.package_discovery:discover_packages(colcon_meta) check parameters
[4.006s] Level 1:colcon.colcon_core.package_discovery:discover_packages(recursive) check parameters
[4.006s] Level 1:colcon.colcon_core.package_discovery:discover_packages(ignore) check parameters
[4.006s] Level 1:colcon.colcon_core.package_discovery:discover_packages(path) check parameters
[4.006s] Level 1:colcon.colcon_core.package_discovery:discover_packages(colcon_meta) discover
[4.006s] Level 1:colcon.colcon_core.package_discovery:discover_packages(recursive) discover
[4.006s] INFO:colcon.colcon_core.package_discovery:Crawling recursively for packages in '/home/gabriel/virtualttbot/workspace'
[4.007s] Level 1:colcon.colcon_core.package_identification:_identify(.) by extensions ['ignore', 'ignore_ament_install']
[4.007s] Level 1:colcon.colcon_core.package_identification:_identify(.) by extension 'ignore'
[4.007s] Level 1:colcon.colcon_core.package_identification:_identify(.) by extension 'ignore_ament_install'
[4.007s] Level 1:colcon.colcon_core.package_identification:_identify(.) by extensions ['colcon_pkg']
[4.007s] Level 1:colcon.colcon_core.package_identification:_identify(.) by extension 'colcon_pkg'
[4.007s] Level 1:colcon.colcon_core.package_identification:_identify(.) by extensions ['colcon_meta']
[4.007s] Level 1:colcon.colcon_core.package_identification:_identify(.) by extension 'colcon_meta'
[4.007s] Level 1:colcon.colcon_core.package_identification:_identify(.) by extensions ['ros']
[4.007s] Level 1:colcon.colcon_core.package_identification:_identify(.) by extension 'ros'
[4.017s] Level 1:colcon.colcon_core.package_identification:_identify(.) by extensions ['cmake', 'python']
[4.017s] Level 1:colcon.colcon_core.package_identification:_identify(.) by extension 'cmake'
[4.017s] Level 1:colcon.colcon_core.package_identification:_identify(.) by extension 'python'
[4.017s] Level 1:colcon.colcon_core.package_identification:_identify(.) by extensions ['python_setup_py']
[4.017s] Level 1:colcon.colcon_core.package_identification:_identify(.) by extension 'python_setup_py'
[4.017s] Level 1:colcon.colcon_core.package_identification:_identify(build) by extensions ['ignore', 'ignore_ament_install']
[4.017s] Level 1:colcon.colcon_core.package_identification:_identify(build) by extension 'ignore'
[4.017s] Level 1:colcon.colcon_core.package_identification:_identify(build) ignored
[4.018s] Level 1:colcon.colcon_core.package_identification:_identify(install) by extensions ['ignore', 'ignore_ament_install']
[4.018s] Level 1:colcon.colcon_core.package_identification:_identify(install) by extension 'ignore'
[4.018s] Level 1:colcon.colcon_core.package_identification:_identify(install) ignored
[4.018s] Level 1:colcon.colcon_core.package_identification:_identify(log) by extensions ['ignore', 'ignore_ament_install']
[4.018s] Level 1:colcon.colcon_core.package_identification:_identify(log) by extension 'ignore'
[4.018s] Level 1:colcon.colcon_core.package_identification:_identify(log) ignored
[4.018s] Level 1:colcon.colcon_core.package_identification:_identify(src) by extensions ['ignore', 'ignore_ament_install']
[4.018s] Level 1:colcon.colcon_core.package_identification:_identify(src) by extension 'ignore'
[4.018s] Level 1:colcon.colcon_core.package_identification:_identify(src) by extension 'ignore_ament_install'
[4.018s] Level 1:colcon.colcon_core.package_identification:_identify(src) by extensions ['colcon_pkg']
[4.018s] Level 1:colcon.colcon_core.package_identification:_identify(src) by extension 'colcon_pkg'
[4.018s] Level 1:colcon.colcon_core.package_identification:_identify(src) by extensions ['colcon_meta']
[4.018s] Level 1:colcon.colcon_core.package_identification:_identify(src) by extension 'colcon_meta'
[4.018s] Level 1:colcon.colcon_core.package_identification:_identify(src) by extensions ['ros']
[4.018s] Level 1:colcon.colcon_core.package_identification:_identify(src) by extension 'ros'
[4.018s] Level 1:colcon.colcon_core.package_identification:_identify(src) by extensions ['cmake', 'python']
[4.018s] Level 1:colcon.colcon_core.package_identification:_identify(src) by extension 'cmake'
[4.018s] Level 1:colcon.colcon_core.package_identification:_identify(src) by extension 'python'
[4.018s] Level 1:colcon.colcon_core.package_identification:_identify(src) by extensions ['python_setup_py']
[4.019s] Level 1:colcon.colcon_core.package_identification:_identify(src) by extension 'python_setup_py'
[4.019s] Level 1:colcon.colcon_core.package_identification:_identify(src/build) by extensions ['ignore', 'ignore_ament_install']
[4.019s] Level 1:colcon.colcon_core.package_identification:_identify(src/build) by extension 'ignore'
[4.019s] Level 1:colcon.colcon_core.package_identification:_identify(src/build) ignored
[4.019s] Level 1:colcon.colcon_core.package_identification:_identify(src/install) by extensions ['ignore', 'ignore_ament_install']
[4.019s] Level 1:colcon.colcon_core.package_identification:_identify(src/install) by extension 'ignore'
[4.019s] Level 1:colcon.colcon_core.package_identification:_identify(src/install) ignored
[4.019s] Level 1:colcon.colcon_core.package_identification:_identify(src/log) by extensions ['ignore', 'ignore_ament_install']
[4.019s] Level 1:colcon.colcon_core.package_identification:_identify(src/log) by extension 'ignore'
[4.019s] Level 1:colcon.colcon_core.package_identification:_identify(src/log) ignored
[4.019s] Level 1:colcon.colcon_core.package_identification:_identify(src/sensors) by extensions ['ignore', 'ignore_ament_install']
[4.019s] Level 1:colcon.colcon_core.package_identification:_identify(src/sensors) by extension 'ignore'
[4.019s] Level 1:colcon.colcon_core.package_identification:_identify(src/sensors) by extension 'ignore_ament_install'
[4.019s] Level 1:colcon.colcon_core.package_identification:_identify(src/sensors) by extensions ['colcon_pkg']
[4.019s] Level 1:colcon.colcon_core.package_identification:_identify(src/sensors) by extension 'colcon_pkg'
[4.019s] Level 1:colcon.colcon_core.package_identification:_identify(src/sensors) by extensions ['colcon_meta']
[4.019s] Level 1:colcon.colcon_core.package_identification:_identify(src/sensors) by extension 'colcon_meta'
[4.019s] Level 1:colcon.colcon_core.package_identification:_identify(src/sensors) by extensions ['ros']
[4.019s] Level 1:colcon.colcon_core.package_identification:_identify(src/sensors) by extension 'ros'
[4.021s] DEBUG:colcon.colcon_core.package_identification:Package 'src/sensors' with type 'ros.ament_python' and name 'sensors'
[4.021s] Level 1:colcon.colcon_core.package_discovery:discover_packages(recursive) using defaults
[4.021s] Level 1:colcon.colcon_core.package_discovery:discover_packages(ignore) discover
[4.021s] Level 1:colcon.colcon_core.package_discovery:discover_packages(ignore) using defaults
[4.021s] Level 1:colcon.colcon_core.package_discovery:discover_packages(path) discover
[4.021s] Level 1:colcon.colcon_core.package_discovery:discover_packages(path) using defaults
[4.410s] Level 1:colcon.colcon_core.package_discovery:discover_packages(prefix_path) check parameters
[4.411s] Level 1:colcon.colcon_core.package_discovery:discover_packages(prefix_path) discover
[4.553s] DEBUG:colcon.colcon_installed_package_information.package_discovery:Found 1 installed packages in /home/gabriel/virtualttbot/workspace/install
[4.618s] DEBUG:colcon.colcon_installed_package_information.package_discovery:Found 0 installed packages in /home/gabriel/colcon_ws/install
[4.686s] DEBUG:colcon.colcon_installed_package_information.package_discovery:Found 335 installed packages in /opt/ros/foxy
[4.688s] Level 1:colcon.colcon_core.package_discovery:discover_packages(prefix_path) using defaults
[4.859s] Level 5:colcon.colcon_core.verb:set package 'sensors' build argument 'cmake_args' from command line to 'None'
[4.859s] Level 5:colcon.colcon_core.verb:set package 'sensors' build argument 'cmake_target' from command line to 'None'
[4.859s] Level 5:colcon.colcon_core.verb:set package 'sensors' build argument 'cmake_target_skip_unavailable' from command line to 'False'
[4.859s] Level 5:colcon.colcon_core.verb:set package 'sensors' build argument 'cmake_clean_cache' from command line to 'False'
[4.859s] Level 5:colcon.colcon_core.verb:set package 'sensors' build argument 'cmake_clean_first' from command line to 'False'
[4.859s] Level 5:colcon.colcon_core.verb:set package 'sensors' build argument 'cmake_force_configure' from command line to 'False'
[4.859s] Level 5:colcon.colcon_core.verb:set package 'sensors' build argument 'ament_cmake_args' from command line to 'None'
[4.859s] Level 5:colcon.colcon_core.verb:set package 'sensors' build argument 'catkin_cmake_args' from command line to 'None'
[4.859s] Level 5:colcon.colcon_core.verb:set package 'sensors' build argument 'catkin_skip_building_tests' from command line to 'False'
[4.859s] DEBUG:colcon.colcon_core.verb:Building package 'sensors' with the following arguments: {'ament_cmake_args': None, 'build_base': '/home/gabriel/virtualttbot/workspace/build/sensors', 'catkin_cmake_args': None, 'catkin_skip_building_tests': False, 'cmake_args': None, 'cmake_clean_cache': False, 'cmake_clean_first': False, 'cmake_force_configure': False, 'cmake_target': None, 'cmake_target_skip_unavailable': False, 'install_base': '/home/gabriel/virtualttbot/workspace/install/sensors', 'merge_install': False, 'path': '/home/gabriel/virtualttbot/workspace/src/sensors', 'symlink_install': False, 'test_result_base': None}
[4.930s] INFO:colcon.colcon_core.executor:Executing jobs using 'parallel' executor
[4.998s] DEBUG:colcon.colcon_parallel_executor.executor.parallel:run_until_complete
[4.998s] INFO:colcon.colcon_ros.task.ament_python.build:Building ROS package in '/home/gabriel/virtualttbot/workspace/src/sensors' with build type 'ament_python'
[4.998s] Level 1:colcon.colcon_core.shell:create_environment_hook('sensors', 'ament_prefix_path')
[5.065s] INFO:colcon.colcon_core.plugin_system:Skipping extension 'colcon_core.shell.bat': Not used on non-Windows systems
[5.065s] INFO:colcon.colcon_core.shell:Creating environment hook '/home/gabriel/virtualttbot/workspace/install/sensors/share/sensors/hook/ament_prefix_path.ps1'
[5.065s] INFO:colcon.colcon_core.shell:Creating environment descriptor '/home/gabriel/virtualttbot/workspace/install/sensors/share/sensors/hook/ament_prefix_path.dsv'
[5.066s] INFO:colcon.colcon_core.shell:Creating environment hook '/home/gabriel/virtualttbot/workspace/install/sensors/share/sensors/hook/ament_prefix_path.sh'
[5.136s] INFO:colcon.colcon_core.shell:Skip shell extension 'powershell' for command environment: Not usable outside of PowerShell
[5.136s] DEBUG:colcon.colcon_core.shell:Skip shell extension 'dsv' for command environment
[5.597s] INFO:colcon.colcon_core.task.python.build:Building Python package in '/home/gabriel/virtualttbot/workspace/src/sensors'
[5.671s] INFO:colcon.colcon_core.shell:Skip shell extension 'powershell' for command environment: Not usable outside of PowerShell
[5.671s] DEBUG:colcon.colcon_core.shell:Skip shell extension 'dsv' for command environment
[6.335s] DEBUG:colcon.colcon_core.event_handler.log_command:Invoking command in '/home/gabriel/virtualttbot/workspace/src/sensors': PYTHONPATH=/home/gabriel/virtualttbot/workspace/build/sensors/prefix_override:/home/gabriel/virtualttbot/workspace/install/sensors/lib/python3.8/site-packages:${PYTHONPATH} /usr/bin/python3 setup.py egg_info --egg-base ../../build/sensors build --build-base /home/gabriel/virtualttbot/workspace/build/sensors/build install --record /home/gabriel/virtualttbot/workspace/build/sensors/install.log --install-scripts $base/lib/sensors --single-version-externally-managed
[6.650s] DEBUG:colcon.colcon_core.event_handler.log_command:Invoked command in '/home/gabriel/virtualttbot/workspace/src/sensors' returned '0': PYTHONPATH=/home/gabriel/virtualttbot/workspace/build/sensors/prefix_override:/home/gabriel/virtualttbot/workspace/install/sensors/lib/python3.8/site-packages:${PYTHONPATH} /usr/bin/python3 setup.py egg_info --egg-base ../../build/sensors build --build-base /home/gabriel/virtualttbot/workspace/build/sensors/build install --record /home/gabriel/virtualttbot/workspace/build/sensors/install.log --install-scripts $base/lib/sensors --single-version-externally-managed
[6.724s] Level 1:colcon.colcon_core.environment:checking '/home/gabriel/virtualttbot/workspace/install/sensors' for CMake module files
[6.725s] Level 1:colcon.colcon_core.environment:checking '/home/gabriel/virtualttbot/workspace/install/sensors' for CMake config files
[6.725s] Level 1:colcon.colcon_core.environment:checking '/home/gabriel/virtualttbot/workspace/install/sensors/lib'
[6.725s] Level 1:colcon.colcon_core.environment:checking '/home/gabriel/virtualttbot/workspace/install/sensors/bin'
[6.725s] Level 1:colcon.colcon_core.environment:checking '/home/gabriel/virtualttbot/workspace/install/sensors/lib/pkgconfig/sensors.pc'
[6.725s] Level 1:colcon.colcon_core.environment:checking '/home/gabriel/virtualttbot/workspace/install/sensors/lib/python3.8/site-packages'
[6.726s] Level 1:colcon.colcon_core.shell:create_environment_hook('sensors', 'pythonpath')
[6.792s] INFO:colcon.colcon_core.shell:Creating environment hook '/home/gabriel/virtualttbot/workspace/install/sensors/share/sensors/hook/pythonpath.ps1'
[6.792s] INFO:colcon.colcon_core.shell:Creating environment descriptor '/home/gabriel/virtualttbot/workspace/install/sensors/share/sensors/hook/pythonpath.dsv'
[6.792s] INFO:colcon.colcon_core.shell:Creating environment hook '/home/gabriel/virtualttbot/workspace/install/sensors/share/sensors/hook/pythonpath.sh'
[6.793s] Level 1:colcon.colcon_core.environment:checking '/home/gabriel/virtualttbot/workspace/install/sensors/bin'
[6.793s] Level 1:colcon.colcon_core.environment:create_environment_scripts_only(sensors)
[6.861s] INFO:colcon.colcon_core.shell:Creating package script '/home/gabriel/virtualttbot/workspace/install/sensors/share/sensors/package.ps1'
[6.862s] INFO:colcon.colcon_core.shell:Creating package descriptor '/home/gabriel/virtualttbot/workspace/install/sensors/share/sensors/package.dsv'
[6.862s] INFO:colcon.colcon_core.shell:Creating package script '/home/gabriel/virtualttbot/workspace/install/sensors/share/sensors/package.sh'
[6.863s] INFO:colcon.colcon_core.shell:Creating package script '/home/gabriel/virtualttbot/workspace/install/sensors/share/sensors/package.bash'
[6.863s] INFO:colcon.colcon_core.shell:Creating package script '/home/gabriel/virtualttbot/workspace/install/sensors/share/sensors/package.zsh'
[6.864s] Level 1:colcon.colcon_core.environment:create_file_with_runtime_dependencies(/home/gabriel/virtualttbot/workspace/install/sensors/share/colcon-core/packages/sensors)
[6.864s] DEBUG:colcon.colcon_parallel_executor.executor.parallel:closing loop
[6.864s] DEBUG:colcon.colcon_parallel_executor.executor.parallel:loop closed
[6.864s] DEBUG:colcon.colcon_parallel_executor.executor.parallel:run_until_complete finished with '0'
[6.865s] DEBUG:colcon.colcon_core.event_reactor:joining thread
[6.942s] INFO:colcon.colcon_core.plugin_system:Skipping extension 'colcon_notification.desktop_notification.terminal_notifier': Not used on non-Darwin systems
[6.942s] INFO:colcon.colcon_core.plugin_system:Skipping extension 'colcon_notification.desktop_notification.win32': Not used on non-Windows systems
[6.942s] INFO:colcon.colcon_notification.desktop_notification:Sending desktop notification using 'notify2'
[6.957s] DEBUG:colcon.colcon_core.event_reactor:joined thread
[7.030s] INFO:colcon.colcon_core.shell:Creating prefix script '/home/gabriel/virtualttbot/workspace/install/local_setup.ps1'
[7.031s] INFO:colcon.colcon_core.shell:Creating prefix util module '/home/gabriel/virtualttbot/workspace/install/_local_setup_util_ps1.py'
[7.032s] INFO:colcon.colcon_core.shell:Creating prefix chain script '/home/gabriel/virtualttbot/workspace/install/setup.ps1'
[7.100s] INFO:colcon.colcon_core.shell:Creating prefix script '/home/gabriel/virtualttbot/workspace/install/local_setup.sh'
[7.100s] INFO:colcon.colcon_core.shell:Creating prefix util module '/home/gabriel/virtualttbot/workspace/install/_local_setup_util_sh.py'
[7.100s] INFO:colcon.colcon_core.shell:Creating prefix chain script '/home/gabriel/virtualttbot/workspace/install/setup.sh'
[7.166s] INFO:colcon.colcon_core.shell:Creating prefix script '/home/gabriel/virtualttbot/workspace/install/local_setup.bash'
[7.166s] INFO:colcon.colcon_core.shell:Creating prefix chain script '/home/gabriel/virtualttbot/workspace/install/setup.bash'
[7.230s] INFO:colcon.colcon_core.shell:Creating prefix script '/home/gabriel/virtualttbot/workspace/install/local_setup.zsh'
[7.231s] INFO:colcon.colcon_core.shell:Creating prefix chain script '/home/gabriel/virtualttbot/workspace/install/setup.zsh'
