[1.336s] Invoking command in '/home/gabriel/virtualttbot/workspace/src/sensors': PYTHONPATH=/home/gabriel/virtualttbot/workspace/build/sensors/prefix_override:/home/gabriel/virtualttbot/workspace/install/sensors/lib/python3.8/site-packages:${PYTHONPATH} /usr/bin/python3 setup.py egg_info --egg-base ../../build/sensors build --build-base /home/gabriel/virtualttbot/workspace/build/sensors/build install --record /home/gabriel/virtualttbot/workspace/build/sensors/install.log --install-scripts $base/lib/sensors --single-version-externally-managed
[1.479s] /home/gabriel/.local/lib/python3.8/site-packages/setuptools/dist.py:775: UserWarning: Usage of dash-separated 'script-dir' will not be supported in future versions. Please use the underscore name 'script_dir' instead
[1.480s]   warnings.warn(
[1.533s] running egg_info
[1.541s] writing ../../build/sensors/sensors.egg-info/PKG-INFO
[1.542s] writing dependency_links to ../../build/sensors/sensors.egg-info/dependency_links.txt
[1.542s] writing entry points to ../../build/sensors/sensors.egg-info/entry_points.txt
[1.542s] writing requirements to ../../build/sensors/sensors.egg-info/requires.txt
[1.542s] writing top-level names to ../../build/sensors/sensors.egg-info/top_level.txt
[1.560s] reading manifest file '../../build/sensors/sensors.egg-info/SOURCES.txt'
[1.561s] writing manifest file '../../build/sensors/sensors.egg-info/SOURCES.txt'
[1.561s] running build
[1.561s] running build_py
[1.561s] running install
[1.561s] /home/gabriel/.local/lib/python3.8/site-packages/setuptools/command/install.py:34: SetuptoolsDeprecationWarning: setup.py install is deprecated. Use build and pip and other standards-based tools.
[1.561s]   warnings.warn(
[1.565s] running install_lib
[1.574s] running install_data
[1.582s] running install_egg_info
[1.591s] removing '/home/gabriel/virtualttbot/workspace/install/sensors/lib/python3.8/site-packages/sensors-0.0.1-py3.8.egg-info' (and everything under it)
[1.591s] Copying ../../build/sensors/sensors.egg-info to /home/gabriel/virtualttbot/workspace/install/sensors/lib/python3.8/site-packages/sensors-0.0.1-py3.8.egg-info
[1.592s] running install_scripts
[1.631s] Installing capstone script to /home/gabriel/virtualttbot/workspace/install/sensors/lib/sensors
[1.631s] Installing sensors script to /home/gabriel/virtualttbot/workspace/install/sensors/lib/sensors
[1.631s] writing list of installed files to '/home/gabriel/virtualttbot/workspace/build/sensors/install.log'
[1.652s] Invoked command in '/home/gabriel/virtualttbot/workspace/src/sensors' returned '0': PYTHONPATH=/home/gabriel/virtualttbot/workspace/build/sensors/prefix_override:/home/gabriel/virtualttbot/workspace/install/sensors/lib/python3.8/site-packages:${PYTHONPATH} /usr/bin/python3 setup.py egg_info --egg-base ../../build/sensors build --build-base /home/gabriel/virtualttbot/workspace/build/sensors/build install --record /home/gabriel/virtualttbot/workspace/build/sensors/install.log --install-scripts $base/lib/sensors --single-version-externally-managed
