[1.939s] DEBUG:colcon:Command line arguments: ['/usr/bin/colcon', 'build']
[1.939s] DEBUG:colcon:Parsed command line arguments: Namespace(allow_overriding=[], ament_cmake_args=None, base_paths=['.'], build_base='build', catkin_cmake_args=None, catkin_skip_building_tests=False, cmake_args=None, cmake_clean_cache=False, cmake_clean_first=False, cmake_force_configure=False, cmake_target=None, cmake_target_skip_unavailable=False, continue_on_error=False, event_handlers=None, executor='parallel', ignore_user_meta=False, install_base='install', log_base=None, log_level=None, main=<bound method BuildVerb.main of <colcon_core.verb.build.BuildVerb object at 0x74fda7ef6700>>, merge_install=False, metas=['./colcon.meta'], packages_above=None, packages_above_and_dependencies=None, packages_above_depth=None, packages_end=None, packages_ignore=None, packages_ignore_regex=None, packages_select=None, packages_select_build_failed=False, packages_select_by_dep=None, packages_select_regex=None, packages_select_test_failures=False, packages_skip=None, packages_skip_build_finished=False, packages_skip_by_dep=None, packages_skip_regex=None, packages_skip_test_passed=False, packages_skip_up_to=None, packages_start=None, packages_up_to=None, packages_up_to_regex=None, parallel_workers=16, paths=None, symlink_install=False, test_result_base=None, verb_extension=<colcon_core.verb.build.BuildVerb object at 0x74fda7ef6700>, verb_name='build', verb_parser=<colcon_defaults.argument_parser.defaults.DefaultArgumentsDecorator object at 0x74fda7ef6c10>)
[2.021s] Level 1:colcon.colcon_core.package_discovery:discover_packages(colcon_meta) check parameters
[2.021s] Level 1:colcon.colcon_core.package_discovery:discover_packages(recursive) check parameters
[2.021s] Level 1:colcon.colcon_core.package_discovery:discover_packages(ignore) check parameters
[2.021s] Level 1:colcon.colcon_core.package_discovery:discover_packages(path) check parameters
[2.021s] Level 1:colcon.colcon_core.package_discovery:discover_packages(colcon_meta) discover
[2.021s] Level 1:colcon.colcon_core.package_discovery:discover_packages(recursive) discover
[2.021s] INFO:colcon.colcon_core.package_discovery:Crawling recursively for packages in '/root/virtualttbot/workspace/src'
[2.021s] Level 1:colcon.colcon_core.package_identification:_identify(.) by extensions ['ignore', 'ignore_ament_install']
[2.021s] Level 1:colcon.colcon_core.package_identification:_identify(.) by extension 'ignore'
[2.021s] Level 1:colcon.colcon_core.package_identification:_identify(.) by extension 'ignore_ament_install'
[2.021s] Level 1:colcon.colcon_core.package_identification:_identify(.) by extensions ['colcon_pkg']
[2.021s] Level 1:colcon.colcon_core.package_identification:_identify(.) by extension 'colcon_pkg'
[2.021s] Level 1:colcon.colcon_core.package_identification:_identify(.) by extensions ['colcon_meta']
[2.021s] Level 1:colcon.colcon_core.package_identification:_identify(.) by extension 'colcon_meta'
[2.021s] Level 1:colcon.colcon_core.package_identification:_identify(.) by extensions ['ros']
[2.021s] Level 1:colcon.colcon_core.package_identification:_identify(.) by extension 'ros'
[2.026s] Level 1:colcon.colcon_core.package_identification:_identify(.) by extensions ['cmake', 'python']
[2.026s] Level 1:colcon.colcon_core.package_identification:_identify(.) by extension 'cmake'
[2.026s] Level 1:colcon.colcon_core.package_identification:_identify(.) by extension 'python'
[2.026s] Level 1:colcon.colcon_core.package_identification:_identify(.) by extensions ['python_setup_py']
[2.027s] Level 1:colcon.colcon_core.package_identification:_identify(.) by extension 'python_setup_py'
[2.027s] Level 1:colcon.colcon_core.package_identification:_identify(build) by extensions ['ignore', 'ignore_ament_install']
[2.027s] Level 1:colcon.colcon_core.package_identification:_identify(build) by extension 'ignore'
[2.027s] Level 1:colcon.colcon_core.package_identification:_identify(build) ignored
[2.027s] Level 1:colcon.colcon_core.package_identification:_identify(install) by extensions ['ignore', 'ignore_ament_install']
[2.027s] Level 1:colcon.colcon_core.package_identification:_identify(install) by extension 'ignore'
[2.027s] Level 1:colcon.colcon_core.package_identification:_identify(install) ignored
[2.027s] Level 1:colcon.colcon_core.package_identification:_identify(log) by extensions ['ignore', 'ignore_ament_install']
[2.027s] Level 1:colcon.colcon_core.package_identification:_identify(log) by extension 'ignore'
[2.027s] Level 1:colcon.colcon_core.package_identification:_identify(log) ignored
[2.027s] Level 1:colcon.colcon_core.package_identification:_identify(sensors) by extensions ['ignore', 'ignore_ament_install']
[2.027s] Level 1:colcon.colcon_core.package_identification:_identify(sensors) by extension 'ignore'
[2.027s] Level 1:colcon.colcon_core.package_identification:_identify(sensors) by extension 'ignore_ament_install'
[2.027s] Level 1:colcon.colcon_core.package_identification:_identify(sensors) by extensions ['colcon_pkg']
[2.027s] Level 1:colcon.colcon_core.package_identification:_identify(sensors) by extension 'colcon_pkg'
[2.027s] Level 1:colcon.colcon_core.package_identification:_identify(sensors) by extensions ['colcon_meta']
[2.027s] Level 1:colcon.colcon_core.package_identification:_identify(sensors) by extension 'colcon_meta'
[2.027s] Level 1:colcon.colcon_core.package_identification:_identify(sensors) by extensions ['ros']
[2.027s] Level 1:colcon.colcon_core.package_identification:_identify(sensors) by extension 'ros'
[2.028s] DEBUG:colcon.colcon_core.package_identification:Package 'sensors' with type 'ros.ament_python' and name 'sensors'
[2.028s] Level 1:colcon.colcon_core.package_discovery:discover_packages(recursive) using defaults
[2.028s] Level 1:colcon.colcon_core.package_discovery:discover_packages(ignore) discover
[2.028s] Level 1:colcon.colcon_core.package_discovery:discover_packages(ignore) using defaults
[2.028s] Level 1:colcon.colcon_core.package_discovery:discover_packages(path) discover
[2.028s] Level 1:colcon.colcon_core.package_discovery:discover_packages(path) using defaults
[2.209s] Level 1:colcon.colcon_core.package_discovery:discover_packages(prefix_path) check parameters
[2.209s] Level 1:colcon.colcon_core.package_discovery:discover_packages(prefix_path) discover
[2.278s] DEBUG:colcon.colcon_installed_package_information.package_discovery:Found 1 installed packages in /root/virtualttbot/workspace/src/install
[2.312s] DEBUG:colcon.colcon_installed_package_information.package_discovery:Found 0 installed packages in /root/colcon_ws/install
[2.347s] DEBUG:colcon.colcon_installed_package_information.package_discovery:Found 335 installed packages in /opt/ros/foxy
[2.348s] Level 1:colcon.colcon_core.package_discovery:discover_packages(prefix_path) using defaults
[2.454s] Level 5:colcon.colcon_core.verb:set package 'sensors' build argument 'cmake_args' from command line to 'None'
[2.454s] Level 5:colcon.colcon_core.verb:set package 'sensors' build argument 'cmake_target' from command line to 'None'
[2.454s] Level 5:colcon.colcon_core.verb:set package 'sensors' build argument 'cmake_target_skip_unavailable' from command line to 'False'
[2.454s] Level 5:colcon.colcon_core.verb:set package 'sensors' build argument 'cmake_clean_cache' from command line to 'False'
[2.454s] Level 5:colcon.colcon_core.verb:set package 'sensors' build argument 'cmake_clean_first' from command line to 'False'
[2.454s] Level 5:colcon.colcon_core.verb:set package 'sensors' build argument 'cmake_force_configure' from command line to 'False'
[2.454s] Level 5:colcon.colcon_core.verb:set package 'sensors' build argument 'ament_cmake_args' from command line to 'None'
[2.454s] Level 5:colcon.colcon_core.verb:set package 'sensors' build argument 'catkin_cmake_args' from command line to 'None'
[2.454s] Level 5:colcon.colcon_core.verb:set package 'sensors' build argument 'catkin_skip_building_tests' from command line to 'False'
[2.454s] DEBUG:colcon.colcon_core.verb:Building package 'sensors' with the following arguments: {'ament_cmake_args': None, 'build_base': '/root/virtualttbot/workspace/src/build/sensors', 'catkin_cmake_args': None, 'catkin_skip_building_tests': False, 'cmake_args': None, 'cmake_clean_cache': False, 'cmake_clean_first': False, 'cmake_force_configure': False, 'cmake_target': None, 'cmake_target_skip_unavailable': False, 'install_base': '/root/virtualttbot/workspace/src/install/sensors', 'merge_install': False, 'path': '/root/virtualttbot/workspace/src/sensors', 'symlink_install': False, 'test_result_base': None}
[2.489s] INFO:colcon.colcon_core.executor:Executing jobs using 'parallel' executor
[2.525s] DEBUG:colcon.colcon_parallel_executor.executor.parallel:run_until_complete
[2.525s] INFO:colcon.colcon_ros.task.ament_python.build:Building ROS package in '/root/virtualttbot/workspace/src/sensors' with build type 'ament_python'
[2.525s] Level 1:colcon.colcon_core.shell:create_environment_hook('sensors', 'ament_prefix_path')
[2.561s] INFO:colcon.colcon_core.plugin_system:Skipping extension 'colcon_core.shell.bat': Not used on non-Windows systems
[2.561s] INFO:colcon.colcon_core.shell:Creating environment hook '/root/virtualttbot/workspace/src/install/sensors/share/sensors/hook/ament_prefix_path.ps1'
[2.562s] INFO:colcon.colcon_core.shell:Creating environment descriptor '/root/virtualttbot/workspace/src/install/sensors/share/sensors/hook/ament_prefix_path.dsv'
[2.562s] INFO:colcon.colcon_core.shell:Creating environment hook '/root/virtualttbot/workspace/src/install/sensors/share/sensors/hook/ament_prefix_path.sh'
[2.597s] INFO:colcon.colcon_core.shell:Skip shell extension 'powershell' for command environment: Not usable outside of PowerShell
[2.597s] DEBUG:colcon.colcon_core.shell:Skip shell extension 'dsv' for command environment
[2.842s] INFO:colcon.colcon_core.task.python.build:Building Python package in '/root/virtualttbot/workspace/src/sensors'
[2.880s] INFO:colcon.colcon_core.shell:Skip shell extension 'powershell' for command environment: Not usable outside of PowerShell
[2.880s] DEBUG:colcon.colcon_core.shell:Skip shell extension 'dsv' for command environment
[3.214s] DEBUG:colcon.colcon_core.event_handler.log_command:Invoking command in '/root/virtualttbot/workspace/src/sensors': PYTHONPATH=/root/virtualttbot/workspace/src/build/sensors/prefix_override:/root/virtualttbot/workspace/src/install/sensors/lib/python3.8/site-packages:${PYTHONPATH} /usr/bin/python3 setup.py egg_info --egg-base ../build/sensors build --build-base /root/virtualttbot/workspace/src/build/sensors/build install --record /root/virtualttbot/workspace/src/build/sensors/install.log --install-scripts $base/lib/sensors --single-version-externally-managed
[3.351s] DEBUG:colcon.colcon_core.event_handler.log_command:Invoked command in '/root/virtualttbot/workspace/src/sensors' returned '0': PYTHONPATH=/root/virtualttbot/workspace/src/build/sensors/prefix_override:/root/virtualttbot/workspace/src/install/sensors/lib/python3.8/site-packages:${PYTHONPATH} /usr/bin/python3 setup.py egg_info --egg-base ../build/sensors build --build-base /root/virtualttbot/workspace/src/build/sensors/build install --record /root/virtualttbot/workspace/src/build/sensors/install.log --install-scripts $base/lib/sensors --single-version-externally-managed
[3.390s] Level 1:colcon.colcon_core.environment:checking '/root/virtualttbot/workspace/src/install/sensors' for CMake module files
[3.390s] Level 1:colcon.colcon_core.environment:checking '/root/virtualttbot/workspace/src/install/sensors' for CMake config files
[3.390s] Level 1:colcon.colcon_core.environment:checking '/root/virtualttbot/workspace/src/install/sensors/lib'
[3.391s] Level 1:colcon.colcon_core.environment:checking '/root/virtualttbot/workspace/src/install/sensors/bin'
[3.391s] Level 1:colcon.colcon_core.environment:checking '/root/virtualttbot/workspace/src/install/sensors/lib/pkgconfig/sensors.pc'
[3.391s] Level 1:colcon.colcon_core.environment:checking '/root/virtualttbot/workspace/src/install/sensors/lib/python3.8/site-packages'
[3.391s] Level 1:colcon.colcon_core.shell:create_environment_hook('sensors', 'pythonpath')
[3.426s] INFO:colcon.colcon_core.shell:Creating environment hook '/root/virtualttbot/workspace/src/install/sensors/share/sensors/hook/pythonpath.ps1'
[3.427s] INFO:colcon.colcon_core.shell:Creating environment descriptor '/root/virtualttbot/workspace/src/install/sensors/share/sensors/hook/pythonpath.dsv'
[3.427s] INFO:colcon.colcon_core.shell:Creating environment hook '/root/virtualttbot/workspace/src/install/sensors/share/sensors/hook/pythonpath.sh'
[3.427s] Level 1:colcon.colcon_core.environment:checking '/root/virtualttbot/workspace/src/install/sensors/bin'
[3.427s] Level 1:colcon.colcon_core.environment:create_environment_scripts_only(sensors)
[3.463s] INFO:colcon.colcon_core.shell:Creating package script '/root/virtualttbot/workspace/src/install/sensors/share/sensors/package.ps1'
[3.464s] INFO:colcon.colcon_core.shell:Creating package descriptor '/root/virtualttbot/workspace/src/install/sensors/share/sensors/package.dsv'
[3.464s] INFO:colcon.colcon_core.shell:Creating package script '/root/virtualttbot/workspace/src/install/sensors/share/sensors/package.sh'
[3.464s] INFO:colcon.colcon_core.shell:Creating package script '/root/virtualttbot/workspace/src/install/sensors/share/sensors/package.bash'
[3.465s] INFO:colcon.colcon_core.shell:Creating package script '/root/virtualttbot/workspace/src/install/sensors/share/sensors/package.zsh'
[3.465s] Level 1:colcon.colcon_core.environment:create_file_with_runtime_dependencies(/root/virtualttbot/workspace/src/install/sensors/share/colcon-core/packages/sensors)
[3.465s] DEBUG:colcon.colcon_parallel_executor.executor.parallel:closing loop
[3.465s] DEBUG:colcon.colcon_parallel_executor.executor.parallel:loop closed
[3.465s] DEBUG:colcon.colcon_parallel_executor.executor.parallel:run_until_complete finished with '0'
[3.466s] DEBUG:colcon.colcon_core.event_reactor:joining thread
[3.506s] INFO:colcon.colcon_core.plugin_system:Skipping extension 'colcon_notification.desktop_notification.notify_send': Could not find 'notify-send'
[3.506s] INFO:colcon.colcon_core.plugin_system:Skipping extension 'colcon_notification.desktop_notification.terminal_notifier': Not used on non-Darwin systems
[3.506s] INFO:colcon.colcon_core.plugin_system:Skipping extension 'colcon_notification.desktop_notification.win32': Not used on non-Windows systems
[3.506s] INFO:colcon.colcon_notification.desktop_notification:Sending desktop notification using 'notify2'
[3.510s] DEBUG:colcon.colcon_notification.desktop_notification.notify2:Failed to initialize notify2: org.freedesktop.DBus.Error.ServiceUnknown: The name org.freedesktop.Notifications was not provided by any .service files
[3.511s] DEBUG:colcon.colcon_core.event_reactor:joined thread
[3.546s] INFO:colcon.colcon_core.shell:Creating prefix script '/root/virtualttbot/workspace/src/install/local_setup.ps1'
[3.547s] INFO:colcon.colcon_core.shell:Creating prefix util module '/root/virtualttbot/workspace/src/install/_local_setup_util_ps1.py'
[3.547s] INFO:colcon.colcon_core.shell:Creating prefix chain script '/root/virtualttbot/workspace/src/install/setup.ps1'
[3.583s] INFO:colcon.colcon_core.shell:Creating prefix script '/root/virtualttbot/workspace/src/install/local_setup.sh'
[3.583s] INFO:colcon.colcon_core.shell:Creating prefix util module '/root/virtualttbot/workspace/src/install/_local_setup_util_sh.py'
[3.584s] INFO:colcon.colcon_core.shell:Creating prefix chain script '/root/virtualttbot/workspace/src/install/setup.sh'
[3.619s] INFO:colcon.colcon_core.shell:Creating prefix script '/root/virtualttbot/workspace/src/install/local_setup.bash'
[3.619s] INFO:colcon.colcon_core.shell:Creating prefix chain script '/root/virtualttbot/workspace/src/install/setup.bash'
[3.654s] INFO:colcon.colcon_core.shell:Creating prefix script '/root/virtualttbot/workspace/src/install/local_setup.zsh'
[3.655s] INFO:colcon.colcon_core.shell:Creating prefix chain script '/root/virtualttbot/workspace/src/install/setup.zsh'
