[0.759s] Invoking command in '/home/gabriel/virt_ttb/workspace/src/sensors': PYTHONPATH=/home/gabriel/virt_ttb/build/sensors/prefix_override:/home/gabriel/virt_ttb/install/sensors/lib/python3.8/site-packages:${PYTHONPATH} /usr/bin/python3 setup.py egg_info --egg-base ../../../build/sensors build --build-base /home/gabriel/virt_ttb/build/sensors/build install --record /home/gabriel/virt_ttb/build/sensors/install.log --install-scripts $base/lib/sensors --single-version-externally-managed
[0.906s] running egg_info
[0.906s] writing ../../../build/sensors/sensors.egg-info/PKG-INFO
[0.911s] writing dependency_links to ../../../build/sensors/sensors.egg-info/dependency_links.txt
[0.911s] writing entry points to ../../../build/sensors/sensors.egg-info/entry_points.txt
[0.912s] writing requirements to ../../../build/sensors/sensors.egg-info/requires.txt
[0.912s] writing top-level names to ../../../build/sensors/sensors.egg-info/top_level.txt
[0.938s] reading manifest file '../../../build/sensors/sensors.egg-info/SOURCES.txt'
[0.938s] writing manifest file '../../../build/sensors/sensors.egg-info/SOURCES.txt'
[0.938s] running build
[0.938s] running build_py
[0.939s] running install
[0.939s] running install_lib
[0.941s] running install_data
[0.941s] running install_egg_info
[0.942s] removing '/home/gabriel/virt_ttb/install/sensors/lib/python3.8/site-packages/sensors-0.0.1-py3.8.egg-info' (and everything under it)
[0.942s] Copying ../../../build/sensors/sensors.egg-info to /home/gabriel/virt_ttb/install/sensors/lib/python3.8/site-packages/sensors-0.0.1-py3.8.egg-info
[0.943s] running install_scripts
[0.957s] Installing mess_test script to /home/gabriel/virt_ttb/install/sensors/lib/sensors
[0.957s] Installing movement_prot script to /home/gabriel/virt_ttb/install/sensors/lib/sensors
[0.957s] Installing sensors script to /home/gabriel/virt_ttb/install/sensors/lib/sensors
[0.958s] Installing timer_node script to /home/gabriel/virt_ttb/install/sensors/lib/sensors
[0.958s] writing list of installed files to '/home/gabriel/virt_ttb/build/sensors/install.log'
[0.974s] Invoked command in '/home/gabriel/virt_ttb/workspace/src/sensors' returned '0': PYTHONPATH=/home/gabriel/virt_ttb/build/sensors/prefix_override:/home/gabriel/virt_ttb/install/sensors/lib/python3.8/site-packages:${PYTHONPATH} /usr/bin/python3 setup.py egg_info --egg-base ../../../build/sensors build --build-base /home/gabriel/virt_ttb/build/sensors/build install --record /home/gabriel/virt_ttb/build/sensors/install.log --install-scripts $base/lib/sensors --single-version-externally-managed
