[0.836s] Invoking command in '/home/gabriel/virt_ttb/workspace/src/sensors': PYTHONPATH=/home/gabriel/virt_ttb/workspace/build/sensors/prefix_override:/home/gabriel/virt_ttb/workspace/install/sensors/lib/python3.8/site-packages:${PYTHONPATH} /usr/bin/python3 setup.py egg_info --egg-base ../../build/sensors build --build-base /home/gabriel/virt_ttb/workspace/build/sensors/build install --record /home/gabriel/virt_ttb/workspace/build/sensors/install.log --install-scripts $base/lib/sensors --single-version-externally-managed
[0.979s] running egg_info
[0.979s] writing ../../build/sensors/sensors.egg-info/PKG-INFO
[0.979s] writing dependency_links to ../../build/sensors/sensors.egg-info/dependency_links.txt
[0.979s] writing entry points to ../../build/sensors/sensors.egg-info/entry_points.txt
[0.979s] writing requirements to ../../build/sensors/sensors.egg-info/requires.txt
[0.980s] writing top-level names to ../../build/sensors/sensors.egg-info/top_level.txt
[1.005s] reading manifest file '../../build/sensors/sensors.egg-info/SOURCES.txt'
[1.006s] writing manifest file '../../build/sensors/sensors.egg-info/SOURCES.txt'
[1.006s] running build
[1.006s] running build_py
[1.006s] copying sensors/message_receive_test.py -> /home/gabriel/virt_ttb/workspace/build/sensors/build/lib/sensors
[1.006s] running install
[1.007s] running install_lib
[1.007s] copying /home/gabriel/virt_ttb/workspace/build/sensors/build/lib/sensors/message_receive_test.py -> /home/gabriel/virt_ttb/workspace/install/sensors/lib/python3.8/site-packages/sensors
[1.008s] byte-compiling /home/gabriel/virt_ttb/workspace/install/sensors/lib/python3.8/site-packages/sensors/message_receive_test.py to message_receive_test.cpython-38.pyc
[1.009s] running install_data
[1.009s] running install_egg_info
[1.010s] removing '/home/gabriel/virt_ttb/workspace/install/sensors/lib/python3.8/site-packages/sensors-0.0.1-py3.8.egg-info' (and everything under it)
[1.011s] Copying ../../build/sensors/sensors.egg-info to /home/gabriel/virt_ttb/workspace/install/sensors/lib/python3.8/site-packages/sensors-0.0.1-py3.8.egg-info
[1.011s] running install_scripts
[1.024s] Installing mess_test script to /home/gabriel/virt_ttb/workspace/install/sensors/lib/sensors
[1.024s] Installing sensors script to /home/gabriel/virt_ttb/workspace/install/sensors/lib/sensors
[1.024s] Installing timer_node script to /home/gabriel/virt_ttb/workspace/install/sensors/lib/sensors
[1.024s] writing list of installed files to '/home/gabriel/virt_ttb/workspace/build/sensors/install.log'
[1.040s] Invoked command in '/home/gabriel/virt_ttb/workspace/src/sensors' returned '0': PYTHONPATH=/home/gabriel/virt_ttb/workspace/build/sensors/prefix_override:/home/gabriel/virt_ttb/workspace/install/sensors/lib/python3.8/site-packages:${PYTHONPATH} /usr/bin/python3 setup.py egg_info --egg-base ../../build/sensors build --build-base /home/gabriel/virt_ttb/workspace/build/sensors/build install --record /home/gabriel/virt_ttb/workspace/build/sensors/install.log --install-scripts $base/lib/sensors --single-version-externally-managed
