[1.858s] Invoking command in '/home/ubuntu/virtualttbot/workspace/src/sensors': PYTHONPATH=/home/ubuntu/virtualttbot/workspace/install/sensors/lib/python3.8/site-packages:${PYTHONPATH} /usr/bin/python3 setup.py egg_info --egg-base ../../build/sensors build --build-base /home/ubuntu/virtualttbot/workspace/build/sensors/build install --prefix /home/ubuntu/virtualttbot/workspace/install/sensors --record /home/ubuntu/virtualttbot/workspace/build/sensors/install.log --single-version-externally-managed
[3.481s] running egg_info
[3.486s] writing ../../build/sensors/sensors.egg-info/PKG-INFO
[3.487s] writing dependency_links to ../../build/sensors/sensors.egg-info/dependency_links.txt
[3.489s] writing entry points to ../../build/sensors/sensors.egg-info/entry_points.txt
[3.490s] writing requirements to ../../build/sensors/sensors.egg-info/requires.txt
[3.492s] writing top-level names to ../../build/sensors/sensors.egg-info/top_level.txt
[3.755s] reading manifest file '../../build/sensors/sensors.egg-info/SOURCES.txt'
[3.764s] writing manifest file '../../build/sensors/sensors.egg-info/SOURCES.txt'
[3.765s] running build
[3.767s] running build_py
[3.770s] copying sensors/capstone.py -> /home/ubuntu/virtualttbot/workspace/build/sensors/build/lib/sensors
[3.773s] running install
[3.779s] running install_lib
[3.788s] copying /home/ubuntu/virtualttbot/workspace/build/sensors/build/lib/sensors/capstone.py -> /home/ubuntu/virtualttbot/workspace/install/sensors/lib/python3.8/site-packages/sensors
[3.794s] byte-compiling /home/ubuntu/virtualttbot/workspace/install/sensors/lib/python3.8/site-packages/sensors/capstone.py to capstone.cpython-38.pyc
[3.817s] running install_data
[3.821s] running install_egg_info
[3.832s] removing '/home/ubuntu/virtualttbot/workspace/install/sensors/lib/python3.8/site-packages/sensors-0.0.1-py3.8.egg-info' (and everything under it)
[3.834s] Copying ../../build/sensors/sensors.egg-info to /home/ubuntu/virtualttbot/workspace/install/sensors/lib/python3.8/site-packages/sensors-0.0.1-py3.8.egg-info
[3.845s] running install_scripts
[3.968s] Installing capstone script to /home/ubuntu/virtualttbot/workspace/install/sensors/lib/sensors
[3.969s] Installing sensors script to /home/ubuntu/virtualttbot/workspace/install/sensors/lib/sensors
[3.973s] writing list of installed files to '/home/ubuntu/virtualttbot/workspace/build/sensors/install.log'
[4.162s] Invoked command in '/home/ubuntu/virtualttbot/workspace/src/sensors' returned '0': PYTHONPATH=/home/ubuntu/virtualttbot/workspace/install/sensors/lib/python3.8/site-packages:${PYTHONPATH} /usr/bin/python3 setup.py egg_info --egg-base ../../build/sensors build --build-base /home/ubuntu/virtualttbot/workspace/build/sensors/build install --prefix /home/ubuntu/virtualttbot/workspace/install/sensors --record /home/ubuntu/virtualttbot/workspace/build/sensors/install.log --single-version-externally-managed
