[16.813s] DEBUG:colcon:Command line arguments: ['/usr/bin/colcon', 'build']
[16.814s] DEBUG:colcon:Parsed command line arguments: Namespace(allow_overriding=[], ament_cmake_args=None, base_paths=['.'], build_base='build', catkin_cmake_args=None, catkin_skip_building_tests=False, cmake_args=None, cmake_clean_cache=False, cmake_clean_first=False, cmake_force_configure=False, cmake_target=None, cmake_target_skip_unavailable=False, continue_on_error=False, event_handlers=None, executor='parallel', ignore_user_meta=False, install_base='install', log_base=None, log_level=None, main=<bound method BuildVerb.main of <colcon_core.verb.build.BuildVerb object at 0xffffb263dc40>>, merge_install=False, metas=['./colcon.meta'], packages_above=None, packages_above_and_dependencies=None, packages_above_depth=None, packages_end=None, packages_ignore=None, packages_ignore_regex=None, packages_select=None, packages_select_build_failed=False, packages_select_by_dep=None, packages_select_regex=None, packages_select_test_failures=False, packages_skip=None, packages_skip_build_finished=False, packages_skip_by_dep=None, packages_skip_regex=None, packages_skip_test_passed=False, packages_skip_up_to=None, packages_start=None, packages_up_to=None, packages_up_to_regex=None, parallel_workers=4, paths=None, symlink_install=False, test_result_base=None, verb_extension=<colcon_core.verb.build.BuildVerb object at 0xffffb263dc40>, verb_name='build', verb_parser=<colcon_defaults.argument_parser.defaults.DefaultArgumentsDecorator object at 0xffffb265a160>)
[17.609s] Level 1:colcon.colcon_core.package_discovery:discover_packages(colcon_meta) check parameters
[17.610s] Level 1:colcon.colcon_core.package_discovery:discover_packages(recursive) check parameters
[17.611s] Level 1:colcon.colcon_core.package_discovery:discover_packages(ignore) check parameters
[17.611s] Level 1:colcon.colcon_core.package_discovery:discover_packages(path) check parameters
[17.612s] Level 1:colcon.colcon_core.package_discovery:discover_packages(colcon_meta) discover
[17.613s] Level 1:colcon.colcon_core.package_discovery:discover_packages(recursive) discover
[17.613s] INFO:colcon.colcon_core.package_discovery:Crawling recursively for packages in '/home/ubuntu/nlnt_workspace/virtualttbot/workspace'
[17.614s] Level 1:colcon.colcon_core.package_identification:_identify(.) by extensions ['ignore', 'ignore_ament_install']
[17.615s] Level 1:colcon.colcon_core.package_identification:_identify(.) by extension 'ignore'
[17.616s] Level 1:colcon.colcon_core.package_identification:_identify(.) by extension 'ignore_ament_install'
[17.616s] Level 1:colcon.colcon_core.package_identification:_identify(.) by extensions ['colcon_pkg']
[17.617s] Level 1:colcon.colcon_core.package_identification:_identify(.) by extension 'colcon_pkg'
[17.618s] Level 1:colcon.colcon_core.package_identification:_identify(.) by extensions ['colcon_meta']
[17.618s] Level 1:colcon.colcon_core.package_identification:_identify(.) by extension 'colcon_meta'
[17.619s] Level 1:colcon.colcon_core.package_identification:_identify(.) by extensions ['ros']
[17.619s] Level 1:colcon.colcon_core.package_identification:_identify(.) by extension 'ros'
[17.712s] Level 1:colcon.colcon_core.package_identification:_identify(.) by extensions ['cmake', 'python']
[17.712s] Level 1:colcon.colcon_core.package_identification:_identify(.) by extension 'cmake'
[17.713s] Level 1:colcon.colcon_core.package_identification:_identify(.) by extension 'python'
[17.714s] Level 1:colcon.colcon_core.package_identification:_identify(.) by extensions ['python_setup_py']
[17.714s] Level 1:colcon.colcon_core.package_identification:_identify(.) by extension 'python_setup_py'
[17.715s] Level 1:colcon.colcon_core.package_identification:_identify(build) by extensions ['ignore', 'ignore_ament_install']
[17.716s] Level 1:colcon.colcon_core.package_identification:_identify(build) by extension 'ignore'
[17.717s] Level 1:colcon.colcon_core.package_identification:_identify(build) ignored
[17.718s] Level 1:colcon.colcon_core.package_identification:_identify(install) by extensions ['ignore', 'ignore_ament_install']
[17.719s] Level 1:colcon.colcon_core.package_identification:_identify(install) by extension 'ignore'
[17.720s] Level 1:colcon.colcon_core.package_identification:_identify(install) ignored
[17.721s] Level 1:colcon.colcon_core.package_identification:_identify(log) by extensions ['ignore', 'ignore_ament_install']
[17.722s] Level 1:colcon.colcon_core.package_identification:_identify(log) by extension 'ignore'
[17.723s] Level 1:colcon.colcon_core.package_identification:_identify(log) ignored
[17.724s] Level 1:colcon.colcon_core.package_identification:_identify(src) by extensions ['ignore', 'ignore_ament_install']
[17.726s] Level 1:colcon.colcon_core.package_identification:_identify(src) by extension 'ignore'
[17.726s] Level 1:colcon.colcon_core.package_identification:_identify(src) by extension 'ignore_ament_install'
[17.727s] Level 1:colcon.colcon_core.package_identification:_identify(src) by extensions ['colcon_pkg']
[17.727s] Level 1:colcon.colcon_core.package_identification:_identify(src) by extension 'colcon_pkg'
[17.728s] Level 1:colcon.colcon_core.package_identification:_identify(src) by extensions ['colcon_meta']
[17.729s] Level 1:colcon.colcon_core.package_identification:_identify(src) by extension 'colcon_meta'
[17.729s] Level 1:colcon.colcon_core.package_identification:_identify(src) by extensions ['ros']
[17.729s] Level 1:colcon.colcon_core.package_identification:_identify(src) by extension 'ros'
[17.730s] Level 1:colcon.colcon_core.package_identification:_identify(src) by extensions ['cmake', 'python']
[17.731s] Level 1:colcon.colcon_core.package_identification:_identify(src) by extension 'cmake'
[17.731s] Level 1:colcon.colcon_core.package_identification:_identify(src) by extension 'python'
[17.732s] Level 1:colcon.colcon_core.package_identification:_identify(src) by extensions ['python_setup_py']
[17.732s] Level 1:colcon.colcon_core.package_identification:_identify(src) by extension 'python_setup_py'
[17.733s] Level 1:colcon.colcon_core.package_identification:_identify(src/sensors) by extensions ['ignore', 'ignore_ament_install']
[17.734s] Level 1:colcon.colcon_core.package_identification:_identify(src/sensors) by extension 'ignore'
[17.735s] Level 1:colcon.colcon_core.package_identification:_identify(src/sensors) by extension 'ignore_ament_install'
[17.736s] Level 1:colcon.colcon_core.package_identification:_identify(src/sensors) by extensions ['colcon_pkg']
[17.736s] Level 1:colcon.colcon_core.package_identification:_identify(src/sensors) by extension 'colcon_pkg'
[17.737s] Level 1:colcon.colcon_core.package_identification:_identify(src/sensors) by extensions ['colcon_meta']
[17.737s] Level 1:colcon.colcon_core.package_identification:_identify(src/sensors) by extension 'colcon_meta'
[17.738s] Level 1:colcon.colcon_core.package_identification:_identify(src/sensors) by extensions ['ros']
[17.738s] Level 1:colcon.colcon_core.package_identification:_identify(src/sensors) by extension 'ros'
[17.758s] DEBUG:colcon.colcon_core.package_identification:Package 'src/sensors' with type 'ros.ament_python' and name 'sensors'
[17.758s] Level 1:colcon.colcon_core.package_discovery:discover_packages(recursive) using defaults
[17.759s] Level 1:colcon.colcon_core.package_discovery:discover_packages(ignore) discover
[17.759s] Level 1:colcon.colcon_core.package_discovery:discover_packages(ignore) using defaults
[17.759s] Level 1:colcon.colcon_core.package_discovery:discover_packages(path) discover
[17.760s] Level 1:colcon.colcon_core.package_discovery:discover_packages(path) using defaults
[19.281s] Level 1:colcon.colcon_core.package_discovery:discover_packages(prefix_path) check parameters
[19.282s] Level 1:colcon.colcon_core.package_discovery:discover_packages(prefix_path) discover
[19.853s] DEBUG:colcon.colcon_installed_package_information.package_discovery:Found 1 installed packages in /home/ubuntu/nlnt_workspace/virtualttbot/workspace/install
[20.133s] DEBUG:colcon.colcon_installed_package_information.package_discovery:Found 7 installed packages in /home/ubuntu/turtlebot3_ws/install
[20.420s] DEBUG:colcon.colcon_installed_package_information.package_discovery:Found 171 installed packages in /opt/ros/foxy
[20.429s] Level 1:colcon.colcon_core.package_discovery:discover_packages(prefix_path) using defaults
[21.420s] Level 5:colcon.colcon_core.verb:set package 'sensors' build argument 'cmake_args' from command line to 'None'
[21.420s] Level 5:colcon.colcon_core.verb:set package 'sensors' build argument 'cmake_target' from command line to 'None'
[21.421s] Level 5:colcon.colcon_core.verb:set package 'sensors' build argument 'cmake_target_skip_unavailable' from command line to 'False'
[21.422s] Level 5:colcon.colcon_core.verb:set package 'sensors' build argument 'cmake_clean_cache' from command line to 'False'
[21.422s] Level 5:colcon.colcon_core.verb:set package 'sensors' build argument 'cmake_clean_first' from command line to 'False'
[21.422s] Level 5:colcon.colcon_core.verb:set package 'sensors' build argument 'cmake_force_configure' from command line to 'False'
[21.423s] Level 5:colcon.colcon_core.verb:set package 'sensors' build argument 'ament_cmake_args' from command line to 'None'
[21.423s] Level 5:colcon.colcon_core.verb:set package 'sensors' build argument 'catkin_cmake_args' from command line to 'None'
[21.423s] Level 5:colcon.colcon_core.verb:set package 'sensors' build argument 'catkin_skip_building_tests' from command line to 'False'
[21.424s] DEBUG:colcon.colcon_core.verb:Building package 'sensors' with the following arguments: {'ament_cmake_args': None, 'build_base': '/home/ubuntu/nlnt_workspace/virtualttbot/workspace/build/sensors', 'catkin_cmake_args': None, 'catkin_skip_building_tests': False, 'cmake_args': None, 'cmake_clean_cache': False, 'cmake_clean_first': False, 'cmake_force_configure': False, 'cmake_target': None, 'cmake_target_skip_unavailable': False, 'install_base': '/home/ubuntu/nlnt_workspace/virtualttbot/workspace/install/sensors', 'merge_install': False, 'path': '/home/ubuntu/nlnt_workspace/virtualttbot/workspace/src/sensors', 'symlink_install': False, 'test_result_base': None}
[21.704s] INFO:colcon.colcon_core.executor:Executing jobs using 'parallel' executor
[21.989s] DEBUG:colcon.colcon_parallel_executor.executor.parallel:run_until_complete
[21.991s] INFO:colcon.colcon_ros.task.ament_python.build:Building ROS package in '/home/ubuntu/nlnt_workspace/virtualttbot/workspace/src/sensors' with build type 'ament_python'
[21.992s] Level 1:colcon.colcon_core.shell:create_environment_hook('sensors', 'ament_prefix_path')
[22.387s] INFO:colcon.colcon_core.plugin_system:Skipping extension 'colcon_core.shell.bat': Not used on non-Windows systems
[22.389s] INFO:colcon.colcon_core.shell:Creating environment hook '/home/ubuntu/nlnt_workspace/virtualttbot/workspace/install/sensors/share/sensors/hook/ament_prefix_path.ps1'
[22.394s] INFO:colcon.colcon_core.shell:Creating environment descriptor '/home/ubuntu/nlnt_workspace/virtualttbot/workspace/install/sensors/share/sensors/hook/ament_prefix_path.dsv'
[22.398s] INFO:colcon.colcon_core.shell:Creating environment hook '/home/ubuntu/nlnt_workspace/virtualttbot/workspace/install/sensors/share/sensors/hook/ament_prefix_path.sh'
[22.711s] INFO:colcon.colcon_core.shell:Skip shell extension 'powershell' for command environment: Not usable outside of PowerShell
[22.712s] DEBUG:colcon.colcon_core.shell:Skip shell extension 'dsv' for command environment
[25.922s] INFO:colcon.colcon_core.task.python.build:Building Python package in '/home/ubuntu/nlnt_workspace/virtualttbot/workspace/src/sensors'
[26.229s] INFO:colcon.colcon_core.shell:Skip shell extension 'powershell' for command environment: Not usable outside of PowerShell
[26.230s] DEBUG:colcon.colcon_core.shell:Skip shell extension 'dsv' for command environment
[30.745s] DEBUG:colcon.colcon_core.event_handler.log_command:Invoking command in '/home/ubuntu/nlnt_workspace/virtualttbot/workspace/src/sensors': PYTHONPATH=/home/ubuntu/nlnt_workspace/virtualttbot/workspace/build/sensors/prefix_override:/home/ubuntu/nlnt_workspace/virtualttbot/workspace/install/sensors/lib/python3.8/site-packages:${PYTHONPATH} /usr/bin/python3 setup.py egg_info --egg-base ../../build/sensors build --build-base /home/ubuntu/nlnt_workspace/virtualttbot/workspace/build/sensors/build install --record /home/ubuntu/nlnt_workspace/virtualttbot/workspace/build/sensors/install.log --install-scripts $base/lib/sensors --single-version-externally-managed
[33.336s] DEBUG:colcon.colcon_core.event_handler.log_command:Invoked command in '/home/ubuntu/nlnt_workspace/virtualttbot/workspace/src/sensors' returned '0': PYTHONPATH=/home/ubuntu/nlnt_workspace/virtualttbot/workspace/build/sensors/prefix_override:/home/ubuntu/nlnt_workspace/virtualttbot/workspace/install/sensors/lib/python3.8/site-packages:${PYTHONPATH} /usr/bin/python3 setup.py egg_info --egg-base ../../build/sensors build --build-base /home/ubuntu/nlnt_workspace/virtualttbot/workspace/build/sensors/build install --record /home/ubuntu/nlnt_workspace/virtualttbot/workspace/build/sensors/install.log --install-scripts $base/lib/sensors --single-version-externally-managed
[33.666s] Level 1:colcon.colcon_core.environment:checking '/home/ubuntu/nlnt_workspace/virtualttbot/workspace/install/sensors' for CMake module files
[33.671s] Level 1:colcon.colcon_core.environment:checking '/home/ubuntu/nlnt_workspace/virtualttbot/workspace/install/sensors' for CMake config files
[33.678s] Level 1:colcon.colcon_core.environment:checking '/home/ubuntu/nlnt_workspace/virtualttbot/workspace/install/sensors/lib'
[33.681s] Level 1:colcon.colcon_core.environment:checking '/home/ubuntu/nlnt_workspace/virtualttbot/workspace/install/sensors/bin'
[33.682s] Level 1:colcon.colcon_core.environment:checking '/home/ubuntu/nlnt_workspace/virtualttbot/workspace/install/sensors/lib/pkgconfig/sensors.pc'
[33.684s] Level 1:colcon.colcon_core.environment:checking '/home/ubuntu/nlnt_workspace/virtualttbot/workspace/install/sensors/lib/python3.8/site-packages'
[33.685s] Level 1:colcon.colcon_core.shell:create_environment_hook('sensors', 'pythonpath')
[33.980s] INFO:colcon.colcon_core.shell:Creating environment hook '/home/ubuntu/nlnt_workspace/virtualttbot/workspace/install/sensors/share/sensors/hook/pythonpath.ps1'
[33.983s] INFO:colcon.colcon_core.shell:Creating environment descriptor '/home/ubuntu/nlnt_workspace/virtualttbot/workspace/install/sensors/share/sensors/hook/pythonpath.dsv'
[33.987s] INFO:colcon.colcon_core.shell:Creating environment hook '/home/ubuntu/nlnt_workspace/virtualttbot/workspace/install/sensors/share/sensors/hook/pythonpath.sh'
[33.993s] Level 1:colcon.colcon_core.environment:checking '/home/ubuntu/nlnt_workspace/virtualttbot/workspace/install/sensors/bin'
[33.993s] Level 1:colcon.colcon_core.environment:create_environment_scripts_only(sensors)
[34.308s] INFO:colcon.colcon_core.shell:Creating package script '/home/ubuntu/nlnt_workspace/virtualttbot/workspace/install/sensors/share/sensors/package.ps1'
[34.315s] INFO:colcon.colcon_core.shell:Creating package descriptor '/home/ubuntu/nlnt_workspace/virtualttbot/workspace/install/sensors/share/sensors/package.dsv'
[34.322s] INFO:colcon.colcon_core.shell:Creating package script '/home/ubuntu/nlnt_workspace/virtualttbot/workspace/install/sensors/share/sensors/package.sh'
[34.331s] INFO:colcon.colcon_core.shell:Creating package script '/home/ubuntu/nlnt_workspace/virtualttbot/workspace/install/sensors/share/sensors/package.bash'
[34.339s] INFO:colcon.colcon_core.shell:Creating package script '/home/ubuntu/nlnt_workspace/virtualttbot/workspace/install/sensors/share/sensors/package.zsh'
[34.347s] Level 1:colcon.colcon_core.environment:create_file_with_runtime_dependencies(/home/ubuntu/nlnt_workspace/virtualttbot/workspace/install/sensors/share/colcon-core/packages/sensors)
[34.350s] DEBUG:colcon.colcon_parallel_executor.executor.parallel:closing loop
[34.354s] DEBUG:colcon.colcon_parallel_executor.executor.parallel:loop closed
[34.355s] DEBUG:colcon.colcon_parallel_executor.executor.parallel:run_until_complete finished with '0'
[34.356s] DEBUG:colcon.colcon_core.event_reactor:joining thread
[34.686s] INFO:colcon.colcon_core.plugin_system:Skipping extension 'colcon_notification.desktop_notification.notify_send': Could not find 'notify-send'
[34.687s] INFO:colcon.colcon_core.plugin_system:Skipping extension 'colcon_notification.desktop_notification.terminal_notifier': Not used on non-Darwin systems
[34.688s] INFO:colcon.colcon_core.plugin_system:Skipping extension 'colcon_notification.desktop_notification.win32': Not used on non-Windows systems
[34.689s] INFO:colcon.colcon_notification.desktop_notification:Sending desktop notification using 'notify2'
[34.693s] DEBUG:colcon.colcon_notification.desktop_notification.notify2:Failed to initialize notify2: org.freedesktop.DBus.Error.ServiceUnknown: The name org.freedesktop.Notifications was not provided by any .service files
[34.694s] DEBUG:colcon.colcon_core.event_reactor:joined thread
[34.985s] INFO:colcon.colcon_core.shell:Creating prefix script '/home/ubuntu/nlnt_workspace/virtualttbot/workspace/install/local_setup.ps1'
[34.993s] INFO:colcon.colcon_core.shell:Creating prefix util module '/home/ubuntu/nlnt_workspace/virtualttbot/workspace/install/_local_setup_util_ps1.py'
[35.004s] INFO:colcon.colcon_core.shell:Creating prefix chain script '/home/ubuntu/nlnt_workspace/virtualttbot/workspace/install/setup.ps1'
[35.300s] INFO:colcon.colcon_core.shell:Creating prefix script '/home/ubuntu/nlnt_workspace/virtualttbot/workspace/install/local_setup.sh'
[35.304s] INFO:colcon.colcon_core.shell:Creating prefix util module '/home/ubuntu/nlnt_workspace/virtualttbot/workspace/install/_local_setup_util_sh.py'
[35.309s] INFO:colcon.colcon_core.shell:Creating prefix chain script '/home/ubuntu/nlnt_workspace/virtualttbot/workspace/install/setup.sh'
[35.607s] INFO:colcon.colcon_core.shell:Creating prefix script '/home/ubuntu/nlnt_workspace/virtualttbot/workspace/install/local_setup.bash'
[35.611s] INFO:colcon.colcon_core.shell:Creating prefix chain script '/home/ubuntu/nlnt_workspace/virtualttbot/workspace/install/setup.bash'
[35.908s] INFO:colcon.colcon_core.shell:Creating prefix script '/home/ubuntu/nlnt_workspace/virtualttbot/workspace/install/local_setup.zsh'
[35.913s] INFO:colcon.colcon_core.shell:Creating prefix chain script '/home/ubuntu/nlnt_workspace/virtualttbot/workspace/install/setup.zsh'
