[3.119s] Invoking command in '/home/ubuntu/virtualttbot/workspace/src/sensors': PYTHONPATH=/home/ubuntu/virtualttbot/workspace/install/sensors/lib/python3.8/site-packages:${PYTHONPATH} /usr/bin/python3 setup.py egg_info --egg-base ../../build/sensors build --build-base /home/ubuntu/virtualttbot/workspace/build/sensors/build install --prefix /home/ubuntu/virtualttbot/workspace/install/sensors --record /home/ubuntu/virtualttbot/workspace/build/sensors/install.log --single-version-externally-managed
[4.788s] running egg_info
[4.791s] writing ../../build/sensors/sensors.egg-info/PKG-INFO
[4.799s] writing dependency_links to ../../build/sensors/sensors.egg-info/dependency_links.txt
[4.801s] writing entry points to ../../build/sensors/sensors.egg-info/entry_points.txt
[4.805s] writing requirements to ../../build/sensors/sensors.egg-info/requires.txt
[4.807s] writing top-level names to ../../build/sensors/sensors.egg-info/top_level.txt
[5.165s] reading manifest file '../../build/sensors/sensors.egg-info/SOURCES.txt'
[5.174s] writing manifest file '../../build/sensors/sensors.egg-info/SOURCES.txt'
[5.176s] running build
[5.177s] running build_py
[5.183s] copying sensors/capstone.py -> /home/ubuntu/virtualttbot/workspace/build/sensors/build/lib/sensors
[5.187s] running install
[5.194s] running install_lib
[5.207s] copying /home/ubuntu/virtualttbot/workspace/build/sensors/build/lib/sensors/capstone.py -> /home/ubuntu/virtualttbot/workspace/install/sensors/lib/python3.8/site-packages/sensors
[5.214s] byte-compiling /home/ubuntu/virtualttbot/workspace/install/sensors/lib/python3.8/site-packages/sensors/capstone.py to capstone.cpython-38.pyc
[5.238s] running install_data
[5.244s] running install_egg_info
[5.258s] removing '/home/ubuntu/virtualttbot/workspace/install/sensors/lib/python3.8/site-packages/sensors-0.0.1-py3.8.egg-info' (and everything under it)
[5.262s] Copying ../../build/sensors/sensors.egg-info to /home/ubuntu/virtualttbot/workspace/install/sensors/lib/python3.8/site-packages/sensors-0.0.1-py3.8.egg-info
[5.279s] running install_scripts
[5.485s] Installing capstone script to /home/ubuntu/virtualttbot/workspace/install/sensors/lib/sensors
[5.492s] Installing sensors script to /home/ubuntu/virtualttbot/workspace/install/sensors/lib/sensors
[5.497s] writing list of installed files to '/home/ubuntu/virtualttbot/workspace/build/sensors/install.log'
[5.701s] Invoked command in '/home/ubuntu/virtualttbot/workspace/src/sensors' returned '0': PYTHONPATH=/home/ubuntu/virtualttbot/workspace/install/sensors/lib/python3.8/site-packages:${PYTHONPATH} /usr/bin/python3 setup.py egg_info --egg-base ../../build/sensors build --build-base /home/ubuntu/virtualttbot/workspace/build/sensors/build install --prefix /home/ubuntu/virtualttbot/workspace/install/sensors --record /home/ubuntu/virtualttbot/workspace/build/sensors/install.log --single-version-externally-managed
