[2.285s] DEBUG:colcon:Command line arguments: ['/usr/bin/colcon', 'build', '--packages-select', 'sensors']
[2.286s] DEBUG:colcon:Parsed command line arguments: Namespace(ament_cmake_args=None, base_paths=['.'], build_base='build', catkin_cmake_args=None, catkin_skip_building_tests=False, cmake_args=None, cmake_clean_cache=False, cmake_clean_first=False, cmake_force_configure=False, cmake_target=None, cmake_target_skip_unavailable=False, continue_on_error=False, event_handlers=None, executor='parallel', ignore_user_meta=False, install_base='install', log_base=None, log_level=None, main=<bound method BuildVerb.main of <colcon_core.verb.build.BuildVerb object at 0xffff9b75a940>>, merge_install=False, metas=['./colcon.meta'], packages_above=None, packages_above_and_dependencies=None, packages_above_depth=None, packages_end=None, packages_ignore=None, packages_ignore_regex=None, packages_select=['sensors'], packages_select_build_failed=False, packages_select_by_dep=None, packages_select_regex=None, packages_select_test_failures=False, packages_skip=None, packages_skip_build_finished=False, packages_skip_by_dep=None, packages_skip_regex=None, packages_skip_test_passed=False, packages_skip_up_to=None, packages_start=None, packages_up_to=None, packages_up_to_regex=None, parallel_workers=4, paths=None, symlink_install=False, test_result_base=None, verb_extension=<colcon_core.verb.build.BuildVerb object at 0xffff9b75a940>, verb_name='build', verb_parser=<colcon_defaults.argument_parser.defaults.DefaultArgumentsDecorator object at 0xffff9b75aeb0>)
[2.328s] Level 1:colcon.colcon_core.package_discovery:discover_packages(colcon_meta) check parameters
[2.329s] Level 1:colcon.colcon_core.package_discovery:discover_packages(recursive) check parameters
[2.329s] Level 1:colcon.colcon_core.package_discovery:discover_packages(ignore) check parameters
[2.329s] Level 1:colcon.colcon_core.package_discovery:discover_packages(path) check parameters
[2.330s] Level 1:colcon.colcon_core.package_discovery:discover_packages(colcon_meta) discover
[2.330s] Level 1:colcon.colcon_core.package_discovery:discover_packages(recursive) discover
[2.331s] INFO:colcon.colcon_core.package_discovery:Crawling recursively for packages in '/home/ubuntu/virtualttbot/workspace'
[2.331s] Level 1:colcon.colcon_core.package_identification:_identify(.) by extensions ['ignore', 'ignore_ament_install']
[2.332s] Level 1:colcon.colcon_core.package_identification:_identify(.) by extension 'ignore'
[2.333s] Level 1:colcon.colcon_core.package_identification:_identify(.) by extension 'ignore_ament_install'
[2.334s] Level 1:colcon.colcon_core.package_identification:_identify(.) by extensions ['colcon_pkg']
[2.334s] Level 1:colcon.colcon_core.package_identification:_identify(.) by extension 'colcon_pkg'
[2.335s] Level 1:colcon.colcon_core.package_identification:_identify(.) by extensions ['colcon_meta']
[2.335s] Level 1:colcon.colcon_core.package_identification:_identify(.) by extension 'colcon_meta'
[2.335s] Level 1:colcon.colcon_core.package_identification:_identify(.) by extensions ['ros']
[2.336s] Level 1:colcon.colcon_core.package_identification:_identify(.) by extension 'ros'
[2.418s] Level 1:colcon.colcon_core.package_identification:_identify(.) by extensions ['cmake', 'python']
[2.419s] Level 1:colcon.colcon_core.package_identification:_identify(.) by extension 'cmake'
[2.419s] Level 1:colcon.colcon_core.package_identification:_identify(.) by extension 'python'
[2.420s] Level 1:colcon.colcon_core.package_identification:_identify(.) by extensions ['python_setup_py']
[2.420s] Level 1:colcon.colcon_core.package_identification:_identify(.) by extension 'python_setup_py'
[2.421s] Level 1:colcon.colcon_core.package_identification:_identify(build) by extensions ['ignore', 'ignore_ament_install']
[2.422s] Level 1:colcon.colcon_core.package_identification:_identify(build) by extension 'ignore'
[2.422s] Level 1:colcon.colcon_core.package_identification:_identify(build) ignored
[2.424s] Level 1:colcon.colcon_core.package_identification:_identify(install) by extensions ['ignore', 'ignore_ament_install']
[2.425s] Level 1:colcon.colcon_core.package_identification:_identify(install) by extension 'ignore'
[2.425s] Level 1:colcon.colcon_core.package_identification:_identify(install) ignored
[2.430s] Level 1:colcon.colcon_core.package_identification:_identify(log) by extensions ['ignore', 'ignore_ament_install']
[2.431s] Level 1:colcon.colcon_core.package_identification:_identify(log) by extension 'ignore'
[2.432s] Level 1:colcon.colcon_core.package_identification:_identify(log) ignored
[2.434s] Level 1:colcon.colcon_core.package_identification:_identify(src) by extensions ['ignore', 'ignore_ament_install']
[2.434s] Level 1:colcon.colcon_core.package_identification:_identify(src) by extension 'ignore'
[2.435s] Level 1:colcon.colcon_core.package_identification:_identify(src) by extension 'ignore_ament_install'
[2.436s] Level 1:colcon.colcon_core.package_identification:_identify(src) by extensions ['colcon_pkg']
[2.436s] Level 1:colcon.colcon_core.package_identification:_identify(src) by extension 'colcon_pkg'
[2.437s] Level 1:colcon.colcon_core.package_identification:_identify(src) by extensions ['colcon_meta']
[2.437s] Level 1:colcon.colcon_core.package_identification:_identify(src) by extension 'colcon_meta'
[2.437s] Level 1:colcon.colcon_core.package_identification:_identify(src) by extensions ['ros']
[2.438s] Level 1:colcon.colcon_core.package_identification:_identify(src) by extension 'ros'
[2.438s] Level 1:colcon.colcon_core.package_identification:_identify(src) by extensions ['cmake', 'python']
[2.439s] Level 1:colcon.colcon_core.package_identification:_identify(src) by extension 'cmake'
[2.440s] Level 1:colcon.colcon_core.package_identification:_identify(src) by extension 'python'
[2.440s] Level 1:colcon.colcon_core.package_identification:_identify(src) by extensions ['python_setup_py']
[2.440s] Level 1:colcon.colcon_core.package_identification:_identify(src) by extension 'python_setup_py'
[2.441s] Level 1:colcon.colcon_core.package_identification:_identify(src/build) by extensions ['ignore', 'ignore_ament_install']
[2.442s] Level 1:colcon.colcon_core.package_identification:_identify(src/build) by extension 'ignore'
[2.443s] Level 1:colcon.colcon_core.package_identification:_identify(src/build) ignored
[2.444s] Level 1:colcon.colcon_core.package_identification:_identify(src/install) by extensions ['ignore', 'ignore_ament_install']
[2.445s] Level 1:colcon.colcon_core.package_identification:_identify(src/install) by extension 'ignore'
[2.445s] Level 1:colcon.colcon_core.package_identification:_identify(src/install) ignored
[2.446s] Level 1:colcon.colcon_core.package_identification:_identify(src/log) by extensions ['ignore', 'ignore_ament_install']
[2.447s] Level 1:colcon.colcon_core.package_identification:_identify(src/log) by extension 'ignore'
[2.448s] Level 1:colcon.colcon_core.package_identification:_identify(src/log) ignored
[2.449s] Level 1:colcon.colcon_core.package_identification:_identify(src/sensors) by extensions ['ignore', 'ignore_ament_install']
[2.449s] Level 1:colcon.colcon_core.package_identification:_identify(src/sensors) by extension 'ignore'
[2.450s] Level 1:colcon.colcon_core.package_identification:_identify(src/sensors) by extension 'ignore_ament_install'
[2.451s] Level 1:colcon.colcon_core.package_identification:_identify(src/sensors) by extensions ['colcon_pkg']
[2.451s] Level 1:colcon.colcon_core.package_identification:_identify(src/sensors) by extension 'colcon_pkg'
[2.452s] Level 1:colcon.colcon_core.package_identification:_identify(src/sensors) by extensions ['colcon_meta']
[2.452s] Level 1:colcon.colcon_core.package_identification:_identify(src/sensors) by extension 'colcon_meta'
[2.452s] Level 1:colcon.colcon_core.package_identification:_identify(src/sensors) by extensions ['ros']
[2.453s] Level 1:colcon.colcon_core.package_identification:_identify(src/sensors) by extension 'ros'
[2.471s] DEBUG:colcon.colcon_core.package_identification:Package 'src/sensors' with type 'ros.ament_python' and name 'sensors'
[2.472s] Level 1:colcon.colcon_core.package_discovery:discover_packages(recursive) using defaults
[2.472s] Level 1:colcon.colcon_core.package_discovery:discover_packages(ignore) discover
[2.473s] Level 1:colcon.colcon_core.package_discovery:discover_packages(ignore) using defaults
[2.473s] Level 1:colcon.colcon_core.package_discovery:discover_packages(path) discover
[2.473s] Level 1:colcon.colcon_core.package_discovery:discover_packages(path) using defaults
[2.624s] Level 5:colcon.colcon_core.verb:set package 'sensors' build argument 'cmake_args' from command line to 'None'
[2.625s] Level 5:colcon.colcon_core.verb:set package 'sensors' build argument 'cmake_target' from command line to 'None'
[2.625s] Level 5:colcon.colcon_core.verb:set package 'sensors' build argument 'cmake_target_skip_unavailable' from command line to 'False'
[2.626s] Level 5:colcon.colcon_core.verb:set package 'sensors' build argument 'cmake_clean_cache' from command line to 'False'
[2.626s] Level 5:colcon.colcon_core.verb:set package 'sensors' build argument 'cmake_clean_first' from command line to 'False'
[2.626s] Level 5:colcon.colcon_core.verb:set package 'sensors' build argument 'cmake_force_configure' from command line to 'False'
[2.627s] Level 5:colcon.colcon_core.verb:set package 'sensors' build argument 'ament_cmake_args' from command line to 'None'
[2.627s] Level 5:colcon.colcon_core.verb:set package 'sensors' build argument 'catkin_cmake_args' from command line to 'None'
[2.627s] Level 5:colcon.colcon_core.verb:set package 'sensors' build argument 'catkin_skip_building_tests' from command line to 'False'
[2.628s] DEBUG:colcon.colcon_core.verb:Building package 'sensors' with the following arguments: {'ament_cmake_args': None, 'build_base': '/home/ubuntu/virtualttbot/workspace/build/sensors', 'catkin_cmake_args': None, 'catkin_skip_building_tests': False, 'cmake_args': None, 'cmake_clean_cache': False, 'cmake_clean_first': False, 'cmake_force_configure': False, 'cmake_target': None, 'cmake_target_skip_unavailable': False, 'install_base': '/home/ubuntu/virtualttbot/workspace/install/sensors', 'merge_install': False, 'path': '/home/ubuntu/virtualttbot/workspace/src/sensors', 'symlink_install': False, 'test_result_base': None}
[2.630s] INFO:colcon.colcon_core.executor:Executing jobs using 'parallel' executor
[2.643s] DEBUG:colcon.colcon_parallel_executor.executor.parallel:run_until_complete
[2.645s] INFO:colcon.colcon_ros.task.ament_python.build:Building ROS package in '/home/ubuntu/virtualttbot/workspace/src/sensors' with build type 'ament_python'
[2.646s] Level 1:colcon.colcon_core.shell:create_environment_hook('sensors', 'ament_prefix_path')
[2.674s] INFO:colcon.colcon_core.plugin_system:Skipping extension 'colcon_core.shell.bat': Not used on non-Windows systems
[2.676s] INFO:colcon.colcon_core.shell:Creating environment hook '/home/ubuntu/virtualttbot/workspace/install/sensors/share/sensors/hook/ament_prefix_path.ps1'
[2.681s] INFO:colcon.colcon_core.shell:Creating environment descriptor '/home/ubuntu/virtualttbot/workspace/install/sensors/share/sensors/hook/ament_prefix_path.dsv'
[2.685s] INFO:colcon.colcon_core.shell:Creating environment hook '/home/ubuntu/virtualttbot/workspace/install/sensors/share/sensors/hook/ament_prefix_path.sh'
[2.694s] INFO:colcon.colcon_core.shell:Skip shell extension 'powershell' for command environment: Not usable outside of PowerShell
[2.695s] DEBUG:colcon.colcon_core.shell:Skip shell extension 'dsv' for command environment
[2.719s] DEBUG:colcon.colcon_core.shell:Ignoring prefix path '/opt/ros/foxy'
[4.459s] INFO:colcon.colcon_core.task.python.build:Building Python package in '/home/ubuntu/virtualttbot/workspace/src/sensors'
[4.463s] INFO:colcon.colcon_core.shell:Skip shell extension 'powershell' for command environment: Not usable outside of PowerShell
[4.464s] DEBUG:colcon.colcon_core.shell:Skip shell extension 'dsv' for command environment
[4.484s] DEBUG:colcon.colcon_core.shell:Ignoring prefix path '/opt/ros/foxy'
[4.524s] DEBUG:colcon.colcon_core.event_handler.log_command:Invoking command in '/home/ubuntu/virtualttbot/workspace/src/sensors': PYTHONPATH=/home/ubuntu/virtualttbot/workspace/install/sensors/lib/python3.8/site-packages:${PYTHONPATH} /usr/bin/python3 setup.py egg_info --egg-base ../../build/sensors build --build-base /home/ubuntu/virtualttbot/workspace/build/sensors/build install --prefix /home/ubuntu/virtualttbot/workspace/install/sensors --record /home/ubuntu/virtualttbot/workspace/build/sensors/install.log --single-version-externally-managed
[6.792s] DEBUG:colcon.colcon_core.event_handler.log_command:Invoked command in '/home/ubuntu/virtualttbot/workspace/src/sensors' returned '0': PYTHONPATH=/home/ubuntu/virtualttbot/workspace/install/sensors/lib/python3.8/site-packages:${PYTHONPATH} /usr/bin/python3 setup.py egg_info --egg-base ../../build/sensors build --build-base /home/ubuntu/virtualttbot/workspace/build/sensors/build install --prefix /home/ubuntu/virtualttbot/workspace/install/sensors --record /home/ubuntu/virtualttbot/workspace/build/sensors/install.log --single-version-externally-managed
[6.817s] Level 1:colcon.colcon_core.environment:checking '/home/ubuntu/virtualttbot/workspace/install/sensors' for CMake module files
[6.822s] Level 1:colcon.colcon_core.environment:checking '/home/ubuntu/virtualttbot/workspace/install/sensors' for CMake config files
[6.829s] Level 1:colcon.colcon_core.environment:checking '/home/ubuntu/virtualttbot/workspace/install/sensors/lib'
[6.830s] Level 1:colcon.colcon_core.environment:checking '/home/ubuntu/virtualttbot/workspace/install/sensors/bin'
[6.831s] Level 1:colcon.colcon_core.environment:checking '/home/ubuntu/virtualttbot/workspace/install/sensors/lib/pkgconfig/sensors.pc'
[6.832s] Level 1:colcon.colcon_core.environment:checking '/home/ubuntu/virtualttbot/workspace/install/sensors/lib/python3.8/site-packages'
[6.832s] Level 1:colcon.colcon_core.shell:create_environment_hook('sensors', 'pythonpath')
[6.837s] INFO:colcon.colcon_core.shell:Creating environment hook '/home/ubuntu/virtualttbot/workspace/install/sensors/share/sensors/hook/pythonpath.ps1'
[6.841s] INFO:colcon.colcon_core.shell:Creating environment descriptor '/home/ubuntu/virtualttbot/workspace/install/sensors/share/sensors/hook/pythonpath.dsv'
[6.844s] INFO:colcon.colcon_core.shell:Creating environment hook '/home/ubuntu/virtualttbot/workspace/install/sensors/share/sensors/hook/pythonpath.sh'
[6.848s] Level 1:colcon.colcon_core.environment:create_environment_scripts_only(sensors)
[6.853s] INFO:colcon.colcon_core.shell:Creating package script '/home/ubuntu/virtualttbot/workspace/install/sensors/share/sensors/package.ps1'
[6.859s] INFO:colcon.colcon_core.shell:Creating package descriptor '/home/ubuntu/virtualttbot/workspace/install/sensors/share/sensors/package.dsv'
[6.864s] INFO:colcon.colcon_core.shell:Creating package script '/home/ubuntu/virtualttbot/workspace/install/sensors/share/sensors/package.sh'
[6.871s] INFO:colcon.colcon_core.shell:Creating package script '/home/ubuntu/virtualttbot/workspace/install/sensors/share/sensors/package.bash'
[6.877s] INFO:colcon.colcon_core.shell:Creating package script '/home/ubuntu/virtualttbot/workspace/install/sensors/share/sensors/package.zsh'
[6.883s] Level 1:colcon.colcon_core.environment:create_file_with_runtime_dependencies(/home/ubuntu/virtualttbot/workspace/install/sensors/share/colcon-core/packages/sensors)
[6.886s] DEBUG:colcon.colcon_parallel_executor.executor.parallel:closing loop
[6.888s] DEBUG:colcon.colcon_parallel_executor.executor.parallel:loop closed
[6.889s] DEBUG:colcon.colcon_parallel_executor.executor.parallel:run_until_complete finished with '0'
[6.890s] DEBUG:colcon.colcon_core.event_reactor:joining thread
[6.935s] INFO:colcon.colcon_core.plugin_system:Skipping extension 'colcon_notification.desktop_notification.notify_send': Could not find 'notify-send'
[6.936s] INFO:colcon.colcon_core.plugin_system:Skipping extension 'colcon_notification.desktop_notification.terminal_notifier': Not used on non-Darwin systems
[6.937s] INFO:colcon.colcon_core.plugin_system:Skipping extension 'colcon_notification.desktop_notification.win32': Not used on non-Windows systems
[6.937s] INFO:colcon.colcon_notification.desktop_notification:Sending desktop notification using 'notify2'
[6.941s] DEBUG:colcon.colcon_notification.desktop_notification.notify2:Failed to initialize notify2: org.freedesktop.DBus.Error.ServiceUnknown: The name org.freedesktop.Notifications was not provided by any .service files
[6.942s] DEBUG:colcon.colcon_core.event_reactor:joined thread
[6.946s] INFO:colcon.colcon_core.shell:Creating prefix script '/home/ubuntu/virtualttbot/workspace/install/local_setup.ps1'
[6.953s] INFO:colcon.colcon_core.shell:Creating prefix util module '/home/ubuntu/virtualttbot/workspace/install/_local_setup_util_ps1.py'
[6.963s] INFO:colcon.colcon_core.shell:Creating prefix chain script '/home/ubuntu/virtualttbot/workspace/install/setup.ps1'
[6.982s] INFO:colcon.colcon_core.shell:Creating prefix script '/home/ubuntu/virtualttbot/workspace/install/local_setup.sh'
[6.987s] INFO:colcon.colcon_core.shell:Creating prefix util module '/home/ubuntu/virtualttbot/workspace/install/_local_setup_util_sh.py'
[6.991s] INFO:colcon.colcon_core.shell:Creating prefix chain script '/home/ubuntu/virtualttbot/workspace/install/setup.sh'
[7.010s] INFO:colcon.colcon_core.shell:Creating prefix script '/home/ubuntu/virtualttbot/workspace/install/local_setup.bash'
[7.014s] INFO:colcon.colcon_core.shell:Creating prefix chain script '/home/ubuntu/virtualttbot/workspace/install/setup.bash'
[7.032s] INFO:colcon.colcon_core.shell:Creating prefix script '/home/ubuntu/virtualttbot/workspace/install/local_setup.zsh'
[7.036s] INFO:colcon.colcon_core.shell:Creating prefix chain script '/home/ubuntu/virtualttbot/workspace/install/setup.zsh'
