[1.956s] DEBUG:colcon:Command line arguments: ['/usr/bin/colcon', 'build']
[1.956s] DEBUG:colcon:Parsed command line arguments: Namespace(allow_overriding=[], ament_cmake_args=None, base_paths=['.'], build_base='build', catkin_cmake_args=None, catkin_skip_building_tests=False, cmake_args=None, cmake_clean_cache=False, cmake_clean_first=False, cmake_force_configure=False, cmake_target=None, cmake_target_skip_unavailable=False, continue_on_error=False, event_handlers=None, executor='parallel', ignore_user_meta=False, install_base='install', log_base=None, log_level=None, main=<bound method BuildVerb.main of <colcon_core.verb.build.BuildVerb object at 0x7986103d9c70>>, merge_install=False, metas=['./colcon.meta'], packages_above=None, packages_above_and_dependencies=None, packages_above_depth=None, packages_end=None, packages_ignore=None, packages_ignore_regex=None, packages_select=None, packages_select_build_failed=False, packages_select_by_dep=None, packages_select_regex=None, packages_select_test_failures=False, packages_skip=None, packages_skip_build_finished=False, packages_skip_by_dep=None, packages_skip_regex=None, packages_skip_test_passed=False, packages_skip_up_to=None, packages_start=None, packages_up_to=None, packages_up_to_regex=None, parallel_workers=16, paths=None, symlink_install=False, test_result_base=None, verb_extension=<colcon_core.verb.build.BuildVerb object at 0x7986103d9c70>, verb_name='build', verb_parser=<colcon_defaults.argument_parser.defaults.DefaultArgumentsDecorator object at 0x7986103bb1c0>)
[2.039s] Level 1:colcon.colcon_core.package_discovery:discover_packages(colcon_meta) check parameters
[2.039s] Level 1:colcon.colcon_core.package_discovery:discover_packages(recursive) check parameters
[2.039s] Level 1:colcon.colcon_core.package_discovery:discover_packages(ignore) check parameters
[2.039s] Level 1:colcon.colcon_core.package_discovery:discover_packages(path) check parameters
[2.039s] Level 1:colcon.colcon_core.package_discovery:discover_packages(colcon_meta) discover
[2.039s] Level 1:colcon.colcon_core.package_discovery:discover_packages(recursive) discover
[2.039s] INFO:colcon.colcon_core.package_discovery:Crawling recursively for packages in '/root/virtualttbot/workspace/src'
[2.040s] Level 1:colcon.colcon_core.package_identification:_identify(.) by extensions ['ignore', 'ignore_ament_install']
[2.040s] Level 1:colcon.colcon_core.package_identification:_identify(.) by extension 'ignore'
[2.040s] Level 1:colcon.colcon_core.package_identification:_identify(.) by extension 'ignore_ament_install'
[2.040s] Level 1:colcon.colcon_core.package_identification:_identify(.) by extensions ['colcon_pkg']
[2.040s] Level 1:colcon.colcon_core.package_identification:_identify(.) by extension 'colcon_pkg'
[2.040s] Level 1:colcon.colcon_core.package_identification:_identify(.) by extensions ['colcon_meta']
[2.040s] Level 1:colcon.colcon_core.package_identification:_identify(.) by extension 'colcon_meta'
[2.040s] Level 1:colcon.colcon_core.package_identification:_identify(.) by extensions ['ros']
[2.040s] Level 1:colcon.colcon_core.package_identification:_identify(.) by extension 'ros'
[2.045s] Level 1:colcon.colcon_core.package_identification:_identify(.) by extensions ['cmake', 'python']
[2.045s] Level 1:colcon.colcon_core.package_identification:_identify(.) by extension 'cmake'
[2.045s] Level 1:colcon.colcon_core.package_identification:_identify(.) by extension 'python'
[2.045s] Level 1:colcon.colcon_core.package_identification:_identify(.) by extensions ['python_setup_py']
[2.045s] Level 1:colcon.colcon_core.package_identification:_identify(.) by extension 'python_setup_py'
[2.045s] Level 1:colcon.colcon_core.package_identification:_identify(build) by extensions ['ignore', 'ignore_ament_install']
[2.045s] Level 1:colcon.colcon_core.package_identification:_identify(build) by extension 'ignore'
[2.045s] Level 1:colcon.colcon_core.package_identification:_identify(build) ignored
[2.045s] Level 1:colcon.colcon_core.package_identification:_identify(install) by extensions ['ignore', 'ignore_ament_install']
[2.045s] Level 1:colcon.colcon_core.package_identification:_identify(install) by extension 'ignore'
[2.045s] Level 1:colcon.colcon_core.package_identification:_identify(install) ignored
[2.045s] Level 1:colcon.colcon_core.package_identification:_identify(log) by extensions ['ignore', 'ignore_ament_install']
[2.045s] Level 1:colcon.colcon_core.package_identification:_identify(log) by extension 'ignore'
[2.045s] Level 1:colcon.colcon_core.package_identification:_identify(log) ignored
[2.045s] Level 1:colcon.colcon_core.package_identification:_identify(sensors) by extensions ['ignore', 'ignore_ament_install']
[2.045s] Level 1:colcon.colcon_core.package_identification:_identify(sensors) by extension 'ignore'
[2.045s] Level 1:colcon.colcon_core.package_identification:_identify(sensors) by extension 'ignore_ament_install'
[2.045s] Level 1:colcon.colcon_core.package_identification:_identify(sensors) by extensions ['colcon_pkg']
[2.045s] Level 1:colcon.colcon_core.package_identification:_identify(sensors) by extension 'colcon_pkg'
[2.045s] Level 1:colcon.colcon_core.package_identification:_identify(sensors) by extensions ['colcon_meta']
[2.046s] Level 1:colcon.colcon_core.package_identification:_identify(sensors) by extension 'colcon_meta'
[2.046s] Level 1:colcon.colcon_core.package_identification:_identify(sensors) by extensions ['ros']
[2.046s] Level 1:colcon.colcon_core.package_identification:_identify(sensors) by extension 'ros'
[2.047s] DEBUG:colcon.colcon_core.package_identification:Package 'sensors' with type 'ros.ament_python' and name 'sensors'
[2.047s] Level 1:colcon.colcon_core.package_discovery:discover_packages(recursive) using defaults
[2.047s] Level 1:colcon.colcon_core.package_discovery:discover_packages(ignore) discover
[2.047s] Level 1:colcon.colcon_core.package_discovery:discover_packages(ignore) using defaults
[2.047s] Level 1:colcon.colcon_core.package_discovery:discover_packages(path) discover
[2.047s] Level 1:colcon.colcon_core.package_discovery:discover_packages(path) using defaults
[2.226s] Level 1:colcon.colcon_core.package_discovery:discover_packages(prefix_path) check parameters
[2.227s] Level 1:colcon.colcon_core.package_discovery:discover_packages(prefix_path) discover
[2.295s] DEBUG:colcon.colcon_installed_package_information.package_discovery:Found 1 installed packages in /root/virtualttbot/workspace/src/install
[2.330s] DEBUG:colcon.colcon_installed_package_information.package_discovery:Found 0 installed packages in /root/virtualttbot/workspace/src/sensors/sensors/install
[2.364s] DEBUG:colcon.colcon_installed_package_information.package_discovery:Found 1 installed packages in /root/virtualttbot/workspace/install
[2.398s] DEBUG:colcon.colcon_installed_package_information.package_discovery:Found 1 installed packages in /root/virtualttbot/workspace/src/sensors/install
[2.434s] DEBUG:colcon.colcon_installed_package_information.package_discovery:Found 0 installed packages in /root/colcon_ws/install
[2.469s] DEBUG:colcon.colcon_installed_package_information.package_discovery:Found 335 installed packages in /opt/ros/foxy
[2.470s] Level 1:colcon.colcon_core.package_discovery:discover_packages(prefix_path) using defaults
[2.576s] Level 5:colcon.colcon_core.verb:set package 'sensors' build argument 'cmake_args' from command line to 'None'
[2.577s] Level 5:colcon.colcon_core.verb:set package 'sensors' build argument 'cmake_target' from command line to 'None'
[2.577s] Level 5:colcon.colcon_core.verb:set package 'sensors' build argument 'cmake_target_skip_unavailable' from command line to 'False'
[2.577s] Level 5:colcon.colcon_core.verb:set package 'sensors' build argument 'cmake_clean_cache' from command line to 'False'
[2.577s] Level 5:colcon.colcon_core.verb:set package 'sensors' build argument 'cmake_clean_first' from command line to 'False'
[2.577s] Level 5:colcon.colcon_core.verb:set package 'sensors' build argument 'cmake_force_configure' from command line to 'False'
[2.577s] Level 5:colcon.colcon_core.verb:set package 'sensors' build argument 'ament_cmake_args' from command line to 'None'
[2.577s] Level 5:colcon.colcon_core.verb:set package 'sensors' build argument 'catkin_cmake_args' from command line to 'None'
[2.577s] Level 5:colcon.colcon_core.verb:set package 'sensors' build argument 'catkin_skip_building_tests' from command line to 'False'
[2.577s] DEBUG:colcon.colcon_core.verb:Building package 'sensors' with the following arguments: {'ament_cmake_args': None, 'build_base': '/root/virtualttbot/workspace/src/build/sensors', 'catkin_cmake_args': None, 'catkin_skip_building_tests': False, 'cmake_args': None, 'cmake_clean_cache': False, 'cmake_clean_first': False, 'cmake_force_configure': False, 'cmake_target': None, 'cmake_target_skip_unavailable': False, 'install_base': '/root/virtualttbot/workspace/src/install/sensors', 'merge_install': False, 'path': '/root/virtualttbot/workspace/src/sensors', 'symlink_install': False, 'test_result_base': None}
[2.610s] INFO:colcon.colcon_core.executor:Executing jobs using 'parallel' executor
[2.645s] DEBUG:colcon.colcon_parallel_executor.executor.parallel:run_until_complete
[2.645s] INFO:colcon.colcon_ros.task.ament_python.build:Building ROS package in '/root/virtualttbot/workspace/src/sensors' with build type 'ament_python'
[2.645s] Level 1:colcon.colcon_core.shell:create_environment_hook('sensors', 'ament_prefix_path')
[2.681s] INFO:colcon.colcon_core.plugin_system:Skipping extension 'colcon_core.shell.bat': Not used on non-Windows systems
[2.681s] INFO:colcon.colcon_core.shell:Creating environment hook '/root/virtualttbot/workspace/src/install/sensors/share/sensors/hook/ament_prefix_path.ps1'
[2.681s] INFO:colcon.colcon_core.shell:Creating environment descriptor '/root/virtualttbot/workspace/src/install/sensors/share/sensors/hook/ament_prefix_path.dsv'
[2.681s] INFO:colcon.colcon_core.shell:Creating environment hook '/root/virtualttbot/workspace/src/install/sensors/share/sensors/hook/ament_prefix_path.sh'
[2.716s] INFO:colcon.colcon_core.shell:Skip shell extension 'powershell' for command environment: Not usable outside of PowerShell
[2.716s] DEBUG:colcon.colcon_core.shell:Skip shell extension 'dsv' for command environment
[3.070s] INFO:colcon.colcon_core.task.python.build:Building Python package in '/root/virtualttbot/workspace/src/sensors'
[3.105s] INFO:colcon.colcon_core.shell:Skip shell extension 'powershell' for command environment: Not usable outside of PowerShell
[3.105s] DEBUG:colcon.colcon_core.shell:Skip shell extension 'dsv' for command environment
[3.542s] DEBUG:colcon.colcon_core.event_handler.log_command:Invoking command in '/root/virtualttbot/workspace/src/sensors': PYTHONPATH=/root/virtualttbot/workspace/src/build/sensors/prefix_override:/root/virtualttbot/workspace/src/install/sensors/lib/python3.8/site-packages:${PYTHONPATH} /usr/bin/python3 setup.py egg_info --egg-base ../build/sensors build --build-base /root/virtualttbot/workspace/src/build/sensors/build install --record /root/virtualttbot/workspace/src/build/sensors/install.log --install-scripts $base/lib/sensors --single-version-externally-managed
[3.678s] DEBUG:colcon.colcon_core.event_handler.log_command:Invoked command in '/root/virtualttbot/workspace/src/sensors' returned '0': PYTHONPATH=/root/virtualttbot/workspace/src/build/sensors/prefix_override:/root/virtualttbot/workspace/src/install/sensors/lib/python3.8/site-packages:${PYTHONPATH} /usr/bin/python3 setup.py egg_info --egg-base ../build/sensors build --build-base /root/virtualttbot/workspace/src/build/sensors/build install --record /root/virtualttbot/workspace/src/build/sensors/install.log --install-scripts $base/lib/sensors --single-version-externally-managed
[3.716s] Level 1:colcon.colcon_core.environment:checking '/root/virtualttbot/workspace/src/install/sensors' for CMake module files
[3.716s] Level 1:colcon.colcon_core.environment:checking '/root/virtualttbot/workspace/src/install/sensors' for CMake config files
[3.716s] Level 1:colcon.colcon_core.environment:checking '/root/virtualttbot/workspace/src/install/sensors/lib'
[3.716s] Level 1:colcon.colcon_core.environment:checking '/root/virtualttbot/workspace/src/install/sensors/bin'
[3.716s] Level 1:colcon.colcon_core.environment:checking '/root/virtualttbot/workspace/src/install/sensors/lib/pkgconfig/sensors.pc'
[3.717s] Level 1:colcon.colcon_core.environment:checking '/root/virtualttbot/workspace/src/install/sensors/lib/python3.8/site-packages'
[3.717s] Level 1:colcon.colcon_core.shell:create_environment_hook('sensors', 'pythonpath')
[3.753s] INFO:colcon.colcon_core.shell:Creating environment hook '/root/virtualttbot/workspace/src/install/sensors/share/sensors/hook/pythonpath.ps1'
[3.753s] INFO:colcon.colcon_core.shell:Creating environment descriptor '/root/virtualttbot/workspace/src/install/sensors/share/sensors/hook/pythonpath.dsv'
[3.753s] INFO:colcon.colcon_core.shell:Creating environment hook '/root/virtualttbot/workspace/src/install/sensors/share/sensors/hook/pythonpath.sh'
[3.753s] Level 1:colcon.colcon_core.environment:checking '/root/virtualttbot/workspace/src/install/sensors/bin'
[3.753s] Level 1:colcon.colcon_core.environment:create_environment_scripts_only(sensors)
[3.790s] INFO:colcon.colcon_core.shell:Creating package script '/root/virtualttbot/workspace/src/install/sensors/share/sensors/package.ps1'
[3.790s] INFO:colcon.colcon_core.shell:Creating package descriptor '/root/virtualttbot/workspace/src/install/sensors/share/sensors/package.dsv'
[3.790s] INFO:colcon.colcon_core.shell:Creating package script '/root/virtualttbot/workspace/src/install/sensors/share/sensors/package.sh'
[3.791s] INFO:colcon.colcon_core.shell:Creating package script '/root/virtualttbot/workspace/src/install/sensors/share/sensors/package.bash'
[3.791s] INFO:colcon.colcon_core.shell:Creating package script '/root/virtualttbot/workspace/src/install/sensors/share/sensors/package.zsh'
[3.791s] Level 1:colcon.colcon_core.environment:create_file_with_runtime_dependencies(/root/virtualttbot/workspace/src/install/sensors/share/colcon-core/packages/sensors)
[3.792s] DEBUG:colcon.colcon_parallel_executor.executor.parallel:closing loop
[3.792s] DEBUG:colcon.colcon_parallel_executor.executor.parallel:loop closed
[3.792s] DEBUG:colcon.colcon_parallel_executor.executor.parallel:run_until_complete finished with '0'
[3.792s] DEBUG:colcon.colcon_core.event_reactor:joining thread
[3.832s] INFO:colcon.colcon_core.plugin_system:Skipping extension 'colcon_notification.desktop_notification.notify_send': Could not find 'notify-send'
[3.832s] INFO:colcon.colcon_core.plugin_system:Skipping extension 'colcon_notification.desktop_notification.terminal_notifier': Not used on non-Darwin systems
[3.832s] INFO:colcon.colcon_core.plugin_system:Skipping extension 'colcon_notification.desktop_notification.win32': Not used on non-Windows systems
[3.832s] INFO:colcon.colcon_notification.desktop_notification:Sending desktop notification using 'notify2'
[3.836s] DEBUG:colcon.colcon_notification.desktop_notification.notify2:Failed to initialize notify2: org.freedesktop.DBus.Error.ServiceUnknown: The name org.freedesktop.Notifications was not provided by any .service files
[3.837s] DEBUG:colcon.colcon_core.event_reactor:joined thread
[3.873s] INFO:colcon.colcon_core.shell:Creating prefix script '/root/virtualttbot/workspace/src/install/local_setup.ps1'
[3.874s] INFO:colcon.colcon_core.shell:Creating prefix util module '/root/virtualttbot/workspace/src/install/_local_setup_util_ps1.py'
[3.874s] INFO:colcon.colcon_core.shell:Creating prefix chain script '/root/virtualttbot/workspace/src/install/setup.ps1'
[3.910s] INFO:colcon.colcon_core.shell:Creating prefix script '/root/virtualttbot/workspace/src/install/local_setup.sh'
[3.910s] INFO:colcon.colcon_core.shell:Creating prefix util module '/root/virtualttbot/workspace/src/install/_local_setup_util_sh.py'
[3.911s] INFO:colcon.colcon_core.shell:Creating prefix chain script '/root/virtualttbot/workspace/src/install/setup.sh'
[3.954s] INFO:colcon.colcon_core.shell:Creating prefix script '/root/virtualttbot/workspace/src/install/local_setup.bash'
[3.954s] INFO:colcon.colcon_core.shell:Creating prefix chain script '/root/virtualttbot/workspace/src/install/setup.bash'
[3.989s] INFO:colcon.colcon_core.shell:Creating prefix script '/root/virtualttbot/workspace/src/install/local_setup.zsh'
[3.989s] INFO:colcon.colcon_core.shell:Creating prefix chain script '/root/virtualttbot/workspace/src/install/setup.zsh'
