[9.311s] Invoking command in '/home/ubuntu/nlnt_workspace/virtualttbot/workspace/src/sensors': PYTHONPATH=/home/ubuntu/nlnt_workspace/virtualttbot/workspace/build/sensors/prefix_override:/home/ubuntu/nlnt_workspace/virtualttbot/workspace/install/sensors/lib/python3.8/site-packages:${PYTHONPATH} /usr/bin/python3 setup.py egg_info --egg-base ../../build/sensors build --build-base /home/ubuntu/nlnt_workspace/virtualttbot/workspace/build/sensors/build install --record /home/ubuntu/nlnt_workspace/virtualttbot/workspace/build/sensors/install.log --install-scripts $base/lib/sensors --single-version-externally-managed
[11.592s] running egg_info
[11.599s] writing ../../build/sensors/sensors.egg-info/PKG-INFO
[11.601s] writing dependency_links to ../../build/sensors/sensors.egg-info/dependency_links.txt
[11.606s] writing entry points to ../../build/sensors/sensors.egg-info/entry_points.txt
[11.608s] writing requirements to ../../build/sensors/sensors.egg-info/requires.txt
[11.610s] writing top-level names to ../../build/sensors/sensors.egg-info/top_level.txt
[11.997s] reading manifest file '../../build/sensors/sensors.egg-info/SOURCES.txt'
[12.010s] writing manifest file '../../build/sensors/sensors.egg-info/SOURCES.txt'
[12.011s] running build
[12.012s] running build_py
[12.014s] copying sensors/message_receive_test.py -> /home/ubuntu/nlnt_workspace/virtualttbot/workspace/build/sensors/build/lib/sensors
[12.017s] running install
[12.024s] running install_lib
[12.041s] copying /home/ubuntu/nlnt_workspace/virtualttbot/workspace/build/sensors/build/lib/sensors/message_receive_test.py -> /home/ubuntu/nlnt_workspace/virtualttbot/workspace/install/sensors/lib/python3.8/site-packages/sensors
[12.051s] byte-compiling /home/ubuntu/nlnt_workspace/virtualttbot/workspace/install/sensors/lib/python3.8/site-packages/sensors/message_receive_test.py to message_receive_test.cpython-38.pyc
[12.067s] running install_data
[12.073s] running install_egg_info
[12.089s] removing '/home/ubuntu/nlnt_workspace/virtualttbot/workspace/install/sensors/lib/python3.8/site-packages/sensors-0.0.1-py3.8.egg-info' (and everything under it)
[12.092s] Copying ../../build/sensors/sensors.egg-info to /home/ubuntu/nlnt_workspace/virtualttbot/workspace/install/sensors/lib/python3.8/site-packages/sensors-0.0.1-py3.8.egg-info
[12.109s] running install_scripts
[12.313s] Installing mess_test script to /home/ubuntu/nlnt_workspace/virtualttbot/workspace/install/sensors/lib/sensors
[12.315s] Installing sensors script to /home/ubuntu/nlnt_workspace/virtualttbot/workspace/install/sensors/lib/sensors
[12.317s] Installing timer_node script to /home/ubuntu/nlnt_workspace/virtualttbot/workspace/install/sensors/lib/sensors
[12.322s] writing list of installed files to '/home/ubuntu/nlnt_workspace/virtualttbot/workspace/build/sensors/install.log'
[12.527s] Invoked command in '/home/ubuntu/nlnt_workspace/virtualttbot/workspace/src/sensors' returned '0': PYTHONPATH=/home/ubuntu/nlnt_workspace/virtualttbot/workspace/build/sensors/prefix_override:/home/ubuntu/nlnt_workspace/virtualttbot/workspace/install/sensors/lib/python3.8/site-packages:${PYTHONPATH} /usr/bin/python3 setup.py egg_info --egg-base ../../build/sensors build --build-base /home/ubuntu/nlnt_workspace/virtualttbot/workspace/build/sensors/build install --record /home/ubuntu/nlnt_workspace/virtualttbot/workspace/build/sensors/install.log --install-scripts $base/lib/sensors --single-version-externally-managed
