[0.847s] Invoking command in '/root/virtualttbot/workspace/src/sensors': PYTHONPATH=/root/virtualttbot/workspace/src/build/sensors/prefix_override:/root/virtualttbot/workspace/src/install/sensors/lib/python3.8/site-packages:${PYTHONPATH} /usr/bin/python3 setup.py egg_info --egg-base ../build/sensors build --build-base /root/virtualttbot/workspace/src/build/sensors/build install --record /root/virtualttbot/workspace/src/build/sensors/install.log --install-scripts $base/lib/sensors --single-version-externally-managed
[0.941s] running egg_info
[0.941s] writing ../build/sensors/sensors.egg-info/PKG-INFO
[0.941s] writing dependency_links to ../build/sensors/sensors.egg-info/dependency_links.txt
[0.941s] writing entry points to ../build/sensors/sensors.egg-info/entry_points.txt
[0.941s] writing requirements to ../build/sensors/sensors.egg-info/requires.txt
[0.941s] writing top-level names to ../build/sensors/sensors.egg-info/top_level.txt
[0.956s] reading manifest file '../build/sensors/sensors.egg-info/SOURCES.txt'
[0.957s] writing manifest file '../build/sensors/sensors.egg-info/SOURCES.txt'
[0.957s] running build
[0.957s] running build_py
[0.957s] copying sensors/level_test.py -> /root/virtualttbot/workspace/src/build/sensors/build/lib/sensors
[0.957s] copying sensors/inference_prog.py -> /root/virtualttbot/workspace/src/build/sensors/build/lib/sensors
[0.957s] copying sensors/capstone.py -> /root/virtualttbot/workspace/src/build/sensors/build/lib/sensors
[0.957s] copying sensors/data_receiver_pygame.py -> /root/virtualttbot/workspace/src/build/sensors/build/lib/sensors
[0.957s] copying sensors/nlnt-nl-augment.py -> /root/virtualttbot/workspace/src/build/sensors/build/lib/sensors
[0.957s] copying sensors/TwistedKNetwork.py -> /root/virtualttbot/workspace/src/build/sensors/build/lib/sensors
[0.957s] copying sensors/client_test.py -> /root/virtualttbot/workspace/src/build/sensors/build/lib/sensors
[0.958s] copying sensors/server_test.py -> /root/virtualttbot/workspace/src/build/sensors/build/lib/sensors
[0.958s] copying sensors/KNetworking.py -> /root/virtualttbot/workspace/src/build/sensors/build/lib/sensors
[0.958s] running install
[0.958s] running install_lib
[0.959s] copying /root/virtualttbot/workspace/src/build/sensors/build/lib/sensors/data_receiver_pygame.py -> /root/virtualttbot/workspace/src/install/sensors/lib/python3.8/site-packages/sensors
[0.959s] copying /root/virtualttbot/workspace/src/build/sensors/build/lib/sensors/nlnt-nl-augment.py -> /root/virtualttbot/workspace/src/install/sensors/lib/python3.8/site-packages/sensors
[0.959s] copying /root/virtualttbot/workspace/src/build/sensors/build/lib/sensors/TwistedKNetwork.py -> /root/virtualttbot/workspace/src/install/sensors/lib/python3.8/site-packages/sensors
[0.959s] copying /root/virtualttbot/workspace/src/build/sensors/build/lib/sensors/client_test.py -> /root/virtualttbot/workspace/src/install/sensors/lib/python3.8/site-packages/sensors
[0.959s] copying /root/virtualttbot/workspace/src/build/sensors/build/lib/sensors/level_test.py -> /root/virtualttbot/workspace/src/install/sensors/lib/python3.8/site-packages/sensors
[0.959s] copying /root/virtualttbot/workspace/src/build/sensors/build/lib/sensors/server_test.py -> /root/virtualttbot/workspace/src/install/sensors/lib/python3.8/site-packages/sensors
[0.959s] copying /root/virtualttbot/workspace/src/build/sensors/build/lib/sensors/inference_prog.py -> /root/virtualttbot/workspace/src/install/sensors/lib/python3.8/site-packages/sensors
[0.959s] copying /root/virtualttbot/workspace/src/build/sensors/build/lib/sensors/KNetworking.py -> /root/virtualttbot/workspace/src/install/sensors/lib/python3.8/site-packages/sensors
[0.960s] copying /root/virtualttbot/workspace/src/build/sensors/build/lib/sensors/capstone.py -> /root/virtualttbot/workspace/src/install/sensors/lib/python3.8/site-packages/sensors
[0.960s] byte-compiling /root/virtualttbot/workspace/src/install/sensors/lib/python3.8/site-packages/sensors/data_receiver_pygame.py to data_receiver_pygame.cpython-38.pyc
[0.961s] byte-compiling /root/virtualttbot/workspace/src/install/sensors/lib/python3.8/site-packages/sensors/nlnt-nl-augment.py to nlnt-nl-augment.cpython-38.pyc
[0.961s] byte-compiling /root/virtualttbot/workspace/src/install/sensors/lib/python3.8/site-packages/sensors/TwistedKNetwork.py to TwistedKNetwork.cpython-38.pyc
[0.961s] byte-compiling /root/virtualttbot/workspace/src/install/sensors/lib/python3.8/site-packages/sensors/client_test.py to client_test.cpython-38.pyc
[0.962s] byte-compiling /root/virtualttbot/workspace/src/install/sensors/lib/python3.8/site-packages/sensors/level_test.py to level_test.cpython-38.pyc
[0.962s] byte-compiling /root/virtualttbot/workspace/src/install/sensors/lib/python3.8/site-packages/sensors/server_test.py to server_test.cpython-38.pyc
[0.962s] byte-compiling /root/virtualttbot/workspace/src/install/sensors/lib/python3.8/site-packages/sensors/inference_prog.py to inference_prog.cpython-38.pyc
[0.963s] byte-compiling /root/virtualttbot/workspace/src/install/sensors/lib/python3.8/site-packages/sensors/KNetworking.py to KNetworking.cpython-38.pyc
[0.964s] byte-compiling /root/virtualttbot/workspace/src/install/sensors/lib/python3.8/site-packages/sensors/capstone.py to capstone.cpython-38.pyc
[0.965s] running install_data
[0.965s] running install_egg_info
[0.966s] removing '/root/virtualttbot/workspace/src/install/sensors/lib/python3.8/site-packages/sensors-0.0.1-py3.8.egg-info' (and everything under it)
[0.966s] Copying ../build/sensors/sensors.egg-info to /root/virtualttbot/workspace/src/install/sensors/lib/python3.8/site-packages/sensors-0.0.1-py3.8.egg-info
[0.967s] running install_scripts
[0.975s] Installing capstone script to /root/virtualttbot/workspace/src/install/sensors/lib/sensors
[0.975s] Installing sensors script to /root/virtualttbot/workspace/src/install/sensors/lib/sensors
[0.975s] writing list of installed files to '/root/virtualttbot/workspace/src/build/sensors/install.log'
[0.985s] Invoked command in '/root/virtualttbot/workspace/src/sensors' returned '0': PYTHONPATH=/root/virtualttbot/workspace/src/build/sensors/prefix_override:/root/virtualttbot/workspace/src/install/sensors/lib/python3.8/site-packages:${PYTHONPATH} /usr/bin/python3 setup.py egg_info --egg-base ../build/sensors build --build-base /root/virtualttbot/workspace/src/build/sensors/build install --record /root/virtualttbot/workspace/src/build/sensors/install.log --install-scripts $base/lib/sensors --single-version-externally-managed
