[2.628s] Invoking command in '/home/ubuntu/virtualttbot/workspace/src/sensors': PYTHONPATH=/home/ubuntu/virtualttbot/workspace/install/sensors/lib/python3.8/site-packages:${PYTHONPATH} /usr/bin/python3 setup.py egg_info --egg-base ../../build/sensors build --build-base /home/ubuntu/virtualttbot/workspace/build/sensors/build install --prefix /home/ubuntu/virtualttbot/workspace/install/sensors --record /home/ubuntu/virtualttbot/workspace/build/sensors/install.log --single-version-externally-managed
[4.425s] running egg_info
[4.429s] writing ../../build/sensors/sensors.egg-info/PKG-INFO
[4.435s] writing dependency_links to ../../build/sensors/sensors.egg-info/dependency_links.txt
[4.438s] writing entry points to ../../build/sensors/sensors.egg-info/entry_points.txt
[4.441s] writing requirements to ../../build/sensors/sensors.egg-info/requires.txt
[4.443s] writing top-level names to ../../build/sensors/sensors.egg-info/top_level.txt
[4.798s] reading manifest file '../../build/sensors/sensors.egg-info/SOURCES.txt'
[4.808s] writing manifest file '../../build/sensors/sensors.egg-info/SOURCES.txt'
[4.809s] running build
[4.810s] running build_py
[4.817s] copying sensors/capstone.py -> /home/ubuntu/virtualttbot/workspace/build/sensors/build/lib/sensors
[4.822s] running install
[4.829s] running install_lib
[4.843s] copying /home/ubuntu/virtualttbot/workspace/build/sensors/build/lib/sensors/capstone.py -> /home/ubuntu/virtualttbot/workspace/install/sensors/lib/python3.8/site-packages/sensors
[4.852s] byte-compiling /home/ubuntu/virtualttbot/workspace/install/sensors/lib/python3.8/site-packages/sensors/capstone.py to capstone.cpython-38.pyc
[4.881s] running install_data
[4.916s] running install_egg_info
[4.936s] removing '/home/ubuntu/virtualttbot/workspace/install/sensors/lib/python3.8/site-packages/sensors-0.0.1-py3.8.egg-info' (and everything under it)
[4.938s] Copying ../../build/sensors/sensors.egg-info to /home/ubuntu/virtualttbot/workspace/install/sensors/lib/python3.8/site-packages/sensors-0.0.1-py3.8.egg-info
[4.951s] running install_scripts
[5.178s] Installing capstone script to /home/ubuntu/virtualttbot/workspace/install/sensors/lib/sensors
[5.184s] Installing sensors script to /home/ubuntu/virtualttbot/workspace/install/sensors/lib/sensors
[5.188s] writing list of installed files to '/home/ubuntu/virtualttbot/workspace/build/sensors/install.log'
[5.400s] Invoked command in '/home/ubuntu/virtualttbot/workspace/src/sensors' returned '0': PYTHONPATH=/home/ubuntu/virtualttbot/workspace/install/sensors/lib/python3.8/site-packages:${PYTHONPATH} /usr/bin/python3 setup.py egg_info --egg-base ../../build/sensors build --build-base /home/ubuntu/virtualttbot/workspace/build/sensors/build install --prefix /home/ubuntu/virtualttbot/workspace/install/sensors --record /home/ubuntu/virtualttbot/workspace/build/sensors/install.log --single-version-externally-managed
