[1.446s] DEBUG:colcon:Command line arguments: ['/usr/bin/colcon', 'build']
[1.446s] DEBUG:colcon:Parsed command line arguments: Namespace(allow_overriding=[], ament_cmake_args=None, base_paths=['.'], build_base='build', catkin_cmake_args=None, catkin_skip_building_tests=False, cmake_args=None, cmake_clean_cache=False, cmake_clean_first=False, cmake_force_configure=False, cmake_target=None, cmake_target_skip_unavailable=False, continue_on_error=False, event_handlers=None, executor='parallel', ignore_user_meta=False, install_base='install', log_base=None, log_level=None, main=<bound method BuildVerb.main of <colcon_core.verb.build.BuildVerb object at 0x7faafa554400>>, merge_install=False, metas=['./colcon.meta'], packages_above=None, packages_above_and_dependencies=None, packages_above_depth=None, packages_end=None, packages_ignore=None, packages_ignore_regex=None, packages_select=None, packages_select_build_failed=False, packages_select_by_dep=None, packages_select_regex=None, packages_select_test_failures=False, packages_skip=None, packages_skip_build_finished=False, packages_skip_by_dep=None, packages_skip_regex=None, packages_skip_test_passed=False, packages_skip_up_to=None, packages_start=None, packages_up_to=None, packages_up_to_regex=None, parallel_workers=12, paths=None, symlink_install=False, test_result_base=None, verb_extension=<colcon_core.verb.build.BuildVerb object at 0x7faafa554400>, verb_name='build', verb_parser=<colcon_defaults.argument_parser.defaults.DefaultArgumentsDecorator object at 0x7faafa139310>)
[1.507s] Level 1:colcon.colcon_core.package_discovery:discover_packages(colcon_meta) check parameters
[1.507s] Level 1:colcon.colcon_core.package_discovery:discover_packages(recursive) check parameters
[1.507s] Level 1:colcon.colcon_core.package_discovery:discover_packages(ignore) check parameters
[1.507s] Level 1:colcon.colcon_core.package_discovery:discover_packages(path) check parameters
[1.507s] Level 1:colcon.colcon_core.package_discovery:discover_packages(colcon_meta) discover
[1.507s] Level 1:colcon.colcon_core.package_discovery:discover_packages(recursive) discover
[1.507s] INFO:colcon.colcon_core.package_discovery:Crawling recursively for packages in '/home/gabriel/virt_ttb/workspace/src/sensors'
[1.507s] Level 1:colcon.colcon_core.package_identification:_identify(.) by extensions ['ignore', 'ignore_ament_install']
[1.507s] Level 1:colcon.colcon_core.package_identification:_identify(.) by extension 'ignore'
[1.507s] Level 1:colcon.colcon_core.package_identification:_identify(.) by extension 'ignore_ament_install'
[1.508s] Level 1:colcon.colcon_core.package_identification:_identify(.) by extensions ['colcon_pkg']
[1.508s] Level 1:colcon.colcon_core.package_identification:_identify(.) by extension 'colcon_pkg'
[1.508s] Level 1:colcon.colcon_core.package_identification:_identify(.) by extensions ['colcon_meta']
[1.508s] Level 1:colcon.colcon_core.package_identification:_identify(.) by extension 'colcon_meta'
[1.508s] Level 1:colcon.colcon_core.package_identification:_identify(.) by extensions ['ros']
[1.508s] Level 1:colcon.colcon_core.package_identification:_identify(.) by extension 'ros'
[1.517s] DEBUG:colcon.colcon_core.package_identification:Package '.' with type 'ros.ament_python' and name 'sensors'
[1.517s] Level 1:colcon.colcon_core.package_discovery:discover_packages(recursive) using defaults
[1.517s] Level 1:colcon.colcon_core.package_discovery:discover_packages(ignore) discover
[1.517s] Level 1:colcon.colcon_core.package_discovery:discover_packages(ignore) using defaults
[1.517s] Level 1:colcon.colcon_core.package_discovery:discover_packages(path) discover
[1.517s] Level 1:colcon.colcon_core.package_discovery:discover_packages(path) using defaults
[1.661s] Level 1:colcon.colcon_core.package_discovery:discover_packages(prefix_path) check parameters
[1.661s] Level 1:colcon.colcon_core.package_discovery:discover_packages(prefix_path) discover
[1.712s] DEBUG:colcon.colcon_installed_package_information.package_discovery:Found 1 installed packages in /home/gabriel/virt_ttb/workspace/src/sensors/install
[1.734s] DEBUG:colcon.colcon_installed_package_information.package_discovery:Found 0 installed packages in /home/gabriel/colcon_ws/install
[1.759s] DEBUG:colcon.colcon_installed_package_information.package_discovery:Found 335 installed packages in /opt/ros/foxy
[1.760s] Level 1:colcon.colcon_core.package_discovery:discover_packages(prefix_path) using defaults
[1.865s] Level 5:colcon.colcon_core.verb:set package 'sensors' build argument 'cmake_args' from command line to 'None'
[1.865s] Level 5:colcon.colcon_core.verb:set package 'sensors' build argument 'cmake_target' from command line to 'None'
[1.865s] Level 5:colcon.colcon_core.verb:set package 'sensors' build argument 'cmake_target_skip_unavailable' from command line to 'False'
[1.865s] Level 5:colcon.colcon_core.verb:set package 'sensors' build argument 'cmake_clean_cache' from command line to 'False'
[1.865s] Level 5:colcon.colcon_core.verb:set package 'sensors' build argument 'cmake_clean_first' from command line to 'False'
[1.865s] Level 5:colcon.colcon_core.verb:set package 'sensors' build argument 'cmake_force_configure' from command line to 'False'
[1.865s] Level 5:colcon.colcon_core.verb:set package 'sensors' build argument 'ament_cmake_args' from command line to 'None'
[1.865s] Level 5:colcon.colcon_core.verb:set package 'sensors' build argument 'catkin_cmake_args' from command line to 'None'
[1.865s] Level 5:colcon.colcon_core.verb:set package 'sensors' build argument 'catkin_skip_building_tests' from command line to 'False'
[1.865s] DEBUG:colcon.colcon_core.verb:Building package 'sensors' with the following arguments: {'ament_cmake_args': None, 'build_base': '/home/gabriel/virt_ttb/workspace/src/sensors/build/sensors', 'catkin_cmake_args': None, 'catkin_skip_building_tests': False, 'cmake_args': None, 'cmake_clean_cache': False, 'cmake_clean_first': False, 'cmake_force_configure': False, 'cmake_target': None, 'cmake_target_skip_unavailable': False, 'install_base': '/home/gabriel/virt_ttb/workspace/src/sensors/install/sensors', 'merge_install': False, 'path': '/home/gabriel/virt_ttb/workspace/src/sensors', 'symlink_install': False, 'test_result_base': None}
[1.888s] INFO:colcon.colcon_core.executor:Executing jobs using 'parallel' executor
[1.912s] DEBUG:colcon.colcon_parallel_executor.executor.parallel:run_until_complete
[1.912s] INFO:colcon.colcon_ros.task.ament_python.build:Building ROS package in '/home/gabriel/virt_ttb/workspace/src/sensors' with build type 'ament_python'
[1.912s] Level 1:colcon.colcon_core.shell:create_environment_hook('sensors', 'ament_prefix_path')
[1.937s] INFO:colcon.colcon_core.plugin_system:Skipping extension 'colcon_core.shell.bat': Not used on non-Windows systems
[1.937s] INFO:colcon.colcon_core.shell:Creating environment hook '/home/gabriel/virt_ttb/workspace/src/sensors/install/sensors/share/sensors/hook/ament_prefix_path.ps1'
[1.938s] INFO:colcon.colcon_core.shell:Creating environment descriptor '/home/gabriel/virt_ttb/workspace/src/sensors/install/sensors/share/sensors/hook/ament_prefix_path.dsv'
[1.939s] INFO:colcon.colcon_core.shell:Creating environment hook '/home/gabriel/virt_ttb/workspace/src/sensors/install/sensors/share/sensors/hook/ament_prefix_path.sh'
[1.973s] INFO:colcon.colcon_core.shell:Skip shell extension 'powershell' for command environment: Not usable outside of PowerShell
[1.973s] DEBUG:colcon.colcon_core.shell:Skip shell extension 'dsv' for command environment
[2.236s] INFO:colcon.colcon_core.task.python.build:Building Python package in '/home/gabriel/virt_ttb/workspace/src/sensors'
[2.268s] INFO:colcon.colcon_core.shell:Skip shell extension 'powershell' for command environment: Not usable outside of PowerShell
[2.268s] DEBUG:colcon.colcon_core.shell:Skip shell extension 'dsv' for command environment
[2.639s] DEBUG:colcon.colcon_core.event_handler.log_command:Invoking command in '/home/gabriel/virt_ttb/workspace/src/sensors': PYTHONPATH=/home/gabriel/virt_ttb/workspace/src/sensors/build/sensors/prefix_override:/home/gabriel/virt_ttb/workspace/src/sensors/install/sensors/lib/python3.8/site-packages:${PYTHONPATH} /usr/bin/python3 setup.py egg_info --egg-base build/sensors build --build-base /home/gabriel/virt_ttb/workspace/src/sensors/build/sensors/build install --record /home/gabriel/virt_ttb/workspace/src/sensors/build/sensors/install.log --install-scripts $base/lib/sensors --single-version-externally-managed
[2.839s] DEBUG:colcon.colcon_core.event_handler.log_command:Invoked command in '/home/gabriel/virt_ttb/workspace/src/sensors' returned '0': PYTHONPATH=/home/gabriel/virt_ttb/workspace/src/sensors/build/sensors/prefix_override:/home/gabriel/virt_ttb/workspace/src/sensors/install/sensors/lib/python3.8/site-packages:${PYTHONPATH} /usr/bin/python3 setup.py egg_info --egg-base build/sensors build --build-base /home/gabriel/virt_ttb/workspace/src/sensors/build/sensors/build install --record /home/gabriel/virt_ttb/workspace/src/sensors/build/sensors/install.log --install-scripts $base/lib/sensors --single-version-externally-managed
[2.870s] Level 1:colcon.colcon_core.environment:checking '/home/gabriel/virt_ttb/workspace/src/sensors/install/sensors' for CMake module files
[2.871s] Level 1:colcon.colcon_core.environment:checking '/home/gabriel/virt_ttb/workspace/src/sensors/install/sensors' for CMake config files
[2.871s] Level 1:colcon.colcon_core.environment:checking '/home/gabriel/virt_ttb/workspace/src/sensors/install/sensors/lib'
[2.871s] Level 1:colcon.colcon_core.environment:checking '/home/gabriel/virt_ttb/workspace/src/sensors/install/sensors/bin'
[2.871s] Level 1:colcon.colcon_core.environment:checking '/home/gabriel/virt_ttb/workspace/src/sensors/install/sensors/lib/pkgconfig/sensors.pc'
[2.872s] Level 1:colcon.colcon_core.environment:checking '/home/gabriel/virt_ttb/workspace/src/sensors/install/sensors/lib/python3.8/site-packages'
[2.872s] Level 1:colcon.colcon_core.shell:create_environment_hook('sensors', 'pythonpath')
[2.898s] INFO:colcon.colcon_core.shell:Creating environment hook '/home/gabriel/virt_ttb/workspace/src/sensors/install/sensors/share/sensors/hook/pythonpath.ps1'
[2.898s] INFO:colcon.colcon_core.shell:Creating environment descriptor '/home/gabriel/virt_ttb/workspace/src/sensors/install/sensors/share/sensors/hook/pythonpath.dsv'
[2.898s] INFO:colcon.colcon_core.shell:Creating environment hook '/home/gabriel/virt_ttb/workspace/src/sensors/install/sensors/share/sensors/hook/pythonpath.sh'
[2.899s] Level 1:colcon.colcon_core.environment:checking '/home/gabriel/virt_ttb/workspace/src/sensors/install/sensors/bin'
[2.899s] Level 1:colcon.colcon_core.environment:create_environment_scripts_only(sensors)
[2.923s] INFO:colcon.colcon_core.shell:Creating package script '/home/gabriel/virt_ttb/workspace/src/sensors/install/sensors/share/sensors/package.ps1'
[2.923s] INFO:colcon.colcon_core.shell:Creating package descriptor '/home/gabriel/virt_ttb/workspace/src/sensors/install/sensors/share/sensors/package.dsv'
[2.924s] INFO:colcon.colcon_core.shell:Creating package script '/home/gabriel/virt_ttb/workspace/src/sensors/install/sensors/share/sensors/package.sh'
[2.924s] INFO:colcon.colcon_core.shell:Creating package script '/home/gabriel/virt_ttb/workspace/src/sensors/install/sensors/share/sensors/package.bash'
[2.925s] INFO:colcon.colcon_core.shell:Creating package script '/home/gabriel/virt_ttb/workspace/src/sensors/install/sensors/share/sensors/package.zsh'
[2.925s] Level 1:colcon.colcon_core.environment:create_file_with_runtime_dependencies(/home/gabriel/virt_ttb/workspace/src/sensors/install/sensors/share/colcon-core/packages/sensors)
[2.925s] DEBUG:colcon.colcon_parallel_executor.executor.parallel:closing loop
[2.926s] DEBUG:colcon.colcon_parallel_executor.executor.parallel:loop closed
[2.926s] DEBUG:colcon.colcon_parallel_executor.executor.parallel:run_until_complete finished with '0'
[2.926s] DEBUG:colcon.colcon_core.event_reactor:joining thread
[2.962s] INFO:colcon.colcon_core.plugin_system:Skipping extension 'colcon_notification.desktop_notification.terminal_notifier': Not used on non-Darwin systems
[2.963s] INFO:colcon.colcon_core.plugin_system:Skipping extension 'colcon_notification.desktop_notification.win32': Not used on non-Windows systems
[2.963s] INFO:colcon.colcon_notification.desktop_notification:Sending desktop notification using 'notify2'
[2.971s] DEBUG:colcon.colcon_core.event_reactor:joined thread
[2.998s] INFO:colcon.colcon_core.shell:Creating prefix script '/home/gabriel/virt_ttb/workspace/src/sensors/install/local_setup.ps1'
[2.998s] INFO:colcon.colcon_core.shell:Creating prefix util module '/home/gabriel/virt_ttb/workspace/src/sensors/install/_local_setup_util_ps1.py'
[2.999s] INFO:colcon.colcon_core.shell:Creating prefix chain script '/home/gabriel/virt_ttb/workspace/src/sensors/install/setup.ps1'
[3.024s] INFO:colcon.colcon_core.shell:Creating prefix script '/home/gabriel/virt_ttb/workspace/src/sensors/install/local_setup.sh'
[3.024s] INFO:colcon.colcon_core.shell:Creating prefix util module '/home/gabriel/virt_ttb/workspace/src/sensors/install/_local_setup_util_sh.py'
[3.024s] INFO:colcon.colcon_core.shell:Creating prefix chain script '/home/gabriel/virt_ttb/workspace/src/sensors/install/setup.sh'
[3.048s] INFO:colcon.colcon_core.shell:Creating prefix script '/home/gabriel/virt_ttb/workspace/src/sensors/install/local_setup.bash'
[3.049s] INFO:colcon.colcon_core.shell:Creating prefix chain script '/home/gabriel/virt_ttb/workspace/src/sensors/install/setup.bash'
[3.073s] INFO:colcon.colcon_core.shell:Creating prefix script '/home/gabriel/virt_ttb/workspace/src/sensors/install/local_setup.zsh'
[3.073s] INFO:colcon.colcon_core.shell:Creating prefix chain script '/home/gabriel/virt_ttb/workspace/src/sensors/install/setup.zsh'
