[0.671s] Invoking command in '/home/gabriel/virt_ttb/workspace/src/sensors': PYTHONPATH=/home/gabriel/virt_ttb/build/sensors/prefix_override:/home/gabriel/virt_ttb/install/sensors/lib/python3.8/site-packages:${PYTHONPATH} /usr/bin/python3 setup.py egg_info --egg-base ../../../build/sensors build --build-base /home/gabriel/virt_ttb/build/sensors/build install --record /home/gabriel/virt_ttb/build/sensors/install.log --install-scripts $base/lib/sensors --single-version-externally-managed
[0.817s] running egg_info
[0.817s] creating ../../../build/sensors/sensors.egg-info
[0.817s] writing ../../../build/sensors/sensors.egg-info/PKG-INFO
[0.818s] writing dependency_links to ../../../build/sensors/sensors.egg-info/dependency_links.txt
[0.818s] writing entry points to ../../../build/sensors/sensors.egg-info/entry_points.txt
[0.818s] writing requirements to ../../../build/sensors/sensors.egg-info/requires.txt
[0.818s] writing top-level names to ../../../build/sensors/sensors.egg-info/top_level.txt
[0.819s] writing manifest file '../../../build/sensors/sensors.egg-info/SOURCES.txt'
[0.842s] reading manifest file '../../../build/sensors/sensors.egg-info/SOURCES.txt'
[0.842s] writing manifest file '../../../build/sensors/sensors.egg-info/SOURCES.txt'
[0.842s] running build
[0.842s] running build_py
[0.842s] creating /home/gabriel/virt_ttb/build/sensors/build
[0.843s] creating /home/gabriel/virt_ttb/build/sensors/build/lib
[0.843s] creating /home/gabriel/virt_ttb/build/sensors/build/lib/sensors
[0.843s] copying sensors/picamtest.py -> /home/gabriel/virt_ttb/build/sensors/build/lib/sensors
[0.843s] copying sensors/__init__.py -> /home/gabriel/virt_ttb/build/sensors/build/lib/sensors
[0.843s] copying sensors/message_receive_test.py -> /home/gabriel/virt_ttb/build/sensors/build/lib/sensors
[0.843s] copying sensors/movement_prot.py -> /home/gabriel/virt_ttb/build/sensors/build/lib/sensors
[0.843s] copying sensors/opencv_test.py -> /home/gabriel/virt_ttb/build/sensors/build/lib/sensors
[0.843s] running install
[0.844s] running install_lib
[0.844s] creating /home/gabriel/virt_ttb/install/sensors/lib/python3.8/site-packages/sensors
[0.844s] copying /home/gabriel/virt_ttb/build/sensors/build/lib/sensors/picamtest.py -> /home/gabriel/virt_ttb/install/sensors/lib/python3.8/site-packages/sensors
[0.844s] copying /home/gabriel/virt_ttb/build/sensors/build/lib/sensors/__init__.py -> /home/gabriel/virt_ttb/install/sensors/lib/python3.8/site-packages/sensors
[0.844s] copying /home/gabriel/virt_ttb/build/sensors/build/lib/sensors/message_receive_test.py -> /home/gabriel/virt_ttb/install/sensors/lib/python3.8/site-packages/sensors
[0.845s] copying /home/gabriel/virt_ttb/build/sensors/build/lib/sensors/movement_prot.py -> /home/gabriel/virt_ttb/install/sensors/lib/python3.8/site-packages/sensors
[0.845s] copying /home/gabriel/virt_ttb/build/sensors/build/lib/sensors/opencv_test.py -> /home/gabriel/virt_ttb/install/sensors/lib/python3.8/site-packages/sensors
[0.845s] byte-compiling /home/gabriel/virt_ttb/install/sensors/lib/python3.8/site-packages/sensors/picamtest.py to picamtest.cpython-38.pyc
[0.846s] byte-compiling /home/gabriel/virt_ttb/install/sensors/lib/python3.8/site-packages/sensors/__init__.py to __init__.cpython-38.pyc
[0.846s] byte-compiling /home/gabriel/virt_ttb/install/sensors/lib/python3.8/site-packages/sensors/message_receive_test.py to message_receive_test.cpython-38.pyc
[0.847s] byte-compiling /home/gabriel/virt_ttb/install/sensors/lib/python3.8/site-packages/sensors/movement_prot.py to movement_prot.cpython-38.pyc
[0.847s] byte-compiling /home/gabriel/virt_ttb/install/sensors/lib/python3.8/site-packages/sensors/opencv_test.py to opencv_test.cpython-38.pyc
[0.847s] running install_data
[0.848s] creating /home/gabriel/virt_ttb/install/sensors/share/ament_index
[0.848s] creating /home/gabriel/virt_ttb/install/sensors/share/ament_index/resource_index
[0.848s] creating /home/gabriel/virt_ttb/install/sensors/share/ament_index/resource_index/packages
[0.848s] copying resource/sensors -> /home/gabriel/virt_ttb/install/sensors/share/ament_index/resource_index/packages
[0.848s] copying package.xml -> /home/gabriel/virt_ttb/install/sensors/share/sensors
[0.848s] running install_egg_info
[0.849s] Copying ../../../build/sensors/sensors.egg-info to /home/gabriel/virt_ttb/install/sensors/lib/python3.8/site-packages/sensors-0.0.1-py3.8.egg-info
[0.849s] running install_scripts
[0.861s] Installing mess_test script to /home/gabriel/virt_ttb/install/sensors/lib/sensors
[0.861s] Installing movement_prot script to /home/gabriel/virt_ttb/install/sensors/lib/sensors
[0.861s] Installing sensors script to /home/gabriel/virt_ttb/install/sensors/lib/sensors
[0.861s] Installing timer_node script to /home/gabriel/virt_ttb/install/sensors/lib/sensors
[0.861s] writing list of installed files to '/home/gabriel/virt_ttb/build/sensors/install.log'
[0.876s] Invoked command in '/home/gabriel/virt_ttb/workspace/src/sensors' returned '0': PYTHONPATH=/home/gabriel/virt_ttb/build/sensors/prefix_override:/home/gabriel/virt_ttb/install/sensors/lib/python3.8/site-packages:${PYTHONPATH} /usr/bin/python3 setup.py egg_info --egg-base ../../../build/sensors build --build-base /home/gabriel/virt_ttb/build/sensors/build install --record /home/gabriel/virt_ttb/build/sensors/install.log --install-scripts $base/lib/sensors --single-version-externally-managed
