[0.698s] Invoking command in '/home/gabriel/virt_ttb/workspace/src/sensors': PYTHONPATH=/home/gabriel/virt_ttb/workspace/build/sensors/prefix_override:/home/gabriel/virt_ttb/workspace/install/sensors/lib/python3.8/site-packages:${PYTHONPATH} /usr/bin/python3 setup.py egg_info --egg-base ../../build/sensors build --build-base /home/gabriel/virt_ttb/workspace/build/sensors/build install --record /home/gabriel/virt_ttb/workspace/build/sensors/install.log --install-scripts $base/lib/sensors --single-version-externally-managed
[0.837s] running egg_info
[0.837s] writing ../../build/sensors/sensors.egg-info/PKG-INFO
[0.837s] writing dependency_links to ../../build/sensors/sensors.egg-info/dependency_links.txt
[0.837s] writing entry points to ../../build/sensors/sensors.egg-info/entry_points.txt
[0.837s] writing requirements to ../../build/sensors/sensors.egg-info/requires.txt
[0.837s] writing top-level names to ../../build/sensors/sensors.egg-info/top_level.txt
[0.871s] reading manifest file '../../build/sensors/sensors.egg-info/SOURCES.txt'
[0.872s] writing manifest file '../../build/sensors/sensors.egg-info/SOURCES.txt'
[0.872s] running build
[0.872s] running build_py
[0.872s] copying sensors/message_receive_test.py -> /home/gabriel/virt_ttb/workspace/build/sensors/build/lib/sensors
[0.873s] copying sensors/movement_prot.py -> /home/gabriel/virt_ttb/workspace/build/sensors/build/lib/sensors
[0.873s] running install
[0.874s] running install_lib
[0.874s] copying /home/gabriel/virt_ttb/workspace/build/sensors/build/lib/sensors/message_receive_test.py -> /home/gabriel/virt_ttb/workspace/install/sensors/lib/python3.8/site-packages/sensors
[0.875s] copying /home/gabriel/virt_ttb/workspace/build/sensors/build/lib/sensors/movement_prot.py -> /home/gabriel/virt_ttb/workspace/install/sensors/lib/python3.8/site-packages/sensors
[0.875s] byte-compiling /home/gabriel/virt_ttb/workspace/install/sensors/lib/python3.8/site-packages/sensors/message_receive_test.py to message_receive_test.cpython-38.pyc
[0.876s]   File "/home/gabriel/virt_ttb/workspace/install/sensors/lib/python3.8/site-packages/sensors/message_receive_test.py", line 85
[0.876s]     if time.time() - self.time_last_order_issued >= 0.1
[0.877s]                                                       ^
[0.877s] SyntaxError: invalid syntax
[0.877s] 
[0.877s] byte-compiling /home/gabriel/virt_ttb/workspace/install/sensors/lib/python3.8/site-packages/sensors/movement_prot.py to movement_prot.cpython-38.pyc
[0.877s] running install_data
[0.877s] running install_egg_info
[0.879s] removing '/home/gabriel/virt_ttb/workspace/install/sensors/lib/python3.8/site-packages/sensors-0.0.1-py3.8.egg-info' (and everything under it)
[0.879s] Copying ../../build/sensors/sensors.egg-info to /home/gabriel/virt_ttb/workspace/install/sensors/lib/python3.8/site-packages/sensors-0.0.1-py3.8.egg-info
[0.880s] running install_scripts
[0.891s] Installing mess_test script to /home/gabriel/virt_ttb/workspace/install/sensors/lib/sensors
[0.892s] Installing movement_prot script to /home/gabriel/virt_ttb/workspace/install/sensors/lib/sensors
[0.892s] Installing sensors script to /home/gabriel/virt_ttb/workspace/install/sensors/lib/sensors
[0.892s] Installing timer_node script to /home/gabriel/virt_ttb/workspace/install/sensors/lib/sensors
[0.892s] writing list of installed files to '/home/gabriel/virt_ttb/workspace/build/sensors/install.log'
[0.906s] Invoked command in '/home/gabriel/virt_ttb/workspace/src/sensors' returned '0': PYTHONPATH=/home/gabriel/virt_ttb/workspace/build/sensors/prefix_override:/home/gabriel/virt_ttb/workspace/install/sensors/lib/python3.8/site-packages:${PYTHONPATH} /usr/bin/python3 setup.py egg_info --egg-base ../../build/sensors build --build-base /home/gabriel/virt_ttb/workspace/build/sensors/build install --record /home/gabriel/virt_ttb/workspace/build/sensors/install.log --install-scripts $base/lib/sensors --single-version-externally-managed
