[18.093s] DEBUG:colcon:Command line arguments: ['/usr/bin/colcon', 'build']
[18.094s] DEBUG:colcon:Parsed command line arguments: Namespace(allow_overriding=[], ament_cmake_args=None, base_paths=['.'], build_base='build', catkin_cmake_args=None, catkin_skip_building_tests=False, cmake_args=None, cmake_clean_cache=False, cmake_clean_first=False, cmake_force_configure=False, cmake_target=None, cmake_target_skip_unavailable=False, continue_on_error=False, event_handlers=None, executor='parallel', ignore_user_meta=False, install_base='install', log_base=None, log_level=None, main=<bound method BuildVerb.main of <colcon_core.verb.build.BuildVerb object at 0xffff8fd3cc70>>, merge_install=False, metas=['./colcon.meta'], packages_above=None, packages_above_and_dependencies=None, packages_above_depth=None, packages_end=None, packages_ignore=None, packages_ignore_regex=None, packages_select=None, packages_select_build_failed=False, packages_select_by_dep=None, packages_select_regex=None, packages_select_test_failures=False, packages_skip=None, packages_skip_build_finished=False, packages_skip_by_dep=None, packages_skip_regex=None, packages_skip_test_passed=False, packages_skip_up_to=None, packages_start=None, packages_up_to=None, packages_up_to_regex=None, parallel_workers=4, paths=None, symlink_install=False, test_result_base=None, verb_extension=<colcon_core.verb.build.BuildVerb object at 0xffff8fd3cc70>, verb_name='build', verb_parser=<colcon_defaults.argument_parser.defaults.DefaultArgumentsDecorator object at 0xffff8fd59190>)
[19.073s] Level 1:colcon.colcon_core.package_discovery:discover_packages(colcon_meta) check parameters
[19.074s] Level 1:colcon.colcon_core.package_discovery:discover_packages(recursive) check parameters
[19.075s] Level 1:colcon.colcon_core.package_discovery:discover_packages(ignore) check parameters
[19.075s] Level 1:colcon.colcon_core.package_discovery:discover_packages(path) check parameters
[19.076s] Level 1:colcon.colcon_core.package_discovery:discover_packages(colcon_meta) discover
[19.076s] Level 1:colcon.colcon_core.package_discovery:discover_packages(recursive) discover
[19.077s] INFO:colcon.colcon_core.package_discovery:Crawling recursively for packages in '/home/ubuntu/nlnt_workspace/virtualttbot/workspace'
[19.077s] Level 1:colcon.colcon_core.package_identification:_identify(.) by extensions ['ignore', 'ignore_ament_install']
[19.078s] Level 1:colcon.colcon_core.package_identification:_identify(.) by extension 'ignore'
[19.079s] Level 1:colcon.colcon_core.package_identification:_identify(.) by extension 'ignore_ament_install'
[19.079s] Level 1:colcon.colcon_core.package_identification:_identify(.) by extensions ['colcon_pkg']
[19.080s] Level 1:colcon.colcon_core.package_identification:_identify(.) by extension 'colcon_pkg'
[19.080s] Level 1:colcon.colcon_core.package_identification:_identify(.) by extensions ['colcon_meta']
[19.081s] Level 1:colcon.colcon_core.package_identification:_identify(.) by extension 'colcon_meta'
[19.081s] Level 1:colcon.colcon_core.package_identification:_identify(.) by extensions ['ros']
[19.082s] Level 1:colcon.colcon_core.package_identification:_identify(.) by extension 'ros'
[19.216s] Level 1:colcon.colcon_core.package_identification:_identify(.) by extensions ['cmake', 'python']
[19.216s] Level 1:colcon.colcon_core.package_identification:_identify(.) by extension 'cmake'
[19.217s] Level 1:colcon.colcon_core.package_identification:_identify(.) by extension 'python'
[19.218s] Level 1:colcon.colcon_core.package_identification:_identify(.) by extensions ['python_setup_py']
[19.218s] Level 1:colcon.colcon_core.package_identification:_identify(.) by extension 'python_setup_py'
[19.219s] Level 1:colcon.colcon_core.package_identification:_identify(build) by extensions ['ignore', 'ignore_ament_install']
[19.220s] Level 1:colcon.colcon_core.package_identification:_identify(build) by extension 'ignore'
[19.221s] Level 1:colcon.colcon_core.package_identification:_identify(build) ignored
[19.222s] Level 1:colcon.colcon_core.package_identification:_identify(install) by extensions ['ignore', 'ignore_ament_install']
[19.224s] Level 1:colcon.colcon_core.package_identification:_identify(install) by extension 'ignore'
[19.225s] Level 1:colcon.colcon_core.package_identification:_identify(install) ignored
[19.226s] Level 1:colcon.colcon_core.package_identification:_identify(log) by extensions ['ignore', 'ignore_ament_install']
[19.227s] Level 1:colcon.colcon_core.package_identification:_identify(log) by extension 'ignore'
[19.228s] Level 1:colcon.colcon_core.package_identification:_identify(log) ignored
[19.229s] Level 1:colcon.colcon_core.package_identification:_identify(src) by extensions ['ignore', 'ignore_ament_install']
[19.230s] Level 1:colcon.colcon_core.package_identification:_identify(src) by extension 'ignore'
[19.230s] Level 1:colcon.colcon_core.package_identification:_identify(src) by extension 'ignore_ament_install'
[19.231s] Level 1:colcon.colcon_core.package_identification:_identify(src) by extensions ['colcon_pkg']
[19.232s] Level 1:colcon.colcon_core.package_identification:_identify(src) by extension 'colcon_pkg'
[19.232s] Level 1:colcon.colcon_core.package_identification:_identify(src) by extensions ['colcon_meta']
[19.233s] Level 1:colcon.colcon_core.package_identification:_identify(src) by extension 'colcon_meta'
[19.233s] Level 1:colcon.colcon_core.package_identification:_identify(src) by extensions ['ros']
[19.233s] Level 1:colcon.colcon_core.package_identification:_identify(src) by extension 'ros'
[19.234s] Level 1:colcon.colcon_core.package_identification:_identify(src) by extensions ['cmake', 'python']
[19.235s] Level 1:colcon.colcon_core.package_identification:_identify(src) by extension 'cmake'
[19.235s] Level 1:colcon.colcon_core.package_identification:_identify(src) by extension 'python'
[19.236s] Level 1:colcon.colcon_core.package_identification:_identify(src) by extensions ['python_setup_py']
[19.236s] Level 1:colcon.colcon_core.package_identification:_identify(src) by extension 'python_setup_py'
[19.237s] Level 1:colcon.colcon_core.package_identification:_identify(src/sensors) by extensions ['ignore', 'ignore_ament_install']
[19.238s] Level 1:colcon.colcon_core.package_identification:_identify(src/sensors) by extension 'ignore'
[19.239s] Level 1:colcon.colcon_core.package_identification:_identify(src/sensors) by extension 'ignore_ament_install'
[19.240s] Level 1:colcon.colcon_core.package_identification:_identify(src/sensors) by extensions ['colcon_pkg']
[19.240s] Level 1:colcon.colcon_core.package_identification:_identify(src/sensors) by extension 'colcon_pkg'
[19.241s] Level 1:colcon.colcon_core.package_identification:_identify(src/sensors) by extensions ['colcon_meta']
[19.241s] Level 1:colcon.colcon_core.package_identification:_identify(src/sensors) by extension 'colcon_meta'
[19.242s] Level 1:colcon.colcon_core.package_identification:_identify(src/sensors) by extensions ['ros']
[19.242s] Level 1:colcon.colcon_core.package_identification:_identify(src/sensors) by extension 'ros'
[19.277s] DEBUG:colcon.colcon_core.package_identification:Package 'src/sensors' with type 'ros.ament_python' and name 'sensors'
[19.277s] Level 1:colcon.colcon_core.package_discovery:discover_packages(recursive) using defaults
[19.278s] Level 1:colcon.colcon_core.package_discovery:discover_packages(ignore) discover
[19.278s] Level 1:colcon.colcon_core.package_discovery:discover_packages(ignore) using defaults
[19.279s] Level 1:colcon.colcon_core.package_discovery:discover_packages(path) discover
[19.279s] Level 1:colcon.colcon_core.package_discovery:discover_packages(path) using defaults
[20.898s] Level 1:colcon.colcon_core.package_discovery:discover_packages(prefix_path) check parameters
[20.899s] Level 1:colcon.colcon_core.package_discovery:discover_packages(prefix_path) discover
[21.508s] DEBUG:colcon.colcon_installed_package_information.package_discovery:Found 1 installed packages in /home/ubuntu/nlnt_workspace/virtualttbot/workspace/install
[21.820s] DEBUG:colcon.colcon_installed_package_information.package_discovery:Found 7 installed packages in /home/ubuntu/turtlebot3_ws/install
[22.157s] DEBUG:colcon.colcon_installed_package_information.package_discovery:Found 171 installed packages in /opt/ros/foxy
[22.167s] Level 1:colcon.colcon_core.package_discovery:discover_packages(prefix_path) using defaults
[23.578s] Level 5:colcon.colcon_core.verb:set package 'sensors' build argument 'cmake_args' from command line to 'None'
[23.579s] Level 5:colcon.colcon_core.verb:set package 'sensors' build argument 'cmake_target' from command line to 'None'
[23.579s] Level 5:colcon.colcon_core.verb:set package 'sensors' build argument 'cmake_target_skip_unavailable' from command line to 'False'
[23.579s] Level 5:colcon.colcon_core.verb:set package 'sensors' build argument 'cmake_clean_cache' from command line to 'False'
[23.580s] Level 5:colcon.colcon_core.verb:set package 'sensors' build argument 'cmake_clean_first' from command line to 'False'
[23.580s] Level 5:colcon.colcon_core.verb:set package 'sensors' build argument 'cmake_force_configure' from command line to 'False'
[23.580s] Level 5:colcon.colcon_core.verb:set package 'sensors' build argument 'ament_cmake_args' from command line to 'None'
[23.580s] Level 5:colcon.colcon_core.verb:set package 'sensors' build argument 'catkin_cmake_args' from command line to 'None'
[23.580s] Level 5:colcon.colcon_core.verb:set package 'sensors' build argument 'catkin_skip_building_tests' from command line to 'False'
[23.581s] DEBUG:colcon.colcon_core.verb:Building package 'sensors' with the following arguments: {'ament_cmake_args': None, 'build_base': '/home/ubuntu/nlnt_workspace/virtualttbot/workspace/build/sensors', 'catkin_cmake_args': None, 'catkin_skip_building_tests': False, 'cmake_args': None, 'cmake_clean_cache': False, 'cmake_clean_first': False, 'cmake_force_configure': False, 'cmake_target': None, 'cmake_target_skip_unavailable': False, 'install_base': '/home/ubuntu/nlnt_workspace/virtualttbot/workspace/install/sensors', 'merge_install': False, 'path': '/home/ubuntu/nlnt_workspace/virtualttbot/workspace/src/sensors', 'symlink_install': False, 'test_result_base': None}
[23.865s] INFO:colcon.colcon_core.executor:Executing jobs using 'parallel' executor
[24.149s] DEBUG:colcon.colcon_parallel_executor.executor.parallel:run_until_complete
[24.151s] INFO:colcon.colcon_ros.task.ament_python.build:Building ROS package in '/home/ubuntu/nlnt_workspace/virtualttbot/workspace/src/sensors' with build type 'ament_python'
[24.152s] Level 1:colcon.colcon_core.shell:create_environment_hook('sensors', 'ament_prefix_path')
[24.559s] INFO:colcon.colcon_core.plugin_system:Skipping extension 'colcon_core.shell.bat': Not used on non-Windows systems
[24.561s] INFO:colcon.colcon_core.shell:Creating environment hook '/home/ubuntu/nlnt_workspace/virtualttbot/workspace/install/sensors/share/sensors/hook/ament_prefix_path.ps1'
[24.569s] INFO:colcon.colcon_core.shell:Creating environment descriptor '/home/ubuntu/nlnt_workspace/virtualttbot/workspace/install/sensors/share/sensors/hook/ament_prefix_path.dsv'
[24.578s] INFO:colcon.colcon_core.shell:Creating environment hook '/home/ubuntu/nlnt_workspace/virtualttbot/workspace/install/sensors/share/sensors/hook/ament_prefix_path.sh'
[24.889s] INFO:colcon.colcon_core.shell:Skip shell extension 'powershell' for command environment: Not usable outside of PowerShell
[24.890s] DEBUG:colcon.colcon_core.shell:Skip shell extension 'dsv' for command environment
[28.161s] INFO:colcon.colcon_core.task.python.build:Building Python package in '/home/ubuntu/nlnt_workspace/virtualttbot/workspace/src/sensors'
[28.473s] INFO:colcon.colcon_core.shell:Skip shell extension 'powershell' for command environment: Not usable outside of PowerShell
[28.474s] DEBUG:colcon.colcon_core.shell:Skip shell extension 'dsv' for command environment
[33.883s] DEBUG:colcon.colcon_core.event_handler.log_command:Invoking command in '/home/ubuntu/nlnt_workspace/virtualttbot/workspace/src/sensors': PYTHONPATH=/home/ubuntu/nlnt_workspace/virtualttbot/workspace/build/sensors/prefix_override:/home/ubuntu/nlnt_workspace/virtualttbot/workspace/install/sensors/lib/python3.8/site-packages:${PYTHONPATH} /usr/bin/python3 setup.py egg_info --egg-base ../../build/sensors build --build-base /home/ubuntu/nlnt_workspace/virtualttbot/workspace/build/sensors/build install --record /home/ubuntu/nlnt_workspace/virtualttbot/workspace/build/sensors/install.log --install-scripts $base/lib/sensors --single-version-externally-managed
[36.637s] DEBUG:colcon.colcon_core.event_handler.log_command:Invoked command in '/home/ubuntu/nlnt_workspace/virtualttbot/workspace/src/sensors' returned '0': PYTHONPATH=/home/ubuntu/nlnt_workspace/virtualttbot/workspace/build/sensors/prefix_override:/home/ubuntu/nlnt_workspace/virtualttbot/workspace/install/sensors/lib/python3.8/site-packages:${PYTHONPATH} /usr/bin/python3 setup.py egg_info --egg-base ../../build/sensors build --build-base /home/ubuntu/nlnt_workspace/virtualttbot/workspace/build/sensors/build install --record /home/ubuntu/nlnt_workspace/virtualttbot/workspace/build/sensors/install.log --install-scripts $base/lib/sensors --single-version-externally-managed
[37.002s] Level 1:colcon.colcon_core.environment:checking '/home/ubuntu/nlnt_workspace/virtualttbot/workspace/install/sensors' for CMake module files
[37.009s] Level 1:colcon.colcon_core.environment:checking '/home/ubuntu/nlnt_workspace/virtualttbot/workspace/install/sensors' for CMake config files
[37.018s] Level 1:colcon.colcon_core.environment:checking '/home/ubuntu/nlnt_workspace/virtualttbot/workspace/install/sensors/lib'
[37.020s] Level 1:colcon.colcon_core.environment:checking '/home/ubuntu/nlnt_workspace/virtualttbot/workspace/install/sensors/bin'
[37.021s] Level 1:colcon.colcon_core.environment:checking '/home/ubuntu/nlnt_workspace/virtualttbot/workspace/install/sensors/lib/pkgconfig/sensors.pc'
[37.024s] Level 1:colcon.colcon_core.environment:checking '/home/ubuntu/nlnt_workspace/virtualttbot/workspace/install/sensors/lib/python3.8/site-packages'
[37.025s] Level 1:colcon.colcon_core.shell:create_environment_hook('sensors', 'pythonpath')
[37.328s] INFO:colcon.colcon_core.shell:Creating environment hook '/home/ubuntu/nlnt_workspace/virtualttbot/workspace/install/sensors/share/sensors/hook/pythonpath.ps1'
[37.332s] INFO:colcon.colcon_core.shell:Creating environment descriptor '/home/ubuntu/nlnt_workspace/virtualttbot/workspace/install/sensors/share/sensors/hook/pythonpath.dsv'
[37.336s] INFO:colcon.colcon_core.shell:Creating environment hook '/home/ubuntu/nlnt_workspace/virtualttbot/workspace/install/sensors/share/sensors/hook/pythonpath.sh'
[37.340s] Level 1:colcon.colcon_core.environment:checking '/home/ubuntu/nlnt_workspace/virtualttbot/workspace/install/sensors/bin'
[37.341s] Level 1:colcon.colcon_core.environment:create_environment_scripts_only(sensors)
[37.646s] INFO:colcon.colcon_core.shell:Creating package script '/home/ubuntu/nlnt_workspace/virtualttbot/workspace/install/sensors/share/sensors/package.ps1'
[37.658s] INFO:colcon.colcon_core.shell:Creating package descriptor '/home/ubuntu/nlnt_workspace/virtualttbot/workspace/install/sensors/share/sensors/package.dsv'
[37.670s] INFO:colcon.colcon_core.shell:Creating package script '/home/ubuntu/nlnt_workspace/virtualttbot/workspace/install/sensors/share/sensors/package.sh'
[37.683s] INFO:colcon.colcon_core.shell:Creating package script '/home/ubuntu/nlnt_workspace/virtualttbot/workspace/install/sensors/share/sensors/package.bash'
[37.697s] INFO:colcon.colcon_core.shell:Creating package script '/home/ubuntu/nlnt_workspace/virtualttbot/workspace/install/sensors/share/sensors/package.zsh'
[37.710s] Level 1:colcon.colcon_core.environment:create_file_with_runtime_dependencies(/home/ubuntu/nlnt_workspace/virtualttbot/workspace/install/sensors/share/colcon-core/packages/sensors)
[37.714s] DEBUG:colcon.colcon_parallel_executor.executor.parallel:closing loop
[37.717s] DEBUG:colcon.colcon_parallel_executor.executor.parallel:loop closed
[37.718s] DEBUG:colcon.colcon_parallel_executor.executor.parallel:run_until_complete finished with '0'
[37.719s] DEBUG:colcon.colcon_core.event_reactor:joining thread
[38.087s] INFO:colcon.colcon_core.plugin_system:Skipping extension 'colcon_notification.desktop_notification.notify_send': Could not find 'notify-send'
[38.088s] INFO:colcon.colcon_core.plugin_system:Skipping extension 'colcon_notification.desktop_notification.terminal_notifier': Not used on non-Darwin systems
[38.089s] INFO:colcon.colcon_core.plugin_system:Skipping extension 'colcon_notification.desktop_notification.win32': Not used on non-Windows systems
[38.090s] INFO:colcon.colcon_notification.desktop_notification:Sending desktop notification using 'notify2'
[38.140s] DEBUG:colcon.colcon_notification.desktop_notification.notify2:Failed to initialize notify2: org.freedesktop.DBus.Error.ServiceUnknown: The name org.freedesktop.Notifications was not provided by any .service files
[38.141s] DEBUG:colcon.colcon_core.event_reactor:joined thread
[38.438s] INFO:colcon.colcon_core.shell:Creating prefix script '/home/ubuntu/nlnt_workspace/virtualttbot/workspace/install/local_setup.ps1'
[38.450s] INFO:colcon.colcon_core.shell:Creating prefix util module '/home/ubuntu/nlnt_workspace/virtualttbot/workspace/install/_local_setup_util_ps1.py'
[38.470s] INFO:colcon.colcon_core.shell:Creating prefix chain script '/home/ubuntu/nlnt_workspace/virtualttbot/workspace/install/setup.ps1'
[38.772s] INFO:colcon.colcon_core.shell:Creating prefix script '/home/ubuntu/nlnt_workspace/virtualttbot/workspace/install/local_setup.sh'
[38.783s] INFO:colcon.colcon_core.shell:Creating prefix util module '/home/ubuntu/nlnt_workspace/virtualttbot/workspace/install/_local_setup_util_sh.py'
[38.788s] INFO:colcon.colcon_core.shell:Creating prefix chain script '/home/ubuntu/nlnt_workspace/virtualttbot/workspace/install/setup.sh'
[39.089s] INFO:colcon.colcon_core.shell:Creating prefix script '/home/ubuntu/nlnt_workspace/virtualttbot/workspace/install/local_setup.bash'
[39.099s] INFO:colcon.colcon_core.shell:Creating prefix chain script '/home/ubuntu/nlnt_workspace/virtualttbot/workspace/install/setup.bash'
[39.400s] INFO:colcon.colcon_core.shell:Creating prefix script '/home/ubuntu/nlnt_workspace/virtualttbot/workspace/install/local_setup.zsh'
[39.412s] INFO:colcon.colcon_core.shell:Creating prefix chain script '/home/ubuntu/nlnt_workspace/virtualttbot/workspace/install/setup.zsh'
