running egg_info
writing ../../build/sensors/sensors.egg-info/PKG-INFO
writing dependency_links to ../../build/sensors/sensors.egg-info/dependency_links.txt
writing entry points to ../../build/sensors/sensors.egg-info/entry_points.txt
writing requirements to ../../build/sensors/sensors.egg-info/requires.txt
writing top-level names to ../../build/sensors/sensors.egg-info/top_level.txt
reading manifest file '../../build/sensors/sensors.egg-info/SOURCES.txt'
writing manifest file '../../build/sensors/sensors.egg-info/SOURCES.txt'
running build
running build_py
copying sensors/__init__.py -> /home/ubuntu/virtualttbot/workspace/build/sensors/build/lib/sensors
copying sensors/picamtest.py -> /home/ubuntu/virtualttbot/workspace/build/sensors/build/lib/sensors
copying sensors/inference_prog.py -> /home/ubuntu/virtualttbot/workspace/build/sensors/build/lib/sensors
copying sensors/opencv_test.py -> /home/ubuntu/virtualttbot/workspace/build/sensors/build/lib/sensors
copying sensors/movement_prot.py -> /home/ubuntu/virtualttbot/workspace/build/sensors/build/lib/sensors
copying sensors/level_test.py -> /home/ubuntu/virtualttbot/workspace/build/sensors/build/lib/sensors
copying sensors/message_receive_test.py -> /home/ubuntu/virtualttbot/workspace/build/sensors/build/lib/sensors
copying sensors/capstone.py -> /home/ubuntu/virtualttbot/workspace/build/sensors/build/lib/sensors
running install
running install_lib
copying /home/ubuntu/virtualttbot/workspace/build/sensors/build/lib/sensors/__init__.py -> /home/ubuntu/virtualttbot/workspace/install/sensors/lib/python3.8/site-packages/sensors
copying /home/ubuntu/virtualttbot/workspace/build/sensors/build/lib/sensors/picamtest.py -> /home/ubuntu/virtualttbot/workspace/install/sensors/lib/python3.8/site-packages/sensors
copying /home/ubuntu/virtualttbot/workspace/build/sensors/build/lib/sensors/inference_prog.py -> /home/ubuntu/virtualttbot/workspace/install/sensors/lib/python3.8/site-packages/sensors
copying /home/ubuntu/virtualttbot/workspace/build/sensors/build/lib/sensors/opencv_test.py -> /home/ubuntu/virtualttbot/workspace/install/sensors/lib/python3.8/site-packages/sensors
copying /home/ubuntu/virtualttbot/workspace/build/sensors/build/lib/sensors/movement_prot.py -> /home/ubuntu/virtualttbot/workspace/install/sensors/lib/python3.8/site-packages/sensors
copying /home/ubuntu/virtualttbot/workspace/build/sensors/build/lib/sensors/level_test.py -> /home/ubuntu/virtualttbot/workspace/install/sensors/lib/python3.8/site-packages/sensors
copying /home/ubuntu/virtualttbot/workspace/build/sensors/build/lib/sensors/message_receive_test.py -> /home/ubuntu/virtualttbot/workspace/install/sensors/lib/python3.8/site-packages/sensors
copying /home/ubuntu/virtualttbot/workspace/build/sensors/build/lib/sensors/capstone.py -> /home/ubuntu/virtualttbot/workspace/install/sensors/lib/python3.8/site-packages/sensors
byte-compiling /home/ubuntu/virtualttbot/workspace/install/sensors/lib/python3.8/site-packages/sensors/__init__.py to __init__.cpython-38.pyc
byte-compiling /home/ubuntu/virtualttbot/workspace/install/sensors/lib/python3.8/site-packages/sensors/picamtest.py to picamtest.cpython-38.pyc
byte-compiling /home/ubuntu/virtualttbot/workspace/install/sensors/lib/python3.8/site-packages/sensors/inference_prog.py to inference_prog.cpython-38.pyc
byte-compiling /home/ubuntu/virtualttbot/workspace/install/sensors/lib/python3.8/site-packages/sensors/opencv_test.py to opencv_test.cpython-38.pyc
byte-compiling /home/ubuntu/virtualttbot/workspace/install/sensors/lib/python3.8/site-packages/sensors/movement_prot.py to movement_prot.cpython-38.pyc
byte-compiling /home/ubuntu/virtualttbot/workspace/install/sensors/lib/python3.8/site-packages/sensors/level_test.py to level_test.cpython-38.pyc
byte-compiling /home/ubuntu/virtualttbot/workspace/install/sensors/lib/python3.8/site-packages/sensors/message_receive_test.py to message_receive_test.cpython-38.pyc
byte-compiling /home/ubuntu/virtualttbot/workspace/install/sensors/lib/python3.8/site-packages/sensors/capstone.py to capstone.cpython-38.pyc
running install_data
copying resource/sensors -> /home/ubuntu/virtualttbot/workspace/install/sensors/share/ament_index/resource_index/packages
copying package.xml -> /home/ubuntu/virtualttbot/workspace/install/sensors/share/sensors
running install_egg_info
removing '/home/ubuntu/virtualttbot/workspace/install/sensors/lib/python3.8/site-packages/sensors-0.0.1-py3.8.egg-info' (and everything under it)
Copying ../../build/sensors/sensors.egg-info to /home/ubuntu/virtualttbot/workspace/install/sensors/lib/python3.8/site-packages/sensors-0.0.1-py3.8.egg-info
running install_scripts
Installing inference_prog script to /home/ubuntu/virtualttbot/workspace/install/sensors/lib/sensors
Installing level_test script to /home/ubuntu/virtualttbot/workspace/install/sensors/lib/sensors
Installing mess_test script to /home/ubuntu/virtualttbot/workspace/install/sensors/lib/sensors
Installing sensors script to /home/ubuntu/virtualttbot/workspace/install/sensors/lib/sensors
writing list of installed files to '/home/ubuntu/virtualttbot/workspace/build/sensors/install.log'
