[0.717s] Invoking command in '/home/gabriel/virt_ttb/workspace/src/sensors': PYTHONPATH=/home/gabriel/virt_ttb/workspace/build/sensors/prefix_override:/home/gabriel/virt_ttb/workspace/install/sensors/lib/python3.8/site-packages:${PYTHONPATH} /usr/bin/python3 setup.py egg_info --egg-base ../../build/sensors build --build-base /home/gabriel/virt_ttb/workspace/build/sensors/build install --record /home/gabriel/virt_ttb/workspace/build/sensors/install.log --install-scripts $base/lib/sensors --single-version-externally-managed
[0.853s] running egg_info
[0.853s] creating ../../build/sensors/sensors.egg-info
[0.854s] writing ../../build/sensors/sensors.egg-info/PKG-INFO
[0.854s] writing dependency_links to ../../build/sensors/sensors.egg-info/dependency_links.txt
[0.854s] writing entry points to ../../build/sensors/sensors.egg-info/entry_points.txt
[0.854s] writing requirements to ../../build/sensors/sensors.egg-info/requires.txt
[0.854s] writing top-level names to ../../build/sensors/sensors.egg-info/top_level.txt
[0.860s] writing manifest file '../../build/sensors/sensors.egg-info/SOURCES.txt'
[0.887s] reading manifest file '../../build/sensors/sensors.egg-info/SOURCES.txt'
[0.888s] writing manifest file '../../build/sensors/sensors.egg-info/SOURCES.txt'
[0.888s] running build
[0.888s] running build_py
[0.888s] creating /home/gabriel/virt_ttb/workspace/build/sensors/build
[0.888s] creating /home/gabriel/virt_ttb/workspace/build/sensors/build/lib
[0.888s] creating /home/gabriel/virt_ttb/workspace/build/sensors/build/lib/sensors
[0.888s] copying sensors/__init__.py -> /home/gabriel/virt_ttb/workspace/build/sensors/build/lib/sensors
[0.888s] running install
[0.889s] running install_lib
[0.889s] creating /home/gabriel/virt_ttb/workspace/install/sensors/lib/python3.8/site-packages/sensors
[0.889s] copying /home/gabriel/virt_ttb/workspace/build/sensors/build/lib/sensors/__init__.py -> /home/gabriel/virt_ttb/workspace/install/sensors/lib/python3.8/site-packages/sensors
[0.889s] byte-compiling /home/gabriel/virt_ttb/workspace/install/sensors/lib/python3.8/site-packages/sensors/__init__.py to __init__.cpython-38.pyc
[0.890s] running install_data
[0.890s] creating /home/gabriel/virt_ttb/workspace/install/sensors/share/ament_index
[0.890s] creating /home/gabriel/virt_ttb/workspace/install/sensors/share/ament_index/resource_index
[0.891s] creating /home/gabriel/virt_ttb/workspace/install/sensors/share/ament_index/resource_index/packages
[0.891s] copying resource/sensors -> /home/gabriel/virt_ttb/workspace/install/sensors/share/ament_index/resource_index/packages
[0.891s] copying package.xml -> /home/gabriel/virt_ttb/workspace/install/sensors/share/sensors
[0.891s] running install_egg_info
[0.892s] Copying ../../build/sensors/sensors.egg-info to /home/gabriel/virt_ttb/workspace/install/sensors/lib/python3.8/site-packages/sensors-0.0.1-py3.8.egg-info
[0.892s] running install_scripts
[0.903s] Installing sensors script to /home/gabriel/virt_ttb/workspace/install/sensors/lib/sensors
[0.903s] Installing timer_node script to /home/gabriel/virt_ttb/workspace/install/sensors/lib/sensors
[0.904s] writing list of installed files to '/home/gabriel/virt_ttb/workspace/build/sensors/install.log'
[0.919s] Invoked command in '/home/gabriel/virt_ttb/workspace/src/sensors' returned '0': PYTHONPATH=/home/gabriel/virt_ttb/workspace/build/sensors/prefix_override:/home/gabriel/virt_ttb/workspace/install/sensors/lib/python3.8/site-packages:${PYTHONPATH} /usr/bin/python3 setup.py egg_info --egg-base ../../build/sensors build --build-base /home/gabriel/virt_ttb/workspace/build/sensors/build install --record /home/gabriel/virt_ttb/workspace/build/sensors/install.log --install-scripts $base/lib/sensors --single-version-externally-managed
