[1.880s] Invoking command in '/home/ubuntu/virtualttbot/workspace/src/sensors': PYTHONPATH=/home/ubuntu/virtualttbot/workspace/install/sensors/lib/python3.8/site-packages:${PYTHONPATH} /usr/bin/python3 setup.py egg_info --egg-base ../../build/sensors build --build-base /home/ubuntu/virtualttbot/workspace/build/sensors/build install --prefix /home/ubuntu/virtualttbot/workspace/install/sensors --record /home/ubuntu/virtualttbot/workspace/build/sensors/install.log --single-version-externally-managed
[3.569s] running egg_info
[3.578s] writing ../../build/sensors/sensors.egg-info/PKG-INFO
[3.580s] writing dependency_links to ../../build/sensors/sensors.egg-info/dependency_links.txt
[3.582s] writing entry points to ../../build/sensors/sensors.egg-info/entry_points.txt
[3.583s] writing requirements to ../../build/sensors/sensors.egg-info/requires.txt
[3.585s] writing top-level names to ../../build/sensors/sensors.egg-info/top_level.txt
[3.930s] reading manifest file '../../build/sensors/sensors.egg-info/SOURCES.txt'
[3.940s] writing manifest file '../../build/sensors/sensors.egg-info/SOURCES.txt'
[3.941s] running build
[3.942s] running build_py
[3.945s] copying sensors/capstone.py -> /home/ubuntu/virtualttbot/workspace/build/sensors/build/lib/sensors
[3.947s] running install
[3.959s] running install_lib
[3.971s] copying /home/ubuntu/virtualttbot/workspace/build/sensors/build/lib/sensors/capstone.py -> /home/ubuntu/virtualttbot/workspace/install/sensors/lib/python3.8/site-packages/sensors
[3.979s] byte-compiling /home/ubuntu/virtualttbot/workspace/install/sensors/lib/python3.8/site-packages/sensors/capstone.py to capstone.cpython-38.pyc
[4.001s] running install_data
[4.007s] running install_egg_info
[4.020s] removing '/home/ubuntu/virtualttbot/workspace/install/sensors/lib/python3.8/site-packages/sensors-0.0.1-py3.8.egg-info' (and everything under it)
[4.023s] Copying ../../build/sensors/sensors.egg-info to /home/ubuntu/virtualttbot/workspace/install/sensors/lib/python3.8/site-packages/sensors-0.0.1-py3.8.egg-info
[4.034s] running install_scripts
[4.198s] Installing capstone script to /home/ubuntu/virtualttbot/workspace/install/sensors/lib/sensors
[4.200s] Installing sensors script to /home/ubuntu/virtualttbot/workspace/install/sensors/lib/sensors
[4.204s] writing list of installed files to '/home/ubuntu/virtualttbot/workspace/build/sensors/install.log'
[4.401s] Invoked command in '/home/ubuntu/virtualttbot/workspace/src/sensors' returned '0': PYTHONPATH=/home/ubuntu/virtualttbot/workspace/install/sensors/lib/python3.8/site-packages:${PYTHONPATH} /usr/bin/python3 setup.py egg_info --egg-base ../../build/sensors build --build-base /home/ubuntu/virtualttbot/workspace/build/sensors/build install --prefix /home/ubuntu/virtualttbot/workspace/install/sensors --record /home/ubuntu/virtualttbot/workspace/build/sensors/install.log --single-version-externally-managed
