[0.743s] Invoking command in '/home/gabriel/virt_ttb/workspace/src/sensors': PYTHONPATH=/home/gabriel/virt_ttb/workspace/build/sensors/prefix_override:/home/gabriel/virt_ttb/workspace/install/sensors/lib/python3.8/site-packages:${PYTHONPATH} /usr/bin/python3 setup.py egg_info --egg-base ../../build/sensors build --build-base /home/gabriel/virt_ttb/workspace/build/sensors/build install --record /home/gabriel/virt_ttb/workspace/build/sensors/install.log --install-scripts $base/lib/sensors --single-version-externally-managed
[0.894s] running egg_info
[0.894s] writing ../../build/sensors/sensors.egg-info/PKG-INFO
[0.895s] writing dependency_links to ../../build/sensors/sensors.egg-info/dependency_links.txt
[0.895s] writing entry points to ../../build/sensors/sensors.egg-info/entry_points.txt
[0.895s] writing requirements to ../../build/sensors/sensors.egg-info/requires.txt
[0.895s] writing top-level names to ../../build/sensors/sensors.egg-info/top_level.txt
[0.920s] reading manifest file '../../build/sensors/sensors.egg-info/SOURCES.txt'
[0.920s] writing manifest file '../../build/sensors/sensors.egg-info/SOURCES.txt'
[0.921s] running build
[0.921s] running build_py
[0.921s] copying sensors/level_test.py -> /home/gabriel/virt_ttb/workspace/build/sensors/build/lib/sensors
[0.921s] running install
[0.922s] running install_lib
[0.922s] copying /home/gabriel/virt_ttb/workspace/build/sensors/build/lib/sensors/level_test.py -> /home/gabriel/virt_ttb/workspace/install/sensors/lib/python3.8/site-packages/sensors
[0.923s] byte-compiling /home/gabriel/virt_ttb/workspace/install/sensors/lib/python3.8/site-packages/sensors/level_test.py to level_test.cpython-38.pyc
[0.924s] running install_data
[0.924s] running install_egg_info
[0.925s] removing '/home/gabriel/virt_ttb/workspace/install/sensors/lib/python3.8/site-packages/sensors-0.0.1-py3.8.egg-info' (and everything under it)
[0.926s] Copying ../../build/sensors/sensors.egg-info to /home/gabriel/virt_ttb/workspace/install/sensors/lib/python3.8/site-packages/sensors-0.0.1-py3.8.egg-info
[0.926s] running install_scripts
[0.940s] Installing inference_prog script to /home/gabriel/virt_ttb/workspace/install/sensors/lib/sensors
[0.940s] Installing level_test script to /home/gabriel/virt_ttb/workspace/install/sensors/lib/sensors
[0.940s] Installing mess_test script to /home/gabriel/virt_ttb/workspace/install/sensors/lib/sensors
[0.941s] Installing sensors script to /home/gabriel/virt_ttb/workspace/install/sensors/lib/sensors
[0.941s] writing list of installed files to '/home/gabriel/virt_ttb/workspace/build/sensors/install.log'
[0.956s] Invoked command in '/home/gabriel/virt_ttb/workspace/src/sensors' returned '0': PYTHONPATH=/home/gabriel/virt_ttb/workspace/build/sensors/prefix_override:/home/gabriel/virt_ttb/workspace/install/sensors/lib/python3.8/site-packages:${PYTHONPATH} /usr/bin/python3 setup.py egg_info --egg-base ../../build/sensors build --build-base /home/gabriel/virt_ttb/workspace/build/sensors/build install --record /home/gabriel/virt_ttb/workspace/build/sensors/install.log --install-scripts $base/lib/sensors --single-version-externally-managed
