[9.243s] Invoking command in '/home/ubuntu/nlnt_workspace/virtualttbot/workspace/src/sensors': PYTHONPATH=/home/ubuntu/nlnt_workspace/virtualttbot/workspace/build/sensors/prefix_override:/home/ubuntu/nlnt_workspace/virtualttbot/workspace/install/sensors/lib/python3.8/site-packages:${PYTHONPATH} /usr/bin/python3 setup.py egg_info --egg-base ../../build/sensors build --build-base /home/ubuntu/nlnt_workspace/virtualttbot/workspace/build/sensors/build install --record /home/ubuntu/nlnt_workspace/virtualttbot/workspace/build/sensors/install.log --install-scripts $base/lib/sensors --single-version-externally-managed
[11.095s] running egg_info
[11.099s] writing ../../build/sensors/sensors.egg-info/PKG-INFO
[11.109s] writing dependency_links to ../../build/sensors/sensors.egg-info/dependency_links.txt
[11.111s] writing entry points to ../../build/sensors/sensors.egg-info/entry_points.txt
[11.112s] writing requirements to ../../build/sensors/sensors.egg-info/requires.txt
[11.113s] writing top-level names to ../../build/sensors/sensors.egg-info/top_level.txt
[11.421s] reading manifest file '../../build/sensors/sensors.egg-info/SOURCES.txt'
[11.429s] writing manifest file '../../build/sensors/sensors.egg-info/SOURCES.txt'
[11.430s] running build
[11.431s] running build_py
[11.433s] copying sensors/message_receive_test.py -> /home/ubuntu/nlnt_workspace/virtualttbot/workspace/build/sensors/build/lib/sensors
[11.436s] running install
[11.442s] running install_lib
[11.451s] copying /home/ubuntu/nlnt_workspace/virtualttbot/workspace/build/sensors/build/lib/sensors/message_receive_test.py -> /home/ubuntu/nlnt_workspace/virtualttbot/workspace/install/sensors/lib/python3.8/site-packages/sensors
[11.457s] byte-compiling /home/ubuntu/nlnt_workspace/virtualttbot/workspace/install/sensors/lib/python3.8/site-packages/sensors/message_receive_test.py to message_receive_test.cpython-38.pyc
[11.471s] running install_data
[11.475s] running install_egg_info
[11.490s] removing '/home/ubuntu/nlnt_workspace/virtualttbot/workspace/install/sensors/lib/python3.8/site-packages/sensors-0.0.1-py3.8.egg-info' (and everything under it)
[11.493s] Copying ../../build/sensors/sensors.egg-info to /home/ubuntu/nlnt_workspace/virtualttbot/workspace/install/sensors/lib/python3.8/site-packages/sensors-0.0.1-py3.8.egg-info
[11.505s] running install_scripts
[11.640s] Installing mess_test script to /home/ubuntu/nlnt_workspace/virtualttbot/workspace/install/sensors/lib/sensors
[11.642s] Installing sensors script to /home/ubuntu/nlnt_workspace/virtualttbot/workspace/install/sensors/lib/sensors
[11.643s] Installing timer_node script to /home/ubuntu/nlnt_workspace/virtualttbot/workspace/install/sensors/lib/sensors
[11.647s] writing list of installed files to '/home/ubuntu/nlnt_workspace/virtualttbot/workspace/build/sensors/install.log'
[11.845s] Invoked command in '/home/ubuntu/nlnt_workspace/virtualttbot/workspace/src/sensors' returned '0': PYTHONPATH=/home/ubuntu/nlnt_workspace/virtualttbot/workspace/build/sensors/prefix_override:/home/ubuntu/nlnt_workspace/virtualttbot/workspace/install/sensors/lib/python3.8/site-packages:${PYTHONPATH} /usr/bin/python3 setup.py egg_info --egg-base ../../build/sensors build --build-base /home/ubuntu/nlnt_workspace/virtualttbot/workspace/build/sensors/build install --record /home/ubuntu/nlnt_workspace/virtualttbot/workspace/build/sensors/install.log --install-scripts $base/lib/sensors --single-version-externally-managed
