/home/turtlebot/virtualttbot/install/sensors/lib/python3.8/site-packages/sensors/client_test.py
/home/turtlebot/virtualttbot/install/sensors/lib/python3.8/site-packages/sensors/data_receiver_pygame.py
/home/turtlebot/virtualttbot/install/sensors/lib/python3.8/site-packages/sensors/data_test.py
/home/turtlebot/virtualttbot/install/sensors/lib/python3.8/site-packages/sensors/movement_prot.py
/home/turtlebot/virtualttbot/install/sensors/lib/python3.8/site-packages/sensors/KNetworking.py
/home/turtlebot/virtualttbot/install/sensors/lib/python3.8/site-packages/sensors/TwistedKNetwork.py
/home/turtlebot/virtualttbot/install/sensors/lib/python3.8/site-packages/sensors/level_test.py
/home/turtlebot/virtualttbot/install/sensors/lib/python3.8/site-packages/sensors/server_test.py
/home/turtlebot/virtualttbot/install/sensors/lib/python3.8/site-packages/sensors/message_receive_test.py
/home/turtlebot/virtualttbot/install/sensors/lib/python3.8/site-packages/sensors/capstone.py
/home/turtlebot/virtualttbot/install/sensors/lib/python3.8/site-packages/sensors/inference_prog.py
/home/turtlebot/virtualttbot/install/sensors/lib/python3.8/site-packages/sensors/__pycache__/client_test.cpython-38.pyc
/home/turtlebot/virtualttbot/install/sensors/lib/python3.8/site-packages/sensors/__pycache__/data_receiver_pygame.cpython-38.pyc
/home/turtlebot/virtualttbot/install/sensors/lib/python3.8/site-packages/sensors/__pycache__/data_test.cpython-38.pyc
/home/turtlebot/virtualttbot/install/sensors/lib/python3.8/site-packages/sensors/__pycache__/movement_prot.cpython-38.pyc
/home/turtlebot/virtualttbot/install/sensors/lib/python3.8/site-packages/sensors/__pycache__/KNetworking.cpython-38.pyc
/home/turtlebot/virtualttbot/install/sensors/lib/python3.8/site-packages/sensors/__pycache__/TwistedKNetwork.cpython-38.pyc
/home/turtlebot/virtualttbot/install/sensors/lib/python3.8/site-packages/sensors/__pycache__/level_test.cpython-38.pyc
/home/turtlebot/virtualttbot/install/sensors/lib/python3.8/site-packages/sensors/__pycache__/server_test.cpython-38.pyc
/home/turtlebot/virtualttbot/install/sensors/lib/python3.8/site-packages/sensors/__pycache__/message_receive_test.cpython-38.pyc
/home/turtlebot/virtualttbot/install/sensors/lib/python3.8/site-packages/sensors/__pycache__/capstone.cpython-38.pyc
/home/turtlebot/virtualttbot/install/sensors/lib/python3.8/site-packages/sensors/__pycache__/inference_prog.cpython-38.pyc
/home/turtlebot/virtualttbot/install/sensors/share/ament_index/resource_index/packages/sensors
/home/turtlebot/virtualttbot/install/sensors/share/sensors/package.xml
/home/turtlebot/virtualttbot/install/sensors/lib/python3.8/site-packages/sensors-0.0.1-py3.8.egg-info/zip-safe
/home/turtlebot/virtualttbot/install/sensors/lib/python3.8/site-packages/sensors-0.0.1-py3.8.egg-info/dependency_links.txt
/home/turtlebot/virtualttbot/install/sensors/lib/python3.8/site-packages/sensors-0.0.1-py3.8.egg-info/PKG-INFO
/home/turtlebot/virtualttbot/install/sensors/lib/python3.8/site-packages/sensors-0.0.1-py3.8.egg-info/top_level.txt
/home/turtlebot/virtualttbot/install/sensors/lib/python3.8/site-packages/sensors-0.0.1-py3.8.egg-info/entry_points.txt
/home/turtlebot/virtualttbot/install/sensors/lib/python3.8/site-packages/sensors-0.0.1-py3.8.egg-info/requires.txt
/home/turtlebot/virtualttbot/install/sensors/lib/python3.8/site-packages/sensors-0.0.1-py3.8.egg-info/SOURCES.txt
/home/turtlebot/virtualttbot/install/sensors/lib/sensors/capstone
/home/turtlebot/virtualttbot/install/sensors/lib/sensors/data_test
