[3.906s] DEBUG:colcon:Command line arguments: ['/usr/bin/colcon', 'build', '--packages-select', 'sensors']
[3.907s] DEBUG:colcon:Parsed command line arguments: Namespace(ament_cmake_args=None, base_paths=['.'], build_base='build', catkin_cmake_args=None, catkin_skip_building_tests=False, cmake_args=None, cmake_clean_cache=False, cmake_clean_first=False, cmake_force_configure=False, cmake_target=None, cmake_target_skip_unavailable=False, continue_on_error=False, event_handlers=None, executor='parallel', ignore_user_meta=False, install_base='install', log_base=None, log_level=None, main=<bound method BuildVerb.main of <colcon_core.verb.build.BuildVerb object at 0xffff80868940>>, merge_install=False, metas=['./colcon.meta'], packages_above=None, packages_above_and_dependencies=None, packages_above_depth=None, packages_end=None, packages_ignore=None, packages_ignore_regex=None, packages_select=['sensors'], packages_select_build_failed=False, packages_select_by_dep=None, packages_select_regex=None, packages_select_test_failures=False, packages_skip=None, packages_skip_build_finished=False, packages_skip_by_dep=None, packages_skip_regex=None, packages_skip_test_passed=False, packages_skip_up_to=None, packages_start=None, packages_up_to=None, packages_up_to_regex=None, parallel_workers=4, paths=None, symlink_install=False, test_result_base=None, verb_extension=<colcon_core.verb.build.BuildVerb object at 0xffff80868940>, verb_name='build', verb_parser=<colcon_defaults.argument_parser.defaults.DefaultArgumentsDecorator object at 0xffff80868eb0>)
[3.983s] Level 1:colcon.colcon_core.package_discovery:discover_packages(colcon_meta) check parameters
[3.984s] Level 1:colcon.colcon_core.package_discovery:discover_packages(recursive) check parameters
[3.985s] Level 1:colcon.colcon_core.package_discovery:discover_packages(ignore) check parameters
[3.985s] Level 1:colcon.colcon_core.package_discovery:discover_packages(path) check parameters
[3.985s] Level 1:colcon.colcon_core.package_discovery:discover_packages(colcon_meta) discover
[3.986s] Level 1:colcon.colcon_core.package_discovery:discover_packages(recursive) discover
[3.986s] INFO:colcon.colcon_core.package_discovery:Crawling recursively for packages in '/home/ubuntu/virtualttbot/workspace'
[3.987s] Level 1:colcon.colcon_core.package_identification:_identify(.) by extensions ['ignore', 'ignore_ament_install']
[3.988s] Level 1:colcon.colcon_core.package_identification:_identify(.) by extension 'ignore'
[3.989s] Level 1:colcon.colcon_core.package_identification:_identify(.) by extension 'ignore_ament_install'
[3.989s] Level 1:colcon.colcon_core.package_identification:_identify(.) by extensions ['colcon_pkg']
[3.990s] Level 1:colcon.colcon_core.package_identification:_identify(.) by extension 'colcon_pkg'
[3.990s] Level 1:colcon.colcon_core.package_identification:_identify(.) by extensions ['colcon_meta']
[3.991s] Level 1:colcon.colcon_core.package_identification:_identify(.) by extension 'colcon_meta'
[3.991s] Level 1:colcon.colcon_core.package_identification:_identify(.) by extensions ['ros']
[3.992s] Level 1:colcon.colcon_core.package_identification:_identify(.) by extension 'ros'
[4.136s] Level 1:colcon.colcon_core.package_identification:_identify(.) by extensions ['cmake', 'python']
[4.137s] Level 1:colcon.colcon_core.package_identification:_identify(.) by extension 'cmake'
[4.137s] Level 1:colcon.colcon_core.package_identification:_identify(.) by extension 'python'
[4.138s] Level 1:colcon.colcon_core.package_identification:_identify(.) by extensions ['python_setup_py']
[4.138s] Level 1:colcon.colcon_core.package_identification:_identify(.) by extension 'python_setup_py'
[4.139s] Level 1:colcon.colcon_core.package_identification:_identify(build) by extensions ['ignore', 'ignore_ament_install']
[4.140s] Level 1:colcon.colcon_core.package_identification:_identify(build) by extension 'ignore'
[4.140s] Level 1:colcon.colcon_core.package_identification:_identify(build) ignored
[4.142s] Level 1:colcon.colcon_core.package_identification:_identify(install) by extensions ['ignore', 'ignore_ament_install']
[4.142s] Level 1:colcon.colcon_core.package_identification:_identify(install) by extension 'ignore'
[4.143s] Level 1:colcon.colcon_core.package_identification:_identify(install) ignored
[4.148s] Level 1:colcon.colcon_core.package_identification:_identify(log) by extensions ['ignore', 'ignore_ament_install']
[4.149s] Level 1:colcon.colcon_core.package_identification:_identify(log) by extension 'ignore'
[4.149s] Level 1:colcon.colcon_core.package_identification:_identify(log) ignored
[4.150s] Level 1:colcon.colcon_core.package_identification:_identify(src) by extensions ['ignore', 'ignore_ament_install']
[4.151s] Level 1:colcon.colcon_core.package_identification:_identify(src) by extension 'ignore'
[4.152s] Level 1:colcon.colcon_core.package_identification:_identify(src) by extension 'ignore_ament_install'
[4.152s] Level 1:colcon.colcon_core.package_identification:_identify(src) by extensions ['colcon_pkg']
[4.153s] Level 1:colcon.colcon_core.package_identification:_identify(src) by extension 'colcon_pkg'
[4.153s] Level 1:colcon.colcon_core.package_identification:_identify(src) by extensions ['colcon_meta']
[4.153s] Level 1:colcon.colcon_core.package_identification:_identify(src) by extension 'colcon_meta'
[4.154s] Level 1:colcon.colcon_core.package_identification:_identify(src) by extensions ['ros']
[4.154s] Level 1:colcon.colcon_core.package_identification:_identify(src) by extension 'ros'
[4.155s] Level 1:colcon.colcon_core.package_identification:_identify(src) by extensions ['cmake', 'python']
[4.156s] Level 1:colcon.colcon_core.package_identification:_identify(src) by extension 'cmake'
[4.156s] Level 1:colcon.colcon_core.package_identification:_identify(src) by extension 'python'
[4.157s] Level 1:colcon.colcon_core.package_identification:_identify(src) by extensions ['python_setup_py']
[4.157s] Level 1:colcon.colcon_core.package_identification:_identify(src) by extension 'python_setup_py'
[4.158s] Level 1:colcon.colcon_core.package_identification:_identify(src/build) by extensions ['ignore', 'ignore_ament_install']
[4.159s] Level 1:colcon.colcon_core.package_identification:_identify(src/build) by extension 'ignore'
[4.159s] Level 1:colcon.colcon_core.package_identification:_identify(src/build) ignored
[4.160s] Level 1:colcon.colcon_core.package_identification:_identify(src/install) by extensions ['ignore', 'ignore_ament_install']
[4.161s] Level 1:colcon.colcon_core.package_identification:_identify(src/install) by extension 'ignore'
[4.162s] Level 1:colcon.colcon_core.package_identification:_identify(src/install) ignored
[4.163s] Level 1:colcon.colcon_core.package_identification:_identify(src/log) by extensions ['ignore', 'ignore_ament_install']
[4.164s] Level 1:colcon.colcon_core.package_identification:_identify(src/log) by extension 'ignore'
[4.164s] Level 1:colcon.colcon_core.package_identification:_identify(src/log) ignored
[4.165s] Level 1:colcon.colcon_core.package_identification:_identify(src/sensors) by extensions ['ignore', 'ignore_ament_install']
[4.166s] Level 1:colcon.colcon_core.package_identification:_identify(src/sensors) by extension 'ignore'
[4.167s] Level 1:colcon.colcon_core.package_identification:_identify(src/sensors) by extension 'ignore_ament_install'
[4.167s] Level 1:colcon.colcon_core.package_identification:_identify(src/sensors) by extensions ['colcon_pkg']
[4.168s] Level 1:colcon.colcon_core.package_identification:_identify(src/sensors) by extension 'colcon_pkg'
[4.168s] Level 1:colcon.colcon_core.package_identification:_identify(src/sensors) by extensions ['colcon_meta']
[4.169s] Level 1:colcon.colcon_core.package_identification:_identify(src/sensors) by extension 'colcon_meta'
[4.169s] Level 1:colcon.colcon_core.package_identification:_identify(src/sensors) by extensions ['ros']
[4.169s] Level 1:colcon.colcon_core.package_identification:_identify(src/sensors) by extension 'ros'
[4.196s] DEBUG:colcon.colcon_core.package_identification:Package 'src/sensors' with type 'ros.ament_python' and name 'sensors'
[4.196s] Level 1:colcon.colcon_core.package_discovery:discover_packages(recursive) using defaults
[4.197s] Level 1:colcon.colcon_core.package_discovery:discover_packages(ignore) discover
[4.197s] Level 1:colcon.colcon_core.package_discovery:discover_packages(ignore) using defaults
[4.197s] Level 1:colcon.colcon_core.package_discovery:discover_packages(path) discover
[4.197s] Level 1:colcon.colcon_core.package_discovery:discover_packages(path) using defaults
[4.421s] Level 5:colcon.colcon_core.verb:set package 'sensors' build argument 'cmake_args' from command line to 'None'
[4.421s] Level 5:colcon.colcon_core.verb:set package 'sensors' build argument 'cmake_target' from command line to 'None'
[4.422s] Level 5:colcon.colcon_core.verb:set package 'sensors' build argument 'cmake_target_skip_unavailable' from command line to 'False'
[4.422s] Level 5:colcon.colcon_core.verb:set package 'sensors' build argument 'cmake_clean_cache' from command line to 'False'
[4.422s] Level 5:colcon.colcon_core.verb:set package 'sensors' build argument 'cmake_clean_first' from command line to 'False'
[4.422s] Level 5:colcon.colcon_core.verb:set package 'sensors' build argument 'cmake_force_configure' from command line to 'False'
[4.423s] Level 5:colcon.colcon_core.verb:set package 'sensors' build argument 'ament_cmake_args' from command line to 'None'
[4.423s] Level 5:colcon.colcon_core.verb:set package 'sensors' build argument 'catkin_cmake_args' from command line to 'None'
[4.423s] Level 5:colcon.colcon_core.verb:set package 'sensors' build argument 'catkin_skip_building_tests' from command line to 'False'
[4.424s] DEBUG:colcon.colcon_core.verb:Building package 'sensors' with the following arguments: {'ament_cmake_args': None, 'build_base': '/home/ubuntu/virtualttbot/workspace/build/sensors', 'catkin_cmake_args': None, 'catkin_skip_building_tests': False, 'cmake_args': None, 'cmake_clean_cache': False, 'cmake_clean_first': False, 'cmake_force_configure': False, 'cmake_target': None, 'cmake_target_skip_unavailable': False, 'install_base': '/home/ubuntu/virtualttbot/workspace/install/sensors', 'merge_install': False, 'path': '/home/ubuntu/virtualttbot/workspace/src/sensors', 'symlink_install': False, 'test_result_base': None}
[4.426s] INFO:colcon.colcon_core.executor:Executing jobs using 'parallel' executor
[4.439s] DEBUG:colcon.colcon_parallel_executor.executor.parallel:run_until_complete
[4.441s] INFO:colcon.colcon_ros.task.ament_python.build:Building ROS package in '/home/ubuntu/virtualttbot/workspace/src/sensors' with build type 'ament_python'
[4.442s] Level 1:colcon.colcon_core.shell:create_environment_hook('sensors', 'ament_prefix_path')
[4.503s] INFO:colcon.colcon_core.plugin_system:Skipping extension 'colcon_core.shell.bat': Not used on non-Windows systems
[4.505s] INFO:colcon.colcon_core.shell:Creating environment hook '/home/ubuntu/virtualttbot/workspace/install/sensors/share/sensors/hook/ament_prefix_path.ps1'
[4.517s] INFO:colcon.colcon_core.shell:Creating environment descriptor '/home/ubuntu/virtualttbot/workspace/install/sensors/share/sensors/hook/ament_prefix_path.dsv'
[4.522s] INFO:colcon.colcon_core.shell:Creating environment hook '/home/ubuntu/virtualttbot/workspace/install/sensors/share/sensors/hook/ament_prefix_path.sh'
[4.532s] INFO:colcon.colcon_core.shell:Skip shell extension 'powershell' for command environment: Not usable outside of PowerShell
[4.532s] DEBUG:colcon.colcon_core.shell:Skip shell extension 'dsv' for command environment
[4.636s] DEBUG:colcon.colcon_core.shell:Ignoring prefix path '/opt/ros/foxy'
[6.349s] INFO:colcon.colcon_core.task.python.build:Building Python package in '/home/ubuntu/virtualttbot/workspace/src/sensors'
[6.353s] INFO:colcon.colcon_core.shell:Skip shell extension 'powershell' for command environment: Not usable outside of PowerShell
[6.354s] DEBUG:colcon.colcon_core.shell:Skip shell extension 'dsv' for command environment
[6.374s] DEBUG:colcon.colcon_core.shell:Ignoring prefix path '/opt/ros/foxy'
[6.413s] DEBUG:colcon.colcon_core.event_handler.log_command:Invoking command in '/home/ubuntu/virtualttbot/workspace/src/sensors': PYTHONPATH=/home/ubuntu/virtualttbot/workspace/install/sensors/lib/python3.8/site-packages:${PYTHONPATH} /usr/bin/python3 setup.py egg_info --egg-base ../../build/sensors build --build-base /home/ubuntu/virtualttbot/workspace/build/sensors/build install --prefix /home/ubuntu/virtualttbot/workspace/install/sensors --record /home/ubuntu/virtualttbot/workspace/build/sensors/install.log --single-version-externally-managed
[9.070s] DEBUG:colcon.colcon_core.event_handler.log_command:Invoked command in '/home/ubuntu/virtualttbot/workspace/src/sensors' returned '0': PYTHONPATH=/home/ubuntu/virtualttbot/workspace/install/sensors/lib/python3.8/site-packages:${PYTHONPATH} /usr/bin/python3 setup.py egg_info --egg-base ../../build/sensors build --build-base /home/ubuntu/virtualttbot/workspace/build/sensors/build install --prefix /home/ubuntu/virtualttbot/workspace/install/sensors --record /home/ubuntu/virtualttbot/workspace/build/sensors/install.log --single-version-externally-managed
[9.139s] Level 1:colcon.colcon_core.environment:checking '/home/ubuntu/virtualttbot/workspace/install/sensors' for CMake module files
[9.144s] Level 1:colcon.colcon_core.environment:checking '/home/ubuntu/virtualttbot/workspace/install/sensors' for CMake config files
[9.150s] Level 1:colcon.colcon_core.environment:checking '/home/ubuntu/virtualttbot/workspace/install/sensors/lib'
[9.152s] Level 1:colcon.colcon_core.environment:checking '/home/ubuntu/virtualttbot/workspace/install/sensors/bin'
[9.153s] Level 1:colcon.colcon_core.environment:checking '/home/ubuntu/virtualttbot/workspace/install/sensors/lib/pkgconfig/sensors.pc'
[9.153s] Level 1:colcon.colcon_core.environment:checking '/home/ubuntu/virtualttbot/workspace/install/sensors/lib/python3.8/site-packages'
[9.154s] Level 1:colcon.colcon_core.shell:create_environment_hook('sensors', 'pythonpath')
[9.158s] INFO:colcon.colcon_core.shell:Creating environment hook '/home/ubuntu/virtualttbot/workspace/install/sensors/share/sensors/hook/pythonpath.ps1'
[9.161s] INFO:colcon.colcon_core.shell:Creating environment descriptor '/home/ubuntu/virtualttbot/workspace/install/sensors/share/sensors/hook/pythonpath.dsv'
[9.164s] INFO:colcon.colcon_core.shell:Creating environment hook '/home/ubuntu/virtualttbot/workspace/install/sensors/share/sensors/hook/pythonpath.sh'
[9.168s] Level 1:colcon.colcon_core.environment:create_environment_scripts_only(sensors)
[9.173s] INFO:colcon.colcon_core.shell:Creating package script '/home/ubuntu/virtualttbot/workspace/install/sensors/share/sensors/package.ps1'
[9.181s] INFO:colcon.colcon_core.shell:Creating package descriptor '/home/ubuntu/virtualttbot/workspace/install/sensors/share/sensors/package.dsv'
[9.189s] INFO:colcon.colcon_core.shell:Creating package script '/home/ubuntu/virtualttbot/workspace/install/sensors/share/sensors/package.sh'
[9.197s] INFO:colcon.colcon_core.shell:Creating package script '/home/ubuntu/virtualttbot/workspace/install/sensors/share/sensors/package.bash'
[9.205s] INFO:colcon.colcon_core.shell:Creating package script '/home/ubuntu/virtualttbot/workspace/install/sensors/share/sensors/package.zsh'
[9.214s] Level 1:colcon.colcon_core.environment:create_file_with_runtime_dependencies(/home/ubuntu/virtualttbot/workspace/install/sensors/share/colcon-core/packages/sensors)
[9.217s] DEBUG:colcon.colcon_parallel_executor.executor.parallel:closing loop
[9.219s] DEBUG:colcon.colcon_parallel_executor.executor.parallel:loop closed
[9.220s] DEBUG:colcon.colcon_parallel_executor.executor.parallel:run_until_complete finished with '0'
[9.221s] DEBUG:colcon.colcon_core.event_reactor:joining thread
[9.305s] INFO:colcon.colcon_core.plugin_system:Skipping extension 'colcon_notification.desktop_notification.notify_send': Could not find 'notify-send'
[9.307s] INFO:colcon.colcon_core.plugin_system:Skipping extension 'colcon_notification.desktop_notification.terminal_notifier': Not used on non-Darwin systems
[9.308s] INFO:colcon.colcon_core.plugin_system:Skipping extension 'colcon_notification.desktop_notification.win32': Not used on non-Windows systems
[9.308s] INFO:colcon.colcon_notification.desktop_notification:Sending desktop notification using 'notify2'
[9.331s] DEBUG:colcon.colcon_notification.desktop_notification.notify2:Failed to initialize notify2: org.freedesktop.DBus.Error.ServiceUnknown: The name org.freedesktop.Notifications was not provided by any .service files
[9.332s] DEBUG:colcon.colcon_core.event_reactor:joined thread
[9.338s] INFO:colcon.colcon_core.shell:Creating prefix script '/home/ubuntu/virtualttbot/workspace/install/local_setup.ps1'
[9.351s] INFO:colcon.colcon_core.shell:Creating prefix util module '/home/ubuntu/virtualttbot/workspace/install/_local_setup_util_ps1.py'
[9.368s] INFO:colcon.colcon_core.shell:Creating prefix chain script '/home/ubuntu/virtualttbot/workspace/install/setup.ps1'
[9.394s] INFO:colcon.colcon_core.shell:Creating prefix script '/home/ubuntu/virtualttbot/workspace/install/local_setup.sh'
[9.401s] INFO:colcon.colcon_core.shell:Creating prefix util module '/home/ubuntu/virtualttbot/workspace/install/_local_setup_util_sh.py'
[9.406s] INFO:colcon.colcon_core.shell:Creating prefix chain script '/home/ubuntu/virtualttbot/workspace/install/setup.sh'
[9.431s] INFO:colcon.colcon_core.shell:Creating prefix script '/home/ubuntu/virtualttbot/workspace/install/local_setup.bash'
[9.436s] INFO:colcon.colcon_core.shell:Creating prefix chain script '/home/ubuntu/virtualttbot/workspace/install/setup.bash'
[9.458s] INFO:colcon.colcon_core.shell:Creating prefix script '/home/ubuntu/virtualttbot/workspace/install/local_setup.zsh'
[9.463s] INFO:colcon.colcon_core.shell:Creating prefix chain script '/home/ubuntu/virtualttbot/workspace/install/setup.zsh'
