[1.838s] Invoking command in '/home/ubuntu/virtualttbot/workspace/src/sensors': PYTHONPATH=/home/ubuntu/virtualttbot/workspace/install/sensors/lib/python3.8/site-packages:${PYTHONPATH} /usr/bin/python3 setup.py egg_info --egg-base ../../build/sensors build --build-base /home/ubuntu/virtualttbot/workspace/build/sensors/build install --prefix /home/ubuntu/virtualttbot/workspace/install/sensors --record /home/ubuntu/virtualttbot/workspace/build/sensors/install.log --single-version-externally-managed
[3.463s] running egg_info
[3.467s] writing ../../build/sensors/sensors.egg-info/PKG-INFO
[3.469s] writing dependency_links to ../../build/sensors/sensors.egg-info/dependency_links.txt
[3.472s] writing entry points to ../../build/sensors/sensors.egg-info/entry_points.txt
[3.473s] writing requirements to ../../build/sensors/sensors.egg-info/requires.txt
[3.474s] writing top-level names to ../../build/sensors/sensors.egg-info/top_level.txt
[3.735s] reading manifest file '../../build/sensors/sensors.egg-info/SOURCES.txt'
[3.744s] writing manifest file '../../build/sensors/sensors.egg-info/SOURCES.txt'
[3.745s] running build
[3.748s] running build_py
[3.750s] copying sensors/capstone.py -> /home/ubuntu/virtualttbot/workspace/build/sensors/build/lib/sensors
[3.753s] running install
[3.759s] running install_lib
[3.769s] copying /home/ubuntu/virtualttbot/workspace/build/sensors/build/lib/sensors/capstone.py -> /home/ubuntu/virtualttbot/workspace/install/sensors/lib/python3.8/site-packages/sensors
[3.776s] byte-compiling /home/ubuntu/virtualttbot/workspace/install/sensors/lib/python3.8/site-packages/sensors/capstone.py to capstone.cpython-38.pyc
[3.798s] running install_data
[3.802s] running install_egg_info
[3.812s] removing '/home/ubuntu/virtualttbot/workspace/install/sensors/lib/python3.8/site-packages/sensors-0.0.1-py3.8.egg-info' (and everything under it)
[3.815s] Copying ../../build/sensors/sensors.egg-info to /home/ubuntu/virtualttbot/workspace/install/sensors/lib/python3.8/site-packages/sensors-0.0.1-py3.8.egg-info
[3.824s] running install_scripts
[3.949s] Installing capstone script to /home/ubuntu/virtualttbot/workspace/install/sensors/lib/sensors
[3.950s] Installing sensors script to /home/ubuntu/virtualttbot/workspace/install/sensors/lib/sensors
[3.954s] writing list of installed files to '/home/ubuntu/virtualttbot/workspace/build/sensors/install.log'
[4.142s] Invoked command in '/home/ubuntu/virtualttbot/workspace/src/sensors' returned '0': PYTHONPATH=/home/ubuntu/virtualttbot/workspace/install/sensors/lib/python3.8/site-packages:${PYTHONPATH} /usr/bin/python3 setup.py egg_info --egg-base ../../build/sensors build --build-base /home/ubuntu/virtualttbot/workspace/build/sensors/build install --prefix /home/ubuntu/virtualttbot/workspace/install/sensors --record /home/ubuntu/virtualttbot/workspace/build/sensors/install.log --single-version-externally-managed
