[0.840s] Invoking command in '/home/gabriel/virt_ttb/workspace/src/sensors': PYTHONPATH=/home/gabriel/virt_ttb/workspace/src/sensors/build/sensors/prefix_override:/home/gabriel/virt_ttb/workspace/src/sensors/install/sensors/lib/python3.8/site-packages:${PYTHONPATH} /usr/bin/python3 setup.py egg_info --egg-base build/sensors build --build-base /home/gabriel/virt_ttb/workspace/src/sensors/build/sensors/build install --record /home/gabriel/virt_ttb/workspace/src/sensors/build/sensors/install.log --install-scripts $base/lib/sensors --single-version-externally-managed
[0.985s] running egg_info
[0.986s] writing build/sensors/sensors.egg-info/PKG-INFO
[0.986s] writing dependency_links to build/sensors/sensors.egg-info/dependency_links.txt
[0.986s] writing entry points to build/sensors/sensors.egg-info/entry_points.txt
[0.986s] writing requirements to build/sensors/sensors.egg-info/requires.txt
[0.986s] writing top-level names to build/sensors/sensors.egg-info/top_level.txt
[1.009s] reading manifest file 'build/sensors/sensors.egg-info/SOURCES.txt'
[1.010s] writing manifest file 'build/sensors/sensors.egg-info/SOURCES.txt'
[1.010s] running build
[1.010s] running build_py
[1.010s] running install
[1.011s] running install_lib
[1.012s] running install_data
[1.012s] running install_egg_info
[1.013s] removing '/home/gabriel/virt_ttb/workspace/src/sensors/install/sensors/lib/python3.8/site-packages/sensors-0.0.1-py3.8.egg-info' (and everything under it)
[1.014s] Copying build/sensors/sensors.egg-info to /home/gabriel/virt_ttb/workspace/src/sensors/install/sensors/lib/python3.8/site-packages/sensors-0.0.1-py3.8.egg-info
[1.014s] running install_scripts
[1.026s] Installing mess_test script to /home/gabriel/virt_ttb/workspace/src/sensors/install/sensors/lib/sensors
[1.026s] Installing movement_prot script to /home/gabriel/virt_ttb/workspace/src/sensors/install/sensors/lib/sensors
[1.026s] Installing sensors script to /home/gabriel/virt_ttb/workspace/src/sensors/install/sensors/lib/sensors
[1.026s] Installing timer_node script to /home/gabriel/virt_ttb/workspace/src/sensors/install/sensors/lib/sensors
[1.026s] writing list of installed files to '/home/gabriel/virt_ttb/workspace/src/sensors/build/sensors/install.log'
[1.045s] Invoked command in '/home/gabriel/virt_ttb/workspace/src/sensors' returned '0': PYTHONPATH=/home/gabriel/virt_ttb/workspace/src/sensors/build/sensors/prefix_override:/home/gabriel/virt_ttb/workspace/src/sensors/install/sensors/lib/python3.8/site-packages:${PYTHONPATH} /usr/bin/python3 setup.py egg_info --egg-base build/sensors build --build-base /home/gabriel/virt_ttb/workspace/src/sensors/build/sensors/build install --record /home/gabriel/virt_ttb/workspace/src/sensors/build/sensors/install.log --install-scripts $base/lib/sensors --single-version-externally-managed
