/home/ubuntu/nlnt_workspace/virtualttbot/workspace/install/sensors/lib/python3.8/site-packages/sensors/__init__.py
/home/ubuntu/nlnt_workspace/virtualttbot/workspace/install/sensors/lib/python3.8/site-packages/sensors/picamtest.py
/home/ubuntu/nlnt_workspace/virtualttbot/workspace/install/sensors/lib/python3.8/site-packages/sensors/opencv_test.py
/home/ubuntu/nlnt_workspace/virtualttbot/workspace/install/sensors/lib/python3.8/site-packages/sensors/message_receive_test.py
/home/ubuntu/nlnt_workspace/virtualttbot/workspace/install/sensors/lib/python3.8/site-packages/sensors/__pycache__/__init__.cpython-38.pyc
/home/ubuntu/nlnt_workspace/virtualttbot/workspace/install/sensors/lib/python3.8/site-packages/sensors/__pycache__/picamtest.cpython-38.pyc
/home/ubuntu/nlnt_workspace/virtualttbot/workspace/install/sensors/lib/python3.8/site-packages/sensors/__pycache__/opencv_test.cpython-38.pyc
/home/ubuntu/nlnt_workspace/virtualttbot/workspace/install/sensors/lib/python3.8/site-packages/sensors/__pycache__/message_receive_test.cpython-38.pyc
/home/ubuntu/nlnt_workspace/virtualttbot/workspace/install/sensors/share/ament_index/resource_index/packages/sensors
/home/ubuntu/nlnt_workspace/virtualttbot/workspace/install/sensors/share/sensors/package.xml
/home/ubuntu/nlnt_workspace/virtualttbot/workspace/install/sensors/lib/python3.8/site-packages/sensors-0.0.1-py3.8.egg-info/SOURCES.txt
/home/ubuntu/nlnt_workspace/virtualttbot/workspace/install/sensors/lib/python3.8/site-packages/sensors-0.0.1-py3.8.egg-info/top_level.txt
/home/ubuntu/nlnt_workspace/virtualttbot/workspace/install/sensors/lib/python3.8/site-packages/sensors-0.0.1-py3.8.egg-info/requires.txt
/home/ubuntu/nlnt_workspace/virtualttbot/workspace/install/sensors/lib/python3.8/site-packages/sensors-0.0.1-py3.8.egg-info/zip-safe
/home/ubuntu/nlnt_workspace/virtualttbot/workspace/install/sensors/lib/python3.8/site-packages/sensors-0.0.1-py3.8.egg-info/dependency_links.txt
/home/ubuntu/nlnt_workspace/virtualttbot/workspace/install/sensors/lib/python3.8/site-packages/sensors-0.0.1-py3.8.egg-info/PKG-INFO
/home/ubuntu/nlnt_workspace/virtualttbot/workspace/install/sensors/lib/python3.8/site-packages/sensors-0.0.1-py3.8.egg-info/entry_points.txt
/home/ubuntu/nlnt_workspace/virtualttbot/workspace/install/sensors/lib/sensors/mess_test
/home/ubuntu/nlnt_workspace/virtualttbot/workspace/install/sensors/lib/sensors/sensors
/home/ubuntu/nlnt_workspace/virtualttbot/workspace/install/sensors/lib/sensors/timer_node
