[17.383s] DEBUG:colcon:Command line arguments: ['/usr/bin/colcon', 'build']
[17.384s] DEBUG:colcon:Parsed command line arguments: Namespace(allow_overriding=[], ament_cmake_args=None, base_paths=['.'], build_base='build', catkin_cmake_args=None, catkin_skip_building_tests=False, cmake_args=None, cmake_clean_cache=False, cmake_clean_first=False, cmake_force_configure=False, cmake_target=None, cmake_target_skip_unavailable=False, continue_on_error=False, event_handlers=None, executor='parallel', ignore_user_meta=False, install_base='install', log_base=None, log_level=None, main=<bound method BuildVerb.main of <colcon_core.verb.build.BuildVerb object at 0xffffa21b8c70>>, merge_install=False, metas=['./colcon.meta'], packages_above=None, packages_above_and_dependencies=None, packages_above_depth=None, packages_end=None, packages_ignore=None, packages_ignore_regex=None, packages_select=None, packages_select_build_failed=False, packages_select_by_dep=None, packages_select_regex=None, packages_select_test_failures=False, packages_skip=None, packages_skip_build_finished=False, packages_skip_by_dep=None, packages_skip_regex=None, packages_skip_test_passed=False, packages_skip_up_to=None, packages_start=None, packages_up_to=None, packages_up_to_regex=None, parallel_workers=4, paths=None, symlink_install=False, test_result_base=None, verb_extension=<colcon_core.verb.build.BuildVerb object at 0xffffa21b8c70>, verb_name='build', verb_parser=<colcon_defaults.argument_parser.defaults.DefaultArgumentsDecorator object at 0xffffa21d5190>)
[18.219s] Level 1:colcon.colcon_core.package_discovery:discover_packages(colcon_meta) check parameters
[18.220s] Level 1:colcon.colcon_core.package_discovery:discover_packages(recursive) check parameters
[18.220s] Level 1:colcon.colcon_core.package_discovery:discover_packages(ignore) check parameters
[18.221s] Level 1:colcon.colcon_core.package_discovery:discover_packages(path) check parameters
[18.221s] Level 1:colcon.colcon_core.package_discovery:discover_packages(colcon_meta) discover
[18.222s] Level 1:colcon.colcon_core.package_discovery:discover_packages(recursive) discover
[18.222s] INFO:colcon.colcon_core.package_discovery:Crawling recursively for packages in '/home/ubuntu/nlnt_workspace/virtualttbot/workspace'
[18.223s] Level 1:colcon.colcon_core.package_identification:_identify(.) by extensions ['ignore', 'ignore_ament_install']
[18.224s] Level 1:colcon.colcon_core.package_identification:_identify(.) by extension 'ignore'
[18.225s] Level 1:colcon.colcon_core.package_identification:_identify(.) by extension 'ignore_ament_install'
[18.226s] Level 1:colcon.colcon_core.package_identification:_identify(.) by extensions ['colcon_pkg']
[18.226s] Level 1:colcon.colcon_core.package_identification:_identify(.) by extension 'colcon_pkg'
[18.227s] Level 1:colcon.colcon_core.package_identification:_identify(.) by extensions ['colcon_meta']
[18.227s] Level 1:colcon.colcon_core.package_identification:_identify(.) by extension 'colcon_meta'
[18.228s] Level 1:colcon.colcon_core.package_identification:_identify(.) by extensions ['ros']
[18.228s] Level 1:colcon.colcon_core.package_identification:_identify(.) by extension 'ros'
[18.375s] Level 1:colcon.colcon_core.package_identification:_identify(.) by extensions ['cmake', 'python']
[18.376s] Level 1:colcon.colcon_core.package_identification:_identify(.) by extension 'cmake'
[18.376s] Level 1:colcon.colcon_core.package_identification:_identify(.) by extension 'python'
[18.377s] Level 1:colcon.colcon_core.package_identification:_identify(.) by extensions ['python_setup_py']
[18.377s] Level 1:colcon.colcon_core.package_identification:_identify(.) by extension 'python_setup_py'
[18.378s] Level 1:colcon.colcon_core.package_identification:_identify(build) by extensions ['ignore', 'ignore_ament_install']
[18.379s] Level 1:colcon.colcon_core.package_identification:_identify(build) by extension 'ignore'
[18.380s] Level 1:colcon.colcon_core.package_identification:_identify(build) ignored
[18.381s] Level 1:colcon.colcon_core.package_identification:_identify(install) by extensions ['ignore', 'ignore_ament_install']
[18.382s] Level 1:colcon.colcon_core.package_identification:_identify(install) by extension 'ignore'
[18.383s] Level 1:colcon.colcon_core.package_identification:_identify(install) ignored
[18.384s] Level 1:colcon.colcon_core.package_identification:_identify(log) by extensions ['ignore', 'ignore_ament_install']
[18.385s] Level 1:colcon.colcon_core.package_identification:_identify(log) by extension 'ignore'
[18.386s] Level 1:colcon.colcon_core.package_identification:_identify(log) ignored
[18.387s] Level 1:colcon.colcon_core.package_identification:_identify(src) by extensions ['ignore', 'ignore_ament_install']
[18.388s] Level 1:colcon.colcon_core.package_identification:_identify(src) by extension 'ignore'
[18.389s] Level 1:colcon.colcon_core.package_identification:_identify(src) by extension 'ignore_ament_install'
[18.389s] Level 1:colcon.colcon_core.package_identification:_identify(src) by extensions ['colcon_pkg']
[18.390s] Level 1:colcon.colcon_core.package_identification:_identify(src) by extension 'colcon_pkg'
[18.390s] Level 1:colcon.colcon_core.package_identification:_identify(src) by extensions ['colcon_meta']
[18.391s] Level 1:colcon.colcon_core.package_identification:_identify(src) by extension 'colcon_meta'
[18.391s] Level 1:colcon.colcon_core.package_identification:_identify(src) by extensions ['ros']
[18.392s] Level 1:colcon.colcon_core.package_identification:_identify(src) by extension 'ros'
[18.393s] Level 1:colcon.colcon_core.package_identification:_identify(src) by extensions ['cmake', 'python']
[18.393s] Level 1:colcon.colcon_core.package_identification:_identify(src) by extension 'cmake'
[18.394s] Level 1:colcon.colcon_core.package_identification:_identify(src) by extension 'python'
[18.395s] Level 1:colcon.colcon_core.package_identification:_identify(src) by extensions ['python_setup_py']
[18.395s] Level 1:colcon.colcon_core.package_identification:_identify(src) by extension 'python_setup_py'
[18.397s] Level 1:colcon.colcon_core.package_identification:_identify(src/sensors) by extensions ['ignore', 'ignore_ament_install']
[18.398s] Level 1:colcon.colcon_core.package_identification:_identify(src/sensors) by extension 'ignore'
[18.399s] Level 1:colcon.colcon_core.package_identification:_identify(src/sensors) by extension 'ignore_ament_install'
[18.401s] Level 1:colcon.colcon_core.package_identification:_identify(src/sensors) by extensions ['colcon_pkg']
[18.401s] Level 1:colcon.colcon_core.package_identification:_identify(src/sensors) by extension 'colcon_pkg'
[18.402s] Level 1:colcon.colcon_core.package_identification:_identify(src/sensors) by extensions ['colcon_meta']
[18.403s] Level 1:colcon.colcon_core.package_identification:_identify(src/sensors) by extension 'colcon_meta'
[18.404s] Level 1:colcon.colcon_core.package_identification:_identify(src/sensors) by extensions ['ros']
[18.404s] Level 1:colcon.colcon_core.package_identification:_identify(src/sensors) by extension 'ros'
[18.437s] DEBUG:colcon.colcon_core.package_identification:Package 'src/sensors' with type 'ros.ament_python' and name 'sensors'
[18.438s] Level 1:colcon.colcon_core.package_discovery:discover_packages(recursive) using defaults
[18.438s] Level 1:colcon.colcon_core.package_discovery:discover_packages(ignore) discover
[18.438s] Level 1:colcon.colcon_core.package_discovery:discover_packages(ignore) using defaults
[18.439s] Level 1:colcon.colcon_core.package_discovery:discover_packages(path) discover
[18.439s] Level 1:colcon.colcon_core.package_discovery:discover_packages(path) using defaults
[20.098s] Level 1:colcon.colcon_core.package_discovery:discover_packages(prefix_path) check parameters
[20.098s] Level 1:colcon.colcon_core.package_discovery:discover_packages(prefix_path) discover
[20.715s] DEBUG:colcon.colcon_installed_package_information.package_discovery:Found 1 installed packages in /home/ubuntu/nlnt_workspace/virtualttbot/workspace/install
[21.006s] DEBUG:colcon.colcon_installed_package_information.package_discovery:Found 7 installed packages in /home/ubuntu/turtlebot3_ws/install
[21.301s] DEBUG:colcon.colcon_installed_package_information.package_discovery:Found 171 installed packages in /opt/ros/foxy
[21.310s] Level 1:colcon.colcon_core.package_discovery:discover_packages(prefix_path) using defaults
[22.468s] Level 5:colcon.colcon_core.verb:set package 'sensors' build argument 'cmake_args' from command line to 'None'
[22.469s] Level 5:colcon.colcon_core.verb:set package 'sensors' build argument 'cmake_target' from command line to 'None'
[22.469s] Level 5:colcon.colcon_core.verb:set package 'sensors' build argument 'cmake_target_skip_unavailable' from command line to 'False'
[22.469s] Level 5:colcon.colcon_core.verb:set package 'sensors' build argument 'cmake_clean_cache' from command line to 'False'
[22.470s] Level 5:colcon.colcon_core.verb:set package 'sensors' build argument 'cmake_clean_first' from command line to 'False'
[22.470s] Level 5:colcon.colcon_core.verb:set package 'sensors' build argument 'cmake_force_configure' from command line to 'False'
[22.470s] Level 5:colcon.colcon_core.verb:set package 'sensors' build argument 'ament_cmake_args' from command line to 'None'
[22.470s] Level 5:colcon.colcon_core.verb:set package 'sensors' build argument 'catkin_cmake_args' from command line to 'None'
[22.471s] Level 5:colcon.colcon_core.verb:set package 'sensors' build argument 'catkin_skip_building_tests' from command line to 'False'
[22.471s] DEBUG:colcon.colcon_core.verb:Building package 'sensors' with the following arguments: {'ament_cmake_args': None, 'build_base': '/home/ubuntu/nlnt_workspace/virtualttbot/workspace/build/sensors', 'catkin_cmake_args': None, 'catkin_skip_building_tests': False, 'cmake_args': None, 'cmake_clean_cache': False, 'cmake_clean_first': False, 'cmake_force_configure': False, 'cmake_target': None, 'cmake_target_skip_unavailable': False, 'install_base': '/home/ubuntu/nlnt_workspace/virtualttbot/workspace/install/sensors', 'merge_install': False, 'path': '/home/ubuntu/nlnt_workspace/virtualttbot/workspace/src/sensors', 'symlink_install': False, 'test_result_base': None}
[22.758s] INFO:colcon.colcon_core.executor:Executing jobs using 'parallel' executor
[23.048s] DEBUG:colcon.colcon_parallel_executor.executor.parallel:run_until_complete
[23.051s] INFO:colcon.colcon_ros.task.ament_python.build:Building ROS package in '/home/ubuntu/nlnt_workspace/virtualttbot/workspace/src/sensors' with build type 'ament_python'
[23.052s] Level 1:colcon.colcon_core.shell:create_environment_hook('sensors', 'ament_prefix_path')
[23.477s] INFO:colcon.colcon_core.plugin_system:Skipping extension 'colcon_core.shell.bat': Not used on non-Windows systems
[23.479s] INFO:colcon.colcon_core.shell:Creating environment hook '/home/ubuntu/nlnt_workspace/virtualttbot/workspace/install/sensors/share/sensors/hook/ament_prefix_path.ps1'
[23.484s] INFO:colcon.colcon_core.shell:Creating environment descriptor '/home/ubuntu/nlnt_workspace/virtualttbot/workspace/install/sensors/share/sensors/hook/ament_prefix_path.dsv'
[23.489s] INFO:colcon.colcon_core.shell:Creating environment hook '/home/ubuntu/nlnt_workspace/virtualttbot/workspace/install/sensors/share/sensors/hook/ament_prefix_path.sh'
[23.831s] INFO:colcon.colcon_core.shell:Skip shell extension 'powershell' for command environment: Not usable outside of PowerShell
[23.832s] DEBUG:colcon.colcon_core.shell:Skip shell extension 'dsv' for command environment
[27.099s] INFO:colcon.colcon_core.task.python.build:Building Python package in '/home/ubuntu/nlnt_workspace/virtualttbot/workspace/src/sensors'
[27.401s] INFO:colcon.colcon_core.shell:Skip shell extension 'powershell' for command environment: Not usable outside of PowerShell
[27.401s] DEBUG:colcon.colcon_core.shell:Skip shell extension 'dsv' for command environment
[32.297s] DEBUG:colcon.colcon_core.event_handler.log_command:Invoking command in '/home/ubuntu/nlnt_workspace/virtualttbot/workspace/src/sensors': PYTHONPATH=/home/ubuntu/nlnt_workspace/virtualttbot/workspace/build/sensors/prefix_override:/home/ubuntu/nlnt_workspace/virtualttbot/workspace/install/sensors/lib/python3.8/site-packages:${PYTHONPATH} /usr/bin/python3 setup.py egg_info --egg-base ../../build/sensors build --build-base /home/ubuntu/nlnt_workspace/virtualttbot/workspace/build/sensors/build install --record /home/ubuntu/nlnt_workspace/virtualttbot/workspace/build/sensors/install.log --install-scripts $base/lib/sensors --single-version-externally-managed
[34.898s] DEBUG:colcon.colcon_core.event_handler.log_command:Invoked command in '/home/ubuntu/nlnt_workspace/virtualttbot/workspace/src/sensors' returned '0': PYTHONPATH=/home/ubuntu/nlnt_workspace/virtualttbot/workspace/build/sensors/prefix_override:/home/ubuntu/nlnt_workspace/virtualttbot/workspace/install/sensors/lib/python3.8/site-packages:${PYTHONPATH} /usr/bin/python3 setup.py egg_info --egg-base ../../build/sensors build --build-base /home/ubuntu/nlnt_workspace/virtualttbot/workspace/build/sensors/build install --record /home/ubuntu/nlnt_workspace/virtualttbot/workspace/build/sensors/install.log --install-scripts $base/lib/sensors --single-version-externally-managed
[35.228s] Level 1:colcon.colcon_core.environment:checking '/home/ubuntu/nlnt_workspace/virtualttbot/workspace/install/sensors' for CMake module files
[35.233s] Level 1:colcon.colcon_core.environment:checking '/home/ubuntu/nlnt_workspace/virtualttbot/workspace/install/sensors' for CMake config files
[35.240s] Level 1:colcon.colcon_core.environment:checking '/home/ubuntu/nlnt_workspace/virtualttbot/workspace/install/sensors/lib'
[35.242s] Level 1:colcon.colcon_core.environment:checking '/home/ubuntu/nlnt_workspace/virtualttbot/workspace/install/sensors/bin'
[35.244s] Level 1:colcon.colcon_core.environment:checking '/home/ubuntu/nlnt_workspace/virtualttbot/workspace/install/sensors/lib/pkgconfig/sensors.pc'
[35.246s] Level 1:colcon.colcon_core.environment:checking '/home/ubuntu/nlnt_workspace/virtualttbot/workspace/install/sensors/lib/python3.8/site-packages'
[35.246s] Level 1:colcon.colcon_core.shell:create_environment_hook('sensors', 'pythonpath')
[35.547s] INFO:colcon.colcon_core.shell:Creating environment hook '/home/ubuntu/nlnt_workspace/virtualttbot/workspace/install/sensors/share/sensors/hook/pythonpath.ps1'
[35.551s] INFO:colcon.colcon_core.shell:Creating environment descriptor '/home/ubuntu/nlnt_workspace/virtualttbot/workspace/install/sensors/share/sensors/hook/pythonpath.dsv'
[35.555s] INFO:colcon.colcon_core.shell:Creating environment hook '/home/ubuntu/nlnt_workspace/virtualttbot/workspace/install/sensors/share/sensors/hook/pythonpath.sh'
[35.562s] Level 1:colcon.colcon_core.environment:checking '/home/ubuntu/nlnt_workspace/virtualttbot/workspace/install/sensors/bin'
[35.563s] Level 1:colcon.colcon_core.environment:create_environment_scripts_only(sensors)
[35.863s] INFO:colcon.colcon_core.shell:Creating package script '/home/ubuntu/nlnt_workspace/virtualttbot/workspace/install/sensors/share/sensors/package.ps1'
[35.871s] INFO:colcon.colcon_core.shell:Creating package descriptor '/home/ubuntu/nlnt_workspace/virtualttbot/workspace/install/sensors/share/sensors/package.dsv'
[35.876s] INFO:colcon.colcon_core.shell:Creating package script '/home/ubuntu/nlnt_workspace/virtualttbot/workspace/install/sensors/share/sensors/package.sh'
[35.883s] INFO:colcon.colcon_core.shell:Creating package script '/home/ubuntu/nlnt_workspace/virtualttbot/workspace/install/sensors/share/sensors/package.bash'
[35.889s] INFO:colcon.colcon_core.shell:Creating package script '/home/ubuntu/nlnt_workspace/virtualttbot/workspace/install/sensors/share/sensors/package.zsh'
[35.895s] Level 1:colcon.colcon_core.environment:create_file_with_runtime_dependencies(/home/ubuntu/nlnt_workspace/virtualttbot/workspace/install/sensors/share/colcon-core/packages/sensors)
[35.899s] DEBUG:colcon.colcon_parallel_executor.executor.parallel:closing loop
[35.901s] DEBUG:colcon.colcon_parallel_executor.executor.parallel:loop closed
[35.902s] DEBUG:colcon.colcon_parallel_executor.executor.parallel:run_until_complete finished with '0'
[35.904s] DEBUG:colcon.colcon_core.event_reactor:joining thread
[36.236s] INFO:colcon.colcon_core.plugin_system:Skipping extension 'colcon_notification.desktop_notification.notify_send': Could not find 'notify-send'
[36.237s] INFO:colcon.colcon_core.plugin_system:Skipping extension 'colcon_notification.desktop_notification.terminal_notifier': Not used on non-Darwin systems
[36.238s] INFO:colcon.colcon_core.plugin_system:Skipping extension 'colcon_notification.desktop_notification.win32': Not used on non-Windows systems
[36.238s] INFO:colcon.colcon_notification.desktop_notification:Sending desktop notification using 'notify2'
[36.243s] DEBUG:colcon.colcon_notification.desktop_notification.notify2:Failed to initialize notify2: org.freedesktop.DBus.Error.ServiceUnknown: The name org.freedesktop.Notifications was not provided by any .service files
[36.244s] DEBUG:colcon.colcon_core.event_reactor:joined thread
[36.542s] INFO:colcon.colcon_core.shell:Creating prefix script '/home/ubuntu/nlnt_workspace/virtualttbot/workspace/install/local_setup.ps1'
[36.549s] INFO:colcon.colcon_core.shell:Creating prefix util module '/home/ubuntu/nlnt_workspace/virtualttbot/workspace/install/_local_setup_util_ps1.py'
[36.561s] INFO:colcon.colcon_core.shell:Creating prefix chain script '/home/ubuntu/nlnt_workspace/virtualttbot/workspace/install/setup.ps1'
[36.854s] INFO:colcon.colcon_core.shell:Creating prefix script '/home/ubuntu/nlnt_workspace/virtualttbot/workspace/install/local_setup.sh'
[36.859s] INFO:colcon.colcon_core.shell:Creating prefix util module '/home/ubuntu/nlnt_workspace/virtualttbot/workspace/install/_local_setup_util_sh.py'
[36.864s] INFO:colcon.colcon_core.shell:Creating prefix chain script '/home/ubuntu/nlnt_workspace/virtualttbot/workspace/install/setup.sh'
[37.162s] INFO:colcon.colcon_core.shell:Creating prefix script '/home/ubuntu/nlnt_workspace/virtualttbot/workspace/install/local_setup.bash'
[37.166s] INFO:colcon.colcon_core.shell:Creating prefix chain script '/home/ubuntu/nlnt_workspace/virtualttbot/workspace/install/setup.bash'
[37.463s] INFO:colcon.colcon_core.shell:Creating prefix script '/home/ubuntu/nlnt_workspace/virtualttbot/workspace/install/local_setup.zsh'
[37.468s] INFO:colcon.colcon_core.shell:Creating prefix chain script '/home/ubuntu/nlnt_workspace/virtualttbot/workspace/install/setup.zsh'
