[0.807s] Invoking command in '/home/gabriel/virt_ttb/workspace/build/sensors': PYTHONPATH=/home/gabriel/virt_ttb/workspace/build/sensors/prefix_override:/home/gabriel/virt_ttb/workspace/install/sensors/lib/python3.8/site-packages:${PYTHONPATH} /usr/bin/python3 setup.py develop --editable --build-directory /home/gabriel/virt_ttb/workspace/build/sensors/build --no-deps install_data
[0.959s] running develop
[1.042s] running egg_info
[1.042s] writing sensors.egg-info/PKG-INFO
[1.042s] writing dependency_links to sensors.egg-info/dependency_links.txt
[1.042s] writing entry points to sensors.egg-info/entry_points.txt
[1.042s] writing requirements to sensors.egg-info/requires.txt
[1.042s] writing top-level names to sensors.egg-info/top_level.txt
[1.065s] reading manifest file 'sensors.egg-info/SOURCES.txt'
[1.065s] writing manifest file 'sensors.egg-info/SOURCES.txt'
[1.091s] running build_ext
[1.091s] Creating /home/gabriel/virt_ttb/workspace/install/sensors/lib/python3.8/site-packages/site.py
[1.093s] Creating /home/gabriel/virt_ttb/workspace/install/sensors/lib/python3.8/site-packages/sensors.egg-link (link to .)
[1.093s] Installing mess_test script to /home/gabriel/virt_ttb/workspace/install/sensors/lib/sensors
[1.093s] Installing sensors script to /home/gabriel/virt_ttb/workspace/install/sensors/lib/sensors
[1.094s] Installing timer_node script to /home/gabriel/virt_ttb/workspace/install/sensors/lib/sensors
[1.094s] 
[1.094s] Installed /home/gabriel/virt_ttb/workspace/build/sensors
[1.094s] running install_data
[1.112s] Invoked command in '/home/gabriel/virt_ttb/workspace/build/sensors' returned '0': PYTHONPATH=/home/gabriel/virt_ttb/workspace/build/sensors/prefix_override:/home/gabriel/virt_ttb/workspace/install/sensors/lib/python3.8/site-packages:${PYTHONPATH} /usr/bin/python3 setup.py develop --editable --build-directory /home/gabriel/virt_ttb/workspace/build/sensors/build --no-deps install_data
