/root/virtualttbot/workspace/src/sensors/install/sensors/lib/python3.8/site-packages/sensors/movement_prot.py
/root/virtualttbot/workspace/src/sensors/install/sensors/lib/python3.8/site-packages/sensors/message_receive_test.py
/root/virtualttbot/workspace/src/sensors/install/sensors/lib/python3.8/site-packages/sensors/level_test.py
/root/virtualttbot/workspace/src/sensors/install/sensors/lib/python3.8/site-packages/sensors/inference_prog.py
/root/virtualttbot/workspace/src/sensors/install/sensors/lib/python3.8/site-packages/sensors/__init__.py
/root/virtualttbot/workspace/src/sensors/install/sensors/lib/python3.8/site-packages/sensors/capstone.py
/root/virtualttbot/workspace/src/sensors/install/sensors/lib/python3.8/site-packages/sensors/data_receiver_pygame.py
/root/virtualttbot/workspace/src/sensors/install/sensors/lib/python3.8/site-packages/sensors/nlnt-nl-augment.py
/root/virtualttbot/workspace/src/sensors/install/sensors/lib/python3.8/site-packages/sensors/TwistedKNetwork.py
/root/virtualttbot/workspace/src/sensors/install/sensors/lib/python3.8/site-packages/sensors/client_test.py
/root/virtualttbot/workspace/src/sensors/install/sensors/lib/python3.8/site-packages/sensors/server_test.py
/root/virtualttbot/workspace/src/sensors/install/sensors/lib/python3.8/site-packages/sensors/KNetworking.py
/root/virtualttbot/workspace/src/sensors/install/sensors/lib/python3.8/site-packages/sensors/__pycache__/movement_prot.cpython-38.pyc
/root/virtualttbot/workspace/src/sensors/install/sensors/lib/python3.8/site-packages/sensors/__pycache__/message_receive_test.cpython-38.pyc
/root/virtualttbot/workspace/src/sensors/install/sensors/lib/python3.8/site-packages/sensors/__pycache__/level_test.cpython-38.pyc
/root/virtualttbot/workspace/src/sensors/install/sensors/lib/python3.8/site-packages/sensors/__pycache__/inference_prog.cpython-38.pyc
/root/virtualttbot/workspace/src/sensors/install/sensors/lib/python3.8/site-packages/sensors/__pycache__/__init__.cpython-38.pyc
/root/virtualttbot/workspace/src/sensors/install/sensors/lib/python3.8/site-packages/sensors/__pycache__/capstone.cpython-38.pyc
/root/virtualttbot/workspace/src/sensors/install/sensors/lib/python3.8/site-packages/sensors/__pycache__/data_receiver_pygame.cpython-38.pyc
/root/virtualttbot/workspace/src/sensors/install/sensors/lib/python3.8/site-packages/sensors/__pycache__/nlnt-nl-augment.cpython-38.pyc
/root/virtualttbot/workspace/src/sensors/install/sensors/lib/python3.8/site-packages/sensors/__pycache__/TwistedKNetwork.cpython-38.pyc
/root/virtualttbot/workspace/src/sensors/install/sensors/lib/python3.8/site-packages/sensors/__pycache__/client_test.cpython-38.pyc
/root/virtualttbot/workspace/src/sensors/install/sensors/lib/python3.8/site-packages/sensors/__pycache__/server_test.cpython-38.pyc
/root/virtualttbot/workspace/src/sensors/install/sensors/lib/python3.8/site-packages/sensors/__pycache__/KNetworking.cpython-38.pyc
/root/virtualttbot/workspace/src/sensors/install/sensors/share/ament_index/resource_index/packages/sensors
/root/virtualttbot/workspace/src/sensors/install/sensors/share/sensors/package.xml
/root/virtualttbot/workspace/src/sensors/install/sensors/lib/python3.8/site-packages/sensors-0.0.1-py3.8.egg-info/requires.txt
/root/virtualttbot/workspace/src/sensors/install/sensors/lib/python3.8/site-packages/sensors-0.0.1-py3.8.egg-info/top_level.txt
/root/virtualttbot/workspace/src/sensors/install/sensors/lib/python3.8/site-packages/sensors-0.0.1-py3.8.egg-info/entry_points.txt
/root/virtualttbot/workspace/src/sensors/install/sensors/lib/python3.8/site-packages/sensors-0.0.1-py3.8.egg-info/zip-safe
/root/virtualttbot/workspace/src/sensors/install/sensors/lib/python3.8/site-packages/sensors-0.0.1-py3.8.egg-info/SOURCES.txt
/root/virtualttbot/workspace/src/sensors/install/sensors/lib/python3.8/site-packages/sensors-0.0.1-py3.8.egg-info/PKG-INFO
/root/virtualttbot/workspace/src/sensors/install/sensors/lib/python3.8/site-packages/sensors-0.0.1-py3.8.egg-info/dependency_links.txt
/root/virtualttbot/workspace/src/sensors/install/sensors/lib/sensors/capstone
/root/virtualttbot/workspace/src/sensors/install/sensors/lib/sensors/sensors
