[2.685s] DEBUG:colcon:Command line arguments: ['/usr/bin/colcon', 'build', '--packages-select', 'sensors']
[2.686s] DEBUG:colcon:Parsed command line arguments: Namespace(ament_cmake_args=None, base_paths=['.'], build_base='build', catkin_cmake_args=None, catkin_skip_building_tests=False, cmake_args=None, cmake_clean_cache=False, cmake_clean_first=False, cmake_force_configure=False, cmake_target=None, cmake_target_skip_unavailable=False, continue_on_error=False, event_handlers=None, executor='parallel', ignore_user_meta=False, install_base='install', log_base=None, log_level=None, main=<bound method BuildVerb.main of <colcon_core.verb.build.BuildVerb object at 0xffff920bd970>>, merge_install=False, metas=['./colcon.meta'], packages_above=None, packages_above_and_dependencies=None, packages_above_depth=None, packages_end=None, packages_ignore=None, packages_ignore_regex=None, packages_select=['sensors'], packages_select_build_failed=False, packages_select_by_dep=None, packages_select_regex=None, packages_select_test_failures=False, packages_skip=None, packages_skip_build_finished=False, packages_skip_by_dep=None, packages_skip_regex=None, packages_skip_test_passed=False, packages_skip_up_to=None, packages_start=None, packages_up_to=None, packages_up_to_regex=None, parallel_workers=4, paths=None, symlink_install=False, test_result_base=None, verb_extension=<colcon_core.verb.build.BuildVerb object at 0xffff920bd970>, verb_name='build', verb_parser=<colcon_defaults.argument_parser.defaults.DefaultArgumentsDecorator object at 0xffff920bdee0>)
[2.750s] Level 1:colcon.colcon_core.package_discovery:discover_packages(colcon_meta) check parameters
[2.752s] Level 1:colcon.colcon_core.package_discovery:discover_packages(recursive) check parameters
[2.752s] Level 1:colcon.colcon_core.package_discovery:discover_packages(ignore) check parameters
[2.753s] Level 1:colcon.colcon_core.package_discovery:discover_packages(path) check parameters
[2.753s] Level 1:colcon.colcon_core.package_discovery:discover_packages(colcon_meta) discover
[2.754s] Level 1:colcon.colcon_core.package_discovery:discover_packages(recursive) discover
[2.755s] INFO:colcon.colcon_core.package_discovery:Crawling recursively for packages in '/home/ubuntu/virtualttbot/workspace'
[2.756s] Level 1:colcon.colcon_core.package_identification:_identify(.) by extensions ['ignore', 'ignore_ament_install']
[2.757s] Level 1:colcon.colcon_core.package_identification:_identify(.) by extension 'ignore'
[2.758s] Level 1:colcon.colcon_core.package_identification:_identify(.) by extension 'ignore_ament_install'
[2.759s] Level 1:colcon.colcon_core.package_identification:_identify(.) by extensions ['colcon_pkg']
[2.760s] Level 1:colcon.colcon_core.package_identification:_identify(.) by extension 'colcon_pkg'
[2.761s] Level 1:colcon.colcon_core.package_identification:_identify(.) by extensions ['colcon_meta']
[2.762s] Level 1:colcon.colcon_core.package_identification:_identify(.) by extension 'colcon_meta'
[2.763s] Level 1:colcon.colcon_core.package_identification:_identify(.) by extensions ['ros']
[2.764s] Level 1:colcon.colcon_core.package_identification:_identify(.) by extension 'ros'
[2.884s] Level 1:colcon.colcon_core.package_identification:_identify(.) by extensions ['cmake', 'python']
[2.884s] Level 1:colcon.colcon_core.package_identification:_identify(.) by extension 'cmake'
[2.885s] Level 1:colcon.colcon_core.package_identification:_identify(.) by extension 'python'
[2.885s] Level 1:colcon.colcon_core.package_identification:_identify(.) by extensions ['python_setup_py']
[2.886s] Level 1:colcon.colcon_core.package_identification:_identify(.) by extension 'python_setup_py'
[2.887s] Level 1:colcon.colcon_core.package_identification:_identify(build) by extensions ['ignore', 'ignore_ament_install']
[2.887s] Level 1:colcon.colcon_core.package_identification:_identify(build) by extension 'ignore'
[2.888s] Level 1:colcon.colcon_core.package_identification:_identify(build) ignored
[2.889s] Level 1:colcon.colcon_core.package_identification:_identify(install) by extensions ['ignore', 'ignore_ament_install']
[2.890s] Level 1:colcon.colcon_core.package_identification:_identify(install) by extension 'ignore'
[2.891s] Level 1:colcon.colcon_core.package_identification:_identify(install) ignored
[2.896s] Level 1:colcon.colcon_core.package_identification:_identify(log) by extensions ['ignore', 'ignore_ament_install']
[2.896s] Level 1:colcon.colcon_core.package_identification:_identify(log) by extension 'ignore'
[2.897s] Level 1:colcon.colcon_core.package_identification:_identify(log) ignored
[2.898s] Level 1:colcon.colcon_core.package_identification:_identify(src) by extensions ['ignore', 'ignore_ament_install']
[2.899s] Level 1:colcon.colcon_core.package_identification:_identify(src) by extension 'ignore'
[2.900s] Level 1:colcon.colcon_core.package_identification:_identify(src) by extension 'ignore_ament_install'
[2.900s] Level 1:colcon.colcon_core.package_identification:_identify(src) by extensions ['colcon_pkg']
[2.901s] Level 1:colcon.colcon_core.package_identification:_identify(src) by extension 'colcon_pkg'
[2.901s] Level 1:colcon.colcon_core.package_identification:_identify(src) by extensions ['colcon_meta']
[2.902s] Level 1:colcon.colcon_core.package_identification:_identify(src) by extension 'colcon_meta'
[2.903s] Level 1:colcon.colcon_core.package_identification:_identify(src) by extensions ['ros']
[2.903s] Level 1:colcon.colcon_core.package_identification:_identify(src) by extension 'ros'
[2.905s] Level 1:colcon.colcon_core.package_identification:_identify(src) by extensions ['cmake', 'python']
[2.905s] Level 1:colcon.colcon_core.package_identification:_identify(src) by extension 'cmake'
[2.906s] Level 1:colcon.colcon_core.package_identification:_identify(src) by extension 'python'
[2.906s] Level 1:colcon.colcon_core.package_identification:_identify(src) by extensions ['python_setup_py']
[2.907s] Level 1:colcon.colcon_core.package_identification:_identify(src) by extension 'python_setup_py'
[2.908s] Level 1:colcon.colcon_core.package_identification:_identify(src/build) by extensions ['ignore', 'ignore_ament_install']
[2.909s] Level 1:colcon.colcon_core.package_identification:_identify(src/build) by extension 'ignore'
[2.909s] Level 1:colcon.colcon_core.package_identification:_identify(src/build) ignored
[2.910s] Level 1:colcon.colcon_core.package_identification:_identify(src/install) by extensions ['ignore', 'ignore_ament_install']
[2.911s] Level 1:colcon.colcon_core.package_identification:_identify(src/install) by extension 'ignore'
[2.912s] Level 1:colcon.colcon_core.package_identification:_identify(src/install) ignored
[2.913s] Level 1:colcon.colcon_core.package_identification:_identify(src/log) by extensions ['ignore', 'ignore_ament_install']
[2.913s] Level 1:colcon.colcon_core.package_identification:_identify(src/log) by extension 'ignore'
[2.914s] Level 1:colcon.colcon_core.package_identification:_identify(src/log) ignored
[2.915s] Level 1:colcon.colcon_core.package_identification:_identify(src/sensors) by extensions ['ignore', 'ignore_ament_install']
[2.916s] Level 1:colcon.colcon_core.package_identification:_identify(src/sensors) by extension 'ignore'
[2.916s] Level 1:colcon.colcon_core.package_identification:_identify(src/sensors) by extension 'ignore_ament_install'
[2.917s] Level 1:colcon.colcon_core.package_identification:_identify(src/sensors) by extensions ['colcon_pkg']
[2.918s] Level 1:colcon.colcon_core.package_identification:_identify(src/sensors) by extension 'colcon_pkg'
[2.918s] Level 1:colcon.colcon_core.package_identification:_identify(src/sensors) by extensions ['colcon_meta']
[2.918s] Level 1:colcon.colcon_core.package_identification:_identify(src/sensors) by extension 'colcon_meta'
[2.919s] Level 1:colcon.colcon_core.package_identification:_identify(src/sensors) by extensions ['ros']
[2.920s] Level 1:colcon.colcon_core.package_identification:_identify(src/sensors) by extension 'ros'
[2.950s] DEBUG:colcon.colcon_core.package_identification:Package 'src/sensors' with type 'ros.ament_python' and name 'sensors'
[2.951s] Level 1:colcon.colcon_core.package_discovery:discover_packages(recursive) using defaults
[2.952s] Level 1:colcon.colcon_core.package_discovery:discover_packages(ignore) discover
[2.952s] Level 1:colcon.colcon_core.package_discovery:discover_packages(ignore) using defaults
[2.953s] Level 1:colcon.colcon_core.package_discovery:discover_packages(path) discover
[2.953s] Level 1:colcon.colcon_core.package_discovery:discover_packages(path) using defaults
[3.148s] Level 5:colcon.colcon_core.verb:set package 'sensors' build argument 'cmake_args' from command line to 'None'
[3.149s] Level 5:colcon.colcon_core.verb:set package 'sensors' build argument 'cmake_target' from command line to 'None'
[3.149s] Level 5:colcon.colcon_core.verb:set package 'sensors' build argument 'cmake_target_skip_unavailable' from command line to 'False'
[3.149s] Level 5:colcon.colcon_core.verb:set package 'sensors' build argument 'cmake_clean_cache' from command line to 'False'
[3.149s] Level 5:colcon.colcon_core.verb:set package 'sensors' build argument 'cmake_clean_first' from command line to 'False'
[3.150s] Level 5:colcon.colcon_core.verb:set package 'sensors' build argument 'cmake_force_configure' from command line to 'False'
[3.150s] Level 5:colcon.colcon_core.verb:set package 'sensors' build argument 'ament_cmake_args' from command line to 'None'
[3.150s] Level 5:colcon.colcon_core.verb:set package 'sensors' build argument 'catkin_cmake_args' from command line to 'None'
[3.150s] Level 5:colcon.colcon_core.verb:set package 'sensors' build argument 'catkin_skip_building_tests' from command line to 'False'
[3.151s] DEBUG:colcon.colcon_core.verb:Building package 'sensors' with the following arguments: {'ament_cmake_args': None, 'build_base': '/home/ubuntu/virtualttbot/workspace/build/sensors', 'catkin_cmake_args': None, 'catkin_skip_building_tests': False, 'cmake_args': None, 'cmake_clean_cache': False, 'cmake_clean_first': False, 'cmake_force_configure': False, 'cmake_target': None, 'cmake_target_skip_unavailable': False, 'install_base': '/home/ubuntu/virtualttbot/workspace/install/sensors', 'merge_install': False, 'path': '/home/ubuntu/virtualttbot/workspace/src/sensors', 'symlink_install': False, 'test_result_base': None}
[3.153s] INFO:colcon.colcon_core.executor:Executing jobs using 'parallel' executor
[3.166s] DEBUG:colcon.colcon_parallel_executor.executor.parallel:run_until_complete
[3.168s] INFO:colcon.colcon_ros.task.ament_python.build:Building ROS package in '/home/ubuntu/virtualttbot/workspace/src/sensors' with build type 'ament_python'
[3.170s] Level 1:colcon.colcon_core.shell:create_environment_hook('sensors', 'ament_prefix_path')
[3.209s] INFO:colcon.colcon_core.plugin_system:Skipping extension 'colcon_core.shell.bat': Not used on non-Windows systems
[3.211s] INFO:colcon.colcon_core.shell:Creating environment hook '/home/ubuntu/virtualttbot/workspace/install/sensors/share/sensors/hook/ament_prefix_path.ps1'
[3.216s] INFO:colcon.colcon_core.shell:Creating environment descriptor '/home/ubuntu/virtualttbot/workspace/install/sensors/share/sensors/hook/ament_prefix_path.dsv'
[3.220s] INFO:colcon.colcon_core.shell:Creating environment hook '/home/ubuntu/virtualttbot/workspace/install/sensors/share/sensors/hook/ament_prefix_path.sh'
[3.229s] INFO:colcon.colcon_core.shell:Skip shell extension 'powershell' for command environment: Not usable outside of PowerShell
[3.230s] DEBUG:colcon.colcon_core.shell:Skip shell extension 'dsv' for command environment
[3.269s] DEBUG:colcon.colcon_core.shell:Ignoring prefix path '/opt/ros/foxy'
[4.983s] INFO:colcon.colcon_core.task.python.build:Building Python package in '/home/ubuntu/virtualttbot/workspace/src/sensors'
[4.988s] INFO:colcon.colcon_core.shell:Skip shell extension 'powershell' for command environment: Not usable outside of PowerShell
[4.989s] DEBUG:colcon.colcon_core.shell:Skip shell extension 'dsv' for command environment
[5.010s] DEBUG:colcon.colcon_core.shell:Ignoring prefix path '/opt/ros/foxy'
[5.053s] DEBUG:colcon.colcon_core.event_handler.log_command:Invoking command in '/home/ubuntu/virtualttbot/workspace/src/sensors': PYTHONPATH=/home/ubuntu/virtualttbot/workspace/install/sensors/lib/python3.8/site-packages:${PYTHONPATH} /usr/bin/python3 setup.py egg_info --egg-base ../../build/sensors build --build-base /home/ubuntu/virtualttbot/workspace/build/sensors/build install --prefix /home/ubuntu/virtualttbot/workspace/install/sensors --record /home/ubuntu/virtualttbot/workspace/build/sensors/install.log --single-version-externally-managed
[7.507s] DEBUG:colcon.colcon_core.event_handler.log_command:Invoked command in '/home/ubuntu/virtualttbot/workspace/src/sensors' returned '0': PYTHONPATH=/home/ubuntu/virtualttbot/workspace/install/sensors/lib/python3.8/site-packages:${PYTHONPATH} /usr/bin/python3 setup.py egg_info --egg-base ../../build/sensors build --build-base /home/ubuntu/virtualttbot/workspace/build/sensors/build install --prefix /home/ubuntu/virtualttbot/workspace/install/sensors --record /home/ubuntu/virtualttbot/workspace/build/sensors/install.log --single-version-externally-managed
[7.548s] Level 1:colcon.colcon_core.environment:checking '/home/ubuntu/virtualttbot/workspace/install/sensors' for CMake module files
[7.553s] Level 1:colcon.colcon_core.environment:checking '/home/ubuntu/virtualttbot/workspace/install/sensors' for CMake config files
[7.560s] Level 1:colcon.colcon_core.environment:checking '/home/ubuntu/virtualttbot/workspace/install/sensors/lib'
[7.561s] Level 1:colcon.colcon_core.environment:checking '/home/ubuntu/virtualttbot/workspace/install/sensors/bin'
[7.562s] Level 1:colcon.colcon_core.environment:checking '/home/ubuntu/virtualttbot/workspace/install/sensors/lib/pkgconfig/sensors.pc'
[7.564s] Level 1:colcon.colcon_core.environment:checking '/home/ubuntu/virtualttbot/workspace/install/sensors/lib/python3.8/site-packages'
[7.564s] Level 1:colcon.colcon_core.shell:create_environment_hook('sensors', 'pythonpath')
[7.569s] INFO:colcon.colcon_core.shell:Creating environment hook '/home/ubuntu/virtualttbot/workspace/install/sensors/share/sensors/hook/pythonpath.ps1'
[7.573s] INFO:colcon.colcon_core.shell:Creating environment descriptor '/home/ubuntu/virtualttbot/workspace/install/sensors/share/sensors/hook/pythonpath.dsv'
[7.576s] INFO:colcon.colcon_core.shell:Creating environment hook '/home/ubuntu/virtualttbot/workspace/install/sensors/share/sensors/hook/pythonpath.sh'
[7.580s] Level 1:colcon.colcon_core.environment:create_environment_scripts_only(sensors)
[7.585s] INFO:colcon.colcon_core.shell:Creating package script '/home/ubuntu/virtualttbot/workspace/install/sensors/share/sensors/package.ps1'
[7.592s] INFO:colcon.colcon_core.shell:Creating package descriptor '/home/ubuntu/virtualttbot/workspace/install/sensors/share/sensors/package.dsv'
[7.598s] INFO:colcon.colcon_core.shell:Creating package script '/home/ubuntu/virtualttbot/workspace/install/sensors/share/sensors/package.sh'
[7.606s] INFO:colcon.colcon_core.shell:Creating package script '/home/ubuntu/virtualttbot/workspace/install/sensors/share/sensors/package.bash'
[7.613s] INFO:colcon.colcon_core.shell:Creating package script '/home/ubuntu/virtualttbot/workspace/install/sensors/share/sensors/package.zsh'
[7.624s] Level 1:colcon.colcon_core.environment:create_file_with_runtime_dependencies(/home/ubuntu/virtualttbot/workspace/install/sensors/share/colcon-core/packages/sensors)
[7.627s] DEBUG:colcon.colcon_parallel_executor.executor.parallel:closing loop
[7.631s] DEBUG:colcon.colcon_parallel_executor.executor.parallel:loop closed
[7.632s] DEBUG:colcon.colcon_parallel_executor.executor.parallel:run_until_complete finished with '0'
[7.632s] DEBUG:colcon.colcon_core.event_reactor:joining thread
[7.698s] INFO:colcon.colcon_core.plugin_system:Skipping extension 'colcon_notification.desktop_notification.notify_send': Could not find 'notify-send'
[7.700s] INFO:colcon.colcon_core.plugin_system:Skipping extension 'colcon_notification.desktop_notification.terminal_notifier': Not used on non-Darwin systems
[7.701s] INFO:colcon.colcon_core.plugin_system:Skipping extension 'colcon_notification.desktop_notification.win32': Not used on non-Windows systems
[7.701s] INFO:colcon.colcon_notification.desktop_notification:Sending desktop notification using 'notify2'
[7.706s] DEBUG:colcon.colcon_notification.desktop_notification.notify2:Failed to initialize notify2: org.freedesktop.DBus.Error.ServiceUnknown: The name org.freedesktop.Notifications was not provided by any .service files
[7.707s] DEBUG:colcon.colcon_core.event_reactor:joined thread
[7.711s] INFO:colcon.colcon_core.shell:Creating prefix script '/home/ubuntu/virtualttbot/workspace/install/local_setup.ps1'
[7.724s] INFO:colcon.colcon_core.shell:Creating prefix util module '/home/ubuntu/virtualttbot/workspace/install/_local_setup_util_ps1.py'
[7.734s] INFO:colcon.colcon_core.shell:Creating prefix chain script '/home/ubuntu/virtualttbot/workspace/install/setup.ps1'
[7.762s] INFO:colcon.colcon_core.shell:Creating prefix script '/home/ubuntu/virtualttbot/workspace/install/local_setup.sh'
[7.771s] INFO:colcon.colcon_core.shell:Creating prefix util module '/home/ubuntu/virtualttbot/workspace/install/_local_setup_util_sh.py'
[7.775s] INFO:colcon.colcon_core.shell:Creating prefix chain script '/home/ubuntu/virtualttbot/workspace/install/setup.sh'
[7.805s] INFO:colcon.colcon_core.shell:Creating prefix script '/home/ubuntu/virtualttbot/workspace/install/local_setup.bash'
[7.811s] INFO:colcon.colcon_core.shell:Creating prefix chain script '/home/ubuntu/virtualttbot/workspace/install/setup.bash'
[7.838s] INFO:colcon.colcon_core.shell:Creating prefix script '/home/ubuntu/virtualttbot/workspace/install/local_setup.zsh'
[7.846s] INFO:colcon.colcon_core.shell:Creating prefix chain script '/home/ubuntu/virtualttbot/workspace/install/setup.zsh'
