[1.453s] DEBUG:colcon:Command line arguments: ['/usr/bin/colcon', 'build']
[1.453s] DEBUG:colcon:Parsed command line arguments: Namespace(allow_overriding=[], ament_cmake_args=None, base_paths=['.'], build_base='build', catkin_cmake_args=None, catkin_skip_building_tests=False, cmake_args=None, cmake_clean_cache=False, cmake_clean_first=False, cmake_force_configure=False, cmake_target=None, cmake_target_skip_unavailable=False, continue_on_error=False, event_handlers=None, executor='parallel', ignore_user_meta=False, install_base='install', log_base=None, log_level=None, main=<bound method BuildVerb.main of <colcon_core.verb.build.BuildVerb object at 0x7f7b31529ee0>>, merge_install=False, metas=['./colcon.meta'], packages_above=None, packages_above_and_dependencies=None, packages_above_depth=None, packages_end=None, packages_ignore=None, packages_ignore_regex=None, packages_select=None, packages_select_build_failed=False, packages_select_by_dep=None, packages_select_regex=None, packages_select_test_failures=False, packages_skip=None, packages_skip_build_finished=False, packages_skip_by_dep=None, packages_skip_regex=None, packages_skip_test_passed=False, packages_skip_up_to=None, packages_start=None, packages_up_to=None, packages_up_to_regex=None, parallel_workers=12, paths=None, symlink_install=False, test_result_base=None, verb_extension=<colcon_core.verb.build.BuildVerb object at 0x7f7b31529ee0>, verb_name='build', verb_parser=<colcon_defaults.argument_parser.defaults.DefaultArgumentsDecorator object at 0x7f7b311ca220>)
[1.515s] Level 1:colcon.colcon_core.package_discovery:discover_packages(colcon_meta) check parameters
[1.515s] Level 1:colcon.colcon_core.package_discovery:discover_packages(recursive) check parameters
[1.515s] Level 1:colcon.colcon_core.package_discovery:discover_packages(ignore) check parameters
[1.515s] Level 1:colcon.colcon_core.package_discovery:discover_packages(path) check parameters
[1.515s] Level 1:colcon.colcon_core.package_discovery:discover_packages(colcon_meta) discover
[1.515s] Level 1:colcon.colcon_core.package_discovery:discover_packages(recursive) discover
[1.515s] INFO:colcon.colcon_core.package_discovery:Crawling recursively for packages in '/home/gabriel/virt_ttb/workspace'
[1.516s] Level 1:colcon.colcon_core.package_identification:_identify(.) by extensions ['ignore', 'ignore_ament_install']
[1.516s] Level 1:colcon.colcon_core.package_identification:_identify(.) by extension 'ignore'
[1.516s] Level 1:colcon.colcon_core.package_identification:_identify(.) by extension 'ignore_ament_install'
[1.516s] Level 1:colcon.colcon_core.package_identification:_identify(.) by extensions ['colcon_pkg']
[1.516s] Level 1:colcon.colcon_core.package_identification:_identify(.) by extension 'colcon_pkg'
[1.516s] Level 1:colcon.colcon_core.package_identification:_identify(.) by extensions ['colcon_meta']
[1.516s] Level 1:colcon.colcon_core.package_identification:_identify(.) by extension 'colcon_meta'
[1.516s] Level 1:colcon.colcon_core.package_identification:_identify(.) by extensions ['ros']
[1.516s] Level 1:colcon.colcon_core.package_identification:_identify(.) by extension 'ros'
[1.523s] Level 1:colcon.colcon_core.package_identification:_identify(.) by extensions ['cmake', 'python']
[1.523s] Level 1:colcon.colcon_core.package_identification:_identify(.) by extension 'cmake'
[1.523s] Level 1:colcon.colcon_core.package_identification:_identify(.) by extension 'python'
[1.523s] Level 1:colcon.colcon_core.package_identification:_identify(.) by extensions ['python_setup_py']
[1.524s] Level 1:colcon.colcon_core.package_identification:_identify(.) by extension 'python_setup_py'
[1.524s] Level 1:colcon.colcon_core.package_identification:_identify(build) by extensions ['ignore', 'ignore_ament_install']
[1.524s] Level 1:colcon.colcon_core.package_identification:_identify(build) by extension 'ignore'
[1.524s] Level 1:colcon.colcon_core.package_identification:_identify(build) ignored
[1.524s] Level 1:colcon.colcon_core.package_identification:_identify(install) by extensions ['ignore', 'ignore_ament_install']
[1.524s] Level 1:colcon.colcon_core.package_identification:_identify(install) by extension 'ignore'
[1.524s] Level 1:colcon.colcon_core.package_identification:_identify(install) ignored
[1.524s] Level 1:colcon.colcon_core.package_identification:_identify(log) by extensions ['ignore', 'ignore_ament_install']
[1.524s] Level 1:colcon.colcon_core.package_identification:_identify(log) by extension 'ignore'
[1.524s] Level 1:colcon.colcon_core.package_identification:_identify(log) ignored
[1.524s] Level 1:colcon.colcon_core.package_identification:_identify(src) by extensions ['ignore', 'ignore_ament_install']
[1.524s] Level 1:colcon.colcon_core.package_identification:_identify(src) by extension 'ignore'
[1.524s] Level 1:colcon.colcon_core.package_identification:_identify(src) by extension 'ignore_ament_install'
[1.525s] Level 1:colcon.colcon_core.package_identification:_identify(src) by extensions ['colcon_pkg']
[1.525s] Level 1:colcon.colcon_core.package_identification:_identify(src) by extension 'colcon_pkg'
[1.525s] Level 1:colcon.colcon_core.package_identification:_identify(src) by extensions ['colcon_meta']
[1.525s] Level 1:colcon.colcon_core.package_identification:_identify(src) by extension 'colcon_meta'
[1.525s] Level 1:colcon.colcon_core.package_identification:_identify(src) by extensions ['ros']
[1.525s] Level 1:colcon.colcon_core.package_identification:_identify(src) by extension 'ros'
[1.525s] Level 1:colcon.colcon_core.package_identification:_identify(src) by extensions ['cmake', 'python']
[1.525s] Level 1:colcon.colcon_core.package_identification:_identify(src) by extension 'cmake'
[1.525s] Level 1:colcon.colcon_core.package_identification:_identify(src) by extension 'python'
[1.525s] Level 1:colcon.colcon_core.package_identification:_identify(src) by extensions ['python_setup_py']
[1.525s] Level 1:colcon.colcon_core.package_identification:_identify(src) by extension 'python_setup_py'
[1.525s] Level 1:colcon.colcon_core.package_identification:_identify(src/build) by extensions ['ignore', 'ignore_ament_install']
[1.525s] Level 1:colcon.colcon_core.package_identification:_identify(src/build) by extension 'ignore'
[1.525s] Level 1:colcon.colcon_core.package_identification:_identify(src/build) ignored
[1.525s] Level 1:colcon.colcon_core.package_identification:_identify(src/install) by extensions ['ignore', 'ignore_ament_install']
[1.525s] Level 1:colcon.colcon_core.package_identification:_identify(src/install) by extension 'ignore'
[1.525s] Level 1:colcon.colcon_core.package_identification:_identify(src/install) ignored
[1.525s] Level 1:colcon.colcon_core.package_identification:_identify(src/log) by extensions ['ignore', 'ignore_ament_install']
[1.525s] Level 1:colcon.colcon_core.package_identification:_identify(src/log) by extension 'ignore'
[1.525s] Level 1:colcon.colcon_core.package_identification:_identify(src/log) ignored
[1.525s] Level 1:colcon.colcon_core.package_identification:_identify(src/sensors) by extensions ['ignore', 'ignore_ament_install']
[1.526s] Level 1:colcon.colcon_core.package_identification:_identify(src/sensors) by extension 'ignore'
[1.526s] Level 1:colcon.colcon_core.package_identification:_identify(src/sensors) by extension 'ignore_ament_install'
[1.526s] Level 1:colcon.colcon_core.package_identification:_identify(src/sensors) by extensions ['colcon_pkg']
[1.526s] Level 1:colcon.colcon_core.package_identification:_identify(src/sensors) by extension 'colcon_pkg'
[1.526s] Level 1:colcon.colcon_core.package_identification:_identify(src/sensors) by extensions ['colcon_meta']
[1.526s] Level 1:colcon.colcon_core.package_identification:_identify(src/sensors) by extension 'colcon_meta'
[1.526s] Level 1:colcon.colcon_core.package_identification:_identify(src/sensors) by extensions ['ros']
[1.526s] Level 1:colcon.colcon_core.package_identification:_identify(src/sensors) by extension 'ros'
[1.528s] DEBUG:colcon.colcon_core.package_identification:Package 'src/sensors' with type 'ros.ament_python' and name 'sensors'
[1.528s] Level 1:colcon.colcon_core.package_discovery:discover_packages(recursive) using defaults
[1.528s] Level 1:colcon.colcon_core.package_discovery:discover_packages(ignore) discover
[1.528s] Level 1:colcon.colcon_core.package_discovery:discover_packages(ignore) using defaults
[1.528s] Level 1:colcon.colcon_core.package_discovery:discover_packages(path) discover
[1.528s] Level 1:colcon.colcon_core.package_discovery:discover_packages(path) using defaults
[1.674s] Level 1:colcon.colcon_core.package_discovery:discover_packages(prefix_path) check parameters
[1.674s] Level 1:colcon.colcon_core.package_discovery:discover_packages(prefix_path) discover
