[0.726s] Invoking command in '/home/gabriel/virt_ttb/workspace/src/sensors': BYOBU_DATE=%Y-%m-%d PYTHONPATH=/home/gabriel/virt_ttb/workspace/src/build/sensors/prefix_override:/home/gabriel/virt_ttb/workspace/src/install/sensors/lib/python3.8/site-packages:${PYTHONPATH} /usr/bin/python3 setup.py egg_info --egg-base ../build/sensors build --build-base /home/gabriel/virt_ttb/workspace/src/build/sensors/build install --record /home/gabriel/virt_ttb/workspace/src/build/sensors/install.log --install-scripts $base/lib/sensors --single-version-externally-managed
[0.872s] running egg_info
[0.872s] creating ../build/sensors/sensors.egg-info
[0.872s] writing ../build/sensors/sensors.egg-info/PKG-INFO
[0.872s] writing dependency_links to ../build/sensors/sensors.egg-info/dependency_links.txt
[0.872s] writing entry points to ../build/sensors/sensors.egg-info/entry_points.txt
[0.872s] writing requirements to ../build/sensors/sensors.egg-info/requires.txt
[0.872s] writing top-level names to ../build/sensors/sensors.egg-info/top_level.txt
[0.879s] writing manifest file '../build/sensors/sensors.egg-info/SOURCES.txt'
[0.910s] reading manifest file '../build/sensors/sensors.egg-info/SOURCES.txt'
[0.911s] writing manifest file '../build/sensors/sensors.egg-info/SOURCES.txt'
[0.911s] running build
[0.911s] running build_py
[0.911s] creating /home/gabriel/virt_ttb/workspace/src/build/sensors/build
[0.911s] creating /home/gabriel/virt_ttb/workspace/src/build/sensors/build/lib
[0.911s] creating /home/gabriel/virt_ttb/workspace/src/build/sensors/build/lib/sensors
[0.911s] copying sensors/picamtest.py -> /home/gabriel/virt_ttb/workspace/src/build/sensors/build/lib/sensors
[0.911s] copying sensors/__init__.py -> /home/gabriel/virt_ttb/workspace/src/build/sensors/build/lib/sensors
[0.911s] copying sensors/message_receive_test.py -> /home/gabriel/virt_ttb/workspace/src/build/sensors/build/lib/sensors
[0.912s] copying sensors/opencv_test.py -> /home/gabriel/virt_ttb/workspace/src/build/sensors/build/lib/sensors
[0.912s] running install
[0.912s] running install_lib
[0.913s] creating /home/gabriel/virt_ttb/workspace/src/install/sensors/lib/python3.8/site-packages/sensors
[0.913s] copying /home/gabriel/virt_ttb/workspace/src/build/sensors/build/lib/sensors/picamtest.py -> /home/gabriel/virt_ttb/workspace/src/install/sensors/lib/python3.8/site-packages/sensors
[0.913s] copying /home/gabriel/virt_ttb/workspace/src/build/sensors/build/lib/sensors/__init__.py -> /home/gabriel/virt_ttb/workspace/src/install/sensors/lib/python3.8/site-packages/sensors
[0.913s] copying /home/gabriel/virt_ttb/workspace/src/build/sensors/build/lib/sensors/message_receive_test.py -> /home/gabriel/virt_ttb/workspace/src/install/sensors/lib/python3.8/site-packages/sensors
[0.913s] copying /home/gabriel/virt_ttb/workspace/src/build/sensors/build/lib/sensors/opencv_test.py -> /home/gabriel/virt_ttb/workspace/src/install/sensors/lib/python3.8/site-packages/sensors
[0.913s] byte-compiling /home/gabriel/virt_ttb/workspace/src/install/sensors/lib/python3.8/site-packages/sensors/picamtest.py to picamtest.cpython-38.pyc
[0.914s] byte-compiling /home/gabriel/virt_ttb/workspace/src/install/sensors/lib/python3.8/site-packages/sensors/__init__.py to __init__.cpython-38.pyc
[0.914s] byte-compiling /home/gabriel/virt_ttb/workspace/src/install/sensors/lib/python3.8/site-packages/sensors/message_receive_test.py to message_receive_test.cpython-38.pyc
[0.915s] byte-compiling /home/gabriel/virt_ttb/workspace/src/install/sensors/lib/python3.8/site-packages/sensors/opencv_test.py to opencv_test.cpython-38.pyc
[0.915s] running install_data
[0.915s] creating /home/gabriel/virt_ttb/workspace/src/install/sensors/share/ament_index
[0.915s] creating /home/gabriel/virt_ttb/workspace/src/install/sensors/share/ament_index/resource_index
[0.915s] creating /home/gabriel/virt_ttb/workspace/src/install/sensors/share/ament_index/resource_index/packages
[0.915s] copying resource/sensors -> /home/gabriel/virt_ttb/workspace/src/install/sensors/share/ament_index/resource_index/packages
[0.915s] copying package.xml -> /home/gabriel/virt_ttb/workspace/src/install/sensors/share/sensors
[0.915s] running install_egg_info
[0.916s] Copying ../build/sensors/sensors.egg-info to /home/gabriel/virt_ttb/workspace/src/install/sensors/lib/python3.8/site-packages/sensors-0.0.1-py3.8.egg-info
[0.917s] running install_scripts
[0.928s] Installing mess_test script to /home/gabriel/virt_ttb/workspace/src/install/sensors/lib/sensors
[0.928s] Installing sensors script to /home/gabriel/virt_ttb/workspace/src/install/sensors/lib/sensors
[0.928s] Installing timer_node script to /home/gabriel/virt_ttb/workspace/src/install/sensors/lib/sensors
[0.928s] writing list of installed files to '/home/gabriel/virt_ttb/workspace/src/build/sensors/install.log'
[0.943s] Invoked command in '/home/gabriel/virt_ttb/workspace/src/sensors' returned '0': BYOBU_DATE=%Y-%m-%d PYTHONPATH=/home/gabriel/virt_ttb/workspace/src/build/sensors/prefix_override:/home/gabriel/virt_ttb/workspace/src/install/sensors/lib/python3.8/site-packages:${PYTHONPATH} /usr/bin/python3 setup.py egg_info --egg-base ../build/sensors build --build-base /home/gabriel/virt_ttb/workspace/src/build/sensors/build install --record /home/gabriel/virt_ttb/workspace/src/build/sensors/install.log --install-scripts $base/lib/sensors --single-version-externally-managed
