[1.494s] DEBUG:colcon:Command line arguments: ['/usr/bin/colcon', 'build']
[1.494s] DEBUG:colcon:Parsed command line arguments: Namespace(allow_overriding=[], ament_cmake_args=None, base_paths=['.'], build_base='build', catkin_cmake_args=None, catkin_skip_building_tests=False, cmake_args=None, cmake_clean_cache=False, cmake_clean_first=False, cmake_force_configure=False, cmake_target=None, cmake_target_skip_unavailable=False, continue_on_error=False, event_handlers=None, executor='parallel', ignore_user_meta=False, install_base='install', log_base=None, log_level=None, main=<bound method BuildVerb.main of <colcon_core.verb.build.BuildVerb object at 0x7fdf06a60d60>>, merge_install=False, metas=['./colcon.meta'], packages_above=None, packages_above_and_dependencies=None, packages_above_depth=None, packages_end=None, packages_ignore=None, packages_ignore_regex=None, packages_select=None, packages_select_build_failed=False, packages_select_by_dep=None, packages_select_regex=None, packages_select_test_failures=False, packages_skip=None, packages_skip_build_finished=False, packages_skip_by_dep=None, packages_skip_regex=None, packages_skip_test_passed=False, packages_skip_up_to=None, packages_start=None, packages_up_to=None, packages_up_to_regex=None, parallel_workers=12, paths=None, symlink_install=False, test_result_base=None, verb_extension=<colcon_core.verb.build.BuildVerb object at 0x7fdf06a60d60>, verb_name='build', verb_parser=<colcon_defaults.argument_parser.defaults.DefaultArgumentsDecorator object at 0x7fdf065ef970>)
[1.556s] Level 1:colcon.colcon_core.package_discovery:discover_packages(colcon_meta) check parameters
[1.556s] Level 1:colcon.colcon_core.package_discovery:discover_packages(recursive) check parameters
[1.556s] Level 1:colcon.colcon_core.package_discovery:discover_packages(ignore) check parameters
[1.556s] Level 1:colcon.colcon_core.package_discovery:discover_packages(path) check parameters
[1.556s] Level 1:colcon.colcon_core.package_discovery:discover_packages(colcon_meta) discover
[1.556s] Level 1:colcon.colcon_core.package_discovery:discover_packages(recursive) discover
[1.556s] INFO:colcon.colcon_core.package_discovery:Crawling recursively for packages in '/home/gabriel/virt_ttb'
[1.556s] Level 1:colcon.colcon_core.package_identification:_identify(.) by extensions ['ignore', 'ignore_ament_install']
[1.556s] Level 1:colcon.colcon_core.package_identification:_identify(.) by extension 'ignore'
[1.557s] Level 1:colcon.colcon_core.package_identification:_identify(.) by extension 'ignore_ament_install'
[1.557s] Level 1:colcon.colcon_core.package_identification:_identify(.) by extensions ['colcon_pkg']
[1.557s] Level 1:colcon.colcon_core.package_identification:_identify(.) by extension 'colcon_pkg'
[1.557s] Level 1:colcon.colcon_core.package_identification:_identify(.) by extensions ['colcon_meta']
[1.557s] Level 1:colcon.colcon_core.package_identification:_identify(.) by extension 'colcon_meta'
[1.557s] Level 1:colcon.colcon_core.package_identification:_identify(.) by extensions ['ros']
[1.557s] Level 1:colcon.colcon_core.package_identification:_identify(.) by extension 'ros'
[1.565s] Level 1:colcon.colcon_core.package_identification:_identify(.) by extensions ['cmake', 'python']
[1.565s] Level 1:colcon.colcon_core.package_identification:_identify(.) by extension 'cmake'
[1.565s] Level 1:colcon.colcon_core.package_identification:_identify(.) by extension 'python'
[1.565s] Level 1:colcon.colcon_core.package_identification:_identify(.) by extensions ['python_setup_py']
[1.565s] Level 1:colcon.colcon_core.package_identification:_identify(.) by extension 'python_setup_py'
[1.565s] Level 1:colcon.colcon_core.package_identification:_identify(__pycache__) by extensions ['ignore', 'ignore_ament_install']
[1.565s] Level 1:colcon.colcon_core.package_identification:_identify(__pycache__) by extension 'ignore'
[1.565s] Level 1:colcon.colcon_core.package_identification:_identify(__pycache__) by extension 'ignore_ament_install'
[1.565s] Level 1:colcon.colcon_core.package_identification:_identify(__pycache__) by extensions ['colcon_pkg']
[1.565s] Level 1:colcon.colcon_core.package_identification:_identify(__pycache__) by extension 'colcon_pkg'
[1.565s] Level 1:colcon.colcon_core.package_identification:_identify(__pycache__) by extensions ['colcon_meta']
[1.565s] Level 1:colcon.colcon_core.package_identification:_identify(__pycache__) by extension 'colcon_meta'
[1.565s] Level 1:colcon.colcon_core.package_identification:_identify(__pycache__) by extensions ['ros']
[1.565s] Level 1:colcon.colcon_core.package_identification:_identify(__pycache__) by extension 'ros'
[1.565s] Level 1:colcon.colcon_core.package_identification:_identify(__pycache__) by extensions ['cmake', 'python']
[1.565s] Level 1:colcon.colcon_core.package_identification:_identify(__pycache__) by extension 'cmake'
[1.565s] Level 1:colcon.colcon_core.package_identification:_identify(__pycache__) by extension 'python'
[1.565s] Level 1:colcon.colcon_core.package_identification:_identify(__pycache__) by extensions ['python_setup_py']
[1.565s] Level 1:colcon.colcon_core.package_identification:_identify(__pycache__) by extension 'python_setup_py'
[1.566s] Level 1:colcon.colcon_core.package_identification:_identify(build) by extensions ['ignore', 'ignore_ament_install']
[1.566s] Level 1:colcon.colcon_core.package_identification:_identify(build) by extension 'ignore'
[1.566s] Level 1:colcon.colcon_core.package_identification:_identify(build) ignored
[1.566s] Level 1:colcon.colcon_core.package_identification:_identify(datalogs) by extensions ['ignore', 'ignore_ament_install']
[1.566s] Level 1:colcon.colcon_core.package_identification:_identify(datalogs) by extension 'ignore'
[1.566s] Level 1:colcon.colcon_core.package_identification:_identify(datalogs) by extension 'ignore_ament_install'
[1.566s] Level 1:colcon.colcon_core.package_identification:_identify(datalogs) by extensions ['colcon_pkg']
[1.566s] Level 1:colcon.colcon_core.package_identification:_identify(datalogs) by extension 'colcon_pkg'
[1.566s] Level 1:colcon.colcon_core.package_identification:_identify(datalogs) by extensions ['colcon_meta']
[1.566s] Level 1:colcon.colcon_core.package_identification:_identify(datalogs) by extension 'colcon_meta'
[1.566s] Level 1:colcon.colcon_core.package_identification:_identify(datalogs) by extensions ['ros']
[1.566s] Level 1:colcon.colcon_core.package_identification:_identify(datalogs) by extension 'ros'
[1.566s] Level 1:colcon.colcon_core.package_identification:_identify(datalogs) by extensions ['cmake', 'python']
[1.566s] Level 1:colcon.colcon_core.package_identification:_identify(datalogs) by extension 'cmake'
[1.566s] Level 1:colcon.colcon_core.package_identification:_identify(datalogs) by extension 'python'
[1.566s] Level 1:colcon.colcon_core.package_identification:_identify(datalogs) by extensions ['python_setup_py']
[1.566s] Level 1:colcon.colcon_core.package_identification:_identify(datalogs) by extension 'python_setup_py'
[1.566s] Level 1:colcon.colcon_core.package_identification:_identify(datalogs-auto) by extensions ['ignore', 'ignore_ament_install']
[1.566s] Level 1:colcon.colcon_core.package_identification:_identify(datalogs-auto) by extension 'ignore'
[1.566s] Level 1:colcon.colcon_core.package_identification:_identify(datalogs-auto) by extension 'ignore_ament_install'
[1.566s] Level 1:colcon.colcon_core.package_identification:_identify(datalogs-auto) by extensions ['colcon_pkg']
[1.566s] Level 1:colcon.colcon_core.package_identification:_identify(datalogs-auto) by extension 'colcon_pkg'
[1.566s] Level 1:colcon.colcon_core.package_identification:_identify(datalogs-auto) by extensions ['colcon_meta']
[1.566s] Level 1:colcon.colcon_core.package_identification:_identify(datalogs-auto) by extension 'colcon_meta'
[1.566s] Level 1:colcon.colcon_core.package_identification:_identify(datalogs-auto) by extensions ['ros']
[1.566s] Level 1:colcon.colcon_core.package_identification:_identify(datalogs-auto) by extension 'ros'
[1.567s] Level 1:colcon.colcon_core.package_identification:_identify(datalogs-auto) by extensions ['cmake', 'python']
[1.567s] Level 1:colcon.colcon_core.package_identification:_identify(datalogs-auto) by extension 'cmake'
[1.567s] Level 1:colcon.colcon_core.package_identification:_identify(datalogs-auto) by extension 'python'
[1.567s] Level 1:colcon.colcon_core.package_identification:_identify(datalogs-auto) by extensions ['python_setup_py']
[1.567s] Level 1:colcon.colcon_core.package_identification:_identify(datalogs-auto) by extension 'python_setup_py'
[1.567s] Level 1:colcon.colcon_core.package_identification:_identify(datalogs-auto (train-Jan7)) by extensions ['ignore', 'ignore_ament_install']
[1.567s] Level 1:colcon.colcon_core.package_identification:_identify(datalogs-auto (train-Jan7)) by extension 'ignore'
[1.567s] Level 1:colcon.colcon_core.package_identification:_identify(datalogs-auto (train-Jan7)) by extension 'ignore_ament_install'
[1.567s] Level 1:colcon.colcon_core.package_identification:_identify(datalogs-auto (train-Jan7)) by extensions ['colcon_pkg']
[1.567s] Level 1:colcon.colcon_core.package_identification:_identify(datalogs-auto (train-Jan7)) by extension 'colcon_pkg'
[1.567s] Level 1:colcon.colcon_core.package_identification:_identify(datalogs-auto (train-Jan7)) by extensions ['colcon_meta']
[1.567s] Level 1:colcon.colcon_core.package_identification:_identify(datalogs-auto (train-Jan7)) by extension 'colcon_meta'
[1.567s] Level 1:colcon.colcon_core.package_identification:_identify(datalogs-auto (train-Jan7)) by extensions ['ros']
[1.567s] Level 1:colcon.colcon_core.package_identification:_identify(datalogs-auto (train-Jan7)) by extension 'ros'
[1.568s] Level 1:colcon.colcon_core.package_identification:_identify(datalogs-auto (train-Jan7)) by extensions ['cmake', 'python']
[1.568s] Level 1:colcon.colcon_core.package_identification:_identify(datalogs-auto (train-Jan7)) by extension 'cmake'
[1.568s] Level 1:colcon.colcon_core.package_identification:_identify(datalogs-auto (train-Jan7)) by extension 'python'
[1.568s] Level 1:colcon.colcon_core.package_identification:_identify(datalogs-auto (train-Jan7)) by extensions ['python_setup_py']
[1.568s] Level 1:colcon.colcon_core.package_identification:_identify(datalogs-auto (train-Jan7)) by extension 'python_setup_py'
[1.568s] Level 1:colcon.colcon_core.package_identification:_identify(install) by extensions ['ignore', 'ignore_ament_install']
[1.568s] Level 1:colcon.colcon_core.package_identification:_identify(install) by extension 'ignore'
[1.568s] Level 1:colcon.colcon_core.package_identification:_identify(install) ignored
[1.568s] Level 1:colcon.colcon_core.package_identification:_identify(log) by extensions ['ignore', 'ignore_ament_install']
[1.568s] Level 1:colcon.colcon_core.package_identification:_identify(log) by extension 'ignore'
[1.568s] Level 1:colcon.colcon_core.package_identification:_identify(log) ignored
[1.568s] Level 1:colcon.colcon_core.package_identification:_identify(workspace) by extensions ['ignore', 'ignore_ament_install']
[1.568s] Level 1:colcon.colcon_core.package_identification:_identify(workspace) by extension 'ignore'
[1.568s] Level 1:colcon.colcon_core.package_identification:_identify(workspace) by extension 'ignore_ament_install'
[1.568s] Level 1:colcon.colcon_core.package_identification:_identify(workspace) by extensions ['colcon_pkg']
[1.568s] Level 1:colcon.colcon_core.package_identification:_identify(workspace) by extension 'colcon_pkg'
[1.568s] Level 1:colcon.colcon_core.package_identification:_identify(workspace) by extensions ['colcon_meta']
[1.568s] Level 1:colcon.colcon_core.package_identification:_identify(workspace) by extension 'colcon_meta'
[1.568s] Level 1:colcon.colcon_core.package_identification:_identify(workspace) by extensions ['ros']
[1.568s] Level 1:colcon.colcon_core.package_identification:_identify(workspace) by extension 'ros'
[1.568s] Level 1:colcon.colcon_core.package_identification:_identify(workspace) by extensions ['cmake', 'python']
[1.568s] Level 1:colcon.colcon_core.package_identification:_identify(workspace) by extension 'cmake'
[1.568s] Level 1:colcon.colcon_core.package_identification:_identify(workspace) by extension 'python'
[1.568s] Level 1:colcon.colcon_core.package_identification:_identify(workspace) by extensions ['python_setup_py']
[1.568s] Level 1:colcon.colcon_core.package_identification:_identify(workspace) by extension 'python_setup_py'
[1.569s] Level 1:colcon.colcon_core.package_identification:_identify(workspace/build) by extensions ['ignore', 'ignore_ament_install']
[1.569s] Level 1:colcon.colcon_core.package_identification:_identify(workspace/build) by extension 'ignore'
[1.569s] Level 1:colcon.colcon_core.package_identification:_identify(workspace/build) ignored
[1.569s] Level 1:colcon.colcon_core.package_identification:_identify(workspace/install) by extensions ['ignore', 'ignore_ament_install']
[1.569s] Level 1:colcon.colcon_core.package_identification:_identify(workspace/install) by extension 'ignore'
[1.569s] Level 1:colcon.colcon_core.package_identification:_identify(workspace/install) ignored
[1.569s] Level 1:colcon.colcon_core.package_identification:_identify(workspace/log) by extensions ['ignore', 'ignore_ament_install']
[1.569s] Level 1:colcon.colcon_core.package_identification:_identify(workspace/log) by extension 'ignore'
[1.569s] Level 1:colcon.colcon_core.package_identification:_identify(workspace/log) ignored
[1.569s] Level 1:colcon.colcon_core.package_identification:_identify(workspace/src) by extensions ['ignore', 'ignore_ament_install']
[1.569s] Level 1:colcon.colcon_core.package_identification:_identify(workspace/src) by extension 'ignore'
[1.569s] Level 1:colcon.colcon_core.package_identification:_identify(workspace/src) by extension 'ignore_ament_install'
[1.569s] Level 1:colcon.colcon_core.package_identification:_identify(workspace/src) by extensions ['colcon_pkg']
[1.569s] Level 1:colcon.colcon_core.package_identification:_identify(workspace/src) by extension 'colcon_pkg'
[1.569s] Level 1:colcon.colcon_core.package_identification:_identify(workspace/src) by extensions ['colcon_meta']
[1.569s] Level 1:colcon.colcon_core.package_identification:_identify(workspace/src) by extension 'colcon_meta'
[1.569s] Level 1:colcon.colcon_core.package_identification:_identify(workspace/src) by extensions ['ros']
[1.569s] Level 1:colcon.colcon_core.package_identification:_identify(workspace/src) by extension 'ros'
[1.569s] Level 1:colcon.colcon_core.package_identification:_identify(workspace/src) by extensions ['cmake', 'python']
[1.569s] Level 1:colcon.colcon_core.package_identification:_identify(workspace/src) by extension 'cmake'
[1.569s] Level 1:colcon.colcon_core.package_identification:_identify(workspace/src) by extension 'python'
[1.570s] Level 1:colcon.colcon_core.package_identification:_identify(workspace/src) by extensions ['python_setup_py']
[1.570s] Level 1:colcon.colcon_core.package_identification:_identify(workspace/src) by extension 'python_setup_py'
[1.570s] Level 1:colcon.colcon_core.package_identification:_identify(workspace/src/build) by extensions ['ignore', 'ignore_ament_install']
[1.570s] Level 1:colcon.colcon_core.package_identification:_identify(workspace/src/build) by extension 'ignore'
[1.570s] Level 1:colcon.colcon_core.package_identification:_identify(workspace/src/build) ignored
[1.570s] Level 1:colcon.colcon_core.package_identification:_identify(workspace/src/install) by extensions ['ignore', 'ignore_ament_install']
[1.570s] Level 1:colcon.colcon_core.package_identification:_identify(workspace/src/install) by extension 'ignore'
[1.570s] Level 1:colcon.colcon_core.package_identification:_identify(workspace/src/install) ignored
[1.570s] Level 1:colcon.colcon_core.package_identification:_identify(workspace/src/log) by extensions ['ignore', 'ignore_ament_install']
[1.570s] Level 1:colcon.colcon_core.package_identification:_identify(workspace/src/log) by extension 'ignore'
[1.570s] Level 1:colcon.colcon_core.package_identification:_identify(workspace/src/log) ignored
[1.570s] Level 1:colcon.colcon_core.package_identification:_identify(workspace/src/sensors) by extensions ['ignore', 'ignore_ament_install']
[1.570s] Level 1:colcon.colcon_core.package_identification:_identify(workspace/src/sensors) by extension 'ignore'
[1.570s] Level 1:colcon.colcon_core.package_identification:_identify(workspace/src/sensors) by extension 'ignore_ament_install'
[1.570s] Level 1:colcon.colcon_core.package_identification:_identify(workspace/src/sensors) by extensions ['colcon_pkg']
[1.570s] Level 1:colcon.colcon_core.package_identification:_identify(workspace/src/sensors) by extension 'colcon_pkg'
[1.570s] Level 1:colcon.colcon_core.package_identification:_identify(workspace/src/sensors) by extensions ['colcon_meta']
[1.570s] Level 1:colcon.colcon_core.package_identification:_identify(workspace/src/sensors) by extension 'colcon_meta'
[1.570s] Level 1:colcon.colcon_core.package_identification:_identify(workspace/src/sensors) by extensions ['ros']
[1.570s] Level 1:colcon.colcon_core.package_identification:_identify(workspace/src/sensors) by extension 'ros'
[1.573s] DEBUG:colcon.colcon_core.package_identification:Package 'workspace/src/sensors' with type 'ros.ament_python' and name 'sensors'
[1.573s] Level 1:colcon.colcon_core.package_discovery:discover_packages(recursive) using defaults
[1.573s] Level 1:colcon.colcon_core.package_discovery:discover_packages(ignore) discover
[1.573s] Level 1:colcon.colcon_core.package_discovery:discover_packages(ignore) using defaults
[1.573s] Level 1:colcon.colcon_core.package_discovery:discover_packages(path) discover
[1.573s] Level 1:colcon.colcon_core.package_discovery:discover_packages(path) using defaults
[1.726s] Level 1:colcon.colcon_core.package_discovery:discover_packages(prefix_path) check parameters
[1.727s] Level 1:colcon.colcon_core.package_discovery:discover_packages(prefix_path) discover
[1.784s] DEBUG:colcon.colcon_installed_package_information.package_discovery:Found 0 installed packages in /home/gabriel/colcon_ws/install
[1.809s] DEBUG:colcon.colcon_installed_package_information.package_discovery:Found 335 installed packages in /opt/ros/foxy
[1.810s] Level 1:colcon.colcon_core.package_discovery:discover_packages(prefix_path) using defaults
[1.925s] Level 5:colcon.colcon_core.verb:set package 'sensors' build argument 'cmake_args' from command line to 'None'
[1.925s] Level 5:colcon.colcon_core.verb:set package 'sensors' build argument 'cmake_target' from command line to 'None'
[1.925s] Level 5:colcon.colcon_core.verb:set package 'sensors' build argument 'cmake_target_skip_unavailable' from command line to 'False'
[1.925s] Level 5:colcon.colcon_core.verb:set package 'sensors' build argument 'cmake_clean_cache' from command line to 'False'
[1.925s] Level 5:colcon.colcon_core.verb:set package 'sensors' build argument 'cmake_clean_first' from command line to 'False'
[1.925s] Level 5:colcon.colcon_core.verb:set package 'sensors' build argument 'cmake_force_configure' from command line to 'False'
[1.925s] Level 5:colcon.colcon_core.verb:set package 'sensors' build argument 'ament_cmake_args' from command line to 'None'
[1.925s] Level 5:colcon.colcon_core.verb:set package 'sensors' build argument 'catkin_cmake_args' from command line to 'None'
[1.925s] Level 5:colcon.colcon_core.verb:set package 'sensors' build argument 'catkin_skip_building_tests' from command line to 'False'
[1.925s] DEBUG:colcon.colcon_core.verb:Building package 'sensors' with the following arguments: {'ament_cmake_args': None, 'build_base': '/home/gabriel/virt_ttb/build/sensors', 'catkin_cmake_args': None, 'catkin_skip_building_tests': False, 'cmake_args': None, 'cmake_clean_cache': False, 'cmake_clean_first': False, 'cmake_force_configure': False, 'cmake_target': None, 'cmake_target_skip_unavailable': False, 'install_base': '/home/gabriel/virt_ttb/install/sensors', 'merge_install': False, 'path': '/home/gabriel/virt_ttb/workspace/src/sensors', 'symlink_install': False, 'test_result_base': None}
[1.949s] INFO:colcon.colcon_core.executor:Executing jobs using 'parallel' executor
[1.982s] DEBUG:colcon.colcon_parallel_executor.executor.parallel:run_until_complete
[1.983s] INFO:colcon.colcon_ros.task.ament_python.build:Building ROS package in '/home/gabriel/virt_ttb/workspace/src/sensors' with build type 'ament_python'
[1.983s] Level 1:colcon.colcon_core.shell:create_environment_hook('sensors', 'ament_prefix_path')
[2.015s] INFO:colcon.colcon_core.plugin_system:Skipping extension 'colcon_core.shell.bat': Not used on non-Windows systems
[2.015s] INFO:colcon.colcon_core.shell:Creating environment hook '/home/gabriel/virt_ttb/install/sensors/share/sensors/hook/ament_prefix_path.ps1'
[2.016s] INFO:colcon.colcon_core.shell:Creating environment descriptor '/home/gabriel/virt_ttb/install/sensors/share/sensors/hook/ament_prefix_path.dsv'
[2.016s] INFO:colcon.colcon_core.shell:Creating environment hook '/home/gabriel/virt_ttb/install/sensors/share/sensors/hook/ament_prefix_path.sh'
[2.044s] INFO:colcon.colcon_core.shell:Skip shell extension 'powershell' for command environment: Not usable outside of PowerShell
[2.044s] DEBUG:colcon.colcon_core.shell:Skip shell extension 'dsv' for command environment
[2.285s] INFO:colcon.colcon_core.task.python.build:Building Python package in '/home/gabriel/virt_ttb/workspace/src/sensors'
[2.316s] INFO:colcon.colcon_core.shell:Skip shell extension 'powershell' for command environment: Not usable outside of PowerShell
[2.316s] DEBUG:colcon.colcon_core.shell:Skip shell extension 'dsv' for command environment
[2.712s] DEBUG:colcon.colcon_core.event_handler.log_command:Invoking command in '/home/gabriel/virt_ttb/workspace/src/sensors': BYOBU_DATE=%Y-%m-%d PYTHONPATH=/home/gabriel/virt_ttb/build/sensors/prefix_override:/home/gabriel/virt_ttb/install/sensors/lib/python3.8/site-packages:${PYTHONPATH} /usr/bin/python3 setup.py egg_info --egg-base ../../../build/sensors build --build-base /home/gabriel/virt_ttb/build/sensors/build install --record /home/gabriel/virt_ttb/build/sensors/install.log --install-scripts $base/lib/sensors --single-version-externally-managed
[2.912s] DEBUG:colcon.colcon_core.event_handler.log_command:Invoked command in '/home/gabriel/virt_ttb/workspace/src/sensors' returned '0': BYOBU_DATE=%Y-%m-%d PYTHONPATH=/home/gabriel/virt_ttb/build/sensors/prefix_override:/home/gabriel/virt_ttb/install/sensors/lib/python3.8/site-packages:${PYTHONPATH} /usr/bin/python3 setup.py egg_info --egg-base ../../../build/sensors build --build-base /home/gabriel/virt_ttb/build/sensors/build install --record /home/gabriel/virt_ttb/build/sensors/install.log --install-scripts $base/lib/sensors --single-version-externally-managed
[2.945s] Level 1:colcon.colcon_core.environment:checking '/home/gabriel/virt_ttb/install/sensors' for CMake module files
[2.945s] Level 1:colcon.colcon_core.environment:checking '/home/gabriel/virt_ttb/install/sensors' for CMake config files
[2.946s] Level 1:colcon.colcon_core.environment:checking '/home/gabriel/virt_ttb/install/sensors/lib'
[2.946s] Level 1:colcon.colcon_core.environment:checking '/home/gabriel/virt_ttb/install/sensors/bin'
[2.946s] Level 1:colcon.colcon_core.environment:checking '/home/gabriel/virt_ttb/install/sensors/lib/pkgconfig/sensors.pc'
[2.946s] Level 1:colcon.colcon_core.environment:checking '/home/gabriel/virt_ttb/install/sensors/lib/python3.8/site-packages'
[2.946s] Level 1:colcon.colcon_core.shell:create_environment_hook('sensors', 'pythonpath')
[2.971s] INFO:colcon.colcon_core.shell:Creating environment hook '/home/gabriel/virt_ttb/install/sensors/share/sensors/hook/pythonpath.ps1'
[2.972s] INFO:colcon.colcon_core.shell:Creating environment descriptor '/home/gabriel/virt_ttb/install/sensors/share/sensors/hook/pythonpath.dsv'
[2.972s] INFO:colcon.colcon_core.shell:Creating environment hook '/home/gabriel/virt_ttb/install/sensors/share/sensors/hook/pythonpath.sh'
[2.972s] Level 1:colcon.colcon_core.environment:checking '/home/gabriel/virt_ttb/install/sensors/bin'
[2.972s] Level 1:colcon.colcon_core.environment:create_environment_scripts_only(sensors)
[2.998s] INFO:colcon.colcon_core.shell:Creating package script '/home/gabriel/virt_ttb/install/sensors/share/sensors/package.ps1'
[2.999s] INFO:colcon.colcon_core.shell:Creating package descriptor '/home/gabriel/virt_ttb/install/sensors/share/sensors/package.dsv'
[2.999s] INFO:colcon.colcon_core.shell:Creating package script '/home/gabriel/virt_ttb/install/sensors/share/sensors/package.sh'
[3.000s] INFO:colcon.colcon_core.shell:Creating package script '/home/gabriel/virt_ttb/install/sensors/share/sensors/package.bash'
[3.000s] INFO:colcon.colcon_core.shell:Creating package script '/home/gabriel/virt_ttb/install/sensors/share/sensors/package.zsh'
[3.001s] Level 1:colcon.colcon_core.environment:create_file_with_runtime_dependencies(/home/gabriel/virt_ttb/install/sensors/share/colcon-core/packages/sensors)
[3.001s] DEBUG:colcon.colcon_parallel_executor.executor.parallel:closing loop
[3.002s] DEBUG:colcon.colcon_parallel_executor.executor.parallel:loop closed
[3.002s] DEBUG:colcon.colcon_parallel_executor.executor.parallel:run_until_complete finished with '0'
[3.002s] DEBUG:colcon.colcon_core.event_reactor:joining thread
[3.035s] INFO:colcon.colcon_core.plugin_system:Skipping extension 'colcon_notification.desktop_notification.terminal_notifier': Not used on non-Darwin systems
[3.035s] INFO:colcon.colcon_core.plugin_system:Skipping extension 'colcon_notification.desktop_notification.win32': Not used on non-Windows systems
[3.035s] INFO:colcon.colcon_notification.desktop_notification:Sending desktop notification using 'notify2'
[3.052s] DEBUG:colcon.colcon_core.event_reactor:joined thread
[3.088s] INFO:colcon.colcon_core.shell:Creating prefix script '/home/gabriel/virt_ttb/install/local_setup.ps1'
[3.089s] INFO:colcon.colcon_core.shell:Creating prefix util module '/home/gabriel/virt_ttb/install/_local_setup_util_ps1.py'
[3.090s] INFO:colcon.colcon_core.shell:Creating prefix chain script '/home/gabriel/virt_ttb/install/setup.ps1'
[3.116s] INFO:colcon.colcon_core.shell:Creating prefix script '/home/gabriel/virt_ttb/install/local_setup.sh'
[3.117s] INFO:colcon.colcon_core.shell:Creating prefix util module '/home/gabriel/virt_ttb/install/_local_setup_util_sh.py'
[3.117s] INFO:colcon.colcon_core.shell:Creating prefix chain script '/home/gabriel/virt_ttb/install/setup.sh'
[3.143s] INFO:colcon.colcon_core.shell:Creating prefix script '/home/gabriel/virt_ttb/install/local_setup.bash'
[3.143s] INFO:colcon.colcon_core.shell:Creating prefix chain script '/home/gabriel/virt_ttb/install/setup.bash'
[3.171s] INFO:colcon.colcon_core.shell:Creating prefix script '/home/gabriel/virt_ttb/install/local_setup.zsh'
[3.172s] INFO:colcon.colcon_core.shell:Creating prefix chain script '/home/gabriel/virt_ttb/install/setup.zsh'
