[19.107s] DEBUG:colcon:Command line arguments: ['/usr/bin/colcon', 'build']
[19.108s] DEBUG:colcon:Parsed command line arguments: Namespace(allow_overriding=[], ament_cmake_args=None, base_paths=['.'], build_base='build', catkin_cmake_args=None, catkin_skip_building_tests=False, cmake_args=None, cmake_clean_cache=False, cmake_clean_first=False, cmake_force_configure=False, cmake_target=None, cmake_target_skip_unavailable=False, continue_on_error=False, event_handlers=None, executor='parallel', ignore_user_meta=False, install_base='install', log_base=None, log_level=None, main=<bound method BuildVerb.main of <colcon_core.verb.build.BuildVerb object at 0xffffbbebbc70>>, merge_install=False, metas=['./colcon.meta'], packages_above=None, packages_above_and_dependencies=None, packages_above_depth=None, packages_end=None, packages_ignore=None, packages_ignore_regex=None, packages_select=None, packages_select_build_failed=False, packages_select_by_dep=None, packages_select_regex=None, packages_select_test_failures=False, packages_skip=None, packages_skip_build_finished=False, packages_skip_by_dep=None, packages_skip_regex=None, packages_skip_test_passed=False, packages_skip_up_to=None, packages_start=None, packages_up_to=None, packages_up_to_regex=None, parallel_workers=4, paths=None, symlink_install=False, test_result_base=None, verb_extension=<colcon_core.verb.build.BuildVerb object at 0xffffbbebbc70>, verb_name='build', verb_parser=<colcon_defaults.argument_parser.defaults.DefaultArgumentsDecorator object at 0xffffbbed8190>)
[20.104s] Level 1:colcon.colcon_core.package_discovery:discover_packages(colcon_meta) check parameters
[20.104s] Level 1:colcon.colcon_core.package_discovery:discover_packages(recursive) check parameters
[20.105s] Level 1:colcon.colcon_core.package_discovery:discover_packages(ignore) check parameters
[20.106s] Level 1:colcon.colcon_core.package_discovery:discover_packages(path) check parameters
[20.106s] Level 1:colcon.colcon_core.package_discovery:discover_packages(colcon_meta) discover
[20.107s] Level 1:colcon.colcon_core.package_discovery:discover_packages(recursive) discover
[20.107s] INFO:colcon.colcon_core.package_discovery:Crawling recursively for packages in '/home/ubuntu/nlnt_workspace/virtualttbot/workspace'
[20.108s] Level 1:colcon.colcon_core.package_identification:_identify(.) by extensions ['ignore', 'ignore_ament_install']
[20.109s] Level 1:colcon.colcon_core.package_identification:_identify(.) by extension 'ignore'
[20.109s] Level 1:colcon.colcon_core.package_identification:_identify(.) by extension 'ignore_ament_install'
[20.110s] Level 1:colcon.colcon_core.package_identification:_identify(.) by extensions ['colcon_pkg']
[20.111s] Level 1:colcon.colcon_core.package_identification:_identify(.) by extension 'colcon_pkg'
[20.111s] Level 1:colcon.colcon_core.package_identification:_identify(.) by extensions ['colcon_meta']
[20.112s] Level 1:colcon.colcon_core.package_identification:_identify(.) by extension 'colcon_meta'
[20.112s] Level 1:colcon.colcon_core.package_identification:_identify(.) by extensions ['ros']
[20.112s] Level 1:colcon.colcon_core.package_identification:_identify(.) by extension 'ros'
[20.262s] Level 1:colcon.colcon_core.package_identification:_identify(.) by extensions ['cmake', 'python']
[20.262s] Level 1:colcon.colcon_core.package_identification:_identify(.) by extension 'cmake'
[20.263s] Level 1:colcon.colcon_core.package_identification:_identify(.) by extension 'python'
[20.263s] Level 1:colcon.colcon_core.package_identification:_identify(.) by extensions ['python_setup_py']
[20.264s] Level 1:colcon.colcon_core.package_identification:_identify(.) by extension 'python_setup_py'
[20.265s] Level 1:colcon.colcon_core.package_identification:_identify(build) by extensions ['ignore', 'ignore_ament_install']
[20.266s] Level 1:colcon.colcon_core.package_identification:_identify(build) by extension 'ignore'
[20.267s] Level 1:colcon.colcon_core.package_identification:_identify(build) ignored
[20.268s] Level 1:colcon.colcon_core.package_identification:_identify(install) by extensions ['ignore', 'ignore_ament_install']
[20.269s] Level 1:colcon.colcon_core.package_identification:_identify(install) by extension 'ignore'
[20.270s] Level 1:colcon.colcon_core.package_identification:_identify(install) ignored
[20.271s] Level 1:colcon.colcon_core.package_identification:_identify(log) by extensions ['ignore', 'ignore_ament_install']
[20.272s] Level 1:colcon.colcon_core.package_identification:_identify(log) by extension 'ignore'
[20.273s] Level 1:colcon.colcon_core.package_identification:_identify(log) ignored
[20.273s] Level 1:colcon.colcon_core.package_identification:_identify(src) by extensions ['ignore', 'ignore_ament_install']
[20.274s] Level 1:colcon.colcon_core.package_identification:_identify(src) by extension 'ignore'
[20.275s] Level 1:colcon.colcon_core.package_identification:_identify(src) by extension 'ignore_ament_install'
[20.276s] Level 1:colcon.colcon_core.package_identification:_identify(src) by extensions ['colcon_pkg']
[20.276s] Level 1:colcon.colcon_core.package_identification:_identify(src) by extension 'colcon_pkg'
[20.277s] Level 1:colcon.colcon_core.package_identification:_identify(src) by extensions ['colcon_meta']
[20.277s] Level 1:colcon.colcon_core.package_identification:_identify(src) by extension 'colcon_meta'
[20.278s] Level 1:colcon.colcon_core.package_identification:_identify(src) by extensions ['ros']
[20.278s] Level 1:colcon.colcon_core.package_identification:_identify(src) by extension 'ros'
[20.279s] Level 1:colcon.colcon_core.package_identification:_identify(src) by extensions ['cmake', 'python']
[20.280s] Level 1:colcon.colcon_core.package_identification:_identify(src) by extension 'cmake'
[20.281s] Level 1:colcon.colcon_core.package_identification:_identify(src) by extension 'python'
[20.281s] Level 1:colcon.colcon_core.package_identification:_identify(src) by extensions ['python_setup_py']
[20.282s] Level 1:colcon.colcon_core.package_identification:_identify(src) by extension 'python_setup_py'
[20.283s] Level 1:colcon.colcon_core.package_identification:_identify(src/sensors) by extensions ['ignore', 'ignore_ament_install']
[20.284s] Level 1:colcon.colcon_core.package_identification:_identify(src/sensors) by extension 'ignore'
[20.284s] Level 1:colcon.colcon_core.package_identification:_identify(src/sensors) by extension 'ignore_ament_install'
[20.285s] Level 1:colcon.colcon_core.package_identification:_identify(src/sensors) by extensions ['colcon_pkg']
[20.286s] Level 1:colcon.colcon_core.package_identification:_identify(src/sensors) by extension 'colcon_pkg'
[20.287s] Level 1:colcon.colcon_core.package_identification:_identify(src/sensors) by extensions ['colcon_meta']
[20.288s] Level 1:colcon.colcon_core.package_identification:_identify(src/sensors) by extension 'colcon_meta'
[20.289s] Level 1:colcon.colcon_core.package_identification:_identify(src/sensors) by extensions ['ros']
[20.289s] Level 1:colcon.colcon_core.package_identification:_identify(src/sensors) by extension 'ros'
[20.323s] DEBUG:colcon.colcon_core.package_identification:Package 'src/sensors' with type 'ros.ament_python' and name 'sensors'
[20.324s] Level 1:colcon.colcon_core.package_discovery:discover_packages(recursive) using defaults
[20.324s] Level 1:colcon.colcon_core.package_discovery:discover_packages(ignore) discover
[20.325s] Level 1:colcon.colcon_core.package_discovery:discover_packages(ignore) using defaults
[20.325s] Level 1:colcon.colcon_core.package_discovery:discover_packages(path) discover
[20.325s] Level 1:colcon.colcon_core.package_discovery:discover_packages(path) using defaults
[22.026s] Level 1:colcon.colcon_core.package_discovery:discover_packages(prefix_path) check parameters
[22.026s] Level 1:colcon.colcon_core.package_discovery:discover_packages(prefix_path) discover
[22.650s] DEBUG:colcon.colcon_installed_package_information.package_discovery:Found 1 installed packages in /home/ubuntu/nlnt_workspace/virtualttbot/workspace/install
[22.971s] DEBUG:colcon.colcon_installed_package_information.package_discovery:Found 7 installed packages in /home/ubuntu/turtlebot3_ws/install
[23.285s] DEBUG:colcon.colcon_installed_package_information.package_discovery:Found 171 installed packages in /opt/ros/foxy
[23.295s] Level 1:colcon.colcon_core.package_discovery:discover_packages(prefix_path) using defaults
[24.843s] Level 5:colcon.colcon_core.verb:set package 'sensors' build argument 'cmake_args' from command line to 'None'
[24.843s] Level 5:colcon.colcon_core.verb:set package 'sensors' build argument 'cmake_target' from command line to 'None'
[24.844s] Level 5:colcon.colcon_core.verb:set package 'sensors' build argument 'cmake_target_skip_unavailable' from command line to 'False'
[24.844s] Level 5:colcon.colcon_core.verb:set package 'sensors' build argument 'cmake_clean_cache' from command line to 'False'
[24.844s] Level 5:colcon.colcon_core.verb:set package 'sensors' build argument 'cmake_clean_first' from command line to 'False'
[24.845s] Level 5:colcon.colcon_core.verb:set package 'sensors' build argument 'cmake_force_configure' from command line to 'False'
[24.845s] Level 5:colcon.colcon_core.verb:set package 'sensors' build argument 'ament_cmake_args' from command line to 'None'
[24.845s] Level 5:colcon.colcon_core.verb:set package 'sensors' build argument 'catkin_cmake_args' from command line to 'None'
[24.845s] Level 5:colcon.colcon_core.verb:set package 'sensors' build argument 'catkin_skip_building_tests' from command line to 'False'
[24.846s] DEBUG:colcon.colcon_core.verb:Building package 'sensors' with the following arguments: {'ament_cmake_args': None, 'build_base': '/home/ubuntu/nlnt_workspace/virtualttbot/workspace/build/sensors', 'catkin_cmake_args': None, 'catkin_skip_building_tests': False, 'cmake_args': None, 'cmake_clean_cache': False, 'cmake_clean_first': False, 'cmake_force_configure': False, 'cmake_target': None, 'cmake_target_skip_unavailable': False, 'install_base': '/home/ubuntu/nlnt_workspace/virtualttbot/workspace/install/sensors', 'merge_install': False, 'path': '/home/ubuntu/nlnt_workspace/virtualttbot/workspace/src/sensors', 'symlink_install': False, 'test_result_base': None}
[25.136s] INFO:colcon.colcon_core.executor:Executing jobs using 'parallel' executor
[25.426s] DEBUG:colcon.colcon_parallel_executor.executor.parallel:run_until_complete
[25.428s] INFO:colcon.colcon_ros.task.ament_python.build:Building ROS package in '/home/ubuntu/nlnt_workspace/virtualttbot/workspace/src/sensors' with build type 'ament_python'
[25.429s] Level 1:colcon.colcon_core.shell:create_environment_hook('sensors', 'ament_prefix_path')
[25.850s] INFO:colcon.colcon_core.plugin_system:Skipping extension 'colcon_core.shell.bat': Not used on non-Windows systems
[25.852s] INFO:colcon.colcon_core.shell:Creating environment hook '/home/ubuntu/nlnt_workspace/virtualttbot/workspace/install/sensors/share/sensors/hook/ament_prefix_path.ps1'
[25.860s] INFO:colcon.colcon_core.shell:Creating environment descriptor '/home/ubuntu/nlnt_workspace/virtualttbot/workspace/install/sensors/share/sensors/hook/ament_prefix_path.dsv'
[25.866s] INFO:colcon.colcon_core.shell:Creating environment hook '/home/ubuntu/nlnt_workspace/virtualttbot/workspace/install/sensors/share/sensors/hook/ament_prefix_path.sh'
[26.194s] INFO:colcon.colcon_core.shell:Skip shell extension 'powershell' for command environment: Not usable outside of PowerShell
[26.195s] DEBUG:colcon.colcon_core.shell:Skip shell extension 'dsv' for command environment
[29.556s] INFO:colcon.colcon_core.task.python.build:Building Python package in '/home/ubuntu/nlnt_workspace/virtualttbot/workspace/src/sensors'
[29.864s] INFO:colcon.colcon_core.shell:Skip shell extension 'powershell' for command environment: Not usable outside of PowerShell
[29.865s] DEBUG:colcon.colcon_core.shell:Skip shell extension 'dsv' for command environment
[34.742s] DEBUG:colcon.colcon_core.event_handler.log_command:Invoking command in '/home/ubuntu/nlnt_workspace/virtualttbot/workspace/src/sensors': PYTHONPATH=/home/ubuntu/nlnt_workspace/virtualttbot/workspace/build/sensors/prefix_override:/home/ubuntu/nlnt_workspace/virtualttbot/workspace/install/sensors/lib/python3.8/site-packages:${PYTHONPATH} /usr/bin/python3 setup.py egg_info --egg-base ../../build/sensors build --build-base /home/ubuntu/nlnt_workspace/virtualttbot/workspace/build/sensors/build install --record /home/ubuntu/nlnt_workspace/virtualttbot/workspace/build/sensors/install.log --install-scripts $base/lib/sensors --single-version-externally-managed
[37.957s] DEBUG:colcon.colcon_core.event_handler.log_command:Invoked command in '/home/ubuntu/nlnt_workspace/virtualttbot/workspace/src/sensors' returned '0': PYTHONPATH=/home/ubuntu/nlnt_workspace/virtualttbot/workspace/build/sensors/prefix_override:/home/ubuntu/nlnt_workspace/virtualttbot/workspace/install/sensors/lib/python3.8/site-packages:${PYTHONPATH} /usr/bin/python3 setup.py egg_info --egg-base ../../build/sensors build --build-base /home/ubuntu/nlnt_workspace/virtualttbot/workspace/build/sensors/build install --record /home/ubuntu/nlnt_workspace/virtualttbot/workspace/build/sensors/install.log --install-scripts $base/lib/sensors --single-version-externally-managed
[38.323s] Level 1:colcon.colcon_core.environment:checking '/home/ubuntu/nlnt_workspace/virtualttbot/workspace/install/sensors' for CMake module files
[38.331s] Level 1:colcon.colcon_core.environment:checking '/home/ubuntu/nlnt_workspace/virtualttbot/workspace/install/sensors' for CMake config files
[38.339s] Level 1:colcon.colcon_core.environment:checking '/home/ubuntu/nlnt_workspace/virtualttbot/workspace/install/sensors/lib'
[38.340s] Level 1:colcon.colcon_core.environment:checking '/home/ubuntu/nlnt_workspace/virtualttbot/workspace/install/sensors/bin'
[38.341s] Level 1:colcon.colcon_core.environment:checking '/home/ubuntu/nlnt_workspace/virtualttbot/workspace/install/sensors/lib/pkgconfig/sensors.pc'
[38.343s] Level 1:colcon.colcon_core.environment:checking '/home/ubuntu/nlnt_workspace/virtualttbot/workspace/install/sensors/lib/python3.8/site-packages'
[38.344s] Level 1:colcon.colcon_core.shell:create_environment_hook('sensors', 'pythonpath')
[38.650s] INFO:colcon.colcon_core.shell:Creating environment hook '/home/ubuntu/nlnt_workspace/virtualttbot/workspace/install/sensors/share/sensors/hook/pythonpath.ps1'
[38.658s] INFO:colcon.colcon_core.shell:Creating environment descriptor '/home/ubuntu/nlnt_workspace/virtualttbot/workspace/install/sensors/share/sensors/hook/pythonpath.dsv'
[38.663s] INFO:colcon.colcon_core.shell:Creating environment hook '/home/ubuntu/nlnt_workspace/virtualttbot/workspace/install/sensors/share/sensors/hook/pythonpath.sh'
[38.670s] Level 1:colcon.colcon_core.environment:checking '/home/ubuntu/nlnt_workspace/virtualttbot/workspace/install/sensors/bin'
[38.671s] Level 1:colcon.colcon_core.environment:create_environment_scripts_only(sensors)
[38.982s] INFO:colcon.colcon_core.shell:Creating package script '/home/ubuntu/nlnt_workspace/virtualttbot/workspace/install/sensors/share/sensors/package.ps1'
[38.994s] INFO:colcon.colcon_core.shell:Creating package descriptor '/home/ubuntu/nlnt_workspace/virtualttbot/workspace/install/sensors/share/sensors/package.dsv'
[39.003s] INFO:colcon.colcon_core.shell:Creating package script '/home/ubuntu/nlnt_workspace/virtualttbot/workspace/install/sensors/share/sensors/package.sh'
[39.012s] INFO:colcon.colcon_core.shell:Creating package script '/home/ubuntu/nlnt_workspace/virtualttbot/workspace/install/sensors/share/sensors/package.bash'
[39.021s] INFO:colcon.colcon_core.shell:Creating package script '/home/ubuntu/nlnt_workspace/virtualttbot/workspace/install/sensors/share/sensors/package.zsh'
[39.029s] Level 1:colcon.colcon_core.environment:create_file_with_runtime_dependencies(/home/ubuntu/nlnt_workspace/virtualttbot/workspace/install/sensors/share/colcon-core/packages/sensors)
[39.033s] DEBUG:colcon.colcon_parallel_executor.executor.parallel:closing loop
[39.036s] DEBUG:colcon.colcon_parallel_executor.executor.parallel:loop closed
[39.036s] DEBUG:colcon.colcon_parallel_executor.executor.parallel:run_until_complete finished with '0'
[39.040s] DEBUG:colcon.colcon_core.event_reactor:joining thread
[39.449s] INFO:colcon.colcon_core.plugin_system:Skipping extension 'colcon_notification.desktop_notification.notify_send': Could not find 'notify-send'
[39.451s] INFO:colcon.colcon_core.plugin_system:Skipping extension 'colcon_notification.desktop_notification.terminal_notifier': Not used on non-Darwin systems
[39.452s] INFO:colcon.colcon_core.plugin_system:Skipping extension 'colcon_notification.desktop_notification.win32': Not used on non-Windows systems
[39.452s] INFO:colcon.colcon_notification.desktop_notification:Sending desktop notification using 'notify2'
[39.507s] DEBUG:colcon.colcon_notification.desktop_notification.notify2:Failed to initialize notify2: org.freedesktop.DBus.Error.ServiceUnknown: The name org.freedesktop.Notifications was not provided by any .service files
[39.508s] DEBUG:colcon.colcon_core.event_reactor:joined thread
[39.810s] INFO:colcon.colcon_core.shell:Creating prefix script '/home/ubuntu/nlnt_workspace/virtualttbot/workspace/install/local_setup.ps1'
[39.821s] INFO:colcon.colcon_core.shell:Creating prefix util module '/home/ubuntu/nlnt_workspace/virtualttbot/workspace/install/_local_setup_util_ps1.py'
[39.836s] INFO:colcon.colcon_core.shell:Creating prefix chain script '/home/ubuntu/nlnt_workspace/virtualttbot/workspace/install/setup.ps1'
[40.163s] INFO:colcon.colcon_core.shell:Creating prefix script '/home/ubuntu/nlnt_workspace/virtualttbot/workspace/install/local_setup.sh'
[40.170s] INFO:colcon.colcon_core.shell:Creating prefix util module '/home/ubuntu/nlnt_workspace/virtualttbot/workspace/install/_local_setup_util_sh.py'
[40.175s] INFO:colcon.colcon_core.shell:Creating prefix chain script '/home/ubuntu/nlnt_workspace/virtualttbot/workspace/install/setup.sh'
[40.486s] INFO:colcon.colcon_core.shell:Creating prefix script '/home/ubuntu/nlnt_workspace/virtualttbot/workspace/install/local_setup.bash'
[40.492s] INFO:colcon.colcon_core.shell:Creating prefix chain script '/home/ubuntu/nlnt_workspace/virtualttbot/workspace/install/setup.bash'
[40.794s] INFO:colcon.colcon_core.shell:Creating prefix script '/home/ubuntu/nlnt_workspace/virtualttbot/workspace/install/local_setup.zsh'
[40.801s] INFO:colcon.colcon_core.shell:Creating prefix chain script '/home/ubuntu/nlnt_workspace/virtualttbot/workspace/install/setup.zsh'
