[1.430s] DEBUG:colcon:Command line arguments: ['/usr/bin/colcon', 'list', '-p', '--base-paths', '/home/gabriel/virt_ttb/workspace']
[1.430s] DEBUG:colcon:Parsed command line arguments: Namespace(allow_overriding=[], base_paths=['/home/gabriel/virt_ttb/workspace'], build_base='build', ignore_user_meta=False, log_base=None, log_level=None, main=<bound method ListVerb.main of <colcon_package_information.verb.list.ListVerb object at 0x7f684cffb130>>, metas=['./colcon.meta'], names_only=False, packages_above=None, packages_above_and_dependencies=None, packages_above_depth=None, packages_end=None, packages_ignore=None, packages_ignore_regex=None, packages_select=None, packages_select_build_failed=False, packages_select_by_dep=None, packages_select_regex=None, packages_select_test_failures=False, packages_skip=None, packages_skip_build_finished=False, packages_skip_by_dep=None, packages_skip_regex=None, packages_skip_test_passed=False, packages_skip_up_to=None, packages_start=None, packages_up_to=None, packages_up_to_regex=None, paths=None, paths_only=True, topological_graph=False, topological_graph_density=False, topological_graph_dot=False, topological_graph_dot_cluster=False, topological_graph_dot_include_skipped=False, topological_graph_legend=False, topological_order=False, verb_extension=<colcon_package_information.verb.list.ListVerb object at 0x7f684cffb130>, verb_name='list', verb_parser=<colcon_defaults.argument_parser.defaults.DefaultArgumentsDecorator object at 0x7f684d000040>)
[1.509s] Level 1:colcon.colcon_core.package_discovery:discover_packages(colcon_meta) check parameters
[1.509s] Level 1:colcon.colcon_core.package_discovery:discover_packages(recursive) check parameters
[1.509s] Level 1:colcon.colcon_core.package_discovery:discover_packages(ignore) check parameters
[1.509s] Level 1:colcon.colcon_core.package_discovery:discover_packages(path) check parameters
[1.509s] Level 1:colcon.colcon_core.package_discovery:discover_packages(recursive) discover
[1.509s] INFO:colcon.colcon_core.package_discovery:Crawling recursively for packages in '/home/gabriel/virt_ttb/workspace'
[1.509s] Level 1:colcon.colcon_core.package_identification:_identify(/home/gabriel/virt_ttb/workspace) by extensions ['ignore', 'ignore_ament_install']
[1.510s] Level 1:colcon.colcon_core.package_identification:_identify(/home/gabriel/virt_ttb/workspace) by extension 'ignore'
[1.510s] Level 1:colcon.colcon_core.package_identification:_identify(/home/gabriel/virt_ttb/workspace) by extension 'ignore_ament_install'
[1.510s] Level 1:colcon.colcon_core.package_identification:_identify(/home/gabriel/virt_ttb/workspace) by extensions ['colcon_pkg']
[1.510s] Level 1:colcon.colcon_core.package_identification:_identify(/home/gabriel/virt_ttb/workspace) by extension 'colcon_pkg'
[1.510s] Level 1:colcon.colcon_core.package_identification:_identify(/home/gabriel/virt_ttb/workspace) by extensions ['colcon_meta']
[1.510s] Level 1:colcon.colcon_core.package_identification:_identify(/home/gabriel/virt_ttb/workspace) by extension 'colcon_meta'
[1.510s] Level 1:colcon.colcon_core.package_identification:_identify(/home/gabriel/virt_ttb/workspace) by extensions ['ros']
[1.510s] Level 1:colcon.colcon_core.package_identification:_identify(/home/gabriel/virt_ttb/workspace) by extension 'ros'
[1.518s] Level 1:colcon.colcon_core.package_identification:_identify(/home/gabriel/virt_ttb/workspace) by extensions ['cmake', 'python']
[1.518s] Level 1:colcon.colcon_core.package_identification:_identify(/home/gabriel/virt_ttb/workspace) by extension 'cmake'
[1.518s] Level 1:colcon.colcon_core.package_identification:_identify(/home/gabriel/virt_ttb/workspace) by extension 'python'
[1.518s] Level 1:colcon.colcon_core.package_identification:_identify(/home/gabriel/virt_ttb/workspace) by extensions ['python_setup_py']
[1.518s] Level 1:colcon.colcon_core.package_identification:_identify(/home/gabriel/virt_ttb/workspace) by extension 'python_setup_py'
[1.518s] Level 1:colcon.colcon_core.package_identification:_identify(/home/gabriel/virt_ttb/workspace/build) by extensions ['ignore', 'ignore_ament_install']
[1.518s] Level 1:colcon.colcon_core.package_identification:_identify(/home/gabriel/virt_ttb/workspace/build) by extension 'ignore'
[1.518s] Level 1:colcon.colcon_core.package_identification:_identify(/home/gabriel/virt_ttb/workspace/build) ignored
[1.518s] Level 1:colcon.colcon_core.package_identification:_identify(/home/gabriel/virt_ttb/workspace/install) by extensions ['ignore', 'ignore_ament_install']
[1.518s] Level 1:colcon.colcon_core.package_identification:_identify(/home/gabriel/virt_ttb/workspace/install) by extension 'ignore'
[1.518s] Level 1:colcon.colcon_core.package_identification:_identify(/home/gabriel/virt_ttb/workspace/install) ignored
[1.518s] Level 1:colcon.colcon_core.package_identification:_identify(/home/gabriel/virt_ttb/workspace/log) by extensions ['ignore', 'ignore_ament_install']
[1.519s] Level 1:colcon.colcon_core.package_identification:_identify(/home/gabriel/virt_ttb/workspace/log) by extension 'ignore'
[1.519s] Level 1:colcon.colcon_core.package_identification:_identify(/home/gabriel/virt_ttb/workspace/log) ignored
[1.519s] Level 1:colcon.colcon_core.package_identification:_identify(/home/gabriel/virt_ttb/workspace/src) by extensions ['ignore', 'ignore_ament_install']
[1.519s] Level 1:colcon.colcon_core.package_identification:_identify(/home/gabriel/virt_ttb/workspace/src) by extension 'ignore'
[1.519s] Level 1:colcon.colcon_core.package_identification:_identify(/home/gabriel/virt_ttb/workspace/src) by extension 'ignore_ament_install'
[1.519s] Level 1:colcon.colcon_core.package_identification:_identify(/home/gabriel/virt_ttb/workspace/src) by extensions ['colcon_pkg']
[1.519s] Level 1:colcon.colcon_core.package_identification:_identify(/home/gabriel/virt_ttb/workspace/src) by extension 'colcon_pkg'
[1.519s] Level 1:colcon.colcon_core.package_identification:_identify(/home/gabriel/virt_ttb/workspace/src) by extensions ['colcon_meta']
[1.519s] Level 1:colcon.colcon_core.package_identification:_identify(/home/gabriel/virt_ttb/workspace/src) by extension 'colcon_meta'
[1.519s] Level 1:colcon.colcon_core.package_identification:_identify(/home/gabriel/virt_ttb/workspace/src) by extensions ['ros']
[1.519s] Level 1:colcon.colcon_core.package_identification:_identify(/home/gabriel/virt_ttb/workspace/src) by extension 'ros'
[1.519s] Level 1:colcon.colcon_core.package_identification:_identify(/home/gabriel/virt_ttb/workspace/src) by extensions ['cmake', 'python']
[1.519s] Level 1:colcon.colcon_core.package_identification:_identify(/home/gabriel/virt_ttb/workspace/src) by extension 'cmake'
[1.519s] Level 1:colcon.colcon_core.package_identification:_identify(/home/gabriel/virt_ttb/workspace/src) by extension 'python'
[1.519s] Level 1:colcon.colcon_core.package_identification:_identify(/home/gabriel/virt_ttb/workspace/src) by extensions ['python_setup_py']
[1.519s] Level 1:colcon.colcon_core.package_identification:_identify(/home/gabriel/virt_ttb/workspace/src) by extension 'python_setup_py'
[1.519s] Level 1:colcon.colcon_core.package_identification:_identify(/home/gabriel/virt_ttb/workspace/src/sensors) by extensions ['ignore', 'ignore_ament_install']
[1.519s] Level 1:colcon.colcon_core.package_identification:_identify(/home/gabriel/virt_ttb/workspace/src/sensors) by extension 'ignore'
[1.519s] Level 1:colcon.colcon_core.package_identification:_identify(/home/gabriel/virt_ttb/workspace/src/sensors) by extension 'ignore_ament_install'
[1.519s] Level 1:colcon.colcon_core.package_identification:_identify(/home/gabriel/virt_ttb/workspace/src/sensors) by extensions ['colcon_pkg']
[1.519s] Level 1:colcon.colcon_core.package_identification:_identify(/home/gabriel/virt_ttb/workspace/src/sensors) by extension 'colcon_pkg'
[1.519s] Level 1:colcon.colcon_core.package_identification:_identify(/home/gabriel/virt_ttb/workspace/src/sensors) by extensions ['colcon_meta']
[1.519s] Level 1:colcon.colcon_core.package_identification:_identify(/home/gabriel/virt_ttb/workspace/src/sensors) by extension 'colcon_meta'
[1.519s] Level 1:colcon.colcon_core.package_identification:_identify(/home/gabriel/virt_ttb/workspace/src/sensors) by extensions ['ros']
[1.519s] Level 1:colcon.colcon_core.package_identification:_identify(/home/gabriel/virt_ttb/workspace/src/sensors) by extension 'ros'
[1.521s] DEBUG:colcon.colcon_core.package_identification:Package '/home/gabriel/virt_ttb/workspace/src/sensors' with type 'ros.ament_python' and name 'sensors'
[1.521s] Level 1:colcon.colcon_core.package_discovery:discover_packages(recursive) using defaults
