[9.150s] Invoking command in '/home/ubuntu/nlnt_workspace/virtualttbot/workspace/src/sensors': PYTHONPATH=/home/ubuntu/nlnt_workspace/virtualttbot/workspace/build/sensors/prefix_override:/home/ubuntu/nlnt_workspace/virtualttbot/workspace/install/sensors/lib/python3.8/site-packages:${PYTHONPATH} /usr/bin/python3 setup.py egg_info --egg-base ../../build/sensors build --build-base /home/ubuntu/nlnt_workspace/virtualttbot/workspace/build/sensors/build install --record /home/ubuntu/nlnt_workspace/virtualttbot/workspace/build/sensors/install.log --install-scripts $base/lib/sensors --single-version-externally-managed
[11.028s] running egg_info
[11.033s] writing ../../build/sensors/sensors.egg-info/PKG-INFO
[11.037s] writing dependency_links to ../../build/sensors/sensors.egg-info/dependency_links.txt
[11.048s] writing entry points to ../../build/sensors/sensors.egg-info/entry_points.txt
[11.054s] writing requirements to ../../build/sensors/sensors.egg-info/requires.txt
[11.056s] writing top-level names to ../../build/sensors/sensors.egg-info/top_level.txt
[11.386s] reading manifest file '../../build/sensors/sensors.egg-info/SOURCES.txt'
[11.394s] writing manifest file '../../build/sensors/sensors.egg-info/SOURCES.txt'
[11.395s] running build
[11.396s] running build_py
[11.398s] copying sensors/message_receive_test.py -> /home/ubuntu/nlnt_workspace/virtualttbot/workspace/build/sensors/build/lib/sensors
[11.401s] running install
[11.407s] running install_lib
[11.416s] copying /home/ubuntu/nlnt_workspace/virtualttbot/workspace/build/sensors/build/lib/sensors/message_receive_test.py -> /home/ubuntu/nlnt_workspace/virtualttbot/workspace/install/sensors/lib/python3.8/site-packages/sensors
[11.422s] byte-compiling /home/ubuntu/nlnt_workspace/virtualttbot/workspace/install/sensors/lib/python3.8/site-packages/sensors/message_receive_test.py to message_receive_test.cpython-38.pyc
[11.435s] running install_data
[11.440s] running install_egg_info
[11.454s] removing '/home/ubuntu/nlnt_workspace/virtualttbot/workspace/install/sensors/lib/python3.8/site-packages/sensors-0.0.1-py3.8.egg-info' (and everything under it)
[11.457s] Copying ../../build/sensors/sensors.egg-info to /home/ubuntu/nlnt_workspace/virtualttbot/workspace/install/sensors/lib/python3.8/site-packages/sensors-0.0.1-py3.8.egg-info
[11.468s] running install_scripts
[11.603s] Installing mess_test script to /home/ubuntu/nlnt_workspace/virtualttbot/workspace/install/sensors/lib/sensors
[11.605s] Installing sensors script to /home/ubuntu/nlnt_workspace/virtualttbot/workspace/install/sensors/lib/sensors
[11.608s] Installing timer_node script to /home/ubuntu/nlnt_workspace/virtualttbot/workspace/install/sensors/lib/sensors
[11.612s] writing list of installed files to '/home/ubuntu/nlnt_workspace/virtualttbot/workspace/build/sensors/install.log'
[11.812s] Invoked command in '/home/ubuntu/nlnt_workspace/virtualttbot/workspace/src/sensors' returned '0': PYTHONPATH=/home/ubuntu/nlnt_workspace/virtualttbot/workspace/build/sensors/prefix_override:/home/ubuntu/nlnt_workspace/virtualttbot/workspace/install/sensors/lib/python3.8/site-packages:${PYTHONPATH} /usr/bin/python3 setup.py egg_info --egg-base ../../build/sensors build --build-base /home/ubuntu/nlnt_workspace/virtualttbot/workspace/build/sensors/build install --record /home/ubuntu/nlnt_workspace/virtualttbot/workspace/build/sensors/install.log --install-scripts $base/lib/sensors --single-version-externally-managed
