running egg_info
writing ../../build/sensors/sensors.egg-info/PKG-INFO
writing dependency_links to ../../build/sensors/sensors.egg-info/dependency_links.txt
writing entry points to ../../build/sensors/sensors.egg-info/entry_points.txt
writing requirements to ../../build/sensors/sensors.egg-info/requires.txt
writing top-level names to ../../build/sensors/sensors.egg-info/top_level.txt
reading manifest file '../../build/sensors/sensors.egg-info/SOURCES.txt'
writing manifest file '../../build/sensors/sensors.egg-info/SOURCES.txt'
running build
running build_py
copying sensors/data_test.py -> /home/gabriel/virtualttbot/workspace/build/sensors/build/lib/sensors
running install
running install_lib
copying /home/gabriel/virtualttbot/workspace/build/sensors/build/lib/sensors/data_test.py -> /home/gabriel/virtualttbot/workspace/install/sensors/lib/python3.8/site-packages/sensors
byte-compiling /home/gabriel/virtualttbot/workspace/install/sensors/lib/python3.8/site-packages/sensors/data_test.py to data_test.cpython-38.pyc
running install_data
running install_egg_info
removing '/home/gabriel/virtualttbot/workspace/install/sensors/lib/python3.8/site-packages/sensors-0.0.1-py3.8.egg-info' (and everything under it)
Copying ../../build/sensors/sensors.egg-info to /home/gabriel/virtualttbot/workspace/install/sensors/lib/python3.8/site-packages/sensors-0.0.1-py3.8.egg-info
running install_scripts
Installing capstone script to /home/gabriel/virtualttbot/workspace/install/sensors/lib/sensors
Installing data_test script to /home/gabriel/virtualttbot/workspace/install/sensors/lib/sensors
writing list of installed files to '/home/gabriel/virtualttbot/workspace/build/sensors/install.log'
