[1.189s] Invoking command in '/home/gabriel/virtualttbot/workspace/src/sensors': PYTHONPATH=/home/gabriel/virtualttbot/workspace/build/sensors/prefix_override:/home/gabriel/virtualttbot/workspace/install/sensors/lib/python3.8/site-packages:${PYTHONPATH} /usr/bin/python3 setup.py egg_info --egg-base ../../build/sensors build --build-base /home/gabriel/virtualttbot/workspace/build/sensors/build install --record /home/gabriel/virtualttbot/workspace/build/sensors/install.log --install-scripts $base/lib/sensors --single-version-externally-managed
[1.276s] /home/gabriel/.local/lib/python3.8/site-packages/setuptools/dist.py:498: SetuptoolsDeprecationWarning: Invalid dash-separated options
[1.276s] !!
[1.276s] 
[1.276s]         ********************************************************************************
[1.276s]         Usage of dash-separated 'script-dir' will not be supported in future
[1.276s]         versions. Please use the underscore name 'script_dir' instead.
[1.276s] 
[1.276s]         This deprecation is overdue, please update your project and remove deprecated
[1.276s]         calls to avoid build errors in the future.
[1.276s] 
[1.276s]         See https://setuptools.pypa.io/en/latest/userguide/declarative_config.html for details.
[1.276s]         ********************************************************************************
[1.276s] 
[1.276s] !!
[1.276s]   opt = self.warn_dash_deprecation(opt, section)
[1.344s] running egg_info
[1.355s] writing ../../build/sensors/sensors.egg-info/PKG-INFO
[1.355s] writing dependency_links to ../../build/sensors/sensors.egg-info/dependency_links.txt
[1.355s] writing entry points to ../../build/sensors/sensors.egg-info/entry_points.txt
[1.355s] writing requirements to ../../build/sensors/sensors.egg-info/requires.txt
[1.355s] writing top-level names to ../../build/sensors/sensors.egg-info/top_level.txt
[1.438s] reading manifest file '../../build/sensors/sensors.egg-info/SOURCES.txt'
[1.439s] writing manifest file '../../build/sensors/sensors.egg-info/SOURCES.txt'
[1.439s] running build
[1.439s] running build_py
[1.440s] running install
[1.440s] /home/gabriel/.local/lib/python3.8/site-packages/setuptools/_distutils/cmd.py:66: SetuptoolsDeprecationWarning: setup.py install is deprecated.
[1.440s] !!
[1.440s] 
[1.440s]         ********************************************************************************
[1.440s]         Please avoid running ``setup.py`` directly.
[1.441s]         Instead, use pypa/build, pypa/installer or other
[1.441s]         standards-based tools.
[1.441s] 
[1.441s]         See https://blog.ganssle.io/articles/2021/10/setup-py-deprecated.html for details.
[1.441s]         ********************************************************************************
[1.441s] 
[1.441s] !!
[1.441s]   self.initialize_options()
[1.444s] running install_lib
[1.456s] byte-compiling /home/gabriel/virtualttbot/workspace/install/sensors/lib/python3.8/site-packages/sensors/TwistedKNetwork.py to TwistedKNetwork.cpython-38.pyc
[1.457s] byte-compiling /home/gabriel/virtualttbot/workspace/install/sensors/lib/python3.8/site-packages/sensors/KNetworking.py to KNetworking.cpython-38.pyc
[1.458s] byte-compiling /home/gabriel/virtualttbot/workspace/install/sensors/lib/python3.8/site-packages/sensors/server_test.py to server_test.cpython-38.pyc
[1.458s] byte-compiling /home/gabriel/virtualttbot/workspace/install/sensors/lib/python3.8/site-packages/sensors/client_test.py to client_test.cpython-38.pyc
[1.459s] byte-compiling /home/gabriel/virtualttbot/workspace/install/sensors/lib/python3.8/site-packages/sensors/nlnt-nl-augment.py to nlnt-nl-augment.cpython-38.pyc
[1.459s] byte-compiling /home/gabriel/virtualttbot/workspace/install/sensors/lib/python3.8/site-packages/sensors/data_receiver_pygame.py to data_receiver_pygame.cpython-38.pyc
[1.459s] running install_data
[1.470s] running install_egg_info
[1.481s] removing '/home/gabriel/virtualttbot/workspace/install/sensors/lib/python3.8/site-packages/sensors-0.0.1-py3.8.egg-info' (and everything under it)
[1.481s] Copying ../../build/sensors/sensors.egg-info to /home/gabriel/virtualttbot/workspace/install/sensors/lib/python3.8/site-packages/sensors-0.0.1-py3.8.egg-info
[1.482s] running install_scripts
[1.517s] Installing capstone script to /home/gabriel/virtualttbot/workspace/install/sensors/lib/sensors
[1.517s] Installing sensors script to /home/gabriel/virtualttbot/workspace/install/sensors/lib/sensors
[1.517s] writing list of installed files to '/home/gabriel/virtualttbot/workspace/build/sensors/install.log'
[1.543s] Invoked command in '/home/gabriel/virtualttbot/workspace/src/sensors' returned '0': PYTHONPATH=/home/gabriel/virtualttbot/workspace/build/sensors/prefix_override:/home/gabriel/virtualttbot/workspace/install/sensors/lib/python3.8/site-packages:${PYTHONPATH} /usr/bin/python3 setup.py egg_info --egg-base ../../build/sensors build --build-base /home/gabriel/virtualttbot/workspace/build/sensors/build install --record /home/gabriel/virtualttbot/workspace/build/sensors/install.log --install-scripts $base/lib/sensors --single-version-externally-managed
