[1.877s] Invoking command in '/home/ubuntu/virtualttbot/workspace/src/sensors': PYTHONPATH=/home/ubuntu/virtualttbot/workspace/install/sensors/lib/python3.8/site-packages:${PYTHONPATH} /usr/bin/python3 setup.py egg_info --egg-base ../../build/sensors build --build-base /home/ubuntu/virtualttbot/workspace/build/sensors/build install --prefix /home/ubuntu/virtualttbot/workspace/install/sensors --record /home/ubuntu/virtualttbot/workspace/build/sensors/install.log --single-version-externally-managed
[3.483s] running egg_info
[3.487s] writing ../../build/sensors/sensors.egg-info/PKG-INFO
[3.489s] writing dependency_links to ../../build/sensors/sensors.egg-info/dependency_links.txt
[3.490s] writing entry points to ../../build/sensors/sensors.egg-info/entry_points.txt
[3.492s] writing requirements to ../../build/sensors/sensors.egg-info/requires.txt
[3.493s] writing top-level names to ../../build/sensors/sensors.egg-info/top_level.txt
[3.754s] reading manifest file '../../build/sensors/sensors.egg-info/SOURCES.txt'
[3.762s] writing manifest file '../../build/sensors/sensors.egg-info/SOURCES.txt'
[3.763s] running build
[3.764s] running build_py
[3.769s] copying sensors/capstone.py -> /home/ubuntu/virtualttbot/workspace/build/sensors/build/lib/sensors
[3.771s] running install
[3.777s] running install_lib
[3.787s] copying /home/ubuntu/virtualttbot/workspace/build/sensors/build/lib/sensors/capstone.py -> /home/ubuntu/virtualttbot/workspace/install/sensors/lib/python3.8/site-packages/sensors
[3.793s] byte-compiling /home/ubuntu/virtualttbot/workspace/install/sensors/lib/python3.8/site-packages/sensors/capstone.py to capstone.cpython-38.pyc
[3.804s]   File "/home/ubuntu/virtualttbot/workspace/install/sensors/lib/python3.8/site-packages/sensors/capstone.py", line 168
[3.805s]     "angular":self.twist_msg.angular
[3.806s]     ^
[3.807s] SyntaxError: invalid syntax
[3.808s] 
[3.809s] running install_data
[3.810s] running install_egg_info
[3.819s] removing '/home/ubuntu/virtualttbot/workspace/install/sensors/lib/python3.8/site-packages/sensors-0.0.1-py3.8.egg-info' (and everything under it)
[3.822s] Copying ../../build/sensors/sensors.egg-info to /home/ubuntu/virtualttbot/workspace/install/sensors/lib/python3.8/site-packages/sensors-0.0.1-py3.8.egg-info
[3.832s] running install_scripts
[3.953s] Installing capstone script to /home/ubuntu/virtualttbot/workspace/install/sensors/lib/sensors
[3.954s] Installing sensors script to /home/ubuntu/virtualttbot/workspace/install/sensors/lib/sensors
[3.958s] writing list of installed files to '/home/ubuntu/virtualttbot/workspace/build/sensors/install.log'
[4.145s] Invoked command in '/home/ubuntu/virtualttbot/workspace/src/sensors' returned '0': PYTHONPATH=/home/ubuntu/virtualttbot/workspace/install/sensors/lib/python3.8/site-packages:${PYTHONPATH} /usr/bin/python3 setup.py egg_info --egg-base ../../build/sensors build --build-base /home/ubuntu/virtualttbot/workspace/build/sensors/build install --prefix /home/ubuntu/virtualttbot/workspace/install/sensors --record /home/ubuntu/virtualttbot/workspace/build/sensors/install.log --single-version-externally-managed
