running egg_info
writing build/sensors/sensors.egg-info/PKG-INFO
writing dependency_links to build/sensors/sensors.egg-info/dependency_links.txt
writing entry points to build/sensors/sensors.egg-info/entry_points.txt
writing requirements to build/sensors/sensors.egg-info/requires.txt
writing top-level names to build/sensors/sensors.egg-info/top_level.txt
reading manifest file 'build/sensors/sensors.egg-info/SOURCES.txt'
writing manifest file 'build/sensors/sensors.egg-info/SOURCES.txt'
running build
running build_py
copying sensors/level_test.py -> /root/virtualttbot/workspace/src/sensors/build/sensors/build/lib/sensors
copying sensors/inference_prog.py -> /root/virtualttbot/workspace/src/sensors/build/sensors/build/lib/sensors
copying sensors/capstone.py -> /root/virtualttbot/workspace/src/sensors/build/sensors/build/lib/sensors
copying sensors/data_receiver_pygame.py -> /root/virtualttbot/workspace/src/sensors/build/sensors/build/lib/sensors
copying sensors/nlnt-nl-augment.py -> /root/virtualttbot/workspace/src/sensors/build/sensors/build/lib/sensors
copying sensors/TwistedKNetwork.py -> /root/virtualttbot/workspace/src/sensors/build/sensors/build/lib/sensors
copying sensors/client_test.py -> /root/virtualttbot/workspace/src/sensors/build/sensors/build/lib/sensors
copying sensors/server_test.py -> /root/virtualttbot/workspace/src/sensors/build/sensors/build/lib/sensors
copying sensors/KNetworking.py -> /root/virtualttbot/workspace/src/sensors/build/sensors/build/lib/sensors
running install
running install_lib
copying /root/virtualttbot/workspace/src/sensors/build/sensors/build/lib/sensors/data_receiver_pygame.py -> /root/virtualttbot/workspace/src/sensors/install/sensors/lib/python3.8/site-packages/sensors
copying /root/virtualttbot/workspace/src/sensors/build/sensors/build/lib/sensors/nlnt-nl-augment.py -> /root/virtualttbot/workspace/src/sensors/install/sensors/lib/python3.8/site-packages/sensors
copying /root/virtualttbot/workspace/src/sensors/build/sensors/build/lib/sensors/TwistedKNetwork.py -> /root/virtualttbot/workspace/src/sensors/install/sensors/lib/python3.8/site-packages/sensors
copying /root/virtualttbot/workspace/src/sensors/build/sensors/build/lib/sensors/client_test.py -> /root/virtualttbot/workspace/src/sensors/install/sensors/lib/python3.8/site-packages/sensors
copying /root/virtualttbot/workspace/src/sensors/build/sensors/build/lib/sensors/level_test.py -> /root/virtualttbot/workspace/src/sensors/install/sensors/lib/python3.8/site-packages/sensors
copying /root/virtualttbot/workspace/src/sensors/build/sensors/build/lib/sensors/server_test.py -> /root/virtualttbot/workspace/src/sensors/install/sensors/lib/python3.8/site-packages/sensors
copying /root/virtualttbot/workspace/src/sensors/build/sensors/build/lib/sensors/inference_prog.py -> /root/virtualttbot/workspace/src/sensors/install/sensors/lib/python3.8/site-packages/sensors
copying /root/virtualttbot/workspace/src/sensors/build/sensors/build/lib/sensors/KNetworking.py -> /root/virtualttbot/workspace/src/sensors/install/sensors/lib/python3.8/site-packages/sensors
copying /root/virtualttbot/workspace/src/sensors/build/sensors/build/lib/sensors/capstone.py -> /root/virtualttbot/workspace/src/sensors/install/sensors/lib/python3.8/site-packages/sensors
byte-compiling /root/virtualttbot/workspace/src/sensors/install/sensors/lib/python3.8/site-packages/sensors/data_receiver_pygame.py to data_receiver_pygame.cpython-38.pyc
byte-compiling /root/virtualttbot/workspace/src/sensors/install/sensors/lib/python3.8/site-packages/sensors/nlnt-nl-augment.py to nlnt-nl-augment.cpython-38.pyc
byte-compiling /root/virtualttbot/workspace/src/sensors/install/sensors/lib/python3.8/site-packages/sensors/TwistedKNetwork.py to TwistedKNetwork.cpython-38.pyc
byte-compiling /root/virtualttbot/workspace/src/sensors/install/sensors/lib/python3.8/site-packages/sensors/client_test.py to client_test.cpython-38.pyc
byte-compiling /root/virtualttbot/workspace/src/sensors/install/sensors/lib/python3.8/site-packages/sensors/level_test.py to level_test.cpython-38.pyc
byte-compiling /root/virtualttbot/workspace/src/sensors/install/sensors/lib/python3.8/site-packages/sensors/server_test.py to server_test.cpython-38.pyc
byte-compiling /root/virtualttbot/workspace/src/sensors/install/sensors/lib/python3.8/site-packages/sensors/inference_prog.py to inference_prog.cpython-38.pyc
byte-compiling /root/virtualttbot/workspace/src/sensors/install/sensors/lib/python3.8/site-packages/sensors/KNetworking.py to KNetworking.cpython-38.pyc
byte-compiling /root/virtualttbot/workspace/src/sensors/install/sensors/lib/python3.8/site-packages/sensors/capstone.py to capstone.cpython-38.pyc
running install_data
running install_egg_info
removing '/root/virtualttbot/workspace/src/sensors/install/sensors/lib/python3.8/site-packages/sensors-0.0.1-py3.8.egg-info' (and everything under it)
Copying build/sensors/sensors.egg-info to /root/virtualttbot/workspace/src/sensors/install/sensors/lib/python3.8/site-packages/sensors-0.0.1-py3.8.egg-info
running install_scripts
Installing capstone script to /root/virtualttbot/workspace/src/sensors/install/sensors/lib/sensors
Installing sensors script to /root/virtualttbot/workspace/src/sensors/install/sensors/lib/sensors
writing list of installed files to '/root/virtualttbot/workspace/src/sensors/build/sensors/install.log'
